TN:
SF:cucumber.js
FNF:0
FNH:0
DA:1,1
DA:8,1
LF:2
LH:2
BRF:0
BRH:0
end_of_record
TN:
SF:features/bootstrap/app.configurator.ts
FN:7,anonymous_2
FNF:1
FNH:1
FNDA:25,(anonymous_0)
DA:1,1
DA:3,1
DA:4,1
DA:6,1
DA:8,1
DA:9,1
DA:10,1
DA:11,1
LF:8
LH:8
BRF:0
BRH:0
end_of_record
TN:
SF:features/bootstrap/custom.world.ts
FN:7,anonymous_2
FNF:1
FNH:1
FNDA:25,(anonymous_0)
DA:1,1
DA:2,1
DA:3,1
DA:4,1
DA:6,1
DA:8,1
DA:16,1
LF:7
LH:7
BRF:0
BRH:0
end_of_record
TN:
SF:features/bootstrap/import.contexts.ts
FNF:0
FNH:0
DA:1,1
DA:2,1
DA:4,1
LF:3
LH:3
BRF:0
BRH:0
end_of_record
TN:
SF:features/bootstrap/options.ts
FNF:0
FNH:0
DA:1,1
DA:15,1
DA:16,1
DA:17,1
DA:18,1
DA:19,1
DA:20,1
DA:21,1
DA:23,1
DA:24,1
DA:26,1
LF:11
LH:11
BRF:0
BRH:0
end_of_record
TN:
SF:features/fixtures/factories/business.factory.ts
FN:6,anonymous_2
FNF:1
FNH:1
FNDA:18,(anonymous_0)
DA:1,1
DA:2,1
DA:4,1
DA:6,1
DA:7,1
DA:9,1
DA:16,1
DA:17,1
LF:8
LH:8
BRF:0
BRH:0
end_of_record
TN:
SF:features/fixtures/factories/channel.factory.ts
FN:6,anonymous_2
FNF:1
FNH:1
FNDA:16,(anonymous_0)
DA:1,1
DA:2,1
DA:4,1
DA:6,1
DA:7,1
DA:9,1
DA:17,1
DA:18,1
LF:8
LH:8
BRF:0
BRH:0
end_of_record
TN:
SF:features/fixtures/factories/index.ts
FNF:0
FNH:0
DA:1,1
DA:2,1
DA:3,1
DA:4,1
LF:4
LH:4
BRF:0
BRH:0
end_of_record
TN:
SF:features/fixtures/factories/mail-access-config.factory.ts
FN:7,anonymous_2
FNF:1
FNH:1
FNDA:17,(anonymous_0)
DA:1,1
DA:2,1
DA:5,1
DA:7,1
DA:8,1
DA:10,1
DA:18,1
DA:19,1
LF:8
LH:8
BRF:0
BRH:0
end_of_record
TN:
SF:features/fixtures/factories/mail.factory.ts
FN:7,anonymous_2
FNF:1
FNH:1
FNDA:17,(anonymous_0)
DA:1,1
DA:2,1
DA:5,1
DA:7,1
DA:8,1
DA:10,1
DA:17,1
DA:18,1
LF:8
LH:8
BRF:0
BRH:0
end_of_record
TN:
SF:features/fixtures/mail/by-domain-not-live.fixture.ts
FN:14,anonymous_2
FN:20,anonymous_3
FNF:2
FNH:2
FNDA:1,(anonymous_0)
FNDA:1,(anonymous_1)
DA:1,1
DA:2,1
DA:5,1
DA:7,1
DA:12,1
DA:15,1
DA:16,1
DA:17,1
DA:21,1
DA:25,1
DA:31,1
DA:41,1
LF:12
LH:12
BRF:0
BRH:0
end_of_record
TN:
SF:features/fixtures/mail/foreign-business.fixture.ts
FN:5,anonymous_2
FNF:1
FNH:1
FNDA:1,(anonymous_0)
DA:1,1
DA:2,1
DA:6,1
DA:7,1
DA:13,1
LF:5
LH:5
BRF:0
BRH:0
end_of_record
TN:
SF:features/fixtures/mail/mail.fixture.base.ts
FN:18,anonymous_2
FN:25,anonymous_3
FNF:2
FNH:2
FNDA:16,(anonymous_0)
FNDA:16,(anonymous_1)
DA:1,1
DA:3,1
DA:4,1
DA:7,1
DA:12,1
DA:14,1
DA:15,1
DA:16,1
DA:18,1
DA:19,1
DA:20,1
DA:21,1
DA:22,1
DA:26,1
DA:27,1
DA:31,1
DA:37,1
LF:17
LH:17
BRF:0
BRH:0
end_of_record
TN:
SF:features/fixtures/mail/mail.fixture.ts
FN:4,anonymous_2
FNF:1
FNH:1
FNDA:15,(anonymous_0)
DA:1,1
DA:5,1
DA:9,1
LF:3
LH:3
BRF:0
BRH:0
end_of_record
TN:
SF:features/mock/cron-manager/cron-manager.mock.ts
FN:4,anonymous_2
FN:8,anonymous_3
FNF:2
FNH:2
FNDA:25,(anonymous_0)
FNDA:0,(anonymous_1)
DA:3,1
DA:5,1
DA:9,1
LF:3
LH:3
BRF:0
BRH:0
end_of_record
TN:
SF:features/mock/cron-manager/cron-manager.provider.ts
FN:14,anonymous_2
FN:16,anonymous_3
FN:25,anonymous_4
FN:29,anonymous_5
FN:33,anonymous_6
FNF:5
FNH:5
FNDA:25,(anonymous_0)
FNDA:25,(anonymous_1)
FNDA:24,(anonymous_2)
FNDA:25,(anonymous_3)
FNDA:0,(anonymous_4)
DA:4,1
DA:5,1
DA:7,1
DA:9,1
DA:17,1
DA:18,1
DA:20,1
DA:26,1
DA:30,1
DA:34,1
LF:10
LH:10
BRF:0
BRH:0
end_of_record
TN:
SF:features/mock/cron-manager/index.ts
FNF:0
FNH:0
DA:1,1
LF:1
LH:1
BRF:0
BRH:0
end_of_record
TN:
SF:features/step_definitions/cron.context.ts
FN:6,anonymous_2
FN:7,anonymous_3
FN:11,anonymous_4
FN:17,anonymous_5
FNF:4
FNH:4
FNDA:2,(anonymous_0)
FNDA:23,(anonymous_1)
FNDA:25,(anonymous_2)
FNDA:0,(anonymous_3)
DA:1,1
DA:3,1
DA:5,1
DA:7,1
DA:8,1
DA:11,1
DA:12,1
DA:15,1
DA:21,1
DA:22,1
LF:10
LH:10
BRF:0
BRH:0
end_of_record
TN:
SF:features/step_definitions/index.ts
FNF:0
FNH:0
DA:1,1
LF:1
LH:1
BRF:0
BRH:0
end_of_record
TN:
SF:src/app.module.ts
FN:109,anonymous_2
FN:66,anonymous_3
FNF:2
FNH:2
FNDA:25,(anonymous_1)
FNDA:1,(anonymous_2)
DA:1,1
DA:9,1
DA:10,1
DA:11,1
DA:12,1
DA:13,1
DA:23,1
DA:24,1
DA:25,1
DA:26,1
DA:27,1
DA:28,1
DA:29,1
DA:30,1
DA:31,1
DA:32,1
DA:33,1
DA:34,1
DA:35,1
DA:66,1
DA:108,1
LF:21
LH:21
BRF:0
BRH:0
end_of_record
TN:
SF:src/rabbitmq.ts
FN:1,anonymous_2
FNF:1
FNH:1
FNDA:2,(anonymous_0)
DA:1,1
DA:2,1
LF:2
LH:2
BRF:2
BRH:2
end_of_record
TN:
SF:src/common/index.ts
FNF:0
FNH:0
DA:1,1
DA:2,1
LF:2
LH:2
BRF:0
BRH:0
end_of_record
TN:
SF:src/common/errors/index.ts
FNF:0
FNH:0
DA:1,1
DA:2,1
DA:3,1
DA:4,1
LF:4
LH:4
BRF:0
BRH:0
end_of_record
TN:
SF:src/common/errors/classes/custom-error.class.ts
FN:9,anonymous_2
FN:18,anonymous_3
FN:22,anonymous_4
FNF:3
FNH:3
FNDA:0,(anonymous_0)
FNDA:0,(anonymous_1)
FNDA:0,(anonymous_2)
DA:1,1
DA:5,1
DA:10,1
DA:11,1
DA:12,1
DA:13,1
DA:14,1
DA:19,1
DA:23,1
DA:24,1
DA:25,1
DA:27,1
DA:28,1
DA:29,1
DA:32,1
LF:15
LH:15
BRF:4
BRH:4
end_of_record
TN:
SF:src/common/errors/classes/index.ts
FNF:0
FNH:0
DA:1,1
LF:1
LH:1
BRF:0
BRH:0
end_of_record
TN:
SF:src/common/errors/constants/errors.ts
FN:26,anonymous_2
FNF:1
FNH:1
FNDA:0,getError
DA:1,1
DA:4,1
DA:5,1
DA:9,1
DA:13,1
DA:17,1
DA:21,1
DA:26,1
DA:27,1
LF:9
LH:9
BRF:0
BRH:0
end_of_record
TN:
SF:src/common/errors/constants/index.ts
FNF:0
FNH:0
DA:1,1
LF:1
LH:1
BRF:0
BRH:0
end_of_record
TN:
SF:src/common/errors/enums/error-name.enum.ts
FN:1,anonymous_2
FNF:1
FNH:1
FNDA:2,(anonymous_0)
DA:1,1
DA:2,1
DA:3,1
DA:4,1
DA:5,1
DA:6,1
LF:6
LH:6
BRF:2
BRH:2
end_of_record
TN:
SF:src/common/errors/enums/index.ts
FNF:0
FNH:0
DA:1,1
LF:1
LH:1
BRF:0
BRH:0
end_of_record
TN:
SF:src/common/errors/interfaces/index.ts
FNF:0
FNH:0
DA:1,1
LF:1
LH:1
BRF:0
BRH:0
end_of_record
TN:
SF:src/common/filters/error.filter.ts
FN:5,anonymous_2
FNF:1
FNH:1
FNDA:0,(anonymous_1)
DA:1,1
DA:4,1
DA:6,1
DA:8,1
DA:9,1
DA:11,1
DA:14,1
LF:7
LH:7
BRF:4
BRH:4
end_of_record
TN:
SF:src/common/filters/index.ts
FNF:0
FNH:0
DA:1,1
LF:1
LH:1
BRF:0
BRH:0
end_of_record
TN:
SF:src/environments/environment.ts
FN:7,anonymous_2
FNF:1
FNH:1
FNDA:2,(anonymous_0)
DA:1,1
DA:2,1
DA:3,1
DA:7,1
DA:8,1
DA:11,1
DA:12,1
DA:14,1
LF:8
LH:8
BRF:6
BRH:6
end_of_record
TN:
SF:src/environments/index.ts
FNF:0
FNH:0
DA:1,1
DA:2,1
LF:2
LH:2
BRF:0
BRH:0
end_of_record
TN:
SF:src/environments/rabbit-mq-binding.enum.ts
FN:1,anonymous_2
FNF:1
FNH:1
FNDA:2,(anonymous_0)
DA:1,1
DA:2,1
DA:3,1
DA:4,1
DA:5,1
DA:7,1
DA:9,1
DA:10,1
DA:11,1
LF:9
LH:9
BRF:2
BRH:2
end_of_record
TN:
SF:src/modules/index.ts
FNF:0
FNH:0
DA:1,1
DA:2,1
LF:2
LH:2
BRF:0
BRH:0
end_of_record
TN:
SF:src/modules/business/business.module.ts
FNF:0
FNH:0
DA:1,1
DA:2,1
DA:4,1
DA:5,1
DA:6,1
DA:7,1
DA:30,1
LF:7
LH:7
BRF:0
BRH:0
end_of_record
TN:
SF:src/modules/business/index.ts
FNF:0
FNH:0
DA:1,1
DA:2,1
DA:3,1
DA:4,1
DA:5,1
DA:6,1
DA:7,1
DA:8,1
LF:8
LH:8
BRF:0
BRH:0
end_of_record
TN:
SF:src/modules/business/controllers/business-bus-message.controller.ts
FN:12,(anonymous_2)
FN:21,(anonymous_3)
FN:30,(anonymous_4)
FN:39,(anonymous_5)
FN:47,(anonymous_6)
FNF:5
FNH:2
FNDA:25,(anonymous_2)
FNDA:2,(anonymous_3)
FNDA:0,(anonymous_4)
FNDA:0,(anonymous_5)
FNDA:0,(anonymous_6)
DA:1,2
DA:2,2
DA:3,2
DA:4,2
DA:5,2
DA:6,2
DA:7,2
DA:10,2
DA:13,25
DA:14,25
DA:21,2
DA:22,2
DA:23,2
DA:30,2
DA:31,0
DA:32,0
DA:39,2
DA:40,0
DA:47,2
DA:48,0
DA:49,0
LF:21
LH:16
BRF:0
BRH:0
end_of_record
TN:
SF:src/modules/business/controllers/index.ts
FNF:0
FNH:0
DA:1,1
LF:1
LH:1
BRF:0
BRH:0
end_of_record
TN:
SF:src/modules/business/dto/business.dto.ts
FNF:0
FNH:0
DA:1,1
DA:2,1
DA:4,1
DA:8,1
DA:12,1
DA:16,1
LF:6
LH:6
BRF:0
BRH:0
end_of_record
TN:
SF:src/modules/business/dto/index.ts
FNF:0
FNH:0
DA:1,1
DA:2,1
DA:3,1
LF:3
LH:3
BRF:0
BRH:0
end_of_record
TN:
SF:src/modules/business/dto/migrate-business.dto.ts
FNF:0
FNH:0
DA:1,1
DA:2,1
DA:4,1
DA:8,1
DA:13,1
DA:17,1
LF:6
LH:6
BRF:0
BRH:0
end_of_record
TN:
SF:src/modules/business/dto/remove-business.dto.ts
FNF:0
FNH:0
DA:1,1
DA:2,1
DA:4,1
DA:8,1
LF:4
LH:4
BRF:0
BRH:0
end_of_record
TN:
SF:src/modules/business/enums/business-rabbit-mq.bindings.ts
FNF:0
FNH:0
DA:1,1
LF:1
LH:1
BRF:0
BRH:0
end_of_record
TN:
SF:src/modules/business/enums/index.ts
FNF:0
FNH:0
DA:1,1
DA:2,1
LF:2
LH:2
BRF:0
BRH:0
end_of_record
TN:
SF:src/modules/business/interfaces/index.ts
FNF:0
FNH:0
DA:1,1
LF:1
LH:1
BRF:0
BRH:0
end_of_record
TN:
SF:src/modules/business/models/index.ts
FNF:0
FNH:0
DA:1,1
LF:1
LH:1
BRF:0
BRH:0
end_of_record
TN:
SF:src/modules/business/schemas/business.schema.ts
FN:16,anonymous_2
FNF:1
FNH:1
FNDA:5,(anonymous_0)
DA:1,1
DA:2,1
DA:3,1
DA:5,1
DA:16,1
DA:17,1
DA:20,1
LF:7
LH:7
BRF:0
BRH:0
end_of_record
TN:
SF:src/modules/business/schemas/index.ts
FNF:0
FNH:0
DA:1,1
LF:1
LH:1
BRF:0
BRH:0
end_of_record
TN:
SF:src/modules/business/services/business-migration.service.ts
FN:10,anonymous_2
FN:14,anonymous_3
FNF:2
FNH:2
FNDA:25,(anonymous_4)
FNDA:0,(anonymous_5)
DA:1,1
DA:2,1
DA:3,1
DA:9,1
DA:11,1
DA:15,1
DA:16,1
DA:18,1
LF:8
LH:8
BRF:0
BRH:0
end_of_record
TN:
SF:src/modules/business/services/business.service.ts
FN:12,anonymous_2
FN:17,anonymous_3
FN:41,anonymous_4
FN:49,anonymous_5
FN:56,anonymous_6
FN:58,anonymous_7
FNF:6
FNH:6
FNDA:25,(anonymous_4)
FNDA:2,(anonymous_5)
FNDA:1,(anonymous_6)
FNDA:0,(anonymous_7)
FNDA:0,(anonymous_8)
FNDA:0,(anonymous_9)
DA:1,1
DA:2,1
DA:3,1
DA:4,1
DA:10,1
DA:13,1
DA:14,1
DA:18,1
DA:19,1
DA:23,1
DA:37,1
DA:42,1
DA:43,1
DA:45,1
DA:50,1
DA:51,1
DA:52,1
DA:57,1
DA:58,1
DA:59,1
DA:62,1
DA:63,1
DA:68,1
LF:23
LH:23
BRF:2
BRH:2
end_of_record
TN:
SF:src/modules/business/services/index.ts
FNF:0
FNH:0
DA:1,1
DA:2,1
LF:2
LH:2
BRF:0
BRH:0
end_of_record
TN:
SF:src/modules/business/voters/create.voter.ts
FN:10,anonymous_2
FN:14,anonymous_3
FNF:2
FNH:2
FNDA:0,(anonymous_1)
FNDA:0,(anonymous_2)
DA:1,1
DA:2,1
DA:3,1
DA:7,1
DA:8,1
DA:11,1
DA:15,1
LF:7
LH:7
BRF:2
BRH:2
end_of_record
TN:
SF:src/modules/business/voters/delete.voter.ts
FN:9,anonymous_2
FN:13,anonymous_3
FNF:2
FNH:2
FNDA:0,(anonymous_1)
FNDA:0,(anonymous_2)
DA:1,1
DA:2,1
DA:3,1
DA:6,1
DA:7,1
DA:10,1
DA:14,1
LF:7
LH:7
BRF:2
BRH:2
end_of_record
TN:
SF:src/modules/business/voters/index.ts
FNF:0
FNH:0
DA:1,1
DA:2,1
DA:3,1
DA:4,1
LF:4
LH:4
BRF:0
BRH:0
end_of_record
TN:
SF:src/modules/business/voters/read.voter.ts
FN:10,anonymous_2
FN:14,anonymous_3
FNF:2
FNH:2
FNDA:0,(anonymous_1)
FNDA:0,(anonymous_2)
DA:1,1
DA:2,1
DA:3,1
DA:7,1
DA:8,1
DA:11,1
DA:15,1
LF:7
LH:7
BRF:2
BRH:2
end_of_record
TN:
SF:src/modules/business/voters/update.voter.ts
FN:10,anonymous_2
FN:14,anonymous_3
FNF:2
FNH:2
FNDA:0,(anonymous_1)
FNDA:0,(anonymous_2)
DA:1,1
DA:2,1
DA:3,1
DA:7,1
DA:8,1
DA:11,1
DA:15,1
LF:7
LH:7
BRF:2
BRH:2
end_of_record
TN:
SF:src/modules/campaign/campaign.module.ts
FNF:0
FNH:0
DA:1,1
DA:2,1
DA:3,1
DA:4,1
DA:5,1
DA:6,1
DA:7,1
DA:8,1
DA:9,1
DA:19,1
DA:20,1
DA:21,1
DA:22,1
DA:30,1
DA:31,1
DA:32,1
DA:33,1
DA:34,1
DA:35,1
DA:36,1
DA:37,1
DA:38,1
DA:39,1
DA:40,1
DA:41,1
DA:97,1
LF:26
LH:26
BRF:0
BRH:0
end_of_record
TN:
SF:src/modules/campaign/index.ts
FNF:0
FNH:0
DA:1,1
DA:2,1
DA:3,1
DA:4,1
DA:5,1
DA:6,1
DA:7,1
DA:8,1
LF:8
LH:8
BRF:0
BRH:0
end_of_record
TN:
SF:src/modules/campaign/classes/campaign-input.class.ts
FN:18,anonymous_2
FN:21,anonymous_3
FN:33,anonymous_4
FN:39,anonymous_5
FNF:4
FNH:4
FNDA:0,(anonymous_2)
FNDA:0,(anonymous_3)
FNDA:0,(anonymous_4)
FNDA:0,(anonymous_5)
DA:1,1
DA:3,1
DA:7,1
DA:10,1
DA:13,1
DA:16,1
DA:18,1
DA:19,1
DA:21,1
DA:22,1
DA:25,1
DA:28,1
DA:31,1
DA:33,1
DA:34,1
DA:37,1
DA:39,1
DA:40,1
LF:18
LH:18
BRF:0
BRH:0
end_of_record
TN:
SF:src/modules/campaign/classes/campaign.class.ts
FN:14,anonymous_2
FN:29,anonymous_3
FN:38,anonymous_4
FN:44,anonymous_5
FNF:4
FNH:4
FNDA:0,(anonymous_2)
FNDA:0,(anonymous_3)
FNDA:0,(anonymous_4)
FNDA:0,(anonymous_5)
DA:1,1
DA:6,1
DA:9,1
DA:12,1
DA:14,1
DA:15,1
DA:18,1
DA:21,1
DA:24,1
DA:27,1
DA:29,1
DA:30,1
DA:33,1
DA:36,1
DA:38,1
DA:39,1
DA:42,1
DA:44,1
DA:45,1
LF:19
LH:19
BRF:0
BRH:0
end_of_record
TN:
SF:src/modules/campaign/classes/campaigns.class.ts
FN:9,anonymous_2
FN:12,anonymous_3
FNF:2
FNH:2
FNDA:0,(anonymous_2)
FNDA:0,(anonymous_3)
DA:1,1
DA:3,1
DA:4,1
DA:7,1
DA:9,1
DA:10,1
DA:12,1
DA:13,1
LF:8
LH:8
BRF:0
BRH:0
end_of_record
TN:
SF:src/modules/campaign/classes/categories.class.ts
FN:8,anonymous_2
FN:11,anonymous_3
FNF:2
FNH:2
FNDA:0,(anonymous_2)
FNDA:0,(anonymous_3)
DA:1,1
DA:2,1
DA:3,1
DA:6,1
DA:8,1
DA:9,1
DA:11,1
DA:12,1
LF:8
LH:8
BRF:0
BRH:0
end_of_record
TN:
SF:src/modules/campaign/classes/category-create.class.ts
FNF:0
FNH:0
DA:1,1
DA:5,1
DA:7,1
DA:10,1
LF:4
LH:4
BRF:0
BRH:0
end_of_record
TN:
SF:src/modules/campaign/classes/category-update.class.ts
FNF:0
FNH:0
DA:1,1
DA:5,1
DA:7,1
DA:10,1
LF:4
LH:4
BRF:0
BRH:0
end_of_record
TN:
SF:src/modules/campaign/classes/category.class.ts
FNF:0
FNH:0
DA:1,1
DA:5,1
DA:7,1
DA:10,1
DA:13,1
DA:16,1
LF:6
LH:6
BRF:0
BRH:0
end_of_record
TN:
SF:src/modules/campaign/classes/contact-set.class.ts
FNF:0
FNH:0
DA:1,1
DA:5,1
LF:2
LH:2
BRF:0
BRH:0
end_of_record
TN:
SF:src/modules/campaign/classes/contact.class.ts
FN:12,anonymous_2
FNF:1
FNH:1
FNDA:0,(anonymous_2)
DA:1,1
DA:5,1
DA:7,1
DA:10,1
DA:12,1
DA:13,1
LF:6
LH:6
BRF:0
BRH:0
end_of_record
TN:
SF:src/modules/campaign/classes/index.ts
FNF:0
FNH:0
DA:1,1
DA:2,1
DA:3,1
DA:4,1
DA:5,1
DA:6,1
DA:7,1
DA:8,1
DA:9,1
DA:10,1
DA:11,1
DA:12,1
DA:13,1
DA:14,1
DA:15,1
DA:16,1
DA:17,1
LF:17
LH:17
BRF:0
BRH:0
end_of_record
TN:
SF:src/modules/campaign/classes/info.class.ts
FN:7,anonymous_2
FNF:1
FNH:1
FNDA:0,(anonymous_2)
DA:1,1
DA:2,1
DA:5,1
DA:7,1
DA:8,1
LF:5
LH:5
BRF:0
BRH:0
end_of_record
TN:
SF:src/modules/campaign/classes/pagination.class.ts
FNF:0
FNH:0
DA:1,1
DA:4,1
DA:7,1
DA:10,1
DA:13,1
DA:16,1
LF:6
LH:6
BRF:0
BRH:0
end_of_record
TN:
SF:src/modules/campaign/classes/schedule-input.class.ts
FNF:0
FNH:0
DA:1,1
DA:2,1
DA:4,1
DA:5,1
DA:8,1
DA:10,1
DA:13,1
DA:16,1
DA:19,1
LF:9
LH:9
BRF:0
BRH:0
end_of_record
TN:
SF:src/modules/campaign/classes/schedule-interval.class.ts
FNF:0
FNH:0
DA:1,1
DA:2,1
DA:5,1
DA:7,1
DA:10,1
LF:5
LH:5
BRF:0
BRH:0
end_of_record
TN:
SF:src/modules/campaign/classes/schedule-recurring.class.ts
FNF:0
FNH:0
DA:1,1
DA:4,1
DA:6,1
DA:9,1
LF:4
LH:4
BRF:0
BRH:0
end_of_record
TN:
SF:src/modules/campaign/classes/schedule.class.ts
FNF:0
FNH:0
DA:1,1
DA:3,1
DA:4,1
DA:5,1
DA:8,1
DA:10,1
DA:13,1
DA:16,1
DA:19,1
DA:22,1
DA:25,1
LF:11
LH:11
BRF:0
BRH:0
end_of_record
TN:
SF:src/modules/campaign/classes/size-input.class.ts
FNF:0
FNH:0
DA:1,1
DA:5,1
DA:8,1
DA:11,1
LF:4
LH:4
BRF:0
BRH:0
end_of_record
TN:
SF:src/modules/campaign/classes/update-campaign-input.class.ts
FN:19,anonymous_2
FN:22,anonymous_3
FN:34,anonymous_4
FN:40,anonymous_5
FNF:4
FNH:4
FNDA:0,(anonymous_2)
FNDA:0,(anonymous_3)
FNDA:0,(anonymous_4)
FNDA:0,(anonymous_5)
DA:1,1
DA:4,1
DA:8,1
DA:11,1
DA:14,1
DA:17,1
DA:19,1
DA:20,1
DA:22,1
DA:23,1
DA:26,1
DA:29,1
DA:32,1
DA:34,1
DA:35,1
DA:38,1
DA:40,1
DA:41,1
LF:18
LH:18
BRF:0
BRH:0
end_of_record
TN:
SF:src/modules/campaign/constants/index.ts
FNF:0
FNH:0
DA:1,1
LF:1
LH:1
BRF:0
BRH:0
end_of_record
TN:
SF:src/modules/campaign/constants/pagination.ts
FNF:0
FNH:0
DA:1,1
LF:1
LH:1
BRF:0
BRH:0
end_of_record
TN:
SF:src/modules/campaign/consumers/index.ts
FNF:0
FNH:0
DA:1,1
LF:1
LH:1
BRF:0
BRH:0
end_of_record
TN:
SF:src/modules/campaign/consumers/process-schedule-messages.consumer.ts
FN:9,anonymous_2
FN:17,anonymous_3
FNF:2
FNH:2
FNDA:25,(anonymous_2)
FNDA:1,(anonymous_3)
DA:1,1
DA:2,1
DA:4,1
DA:5,1
DA:8,1
DA:10,1
DA:11,1
DA:17,1
DA:18,1
DA:19,1
DA:21,1
LF:11
LH:11
BRF:0
BRH:0
end_of_record
TN:
SF:src/modules/campaign/controllers/campaign-cron-message-bus.controller.ts
FN:9,(anonymous_2)
FN:17,(anonymous_3)
FNF:2
FNH:2
FNDA:25,(anonymous_2)
FNDA:3,(anonymous_3)
DA:1,2
DA:2,2
DA:3,2
DA:4,2
DA:5,2
DA:8,2
DA:10,25
DA:17,2
DA:18,3
LF:9
LH:9
BRF:0
BRH:0
end_of_record
TN:
SF:src/modules/campaign/controllers/index.ts
FNF:0
FNH:0
DA:1,1
DA:2,1
LF:2
LH:2
BRF:0
BRH:0
end_of_record
TN:
SF:src/modules/campaign/controllers/product-message-bus.controller.ts
FN:11,(anonymous_2)
FN:20,(anonymous_3)
FNF:2
FNH:1
FNDA:25,(anonymous_2)
FNDA:0,(anonymous_3)
DA:1,2
DA:2,2
DA:3,2
DA:4,2
DA:5,2
DA:8,2
DA:10,25
DA:12,25
DA:13,25
DA:20,2
DA:21,0
DA:22,0
DA:23,0
LF:13
LH:10
BRF:0
BRH:0
end_of_record
TN:
SF:src/modules/campaign/cron-handler/campaign-data-sender.ts
FN:8,anonymous_2
FN:14,anonymous_3
FN:21,anonymous_4
FNF:3
FNH:3
FNDA:25,(anonymous_2)
FNDA:0,(anonymous_3)
FNDA:0,(anonymous_4)
DA:1,1
DA:2,1
DA:4,1
DA:7,1
DA:9,1
DA:10,1
DA:11,1
DA:15,1
DA:16,1
DA:17,1
DA:22,1
DA:23,1
DA:24,1
DA:26,1
LF:14
LH:14
BRF:0
BRH:0
end_of_record
TN:
SF:src/modules/campaign/cron-handler/campaign.cron.ts
FN:9,anonymous_2
FN:16,anonymous_3
FN:21,anonymous_4
FNF:3
FNH:3
FNDA:25,(anonymous_2)
FNDA:0,(anonymous_3)
FNDA:0,(anonymous_4)
DA:1,1
DA:2,1
DA:3,1
DA:4,1
DA:7,1
DA:10,1
DA:11,1
DA:16,1
DA:17,1
DA:21,1
DA:22,1
LF:11
LH:11
BRF:0
BRH:0
end_of_record
TN:
SF:src/modules/campaign/cron-handler/index.ts
FNF:0
FNH:0
DA:1,1
DA:2,1
LF:2
LH:2
BRF:0
BRH:0
end_of_record
TN:
SF:src/modules/campaign/dto/client-theme-published.dto.ts
FNF:0
FNH:0
DA:1,1
DA:3,1
DA:6,1
LF:3
LH:3
BRF:0
BRH:0
end_of_record
TN:
SF:src/modules/campaign/dto/create-campaign-cron.dto.ts
FN:8,anonymous_2
FNF:1
FNH:1
FNDA:0,(anonymous_2)
DA:1,1
DA:2,1
DA:3,1
DA:5,1
DA:8,1
DA:9,1
DA:13,1
DA:16,1
DA:19,1
DA:22,1
DA:25,1
DA:28,1
LF:12
LH:12
BRF:0
BRH:0
end_of_record
TN:
SF:src/modules/campaign/dto/create-campaign.dto.ts
FNF:0
FNH:0
DA:1,1
DA:3,1
DA:6,1
DA:10,1
DA:14,1
DA:18,1
LF:6
LH:6
BRF:0
BRH:0
end_of_record
TN:
SF:src/modules/campaign/dto/create-theme.dto.ts
FNF:0
FNH:0
DA:1,1
LF:1
LH:1
BRF:0
BRH:0
end_of_record
TN:
SF:src/modules/campaign/dto/index.ts
FNF:0
FNH:0
DA:1,1
DA:2,1
DA:3,1
DA:4,1
DA:5,1
DA:6,1
DA:7,1
LF:7
LH:7
BRF:0
BRH:0
end_of_record
TN:
SF:src/modules/campaign/dto/process-schedule-theme.dto.ts
FNF:0
FNH:0
DA:1,1
DA:3,1
DA:6,1
LF:3
LH:3
BRF:0
BRH:0
end_of_record
TN:
SF:src/modules/campaign/dto/remove-product.dto.ts
FNF:0
FNH:0
DA:1,1
DA:3,1
DA:5,1
LF:3
LH:3
BRF:0
BRH:0
end_of_record
TN:
SF:src/modules/campaign/dto/send-email.dto.ts
FNF:0
FNH:0
DA:1,1
DA:2,1
DA:5,1
DA:8,1
DA:12,1
DA:17,1
DA:22,1
DA:26,1
LF:8
LH:8
BRF:0
BRH:0
end_of_record
TN:
SF:src/modules/campaign/emitter/campaign-emitter-consumer.ts
FN:11,anonymous_2
FN:16,anonymous_3
FNF:2
FNH:2
FNDA:25,(anonymous_2)
FNDA:0,(anonymous_3)
DA:1,1
DA:2,1
DA:6,1
DA:9,1
DA:12,1
DA:16,1
DA:17,1
LF:7
LH:7
BRF:0
BRH:0
end_of_record
TN:
SF:src/modules/campaign/emitter/index.ts
FNF:0
FNH:0
DA:1,1
LF:1
LH:1
BRF:0
BRH:0
end_of_record
TN:
SF:src/modules/campaign/enums/campaign-status.enum.ts
FN:1,anonymous_2
FNF:1
FNH:1
FNDA:2,(anonymous_0)
DA:1,1
DA:2,1
DA:3,1
DA:4,1
DA:5,1
LF:5
LH:5
BRF:2
BRH:2
end_of_record
TN:
SF:src/modules/campaign/enums/cron-period.enum.ts
FN:1,anonymous_2
FNF:1
FNH:1
FNDA:2,(anonymous_0)
DA:1,1
DA:2,1
DA:3,1
DA:4,1
DA:5,1
DA:6,1
DA:7,1
DA:8,1
LF:8
LH:8
BRF:2
BRH:2
end_of_record
TN:
SF:src/modules/campaign/enums/index.ts
FNF:0
FNH:0
DA:1,1
DA:2,1
DA:3,1
DA:4,1
DA:5,1
DA:6,1
DA:7,1
LF:7
LH:7
BRF:0
BRH:0
end_of_record
TN:
SF:src/modules/campaign/enums/rabbit-message.enum.ts
FN:1,anonymous_2
FNF:1
FNH:1
FNDA:2,(anonymous_0)
DA:1,1
DA:2,1
DA:3,1
DA:4,1
DA:5,1
DA:6,1
DA:7,1
DA:8,1
LF:8
LH:8
BRF:2
BRH:2
end_of_record
TN:
SF:src/modules/campaign/enums/schedule-interval.enum.ts
FN:1,anonymous_2
FNF:1
FNH:1
FNDA:2,(anonymous_0)
DA:1,1
DA:2,1
DA:3,1
DA:4,1
DA:5,1
LF:5
LH:5
BRF:2
BRH:2
end_of_record
TN:
SF:src/modules/campaign/enums/schedule-status.enum.ts
FN:1,anonymous_2
FNF:1
FNH:1
FNDA:2,(anonymous_0)
DA:1,1
DA:2,1
DA:3,1
DA:4,1
DA:5,1
LF:5
LH:5
BRF:2
BRH:2
end_of_record
TN:
SF:src/modules/campaign/enums/schedule-type.enum.ts
FN:1,anonymous_2
FNF:1
FNH:1
FNDA:2,(anonymous_0)
DA:1,1
DA:2,1
DA:3,1
DA:4,1
LF:4
LH:4
BRF:2
BRH:2
end_of_record
TN:
SF:src/modules/campaign/enums/service-tag.enum.ts
FN:1,anonymous_2
FNF:1
FNH:1
FNDA:2,(anonymous_0)
DA:1,1
DA:2,1
LF:2
LH:2
BRF:2
BRH:2
end_of_record
TN:
SF:src/modules/campaign/helpers/date-helper.ts
FN:12,anonymous_2
FN:19,anonymous_3
FN:26,anonymous_4
FN:32,anonymous_5
FN:39,anonymous_6
FN:46,anonymous_7
FN:53,anonymous_8
FN:59,anonymous_9
FN:65,anonymous_10
FN:71,anonymous_11
FN:77,anonymous_12
FNF:11
FNH:11
FNDA:0,(anonymous_0)
FNDA:0,(anonymous_1)
FNDA:0,(anonymous_2)
FNDA:0,(anonymous_3)
FNDA:0,(anonymous_4)
FNDA:0,(anonymous_5)
FNDA:0,(anonymous_6)
FNDA:0,(anonymous_7)
FNDA:0,(anonymous_8)
FNDA:0,(anonymous_9)
FNDA:0,(anonymous_10)
DA:1,1
DA:2,1
DA:11,1
DA:13,1
DA:14,1
DA:16,1
DA:20,1
DA:21,1
DA:23,1
DA:27,1
DA:29,1
DA:33,1
DA:34,1
DA:36,1
DA:40,1
DA:41,1
DA:43,1
DA:47,1
DA:48,1
DA:50,1
DA:54,1
DA:56,1
DA:60,1
DA:62,1
DA:66,1
DA:68,1
DA:72,1
DA:74,1
DA:78,1
LF:29
LH:29
BRF:0
BRH:0
end_of_record
TN:
SF:src/modules/campaign/interfaces/index.ts
FNF:0
FNH:0
DA:1,1
DA:2,1
DA:3,1
DA:4,1
DA:5,1
DA:6,1
DA:7,1
DA:8,1
LF:8
LH:8
BRF:0
BRH:0
end_of_record
TN:
SF:src/modules/campaign/models/index.ts
FNF:0
FNH:0
DA:1,1
DA:2,1
DA:3,1
DA:4,1
DA:5,1
DA:6,1
DA:7,1
LF:7
LH:7
BRF:0
BRH:0
end_of_record
TN:
SF:src/modules/campaign/producers/campaign-events.producer.ts
FN:10,anonymous_2
FN:15,anonymous_3
FN:53,anonymous_4
FN:73,anonymous_5
FN:108,anonymous_6
FNF:5
FNH:5
FNDA:25,(anonymous_2)
FNDA:1,(anonymous_3)
FNDA:1,(anonymous_4)
FNDA:0,(anonymous_5)
FNDA:0,(anonymous_6)
DA:1,1
DA:2,1
DA:4,1
DA:7,1
DA:9,1
DA:11,1
DA:12,1
DA:16,1
DA:17,1
DA:36,1
DA:54,1
DA:74,1
DA:75,1
DA:93,1
DA:109,1
LF:15
LH:15
BRF:0
BRH:0
end_of_record
TN:
SF:src/modules/campaign/producers/index.ts
FNF:0
FNH:0
DA:1,1
LF:1
LH:1
BRF:0
BRH:0
end_of_record
TN:
SF:src/modules/campaign/providers/browser-page-lock-service.provider.ts
FN:3,anonymous_2
FN:7,anonymous_3
FNF:2
FNH:2
FNDA:2,(anonymous_0)
FNDA:25,(anonymous_1)
DA:1,1
DA:3,1
DA:4,1
DA:8,1
LF:4
LH:4
BRF:0
BRH:0
end_of_record
TN:
SF:src/modules/campaign/providers/browser-service.provider.ts
FN:3,anonymous_2
FN:7,anonymous_3
FNF:2
FNH:2
FNDA:2,(anonymous_0)
FNDA:25,(anonymous_1)
DA:1,1
DA:3,1
DA:4,1
DA:8,1
LF:4
LH:4
BRF:0
BRH:0
end_of_record
TN:
SF:src/modules/campaign/providers/index.ts
FNF:0
FNH:0
DA:1,1
LF:1
LH:1
BRF:0
BRH:0
end_of_record
TN:
SF:src/modules/campaign/resolvers/campaign.resolver.ts
FN:38,anonymous_2
FN:51,anonymous_3
FN:66,anonymous_4
FN:79,anonymous_5
FN:91,anonymous_6
FN:102,anonymous_7
FN:117,anonymous_8
FN:139,anonymous_9
FN:153,anonymous_10
FN:167,anonymous_11
FN:187,anonymous_12
FN:216,anonymous_13
FN:248,anonymous_14
FN:251,anonymous_15
FN:268,anonymous_16
FN:277,anonymous_17
FN:284,anonymous_18
FN:293,anonymous_19
FN:311,anonymous_20
FN:321,anonymous_21
FN:325,anonymous_22
FN:325,anonymous_23
FN:328,anonymous_24
FN:333,anonymous_25
FN:338,anonymous_26
FN:348,anonymous_27
FN:351,anonymous_28
FNF:27
FNH:27
FNDA:25,(anonymous_4)
FNDA:0,(anonymous_5)
FNDA:0,(anonymous_6)
FNDA:0,(anonymous_7)
FNDA:0,(anonymous_8)
FNDA:0,(anonymous_9)
FNDA:0,(anonymous_10)
FNDA:1,(anonymous_11)
FNDA:0,(anonymous_12)
FNDA:0,(anonymous_13)
FNDA:0,(anonymous_14)
FNDA:0,(anonymous_15)
FNDA:0,(anonymous_16)
FNDA:0,(anonymous_17)
FNDA:1,(anonymous_18)
FNDA:0,(anonymous_19)
FNDA:0,(anonymous_20)
FNDA:0,(anonymous_21)
FNDA:0,(anonymous_22)
FNDA:0,(anonymous_23)
FNDA:0,(anonymous_24)
FNDA:0,(anonymous_25)
FNDA:0,(anonymous_26)
FNDA:0,(anonymous_27)
FNDA:0,(anonymous_28)
FNDA:0,(anonymous_29)
FNDA:0,(anonymous_30)
DA:2,1
DA:3,1
DA:12,1
DA:19,1
DA:20,1
DA:21,1
DA:22,1
DA:23,1
DA:24,1
DA:25,1
DA:27,1
DA:28,1
DA:29,1
DA:31,1
DA:37,1
DA:39,1
DA:40,1
DA:41,1
DA:42,1
DA:43,1
DA:44,1
DA:45,1
DA:46,1
DA:48,1
DA:50,1
DA:51,1
DA:52,1
DA:53,1
DA:54,1
DA:55,1
DA:56,1
DA:57,1
DA:58,1
DA:66,1
DA:72,1
DA:74,1
DA:79,1
DA:83,1
DA:84,1
DA:86,1
DA:91,1
DA:95,1
DA:97,1
DA:102,1
DA:103,1
DA:104,1
DA:105,1
DA:106,1
DA:107,1
DA:109,1
DA:112,1
DA:117,1
DA:125,1
DA:126,1
DA:127,1
DA:129,1
DA:130,1
DA:134,1
DA:139,1
DA:143,1
DA:144,1
DA:145,1
DA:146,1
DA:148,1
DA:153,1
DA:158,1
DA:159,1
DA:160,1
DA:162,1
DA:167,1
DA:171,1
DA:172,1
DA:174,1
DA:175,1
DA:176,1
DA:177,1
DA:179,1
DA:180,1
DA:181,1
DA:187,1
DA:197,1
DA:198,1
DA:199,1
DA:201,1
DA:202,1
DA:206,1
DA:209,1
DA:211,1
DA:216,1
DA:226,1
DA:228,1
DA:229,1
DA:230,1
DA:232,1
DA:233,1
DA:234,1
DA:237,1
DA:241,1
DA:244,1
DA:246,1
DA:248,1
DA:249,1
DA:251,1
DA:252,1
DA:256,1
DA:265,1
DA:269,1
DA:270,1
DA:271,1
DA:274,1
DA:278,1
DA:279,1
DA:280,1
DA:285,1
DA:286,1
DA:287,1
DA:290,1
DA:294,1
DA:295,1
DA:297,1
DA:298,1
DA:301,1
DA:302,1
DA:312,1
DA:313,1
DA:322,1
DA:323,1
DA:325,1
DA:326,1
DA:328,1
DA:329,1
DA:330,1
DA:333,1
DA:334,1
DA:335,1
DA:338,1
DA:339,1
DA:340,1
DA:345,1
DA:349,1
DA:351,1
DA:353,1
DA:355,1
LF:143
LH:143
BRF:48
BRH:48
end_of_record
TN:
SF:src/modules/campaign/resolvers/category.resolver.ts
FN:15,anonymous_2
FN:26,anonymous_3
FN:39,anonymous_4
FN:54,anonymous_5
FN:66,anonymous_6
FN:82,anonymous_7
FN:98,anonymous_8
FN:108,anonymous_9
FNF:8
FNH:8
FNDA:25,(anonymous_4)
FNDA:0,(anonymous_5)
FNDA:0,(anonymous_6)
FNDA:0,(anonymous_7)
FNDA:0,(anonymous_8)
FNDA:0,(anonymous_9)
FNDA:0,(anonymous_10)
FNDA:0,(anonymous_11)
DA:1,1
DA:2,1
DA:3,1
DA:4,1
DA:5,1
DA:6,1
DA:8,1
DA:9,1
DA:14,1
DA:16,1
DA:17,1
DA:18,1
DA:19,1
DA:21,1
DA:26,1
DA:31,1
DA:32,1
DA:34,1
DA:39,1
DA:43,1
DA:44,1
DA:46,1
DA:47,1
DA:49,1
DA:54,1
DA:58,1
DA:59,1
DA:61,1
DA:66,1
DA:71,1
DA:72,1
DA:74,1
DA:75,1
DA:77,1
DA:82,1
DA:86,1
DA:87,1
DA:88,1
DA:89,1
DA:91,1
DA:92,1
DA:93,1
DA:95,1
DA:99,1
DA:100,1
DA:109,1
DA:110,1
LF:47
LH:47
BRF:8
BRH:8
end_of_record
TN:
SF:src/modules/campaign/resolvers/contact.resolver.ts
FN:15,anonymous_2
FN:26,anonymous_3
FN:38,anonymous_4
FN:48,anonymous_5
FNF:4
FNH:4
FNDA:25,(anonymous_4)
FNDA:0,(anonymous_5)
FNDA:0,(anonymous_6)
FNDA:0,(anonymous_7)
DA:1,1
DA:2,1
DA:3,1
DA:4,1
DA:5,1
DA:6,1
DA:8,1
DA:9,1
DA:14,1
DA:16,1
DA:17,1
DA:18,1
DA:19,1
DA:21,1
DA:26,1
DA:30,1
DA:31,1
DA:33,1
DA:38,1
DA:42,1
DA:43,1
DA:45,1
DA:49,1
DA:50,1
LF:24
LH:24
BRF:2
BRH:2
end_of_record
TN:
SF:src/modules/campaign/resolvers/index.ts
FNF:0
FNH:0
DA:1,1
LF:1
LH:1
BRF:0
BRH:0
end_of_record
TN:
SF:src/modules/campaign/schemas/campaign.schema.ts
FN:89,anonymous_2
FNF:1
FNH:1
FNDA:7,(anonymous_0)
DA:1,1
DA:2,1
DA:3,1
DA:4,1
DA:10,1
DA:20,1
DA:89,1
DA:90,1
DA:93,1
LF:9
LH:9
BRF:0
BRH:0
end_of_record
TN:
SF:src/modules/campaign/schemas/category.schema.ts
FNF:0
FNH:0
DA:1,1
DA:2,1
DA:3,1
DA:4,1
DA:6,1
DA:28,1
LF:6
LH:6
BRF:0
BRH:0
end_of_record
TN:
SF:src/modules/campaign/schemas/contact.schema.ts
FNF:0
FNH:0
DA:1,1
DA:2,1
DA:3,1
DA:4,1
DA:6,1
DA:24,1
LF:6
LH:6
BRF:0
BRH:0
end_of_record
TN:
SF:src/modules/campaign/schemas/cron-task.schema.ts
FNF:0
FNH:0
DA:1,1
DA:2,1
DA:4,1
DA:5,1
LF:4
LH:4
BRF:0
BRH:0
end_of_record
TN:
SF:src/modules/campaign/schemas/index.ts
FNF:0
FNH:0
DA:1,1
DA:2,1
DA:3,1
DA:4,1
LF:4
LH:4
BRF:0
BRH:0
end_of_record
TN:
SF:src/modules/campaign/schemas/schedule.schema.ts
FNF:0
FNH:0
DA:1,1
DA:2,1
DA:3,1
DA:4,1
DA:5,1
DA:7,1
DA:15,1
DA:45,1
LF:8
LH:8
BRF:0
BRH:0
end_of_record
TN:
SF:src/modules/campaign/schemas/stat.schema.ts
FNF:0
FNH:0
DA:1,1
DA:2,1
DA:3,1
DA:4,1
DA:6,1
DA:30,1
LF:6
LH:6
BRF:0
BRH:0
end_of_record
TN:
SF:src/modules/campaign/services/browser-page-redis.service.ts
FN:17,anonymous_2
FN:23,anonymous_3
FN:24,anonymous_4
FN:25,anonymous_5
FN:35,anonymous_6
FN:36,anonymous_7
FN:37,anonymous_8
FN:47,anonymous_9
FN:48,anonymous_10
FN:49,anonymous_11
FN:61,anonymous_12
FN:62,anonymous_13
FN:63,anonymous_14
FNF:13
FNH:13
FNDA:25,(anonymous_2)
FNDA:0,(anonymous_3)
FNDA:0,(anonymous_4)
FNDA:0,(anonymous_5)
FNDA:0,(anonymous_6)
FNDA:0,(anonymous_7)
FNDA:0,(anonymous_8)
FNDA:0,(anonymous_9)
FNDA:0,(anonymous_10)
FNDA:0,(anonymous_11)
FNDA:0,(anonymous_12)
FNDA:0,(anonymous_13)
FNDA:0,(anonymous_14)
DA:1,1
DA:2,1
DA:3,1
DA:6,1
DA:7,1
DA:10,1
DA:12,1
DA:16,1
DA:18,1
DA:20,1
DA:24,1
DA:25,1
DA:26,1
DA:27,1
DA:30,1
DA:36,1
DA:37,1
DA:38,1
DA:39,1
DA:42,1
DA:48,1
DA:49,1
DA:50,1
DA:51,1
DA:54,1
DA:58,1
DA:62,1
DA:63,1
DA:64,1
DA:65,1
DA:68,1
LF:31
LH:31
BRF:18
BRH:18
end_of_record
TN:
SF:src/modules/campaign/services/browser.service.ts
FN:9,anonymous_2
FN:13,anonymous_3
FN:17,anonymous_4
FN:21,anonymous_5
FN:25,anonymous_6
FNF:5
FNH:5
FNDA:25,(anonymous_2)
FNDA:25,(anonymous_3)
FNDA:25,(anonymous_4)
FNDA:25,(anonymous_5)
FNDA:25,(anonymous_6)
DA:1,1
DA:2,1
DA:8,1
DA:14,1
DA:18,1
DA:22,1
DA:26,1
DA:27,1
DA:36,1
DA:38,1
DA:41,1
LF:11
LH:11
BRF:2
BRH:2
end_of_record
TN:
SF:src/modules/campaign/services/campaign-cron.service.ts
FN:17,anonymous_2
FN:19,anonymous_3
FN:25,anonymous_4
FN:29,anonymous_5
FN:50,anonymous_6
FN:54,anonymous_7
FN:62,anonymous_8
FN:71,anonymous_9
FN:80,anonymous_10
FNF:9
FNH:9
FNDA:25,(anonymous_4)
FNDA:3,(anonymous_5)
FNDA:0,(anonymous_6)
FNDA:0,(anonymous_7)
FNDA:0,(anonymous_8)
FNDA:0,(anonymous_9)
FNDA:0,(anonymous_10)
FNDA:0,(anonymous_11)
FNDA:3,(anonymous_12)
DA:1,1
DA:2,1
DA:3,1
DA:5,1
DA:7,1
DA:8,1
DA:10,1
DA:11,1
DA:12,1
DA:13,1
DA:16,1
DA:17,1
DA:20,1
DA:22,1
DA:26,1
DA:30,1
DA:31,1
DA:32,1
DA:33,1
DA:34,1
DA:35,1
DA:37,1
DA:38,1
DA:39,1
DA:40,1
DA:42,1
DA:51,1
DA:55,1
DA:63,1
DA:72,1
DA:81,1
DA:87,1
DA:89,1
DA:90,1
DA:92,1
DA:93,1
DA:94,1
DA:96,1
DA:97,1
DA:98,1
DA:100,1
DA:101,1
DA:104,1
LF:43
LH:43
BRF:16
BRH:16
end_of_record
TN:
SF:src/modules/campaign/services/campaign.service.ts
FN:24,anonymous_2
FN:34,anonymous_3
FN:68,anonymous_4
FN:74,anonymous_5
FN:78,anonymous_6
FN:99,anonymous_7
FN:103,anonymous_8
FN:129,anonymous_9
FN:145,anonymous_10
FN:158,anonymous_11
FN:162,anonymous_12
FN:163,anonymous_13
FN:166,anonymous_14
FN:177,anonymous_15
FN:183,anonymous_16
FN:190,anonymous_17
FN:203,anonymous_18
FNF:17
FNH:17
FNDA:25,(anonymous_4)
FNDA:0,(anonymous_5)
FNDA:0,(anonymous_6)
FNDA:0,(anonymous_7)
FNDA:1,(anonymous_8)
FNDA:0,(anonymous_9)
FNDA:1,(anonymous_10)
FNDA:0,(anonymous_11)
FNDA:0,(anonymous_12)
FNDA:0,(anonymous_13)
FNDA:0,(anonymous_14)
FNDA:0,(anonymous_15)
FNDA:0,(anonymous_16)
FNDA:0,(anonymous_17)
FNDA:0,(anonymous_18)
FNDA:0,(anonymous_19)
FNDA:0,(anonymous_20)
DA:1,1
DA:2,1
DA:3,1
DA:10,1
DA:13,1
DA:14,1
DA:16,1
DA:20,1
DA:22,1
DA:25,1
DA:26,1
DA:27,1
DA:28,1
DA:29,1
DA:30,1
DA:40,1
DA:45,1
DA:46,1
DA:47,1
DA:55,1
DA:69,1
DA:71,1
DA:75,1
DA:79,1
DA:100,1
DA:104,1
DA:105,1
DA:106,1
DA:108,1
DA:109,1
DA:111,1
DA:115,1
DA:117,1
DA:122,1
DA:130,1
DA:131,1
DA:133,1
DA:135,1
DA:136,1
DA:138,1
DA:146,1
DA:147,1
DA:148,1
DA:149,1
DA:150,1
DA:155,1
DA:159,1
DA:163,1
DA:168,1
DA:169,1
DA:170,1
DA:171,1
DA:174,1
DA:178,1
DA:179,1
DA:180,1
DA:181,1
DA:182,1
DA:183,1
DA:191,1
DA:204,1
DA:205,1
DA:206,1
DA:209,1
LF:64
LH:64
BRF:12
BRH:12
end_of_record
TN:
SF:src/modules/campaign/services/category.service.ts
FN:11,anonymous_2
FN:17,anonymous_3
FN:47,anonymous_4
FN:51,anonymous_5
FN:59,anonymous_6
FN:65,anonymous_7
FN:69,anonymous_8
FN:73,anonymous_9
FNF:8
FNH:8
FNDA:25,(anonymous_4)
FNDA:0,(anonymous_5)
FNDA:0,(anonymous_6)
FNDA:0,(anonymous_7)
FNDA:0,(anonymous_8)
FNDA:0,(anonymous_9)
FNDA:0,(anonymous_10)
FNDA:0,(anonymous_11)
DA:1,1
DA:2,1
DA:3,1
DA:6,1
DA:10,1
DA:12,1
DA:13,1
DA:22,1
DA:27,1
DA:28,1
DA:34,1
DA:48,1
DA:52,1
DA:60,1
DA:66,1
DA:70,1
DA:74,1
DA:76,1
LF:18
LH:18
BRF:4
BRH:4
end_of_record
TN:
SF:src/modules/campaign/services/contact.service.ts
FN:10,anonymous_2
FN:16,anonymous_3
FN:22,anonymous_4
FNF:3
FNH:3
FNDA:25,(anonymous_4)
FNDA:0,(anonymous_5)
FNDA:0,(anonymous_6)
DA:1,1
DA:2,1
DA:3,1
DA:9,1
DA:11,1
DA:12,1
DA:17,1
DA:23,1
LF:8
LH:8
BRF:0
BRH:0
end_of_record
TN:
SF:src/modules/campaign/services/cron-manager.service.ts
FN:14,anonymous_2
FN:21,anonymous_3
FN:33,anonymous_4
FN:52,anonymous_5
FNF:4
FNH:4
FNDA:25,(anonymous_4)
FNDA:0,(anonymous_5)
FNDA:0,(anonymous_6)
FNDA:0,(anonymous_7)
DA:1,1
DA:2,1
DA:3,1
DA:4,1
DA:6,1
DA:7,1
DA:8,1
DA:13,1
DA:15,1
DA:16,1
DA:18,1
DA:22,1
DA:23,1
DA:25,1
DA:26,1
DA:27,1
DA:30,1
DA:34,1
DA:35,1
DA:36,1
DA:42,1
DA:43,1
DA:47,1
DA:54,1
LF:24
LH:24
BRF:4
BRH:4
end_of_record
TN:
SF:src/modules/campaign/services/email.service.ts
FN:26,anonymous_2
FN:41,anonymous_3
FN:51,anonymous_4
FN:77,anonymous_5
FN:114,anonymous_6
FN:139,anonymous_7
FN:151,anonymous_8
FN:166,anonymous_9
FN:183,anonymous_10
FN:202,anonymous_11
FN:220,anonymous_12
FN:232,anonymous_13
FN:264,anonymous_14
FN:287,anonymous_15
FNF:14
FNH:14
FNDA:25,(anonymous_2)
FNDA:0,(anonymous_3)
FNDA:1,(anonymous_4)
FNDA:0,(anonymous_5)
FNDA:0,(anonymous_6)
FNDA:0,(anonymous_7)
FNDA:0,(anonymous_8)
FNDA:0,(anonymous_9)
FNDA:0,(anonymous_10)
FNDA:0,(anonymous_11)
FNDA:0,(anonymous_12)
FNDA:0,(anonymous_13)
FNDA:0,(anonymous_14)
FNDA:0,(anonymous_15)
DA:1,1
DA:4,1
DA:5,1
DA:7,1
DA:8,1
DA:10,1
DA:11,1
DA:12,1
DA:13,1
DA:14,1
DA:15,1
DA:16,1
DA:21,1
DA:25,1
DA:27,1
DA:28,1
DA:29,1
DA:30,1
DA:31,1
DA:32,1
DA:33,1
DA:34,1
DA:35,1
DA:37,1
DA:38,1
DA:42,1
DA:43,1
DA:45,1
DA:48,1
DA:52,1
DA:53,1
DA:54,1
DA:55,1
DA:56,1
DA:58,1
DA:61,1
DA:62,1
DA:64,1
DA:65,1
DA:67,1
DA:70,1
DA:71,1
DA:73,1
DA:74,1
DA:76,1
DA:77,1
DA:78,1
DA:79,1
DA:80,1
DA:82,1
DA:84,1
DA:89,1
DA:90,1
DA:92,1
DA:93,1
DA:95,1
DA:98,1
DA:99,1
DA:101,1
DA:104,1
DA:105,1
DA:107,1
DA:108,1
DA:109,1
DA:118,1
DA:119,1
DA:120,1
DA:121,1
DA:122,1
DA:123,1
DA:125,1
DA:127,1
DA:130,1
DA:133,1
DA:140,1
DA:142,1
DA:143,1
DA:148,1
DA:152,1
DA:153,1
DA:154,1
DA:155,1
DA:156,1
DA:157,1
DA:158,1
DA:159,1
DA:161,1
DA:163,1
DA:167,1
DA:168,1
DA:169,1
DA:170,1
DA:171,1
DA:172,1
DA:173,1
DA:174,1
DA:175,1
DA:180,1
DA:184,1
DA:186,1
DA:187,1
DA:189,1
DA:190,1
DA:192,1
DA:193,1
DA:195,1
DA:196,1
DA:199,1
DA:203,1
DA:205,1
DA:221,1
DA:222,1
DA:225,1
DA:226,1
DA:227,1
DA:229,1
DA:232,1
DA:233,1
DA:235,1
DA:236,1
DA:237,1
DA:238,1
DA:239,1
DA:240,1
DA:241,1
DA:242,1
DA:243,1
DA:244,1
DA:246,1
DA:249,1
DA:255,1
DA:256,1
DA:258,1
DA:265,1
DA:273,1
DA:284,1
DA:288,1
DA:289,1
DA:290,1
LF:139
LH:139
BRF:36
BRH:36
end_of_record
TN:
SF:src/modules/campaign/services/index.ts
FNF:0
FNH:0
DA:1,1
DA:2,1
DA:3,1
DA:4,1
DA:5,1
DA:6,1
DA:7,1
DA:8,1
DA:9,1
DA:10,1
LF:10
LH:10
BRF:0
BRH:0
end_of_record
TN:
SF:src/modules/campaign/services/schedule.service.ts
FN:11,anonymous_2
FN:16,anonymous_3
FN:30,anonymous_4
FN:58,anonymous_5
FN:67,anonymous_6
FN:99,anonymous_7
FN:115,anonymous_8
FN:128,anonymous_9
FNF:8
FNH:8
FNDA:25,(anonymous_4)
FNDA:1,(anonymous_5)
FNDA:1,(anonymous_6)
FNDA:0,(anonymous_7)
FNDA:0,(anonymous_8)
FNDA:0,(anonymous_9)
FNDA:0,(anonymous_10)
FNDA:0,(anonymous_11)
DA:1,1
DA:2,1
DA:3,1
DA:7,1
DA:10,1
DA:12,1
DA:17,1
DA:18,1
DA:21,1
DA:22,1
DA:23,1
DA:24,1
DA:27,1
DA:31,1
DA:39,1
DA:59,1
DA:68,1
DA:100,1
DA:116,1
DA:129,1
LF:20
LH:20
BRF:7
BRH:7
end_of_record
TN:
SF:src/modules/campaign/services/theme.service.ts
FN:28,anonymous_2
FN:28,anonymous_3
FN:68,anonymous_4
FN:72,anonymous_5
FN:92,anonymous_6
FN:93,anonymous_7
FN:98,anonymous_8
FN:99,anonymous_9
FN:104,anonymous_10
FN:127,anonymous_11
FN:133,anonymous_12
FN:187,anonymous_13
FN:206,anonymous_14
FN:229,anonymous_15
FN:242,anonymous_16
FN:254,anonymous_17
FN:262,anonymous_18
FN:278,anonymous_19
FN:348,anonymous_20
FN:350,anonymous_21
FNF:20
FNH:20
FNDA:0,(anonymous_2)
FNDA:0,(anonymous_3)
FNDA:25,(anonymous_4)
FNDA:0,(anonymous_5)
FNDA:0,(anonymous_6)
FNDA:0,(anonymous_7)
FNDA:0,(anonymous_8)
FNDA:0,(anonymous_9)
FNDA:0,(anonymous_10)
FNDA:0,(anonymous_11)
FNDA:0,(anonymous_12)
FNDA:0,(anonymous_13)
FNDA:0,(anonymous_14)
FNDA:0,(anonymous_15)
FNDA:0,(anonymous_16)
FNDA:0,(anonymous_17)
FNDA:0,(anonymous_18)
FNDA:0,(anonymous_19)
FNDA:0,(anonymous_20)
FNDA:0,(anonymous_21)
DA:2,1
DA:4,1
DA:5,1
DA:6,1
DA:8,1
DA:24,1
DA:28,1
DA:31,1
DA:32,1
DA:63,1
DA:65,1
DA:66,1
DA:69,1
DA:73,1
DA:74,1
DA:76,1
DA:77,1
DA:78,1
DA:79,1
DA:81,1
DA:88,1
DA:92,1
DA:93,1
DA:98,1
DA:99,1
DA:104,1
DA:106,1
DA:107,1
DA:110,1
DA:118,1
DA:120,1
DA:121,1
DA:124,1
DA:128,1
DA:130,1
DA:135,1
DA:137,1
DA:138,1
DA:143,1
DA:145,1
DA:146,1
DA:147,1
DA:149,1
DA:150,1
DA:152,1
DA:153,1
DA:155,1
DA:157,1
DA:174,1
DA:176,1
DA:177,1
DA:179,1
DA:180,1
DA:182,1
DA:184,1
DA:186,1
DA:188,1
DA:189,1
DA:191,1
DA:192,1
DA:199,1
DA:200,1
DA:201,1
DA:202,1
DA:204,1
DA:205,1
DA:207,1
DA:208,1
DA:211,1
DA:212,1
DA:214,1
DA:215,1
DA:217,1
DA:219,1
DA:220,1
DA:222,1
DA:223,1
DA:226,1
DA:230,1
DA:231,1
DA:232,1
DA:233,1
DA:235,1
DA:242,1
DA:243,1
DA:244,1
DA:245,1
DA:246,1
DA:249,1
DA:252,1
DA:253,1
DA:255,1
DA:256,1
DA:257,1
DA:262,1
DA:263,1
DA:278,1
DA:279,1
DA:280,1
DA:281,1
DA:282,1
DA:283,1
DA:284,1
DA:285,1
DA:286,1
DA:287,1
DA:288,1
DA:289,1
DA:290,1
DA:300,1
DA:301,1
DA:302,1
DA:308,1
DA:311,1
DA:314,1
DA:315,1
DA:324,1
DA:326,1
DA:327,1
DA:328,1
DA:337,1
DA:342,1
DA:345,1
DA:349,1
DA:350,1
DA:351,1
DA:353,1
DA:354,1
DA:356,1
LF:129
LH:129
BRF:42
BRH:42
end_of_record
TN:
SF:src/modules/campaign/strategies/schedules/index.ts
FNF:0
FNH:0
DA:1,1
DA:2,1
DA:3,1
LF:3
LH:3
BRF:0
BRH:0
end_of_record
TN:
SF:src/modules/campaign/strategies/schedules/schedule-now.strategy.ts
FN:13,anonymous_2
FN:20,anonymous_3
FN:34,anonymous_4
FNF:3
FNH:3
FNDA:25,(anonymous_2)
FNDA:0,(anonymous_3)
FNDA:0,(anonymous_4)
DA:1,1
DA:2,1
DA:4,1
DA:6,1
DA:10,1
DA:11,1
DA:14,1
DA:15,1
DA:16,1
DA:23,1
DA:24,1
DA:25,1
DA:26,1
DA:28,1
DA:29,1
DA:30,1
DA:35,1
DA:36,1
DA:37,1
LF:19
LH:19
BRF:0
BRH:0
end_of_record
TN:
SF:src/modules/campaign/strategies/schedules/schedule-on-date.strategy.ts
FN:13,anonymous_2
FN:20,anonymous_3
FN:42,anonymous_4
FNF:3
FNH:3
FNDA:25,(anonymous_2)
FNDA:0,(anonymous_3)
FNDA:0,(anonymous_4)
DA:1,1
DA:2,1
DA:4,1
DA:6,1
DA:10,1
DA:11,1
DA:14,1
DA:15,1
DA:16,1
DA:23,1
DA:24,1
DA:26,1
DA:27,1
DA:28,1
DA:30,1
DA:33,1
DA:34,1
DA:36,1
DA:37,1
DA:38,1
DA:43,1
DA:44,1
DA:45,1
LF:23
LH:23
BRF:2
BRH:2
end_of_record
TN:
SF:src/modules/campaign/strategies/schedules/schedule-periodic-after-date.strategy.ts
FN:14,anonymous_2
FN:21,anonymous_3
FN:43,anonymous_4
FNF:3
FNH:3
FNDA:25,(anonymous_2)
FNDA:0,(anonymous_3)
FNDA:0,(anonymous_4)
DA:1,1
DA:2,1
DA:4,1
DA:6,1
DA:7,1
DA:11,1
DA:12,1
DA:15,1
DA:16,1
DA:17,1
DA:24,1
DA:25,1
DA:27,1
DA:28,1
DA:29,1
DA:31,1
DA:34,1
DA:35,1
DA:37,1
DA:38,1
DA:39,1
DA:44,1
DA:46,1
DA:48,1
DA:49,1
DA:51,1
DA:52,1
DA:54,1
DA:55,1
DA:57,1
DA:58,1
DA:61,1
DA:62,1
DA:63,1
DA:64,1
DA:65,1
DA:69,1
DA:72,1
LF:38
LH:38
BRF:16
BRH:16
end_of_record
TN:
SF:src/modules/mail/index.ts
FNF:0
FNH:0
DA:1,1
DA:2,1
DA:3,1
DA:4,1
LF:4
LH:4
BRF:0
BRH:0
end_of_record
TN:
SF:src/modules/mail/mail.module.ts
FNF:0
FNH:0
DA:1,1
DA:2,1
DA:3,1
DA:4,1
DA:5,1
DA:6,1
DA:7,1
DA:8,1
DA:37,1
LF:9
LH:9
BRF:0
BRH:0
end_of_record
TN:
SF:src/modules/mail/consumers/builder-messages.consumer.ts
FN:11,anonymous_2
FN:23,anonymous_3
FN:49,anonymous_4
FNF:3
FNH:3
FNDA:25,(anonymous_2)
FNDA:0,(anonymous_3)
FNDA:0,(anonymous_4)
DA:1,1
DA:2,1
DA:3,1
DA:4,1
DA:5,1
DA:6,1
DA:10,1
DA:12,1
DA:13,1
DA:14,1
DA:15,1
DA:16,1
DA:17,1
DA:23,1
DA:24,1
DA:25,1
DA:26,1
DA:32,1
DA:35,1
DA:37,1
DA:39,1
DA:40,1
DA:42,1
DA:47,1
DA:49,1
DA:50,1
DA:53,1
DA:58,1
LF:28
LH:28
BRF:4
BRH:4
end_of_record
TN:
SF:src/modules/mail/consumers/index.ts
FNF:0
FNH:0
DA:1,1
LF:1
LH:1
BRF:0
BRH:0
end_of_record
TN:
SF:src/modules/mail/controllers/common.controller.ts
FN:14,(anonymous_4)
FN:23,(anonymous_5)
FNF:2
FNH:2
FNDA:25,(anonymous_4)
FNDA:3,(anonymous_5)
DA:1,2
DA:2,2
DA:3,2
DA:6,2
DA:13,2
DA:15,25
DA:17,25
DA:23,2
DA:26,3
DA:27,3
DA:28,1
DA:31,2
DA:32,1
DA:35,1
DA:36,1
DA:39,1
DA:41,1
DA:43,1
DA:46,1
DA:48,1
LF:20
LH:19
BRF:6
BRH:6
end_of_record
TN:
SF:src/modules/mail/controllers/index.ts
FNF:0
FNH:0
DA:1,1
DA:2,1
DA:3,1
LF:3
LH:3
BRF:0
BRH:0
end_of_record
TN:
SF:src/modules/mail/controllers/mail-access.controller.ts
FN:22,(anonymous_4)
FN:30,(anonymous_5)
FNF:2
FNH:2
FNDA:25,(anonymous_4)
FNDA:2,(anonymous_5)
DA:1,2
DA:2,2
DA:13,2
DA:14,2
DA:16,2
DA:21,2
DA:23,25
DA:25,25
DA:30,2
DA:35,2
LF:10
LH:10
BRF:0
BRH:0
end_of_record
TN:
SF:src/modules/mail/controllers/mail.controller.ts
FN:16,(anonymous_4)
FN:24,(anonymous_5)
FN:33,(anonymous_6)
FN:42,(anonymous_7)
FN:67,(anonymous_8)
FNF:5
FNH:4
FNDA:25,(anonymous_4)
FNDA:1,(anonymous_5)
FNDA:2,(anonymous_6)
FNDA:0,(anonymous_7)
FNDA:2,(anonymous_8)
DA:1,2
DA:2,2
DA:4,2
DA:5,2
DA:6,2
DA:10,2
DA:15,2
DA:17,25
DA:19,25
DA:24,2
DA:27,1
DA:33,2
DA:36,2
DA:42,2
DA:49,0
DA:50,0
DA:53,0
DA:54,0
DA:56,0
DA:58,0
DA:67,2
DA:71,2
LF:22
LH:16
BRDA:49,0,0,0
BRDA:49,0,1,0
BRDA:59,1,0,0
BRDA:59,1,1,0
BRDA:59,2,0,0
BRDA:59,2,1,0
BRF:6
BRH:0
end_of_record
TN:
SF:src/modules/mail/dto/business-reference.dto.ts
FNF:0
FNH:0
DA:1,1
DA:3,1
DA:6,1
LF:3
LH:3
BRF:0
BRH:0
end_of_record
TN:
SF:src/modules/mail/dto/create-application.dto.ts
FN:12,anonymous_2
FNF:1
FNH:1
FNDA:0,(anonymous_2)
DA:1,1
DA:2,1
DA:3,1
DA:5,1
DA:8,1
DA:12,1
DA:13,1
DA:17,1
DA:21,1
LF:9
LH:9
BRF:0
BRH:0
end_of_record
TN:
SF:src/modules/mail/dto/create-mail.dto.ts
FNF:0
FNH:0
DA:1,1
DA:3,1
DA:6,1
LF:3
LH:3
BRF:0
BRH:0
end_of_record
TN:
SF:src/modules/mail/dto/index.ts
FNF:0
FNH:0
DA:1,1
DA:2,1
DA:3,1
DA:4,1
DA:5,1
LF:5
LH:5
BRF:0
BRH:0
end_of_record
TN:
SF:src/modules/mail/dto/remove-application.dto.ts
FNF:0
FNH:0
DA:1,1
DA:3,1
DA:6,1
LF:3
LH:3
BRF:0
BRH:0
end_of_record
TN:
SF:src/modules/mail/dto/update-access-config.dto.ts
FNF:0
FNH:0
DA:1,1
DA:2,1
DA:4,1
DA:8,1
DA:14,1
DA:20,1
DA:26,1
DA:30,1
LF:8
LH:8
BRF:0
BRH:0
end_of_record
TN:
SF:src/modules/mail/enums/mail-events-types.enum.ts
FN:1,anonymous_2
FNF:1
FNH:1
FNDA:2,(anonymous_0)
DA:1,1
DA:2,1
DA:3,1
LF:3
LH:3
BRF:2
BRH:2
end_of_record
TN:
SF:src/modules/mail/interfaces/index.ts
FNF:0
FNH:0
DA:1,1
DA:2,1
DA:3,1
LF:3
LH:3
BRF:0
BRH:0
end_of_record
TN:
SF:src/modules/mail/producers/index.ts
FNF:0
FNH:0
DA:1,1
LF:1
LH:1
BRF:0
BRH:0
end_of_record
TN:
SF:src/modules/mail/producers/mail-rabbit-events.producer.ts
FN:10,anonymous_2
FN:14,anonymous_3
FN:35,anonymous_4
FN:46,anonymous_5
FN:61,anonymous_6
FN:75,anonymous_7
FN:81,anonymous_8
FNF:7
FNH:7
FNDA:25,(anonymous_2)
FNDA:0,(anonymous_3)
FNDA:0,(anonymous_4)
FNDA:3,(anonymous_5)
FNDA:0,(anonymous_6)
FNDA:0,(anonymous_7)
FNDA:3,(anonymous_8)
DA:1,1
DA:2,1
DA:4,1
DA:9,1
DA:11,1
DA:22,1
DA:38,1
DA:49,1
DA:57,1
DA:64,1
DA:72,1
DA:78,1
DA:82,1
LF:13
LH:13
BRF:0
BRH:0
end_of_record
TN:
SF:src/modules/mail/schemas/events-schema.ts
FNF:0
FNH:0
DA:1,1
DA:2,1
DA:3,1
DA:5,1
DA:6,1
LF:5
LH:5
BRF:0
BRH:0
end_of_record
TN:
SF:src/modules/mail/schemas/index.ts
FNF:0
FNH:0
DA:1,1
DA:2,1
LF:2
LH:2
BRF:0
BRH:0
end_of_record
TN:
SF:src/modules/mail/schemas/mail-access-config.schema.ts
FNF:0
FNH:0
DA:1,1
DA:2,1
DA:3,1
DA:5,1
LF:4
LH:4
BRF:0
BRH:0
end_of_record
TN:
SF:src/modules/mail/schemas/mail.schema.ts
FN:18,anonymous_2
FNF:1
FNH:1
FNDA:21,(anonymous_0)
DA:1,1
DA:2,1
DA:3,1
DA:5,1
DA:18,1
DA:19,1
DA:22,1
LF:7
LH:7
BRF:0
BRH:0
end_of_record
TN:
SF:src/modules/mail/services/index.ts
FNF:0
FNH:0
DA:1,1
DA:2,1
DA:3,1
LF:3
LH:3
BRF:0
BRH:0
end_of_record
TN:
SF:src/modules/mail/services/mail-access-config.service.ts
FN:11,anonymous_2
FN:16,anonymous_3
FN:24,anonymous_4
FN:41,anonymous_5
FN:56,anonymous_6
FN:62,anonymous_7
FN:66,anonymous_8
FN:78,anonymous_9
FN:89,anonymous_10
FN:104,anonymous_11
FN:112,anonymous_12
FN:120,anonymous_13
FN:130,anonymous_14
FNF:13
FNH:13
FNDA:25,(anonymous_4)
FNDA:5,(anonymous_5)
FNDA:3,(anonymous_6)
FNDA:2,(anonymous_7)
FNDA:8,(anonymous_8)
FNDA:3,(anonymous_9)
FNDA:0,(anonymous_10)
FNDA:0,(anonymous_11)
FNDA:3,(anonymous_12)
FNDA:1,(anonymous_13)
FNDA:3,(anonymous_14)
FNDA:1,(anonymous_15)
FNDA:4,(anonymous_16)
DA:1,1
DA:2,1
DA:3,1
DA:5,1
DA:7,1
DA:10,1
DA:13,1
DA:17,1
DA:19,1
DA:25,1
DA:26,1
DA:29,1
DA:30,1
DA:31,1
DA:32,1
DA:35,1
DA:45,1
DA:46,1
DA:49,1
DA:57,1
DA:63,1
DA:67,1
DA:71,1
DA:72,1
DA:75,1
DA:79,1
DA:93,1
DA:94,1
DA:95,1
DA:99,1
DA:101,1
DA:105,1
DA:109,1
DA:113,1
DA:117,1
DA:121,1
DA:122,1
DA:123,1
DA:124,1
DA:127,1
DA:131,1
DA:135,1
LF:42
LH:42
BRF:18
BRH:18
end_of_record
TN:
SF:src/modules/mail/services/mail.service.ts
FN:16,anonymous_2
FN:23,anonymous_3
FN:34,anonymous_4
FN:44,anonymous_5
FN:62,anonymous_6
FN:84,anonymous_7
FN:105,anonymous_8
FN:109,anonymous_9
FN:113,anonymous_10
FN:119,anonymous_11
FN:128,anonymous_12
FN:145,anonymous_13
FNF:12
FNH:12
FNDA:25,(anonymous_4)
FNDA:2,(anonymous_5)
FNDA:0,(anonymous_6)
FNDA:2,(anonymous_7)
FNDA:2,(anonymous_8)
FNDA:2,(anonymous_9)
FNDA:1,(anonymous_10)
FNDA:0,(anonymous_11)
FNDA:0,(anonymous_12)
FNDA:2,(anonymous_13)
FNDA:1,(anonymous_14)
FNDA:3,(anonymous_15)
DA:1,1
DA:2,1
DA:3,1
DA:6,1
DA:8,1
DA:9,1
DA:10,1
DA:15,1
DA:17,1
DA:18,1
DA:19,1
DA:26,1
DA:28,1
DA:29,1
DA:31,1
DA:37,1
DA:38,1
DA:39,1
DA:41,1
DA:48,1
DA:50,1
DA:54,1
DA:55,1
DA:57,1
DA:66,1
DA:67,1
DA:70,1
DA:75,1
DA:76,1
DA:81,1
DA:87,1
DA:106,1
DA:110,1
DA:114,1
DA:116,1
DA:120,1
DA:122,1
DA:129,1
DA:131,1
DA:133,1
DA:134,1
DA:136,1
DA:142,1
DA:146,1
DA:147,1
DA:151,1
LF:46
LH:46
BRF:16
BRH:16
end_of_record
TN:
SF:src/modules/mail/services/on-publish-consumer.service.ts
FN:11,anonymous_2
FN:18,anonymous_3
FNF:2
FNH:2
FNDA:25,(anonymous_2)
FNDA:0,(anonymous_3)
DA:1,1
DA:3,1
DA:4,1
DA:5,1
DA:6,1
DA:10,1
DA:12,1
DA:13,1
DA:14,1
DA:19,1
DA:20,1
DA:21,1
DA:24,1
DA:26,1
DA:27,1
DA:28,1
DA:30,1
DA:31,1
DA:37,1
DA:43,1
DA:45,1
LF:21
LH:21
BRF:2
BRH:2
end_of_record
TN:
SF:src/modules/mongoose-schema/mongoose-schema.names.ts
FNF:0
FNH:0
DA:1,1
DA:2,1
DA:3,1
DA:4,1
DA:5,1
DA:6,1
DA:7,1
DA:8,1
LF:8
LH:8
BRF:0
BRH:0
end_of_record
