TN:
SF:cucumber.js
FNF:0
FNH:0
DA:1,1
DA:9,1
LF:2
LH:2
BRF:0
BRH:0
end_of_record
TN:
SF:features/bootstrap/app.configurator.ts
FN:7,anonymous_2
FNF:1
FNH:1
FNDA:16,(anonymous_0)
DA:1,1
DA:2,1
DA:3,1
DA:4,1
DA:6,1
DA:8,1
DA:9,1
DA:10,1
DA:11,1
DA:13,1
DA:14,1
DA:16,1
DA:17,1
DA:18,1
DA:20,1
LF:15
LH:15
BRF:0
BRH:0
end_of_record
TN:
SF:features/bootstrap/custom.world.ts
FN:7,anonymous_2
FNF:1
FNH:1
FNDA:16,(anonymous_0)
DA:1,1
DA:2,1
DA:3,1
DA:4,1
DA:6,1
DA:8,1
DA:12,1
LF:7
LH:7
BRF:0
BRH:0
end_of_record
TN:
SF:features/bootstrap/import.contexts.ts
FNF:0
FNH:0
DA:1,1
DA:2,1
DA:4,1
LF:3
LH:3
BRF:0
BRH:0
end_of_record
TN:
SF:features/bootstrap/options.ts
FN:42,anonymous_2
FNF:1
FNH:1
FNDA:3,(anonymous_0)
DA:1,1
DA:2,1
DA:15,1
DA:16,1
DA:17,1
DA:18,1
DA:19,1
DA:20,1
DA:22,1
DA:23,1
DA:25,1
DA:42,1
LF:12
LH:12
BRF:0
BRH:0
end_of_record
TN:
SF:features/fixture-factories/api-call.factory.ts
FN:7,anonymous_2
FNF:1
FNH:1
FNDA:8,(anonymous_0)
DA:1,1
DA:2,1
DA:7,1
DA:8,1
DA:19,1
DA:20,1
LF:6
LH:6
BRF:0
BRH:0
end_of_record
TN:
SF:features/fixture-factories/notification.factory.ts
FN:8,anonymous_2
FNF:1
FNH:1
FNDA:6,(anonymous_0)
DA:1,1
DA:2,1
DA:4,1
DA:8,1
DA:9,1
DA:23,1
DA:24,1
LF:7
LH:7
BRF:0
BRH:0
end_of_record
TN:
SF:features/fixtures/callback/list/list-api-call-with-payment.fixture.ts
FN:8,anonymous_2
FN:12,anonymous_3
FNF:2
FNH:2
FNDA:2,(anonymous_0)
FNDA:2,(anonymous_1)
DA:1,1
DA:2,1
DA:5,1
DA:6,1
DA:9,1
DA:13,1
DA:14,1
DA:16,1
DA:24,1
LF:9
LH:9
BRF:0
BRH:0
end_of_record
TN:
SF:features/fixtures/callback/list/list-api-call-without-payment.fixture.ts
FN:8,anonymous_2
FN:12,anonymous_3
FNF:2
FNH:2
FNDA:1,(anonymous_0)
FNDA:1,(anonymous_1)
DA:1,1
DA:2,1
DA:5,1
DA:6,1
DA:9,1
DA:13,1
DA:15,1
DA:22,1
LF:8
LH:8
BRF:0
BRH:0
end_of_record
TN:
SF:features/fixtures/notification-bus-message/send/exists-attempts-notification.fixture.ts
FN:9,anonymous_2
FN:13,anonymous_3
FNF:2
FNH:2
FNDA:1,(anonymous_0)
FNDA:1,(anonymous_1)
DA:1,1
DA:2,1
DA:5,1
DA:6,1
DA:7,1
DA:10,1
DA:14,1
DA:16,1
DA:26,1
LF:9
LH:9
BRF:0
BRH:0
end_of_record
TN:
SF:features/fixtures/notification-bus-message/send/failed-notification.fixture.ts
FN:9,anonymous_2
FN:13,anonymous_3
FNF:2
FNH:2
FNDA:1,(anonymous_0)
FNDA:1,(anonymous_1)
DA:1,1
DA:2,1
DA:5,1
DA:6,1
DA:7,1
DA:10,1
DA:14,1
DA:16,1
DA:25,1
LF:9
LH:9
BRF:0
BRH:0
end_of_record
TN:
SF:features/fixtures/notification-bus-message/send/new-notification.fixture.ts
FN:8,anonymous_2
FN:12,anonymous_3
FNF:2
FNH:2
FNDA:2,(anonymous_0)
FNDA:2,(anonymous_1)
DA:1,1
DA:2,1
DA:5,1
DA:6,1
DA:9,1
DA:13,1
DA:15,1
DA:22,1
LF:8
LH:8
BRF:0
BRH:0
end_of_record
TN:
SF:features/fixtures/notification-bus-message/send/notification-with-client-id.fixture.ts
FN:9,anonymous_2
FN:15,anonymous_3
FNF:2
FNH:2
FNDA:1,(anonymous_0)
FNDA:1,(anonymous_1)
DA:1,1
DA:2,1
DA:5,1
DA:6,1
DA:7,1
DA:10,1
DA:12,1
DA:16,1
DA:17,1
DA:19,1
DA:26,1
DA:34,1
LF:12
LH:12
BRF:0
BRH:0
end_of_record
TN:
SF:features/fixtures/notification-bus-message/send/success-notification.fixture.ts
FN:9,anonymous_2
FN:13,anonymous_3
FNF:2
FNH:2
FNDA:1,(anonymous_0)
FNDA:1,(anonymous_1)
DA:1,1
DA:2,1
DA:5,1
DA:6,1
DA:7,1
DA:10,1
DA:14,1
DA:16,1
DA:26,1
LF:9
LH:9
BRF:0
BRH:0
end_of_record
TN:
SF:features/fixtures/payment-bus-message/create/api-call-without-payment.fixture.ts
FN:8,anonymous_2
FN:12,anonymous_3
FNF:2
FNH:2
FNDA:4,(anonymous_0)
FNDA:4,(anonymous_1)
DA:1,1
DA:2,1
DA:5,1
DA:6,1
DA:9,1
DA:13,1
DA:15,1
DA:22,1
LF:8
LH:8
BRF:0
BRH:0
end_of_record
TN:
SF:src/app.module.ts
FN:48,anonymous_2
FNF:1
FNH:1
FNDA:16,(anonymous_1)
DA:1,1
DA:2,1
DA:3,1
DA:13,1
DA:14,1
DA:15,1
DA:16,1
DA:47,1
LF:8
LH:8
BRF:0
BRH:0
end_of_record
TN:
SF:src/environments/environment.ts
FN:7,anonymous_2
FNF:1
FNH:1
FNDA:4,(anonymous_0)
DA:1,1
DA:3,1
DA:5,1
DA:6,1
DA:7,1
DA:8,1
DA:11,1
LF:7
LH:7
BRF:8
BRH:8
end_of_record
TN:
SF:src/environments/index.ts
FNF:0
FNH:0
DA:1,1
LF:1
LH:1
BRF:0
BRH:0
end_of_record
TN:
SF:src/payment-notifications/payment-notifications.module.ts
FNF:0
FNH:0
DA:1,1
DA:2,1
DA:3,1
DA:4,1
DA:10,1
DA:21,1
DA:22,1
DA:23,1
DA:24,1
DA:25,1
DA:26,1
DA:61,1
LF:12
LH:12
BRF:0
BRH:0
end_of_record
TN:
SF:src/payment-notifications/commands/index.ts
FNF:0
FNH:0
DA:1,1
DA:2,1
LF:2
LH:2
BRF:0
BRH:0
end_of_record
TN:
SF:src/payment-notifications/commands/notification-message-snake-case.command.ts
FN:13,anonymous_2
FN:19,anonymous_3
FN:62,anonymous_4
FN:63,anonymous_5
FN:75,anonymous_6
FNF:5
FNH:5
FNDA:16,(anonymous_4)
FNDA:0,(anonymous_5)
FNDA:0,(anonymous_6)
FNDA:0,(anonymous_7)
FNDA:0,(anonymous_8)
DA:1,1
DA:2,1
DA:3,1
DA:4,1
DA:5,1
DA:8,1
DA:9,1
DA:12,1
DA:14,1
DA:15,1
DA:19,1
DA:30,1
DA:31,1
DA:32,1
DA:34,1
DA:35,1
DA:37,1
DA:38,1
DA:40,1
DA:41,1
DA:44,1
DA:45,1
DA:47,1
DA:48,1
DA:50,1
DA:51,1
DA:53,1
DA:54,1
DA:55,1
DA:57,1
DA:59,1
DA:60,1
DA:61,1
DA:62,1
DA:63,1
DA:65,1
DA:67,1
DA:70,1
DA:71,1
DA:76,1
LF:40
LH:40
BRF:10
BRH:10
end_of_record
TN:
SF:src/payment-notifications/commands/resend-notifications.command.ts
FN:11,anonymous_2
FN:17,anonymous_3
FN:73,anonymous_4
FNF:3
FNH:3
FNDA:16,(anonymous_4)
FNDA:0,(anonymous_5)
FNDA:0,(anonymous_6)
DA:1,1
DA:2,1
DA:3,1
DA:4,1
DA:5,1
DA:7,1
DA:10,1
DA:12,1
DA:13,1
DA:17,1
DA:31,1
DA:32,1
DA:33,1
DA:35,1
DA:36,1
DA:38,1
DA:39,1
DA:41,1
DA:42,1
DA:44,1
DA:45,1
DA:48,1
DA:49,1
DA:51,1
DA:52,1
DA:54,1
DA:55,1
DA:57,1
DA:58,1
DA:59,1
DA:61,1
DA:63,1
DA:64,1
DA:65,1
DA:68,1
DA:69,1
DA:74,1
LF:37
LH:37
BRF:12
BRH:12
end_of_record
TN:
SF:src/payment-notifications/config/index.ts
FNF:0
FNH:0
DA:1,1
LF:1
LH:1
BRF:0
BRH:0
end_of_record
TN:
SF:src/payment-notifications/config/mongoose-schemas.ts
FNF:0
FNH:0
DA:1,1
DA:12,1
LF:2
LH:2
BRF:0
BRH:0
end_of_record
TN:
SF:src/payment-notifications/controllers/api-call-bus-message.controller.ts
FN:9,(anonymous_2)
FN:17,(anonymous_3)
FN:25,(anonymous_4)
FNF:3
FNH:3
FNDA:16,(anonymous_2)
FNDA:1,(anonymous_3)
FNDA:1,(anonymous_4)
DA:1,2
DA:2,2
DA:3,2
DA:4,2
DA:5,2
DA:8,2
DA:10,16
DA:17,2
DA:18,1
DA:25,2
DA:26,1
LF:11
LH:11
BRF:0
BRH:0
end_of_record
TN:
SF:src/payment-notifications/controllers/callback.controller.ts
FN:15,(anonymous_4)
FN:20,(anonymous_5)
FNF:2
FNH:2
FNDA:16,(anonymous_4)
FNDA:2,(anonymous_5)
DA:1,2
DA:2,2
DA:3,2
DA:4,2
DA:7,2
DA:14,2
DA:16,16
DA:20,2
DA:23,2
LF:9
LH:9
BRF:0
BRH:0
end_of_record
TN:
SF:src/payment-notifications/controllers/index.ts
FNF:0
FNH:0
DA:1,1
DA:2,1
DA:3,1
DA:4,1
LF:4
LH:4
BRF:0
BRH:0
end_of_record
TN:
SF:src/payment-notifications/controllers/notification-bus-message.controller.ts
FN:9,(anonymous_2)
FN:20,(anonymous_3)
FNF:2
FNH:2
FNDA:16,(anonymous_2)
FNDA:7,(anonymous_3)
DA:1,2
DA:2,2
DA:3,2
DA:4,2
DA:8,2
DA:10,16
DA:11,16
DA:12,16
DA:13,16
DA:20,2
DA:21,7
DA:25,7
DA:26,1
DA:28,1
DA:31,6
DA:32,1
DA:34,1
DA:37,5
LF:18
LH:18
BRF:4
BRH:4
end_of_record
TN:
SF:src/payment-notifications/controllers/payment-bus-message.controller.ts
FN:10,(anonymous_2)
FN:19,(anonymous_3)
FN:31,(anonymous_4)
FN:43,(anonymous_5)
FNF:4
FNH:4
FNDA:16,(anonymous_2)
FNDA:1,(anonymous_3)
FNDA:2,(anonymous_4)
FNDA:1,(anonymous_5)
DA:1,2
DA:2,2
DA:3,2
DA:5,2
DA:9,2
DA:11,16
DA:12,16
DA:19,2
DA:20,1
DA:21,1
DA:31,2
DA:32,2
DA:33,2
DA:43,2
DA:44,1
DA:47,1
DA:50,1
DA:52,1
DA:54,1
DA:55,1
DA:58,1
DA:63,1
LF:22
LH:20
BRF:14
BRH:14
end_of_record
TN:
SF:src/payment-notifications/cron/index.ts
FNF:0
FNH:0
DA:1,1
DA:2,1
LF:2
LH:2
BRF:0
BRH:0
end_of_record
TN:
SF:src/payment-notifications/cron/send-failed-payment-notifications.cron.ts
FN:11,anonymous_2
FN:19,anonymous_3
FN:20,anonymous_4
FN:26,anonymous_5
FN:30,anonymous_6
FN:45,anonymous_7
FNF:6
FNH:6
FNDA:16,(anonymous_2)
FNDA:0,(anonymous_3)
FNDA:0,(anonymous_4)
FNDA:0,(anonymous_5)
FNDA:0,(anonymous_6)
FNDA:0,(anonymous_7)
DA:1,1
DA:2,1
DA:3,1
DA:4,1
DA:6,1
DA:7,1
DA:10,1
DA:12,1
DA:13,1
DA:14,1
DA:16,1
DA:20,1
DA:21,1
DA:23,1
DA:27,1
DA:31,1
DA:33,1
DA:34,1
DA:35,1
DA:37,1
DA:43,1
DA:45,1
DA:46,1
DA:52,1
DA:53,1
DA:61,1
DA:66,1
DA:71,1
LF:28
LH:28
BRF:4
BRH:4
end_of_record
TN:
SF:src/payment-notifications/cron/send-regular-payments-notifications.cron.ts
FN:11,anonymous_2
FN:19,anonymous_3
FN:20,anonymous_4
FN:26,anonymous_5
FN:30,anonymous_6
FN:45,anonymous_7
FNF:6
FNH:6
FNDA:16,(anonymous_2)
FNDA:0,(anonymous_3)
FNDA:0,(anonymous_4)
FNDA:0,(anonymous_5)
FNDA:0,(anonymous_6)
FNDA:0,(anonymous_7)
DA:1,1
DA:2,1
DA:3,1
DA:4,1
DA:6,1
DA:7,1
DA:10,1
DA:12,1
DA:13,1
DA:14,1
DA:16,1
DA:20,1
DA:21,1
DA:23,1
DA:27,1
DA:31,1
DA:33,1
DA:34,1
DA:35,1
DA:37,1
DA:43,1
DA:45,1
DA:46,1
DA:51,1
DA:53,1
DA:54,1
DA:55,1
DA:63,1
DA:67,1
DA:71,1
DA:76,1
LF:31
LH:31
BRF:6
BRH:6
end_of_record
TN:
SF:src/payment-notifications/dto/client.dto.ts
FNF:0
FNH:0
DA:3,1
LF:1
LH:1
BRF:0
BRH:0
end_of_record
TN:
SF:src/payment-notifications/dto/delivery-attempt.dto.ts
FNF:0
FNH:0
DA:1,1
DA:2,1
DA:3,1
DA:7,1
DA:10,1
DA:14,1
DA:18,1
DA:22,1
DA:26,1
LF:9
LH:9
BRF:0
BRH:0
end_of_record
TN:
SF:src/payment-notifications/dto/index.ts
FNF:0
FNH:0
DA:1,1
DA:2,1
DA:3,1
DA:4,1
DA:5,1
DA:6,1
DA:7,1
DA:8,1
DA:9,1
DA:10,1
DA:11,1
DA:12,1
LF:12
LH:12
BRF:0
BRH:0
end_of_record
TN:
SF:src/payment-notifications/dto/notification-message-address.dto.ts
FNF:0
FNH:0
DA:1,1
DA:2,1
DA:5,1
DA:8,1
DA:12,1
DA:16,1
DA:20,1
DA:24,1
DA:28,1
DA:32,1
DA:36,1
DA:40,1
LF:12
LH:12
BRF:0
BRH:0
end_of_record
TN:
SF:src/payment-notifications/dto/notification-message-data.dto.ts
FN:6,anonymous_2
FNF:1
FNH:1
FNDA:0,(anonymous_2)
DA:1,1
DA:2,1
DA:5,1
DA:6,1
DA:8,1
LF:5
LH:5
BRF:0
BRH:0
end_of_record
TN:
SF:src/payment-notifications/dto/notification-message-item.dto.ts
FNF:0
FNH:0
DA:1,1
DA:2,1
DA:5,1
DA:8,1
DA:12,1
DA:16,1
DA:20,1
DA:24,1
DA:28,1
DA:32,1
LF:10
LH:10
BRF:0
BRH:0
end_of_record
TN:
SF:src/payment-notifications/dto/notification-message-payment.dto.ts
FN:17,anonymous_2
FN:57,anonymous_3
FN:72,anonymous_4
FN:92,anonymous_5
FN:96,anonymous_6
FNF:5
FNH:5
FNDA:5,(anonymous_2)
FNDA:5,(anonymous_3)
FNDA:5,(anonymous_4)
FNDA:5,(anonymous_5)
FNDA:5,(anonymous_6)
DA:1,1
DA:2,1
DA:3,1
DA:4,1
DA:5,1
DA:8,1
DA:11,1
DA:15,1
DA:17,1
DA:19,1
DA:23,1
DA:27,1
DA:31,1
DA:35,1
DA:39,1
DA:43,1
DA:47,1
DA:51,1
DA:54,1
DA:57,1
DA:58,1
DA:62,1
DA:66,1
DA:70,1
DA:72,1
DA:74,1
DA:78,1
DA:82,1
DA:86,1
DA:90,1
DA:92,1
DA:94,1
DA:96,1
DA:98,1
LF:34
LH:34
BRF:0
BRH:0
end_of_record
TN:
SF:src/payment-notifications/dto/notification-message.dto.ts
FN:15,anonymous_2
FNF:1
FNH:1
FNDA:0,(anonymous_2)
DA:1,1
DA:2,1
DA:3,1
DA:6,1
DA:9,1
DA:13,1
DA:15,1
DA:17,1
LF:8
LH:8
BRF:0
BRH:0
end_of_record
TN:
SF:src/payment-notifications/dto/notification.dto.ts
FNF:0
FNH:0
DA:1,1
DA:2,1
DA:3,1
DA:7,1
DA:10,1
DA:14,1
DA:18,1
DA:22,1
DA:26,1
DA:30,1
DA:34,1
DA:38,1
DA:42,1
LF:13
LH:13
BRF:0
BRH:0
end_of_record
TN:
SF:src/payment-notifications/dto/bus-message/api-call.dto.ts
FNF:0
FNH:0
DA:3,1
DA:4,1
DA:5,1
DA:8,1
DA:12,1
DA:17,1
DA:22,1
DA:27,1
DA:32,1
DA:37,1
DA:42,1
DA:47,1
DA:52,1
LF:13
LH:13
BRF:0
BRH:0
end_of_record
TN:
SF:src/payment-notifications/dto/bus-message/notification-failed.dto.ts
FNF:0
FNH:0
DA:1,1
DA:2,1
DA:4,1
DA:7,1
DA:11,1
DA:15,1
DA:19,1
DA:23,1
DA:27,1
LF:9
LH:9
BRF:0
BRH:0
end_of_record
TN:
SF:src/payment-notifications/dto/response/api-call-response.dto.ts
FNF:0
FNH:0
DA:1,1
DA:2,1
DA:3,1
DA:6,1
DA:10,1
DA:15,1
DA:20,1
DA:25,1
DA:30,1
DA:35,1
DA:40,1
LF:11
LH:11
BRF:0
BRH:0
end_of_record
TN:
SF:src/payment-notifications/dto/response/client-secret-response.dto.ts
FNF:0
FNH:0
DA:1,1
DA:2,1
DA:3,1
DA:6,1
DA:10,1
LF:5
LH:5
BRF:0
BRH:0
end_of_record
TN:
SF:src/payment-notifications/enums/index.ts
FNF:0
FNH:0
DA:1,1
DA:2,1
DA:3,1
DA:4,1
DA:5,1
LF:5
LH:5
BRF:0
BRH:0
end_of_record
TN:
SF:src/payment-notifications/enums/notification-event.enum.ts
FN:1,anonymous_2
FNF:1
FNH:1
FNDA:2,(anonymous_0)
DA:1,1
DA:2,1
LF:2
LH:2
BRF:2
BRH:2
end_of_record
TN:
SF:src/payment-notifications/enums/payment-event-types.enum.ts
FN:1,anonymous_2
FNF:1
FNH:1
FNDA:2,(anonymous_0)
DA:1,1
DA:2,1
DA:3,1
LF:3
LH:3
BRF:2
BRH:2
end_of_record
TN:
SF:src/payment-notifications/enums/payment-notification-statuses.enum.ts
FN:1,anonymous_2
FNF:1
FNH:1
FNDA:2,(anonymous_0)
DA:1,1
DA:2,1
DA:3,1
DA:4,1
LF:4
LH:4
BRF:2
BRH:2
end_of_record
TN:
SF:src/payment-notifications/enums/rabbit-binding.enum.ts
FN:1,anonymous_2
FN:6,anonymous_3
FN:11,anonymous_4
FNF:3
FNH:3
FNDA:2,(anonymous_0)
FNDA:2,(anonymous_1)
FNDA:2,(anonymous_2)
DA:1,1
DA:2,1
DA:3,1
DA:6,1
DA:7,1
DA:8,1
DA:11,1
DA:12,1
DA:13,1
DA:15,1
DA:16,1
DA:18,1
DA:20,1
DA:22,1
LF:14
LH:14
BRF:6
BRH:6
end_of_record
TN:
SF:src/payment-notifications/enums/third-party-payments.enum.ts
FN:1,anonymous_2
FNF:1
FNH:1
FNDA:2,(anonymous_0)
DA:1,1
DA:2,1
DA:3,1
DA:4,1
DA:5,1
DA:6,1
DA:7,1
DA:8,1
DA:9,1
DA:10,1
DA:11,1
DA:12,1
DA:13,1
DA:14,1
DA:15,1
DA:16,1
DA:17,1
DA:18,1
DA:19,1
DA:20,1
DA:21,1
DA:22,1
DA:23,1
DA:24,1
LF:24
LH:24
BRF:2
BRH:2
end_of_record
TN:
SF:src/payment-notifications/event-listeners/index.ts
FNF:0
FNH:0
DA:1,1
LF:1
LH:1
BRF:0
BRH:0
end_of_record
TN:
SF:src/payment-notifications/event-listeners/notification.listener.ts
FN:17,anonymous_2
FN:23,anonymous_3
FN:39,anonymous_4
FNF:3
FNH:3
FNDA:16,(anonymous_2)
FNDA:5,(anonymous_3)
FNDA:5,(anonymous_4)
DA:1,1
DA:2,1
DA:3,1
DA:10,1
DA:11,1
DA:13,1
DA:16,1
DA:18,1
DA:19,1
DA:23,1
DA:27,1
DA:30,1
DA:33,1
DA:35,1
DA:39,1
DA:43,1
DA:47,1
DA:50,1
DA:53,1
DA:58,1
LF:20
LH:20
BRF:9
BRH:9
end_of_record
TN:
SF:src/payment-notifications/schemas/api-call.schema.ts
FNF:0
FNH:0
DA:1,1
DA:2,1
DA:4,1
DA:5,1
LF:4
LH:4
BRF:0
BRH:0
end_of_record
TN:
SF:src/payment-notifications/schemas/client.schema.ts
FNF:0
FNH:0
DA:1,1
DA:2,1
DA:4,1
DA:5,1
LF:4
LH:4
BRF:0
BRH:0
end_of_record
TN:
SF:src/payment-notifications/schemas/delivery-attempt.schema.ts
FNF:0
FNH:0
DA:1,1
DA:2,1
DA:4,1
DA:5,1
LF:4
LH:4
BRF:0
BRH:0
end_of_record
TN:
SF:src/payment-notifications/schemas/index.ts
FNF:0
FNH:0
DA:1,1
DA:2,1
DA:3,1
DA:4,1
LF:4
LH:4
BRF:0
BRH:0
end_of_record
TN:
SF:src/payment-notifications/schemas/notification.schema.ts
FNF:0
FNH:0
DA:1,1
DA:2,1
DA:3,1
DA:5,1
DA:6,1
LF:5
LH:5
BRF:0
BRH:0
end_of_record
TN:
SF:src/payment-notifications/services/api-call.service.ts
FN:14,anonymous_2
FN:19,anonymous_3
FN:26,anonymous_4
FN:37,anonymous_5
FN:47,anonymous_6
FN:58,anonymous_7
FN:70,anonymous_8
FNF:7
FNH:7
FNDA:16,(anonymous_4)
FNDA:1,(anonymous_5)
FNDA:1,(anonymous_6)
FNDA:10,(anonymous_7)
FNDA:4,(anonymous_8)
FNDA:2,(anonymous_9)
FNDA:17,(anonymous_10)
DA:1,1
DA:2,1
DA:3,1
DA:5,1
DA:6,1
DA:7,1
DA:9,1
DA:10,1
DA:13,1
DA:16,1
DA:20,1
DA:21,1
DA:23,1
DA:27,1
DA:28,1
DA:30,1
DA:38,1
DA:39,1
DA:42,1
DA:48,1
DA:49,1
DA:52,1
DA:59,1
DA:60,1
DA:61,1
DA:62,1
DA:63,1
DA:64,1
DA:65,1
DA:67,1
DA:71,1
DA:72,1
DA:75,1
DA:76,1
DA:79,1
DA:80,1
DA:83,1
LF:37
LH:37
BRF:12
BRH:12
end_of_record
TN:
SF:src/payment-notifications/services/client.service.ts
FN:11,anonymous_2
FN:16,anonymous_3
FN:23,anonymous_4
FNF:3
FNH:3
FNDA:16,(anonymous_4)
FNDA:1,(anonymous_5)
FNDA:1,(anonymous_6)
DA:1,1
DA:2,1
DA:3,1
DA:5,1
DA:6,1
DA:10,1
DA:13,1
DA:17,1
DA:18,1
DA:20,1
DA:24,1
LF:11
LH:11
BRF:0
BRH:0
end_of_record
TN:
SF:src/payment-notifications/services/delivery-attempt.service.ts
FN:11,anonymous_2
FN:16,anonymous_3
FN:23,anonymous_4
FNF:3
FNH:3
FNDA:16,(anonymous_4)
FNDA:5,(anonymous_5)
FNDA:5,(anonymous_6)
DA:1,1
DA:2,1
DA:3,1
DA:5,1
DA:7,1
DA:10,1
DA:13,1
DA:17,1
DA:27,1
LF:9
LH:9
BRF:0
BRH:0
end_of_record
TN:
SF:src/payment-notifications/services/index.ts
FNF:0
FNH:0
DA:1,1
DA:2,1
DA:3,1
DA:4,1
DA:5,1
DA:6,1
DA:7,1
DA:8,1
DA:9,1
LF:9
LH:9
BRF:0
BRH:0
end_of_record
TN:
SF:src/payment-notifications/services/notification-signature.generator.ts
FN:10,anonymous_2
FN:16,anonymous_3
FNF:2
FNH:2
FNDA:16,(anonymous_2)
FNDA:5,(anonymous_3)
DA:1,1
DA:4,1
DA:5,1
DA:6,1
DA:9,1
DA:11,1
DA:12,1
DA:13,1
DA:17,1
DA:19,1
DA:20,1
DA:25,1
DA:27,1
DA:29,1
DA:31,1
DA:32,1
DA:35,1
DA:42,1
DA:45,1
LF:19
LH:19
BRF:13
BRH:13
end_of_record
TN:
SF:src/payment-notifications/services/notification.sender.ts
FN:15,anonymous_2
FN:24,anonymous_3
FN:59,anonymous_4
FN:64,anonymous_5
FNF:4
FNH:4
FNDA:16,(anonymous_2)
FNDA:5,(anonymous_3)
FNDA:3,(anonymous_4)
FNDA:2,(anonymous_5)
DA:1,1
DA:3,1
DA:4,1
DA:5,1
DA:6,1
DA:9,1
DA:10,1
DA:11,1
DA:14,1
DA:16,1
DA:17,1
DA:18,1
DA:19,1
DA:20,1
DA:21,1
DA:26,1
DA:30,1
DA:36,1
DA:40,1
DA:42,1
DA:43,1
DA:46,1
DA:58,1
DA:60,1
DA:65,1
DA:70,1
DA:79,1
DA:84,1
DA:98,1
DA:103,1
DA:108,1
LF:31
LH:31
BRF:28
BRH:28
end_of_record
TN:
SF:src/payment-notifications/services/notification.service.ts
FN:15,anonymous_2
FN:24,anonymous_3
FN:34,anonymous_4
FN:122,anonymous_5
FN:142,anonymous_6
FN:152,anonymous_7
FN:168,anonymous_8
FN:184,anonymous_9
FN:204,anonymous_10
FNF:9
FNH:9
FNDA:16,(anonymous_4)
FNDA:7,(anonymous_5)
FNDA:5,(anonymous_6)
FNDA:5,(anonymous_7)
FNDA:0,(anonymous_8)
FNDA:0,(anonymous_9)
FNDA:0,(anonymous_10)
FNDA:5,(anonymous_11)
FNDA:1,(anonymous_12)
DA:1,1
DA:2,1
DA:3,1
DA:5,1
DA:6,1
DA:7,1
DA:8,1
DA:9,1
DA:10,1
DA:11,1
DA:14,1
DA:17,1
DA:19,1
DA:20,1
DA:21,1
DA:25,1
DA:27,1
DA:28,1
DA:31,1
DA:38,1
DA:46,1
DA:47,1
DA:48,1
DA:57,1
DA:60,1
DA:64,1
DA:65,1
DA:75,1
DA:78,1
DA:79,1
DA:93,1
DA:101,1
DA:111,1
DA:119,1
DA:122,1
DA:125,1
DA:132,1
DA:146,1
DA:157,1
DA:173,1
DA:188,1
DA:189,1
DA:190,1
DA:193,1
DA:205,1
LF:45
LH:45
BRF:25
BRH:25
end_of_record
TN:
SF:src/payment-notifications/services/oauth.service.ts
FN:14,anonymous_2
FN:20,anonymous_3
FN:34,anonymous_4
FN:43,anonymous_5
FNF:4
FNH:4
FNDA:16,(anonymous_2)
FNDA:1,(anonymous_3)
FNDA:1,(anonymous_4)
FNDA:0,(anonymous_5)
DA:1,1
DA:2,1
DA:3,1
DA:4,1
DA:5,1
DA:6,1
DA:7,1
DA:9,1
DA:13,1
DA:15,1
DA:16,1
DA:17,1
DA:22,1
DA:24,1
DA:25,1
DA:30,1
DA:31,1
DA:33,1
DA:35,1
DA:41,1
DA:44,1
DA:50,1
DA:56,1
DA:57,1
DA:63,1
LF:25
LH:25
BRF:10
BRH:10
end_of_record
TN:
SF:src/payment-notifications/services/rabbitmq.service.ts
FN:7,anonymous_2
FN:11,anonymous_3
FNF:2
FNH:2
FNDA:16,(anonymous_2)
FNDA:1,(anonymous_3)
DA:1,1
DA:2,1
DA:6,1
DA:8,1
DA:16,1
LF:5
LH:5
BRF:0
BRH:0
end_of_record
TN:
SF:src/payment-notifications/services/telegram.messenger.ts
FN:8,anonymous_2
FN:13,anonymous_3
FN:17,anonymous_4
FN:30,anonymous_5
FNF:4
FNH:4
FNDA:16,(anonymous_2)
FNDA:1,(anonymous_3)
FNDA:1,(anonymous_4)
FNDA:1,(anonymous_5)
DA:1,1
DA:2,1
DA:3,1
DA:7,1
DA:9,1
DA:10,1
DA:14,1
DA:21,1
DA:32,1
DA:33,1
DA:36,1
DA:37,1
DA:43,1
LF:13
LH:13
BRF:4
BRH:4
end_of_record
TN:
SF:src/payment-notifications/transformers/index.ts
FNF:0
FNH:0
DA:1,1
LF:1
LH:1
BRF:0
BRH:0
end_of_record
TN:
SF:src/payment-notifications/transformers/payment-notification.transformer.ts
FN:6,anonymous_2
FN:21,anonymous_3
FN:22,anonymous_4
FN:27,anonymous_5
FN:32,anonymous_6
FNF:5
FNH:5
FNDA:1,(anonymous_0)
FNDA:2,(anonymous_1)
FNDA:2,(anonymous_2)
FNDA:1,(anonymous_3)
FNDA:1,(anonymous_4)
DA:3,1
DA:5,1
DA:10,1
DA:22,1
DA:23,1
DA:29,1
DA:31,1
DA:32,1
DA:33,1
DA:37,1
LF:10
LH:10
BRF:4
BRH:4
end_of_record
