TN:
SF:cucumber.js
FNF:0
FNH:0
DA:1,1
DA:9,1
LF:2
LH:2
BRF:0
BRH:0
end_of_record
TN:
SF:features/bootstrap/app.configurator.ts
FN:6,anonymous_2
FNF:1
FNH:1
FNDA:78,(anonymous_0)
DA:1,1
DA:3,1
DA:5,1
DA:7,1
DA:8,1
LF:5
LH:5
BRF:0
BRH:0
end_of_record
TN:
SF:features/bootstrap/custom.world.ts
FN:7,anonymous_2
FNF:1
FNH:1
FNDA:78,(anonymous_0)
DA:1,1
DA:2,1
DA:3,1
DA:4,1
DA:6,1
DA:8,1
DA:16,1
LF:7
LH:7
BRF:0
BRH:0
end_of_record
TN:
SF:features/bootstrap/import.context.ts
FNF:0
FNH:0
DA:1,1
DA:2,1
DA:4,1
LF:3
LH:3
BRF:0
BRH:0
end_of_record
TN:
SF:features/bootstrap/options.ts
FN:41,anonymous_2
FNF:1
FNH:1
FNDA:30,(anonymous_0)
DA:1,1
DA:2,1
DA:14,1
DA:15,1
DA:16,1
DA:17,1
DA:18,1
DA:19,1
DA:22,1
DA:23,1
DA:25,1
DA:41,1
LF:12
LH:12
BRF:0
BRH:0
end_of_record
TN:
SF:features/fixtures/collection/collection-events.fixture.ts
FNF:0
FNH:0
DA:1,1
DA:3,1
DA:6,1
DA:7,1
DA:10,1
LF:5
LH:5
BRF:0
BRH:0
end_of_record
TN:
SF:features/fixtures/collection/constants.ts
FNF:0
FNH:0
DA:1,1
DA:6,1
LF:2
LH:2
BRF:0
BRH:0
end_of_record
TN:
SF:features/fixtures/collection/sync.fixture.ts
FNF:0
FNH:0
DA:1,1
DA:3,1
DA:7,1
DA:10,1
LF:4
LH:4
BRF:0
BRH:0
end_of_record
TN:
SF:features/fixtures/factories/business.factory.ts
FN:5,anonymous_2
FN:5,anonymous_3
FNF:2
FNH:2
FNDA:1,(anonymous_0)
FNDA:74,(anonymous_1)
DA:1,1
DA:2,1
DA:3,1
DA:5,1
DA:10,1
LF:5
LH:5
BRF:0
BRH:0
end_of_record
TN:
SF:features/fixtures/factories/file-import.factory.ts
FN:6,anonymous_2
FNF:1
FNH:1
FNDA:6,(anonymous_0)
DA:1,1
DA:2,1
DA:4,1
DA:6,1
DA:7,1
DA:9,1
DA:17,1
LF:7
LH:7
BRF:0
BRH:0
end_of_record
TN:
SF:features/fixtures/factories/helpers.ts
FN:3,anonymous_2
FN:4,anonymous_3
FN:7,anonymous_4
FNF:3
FNH:3
FNDA:4,randomFromList
FNDA:184,(anonymous_1)
FNDA:141,(anonymous_2)
DA:3,1
DA:4,1
DA:7,1
DA:8,1
DA:10,1
LF:5
LH:5
BRF:0
BRH:0
end_of_record
TN:
SF:features/fixtures/factories/index.ts
FNF:0
FNH:0
DA:1,1
DA:2,1
DA:3,1
DA:4,1
DA:5,1
DA:6,1
LF:6
LH:6
BRF:0
BRH:0
end_of_record
TN:
SF:features/fixtures/factories/integration.factory.ts
FN:12,anonymous_2
FN:12,anonymous_3
FNF:2
FNH:2
FNDA:1,(anonymous_0)
FNDA:67,(anonymous_1)
DA:1,1
DA:2,1
DA:4,1
DA:7,1
DA:12,1
DA:18,1
LF:6
LH:6
BRF:0
BRH:0
end_of_record
TN:
SF:features/fixtures/factories/sync-event-factory.ts
FN:9,anonymous_2
FN:9,anonymous_3
FNF:2
FNH:2
FNDA:2,(anonymous_0)
FNDA:138,(anonymous_1)
DA:1,1
DA:3,1
DA:5,1
DA:7,1
DA:9,1
DA:10,1
DA:12,1
DA:21,1
LF:8
LH:8
BRF:0
BRH:0
end_of_record
TN:
SF:features/fixtures/factories/synchronization-task-item.factory.ts
FN:6,anonymous_2
FNF:1
FNH:1
FNDA:26,(anonymous_0)
DA:1,1
DA:2,1
DA:4,1
DA:6,1
DA:7,1
DA:9,1
DA:18,1
LF:7
LH:7
BRF:0
BRH:0
end_of_record
TN:
SF:features/fixtures/factories/synchronization-tasks.factory.ts
FN:21,anonymous_2
FN:25,anonymous_3
FN:35,anonymous_4
FNF:3
FNH:3
FNDA:1,(anonymous_0)
FNDA:46,(anonymous_1)
FNDA:138,(anonymous_2)
DA:1,1
DA:3,1
DA:4,1
DA:5,1
DA:6,1
DA:8,1
DA:15,1
DA:21,1
DA:25,1
DA:26,1
DA:28,1
DA:35,1
DA:41,1
LF:13
LH:13
BRF:0
BRH:0
end_of_record
TN:
SF:features/fixtures/factories/synchronization.factory.ts
FN:5,anonymous_2
FN:5,anonymous_3
FNF:2
FNH:2
FNDA:1,(anonymous_0)
FNDA:48,(anonymous_1)
DA:1,1
DA:3,1
DA:5,1
DA:6,1
DA:8,1
DA:19,1
LF:6
LH:6
BRF:0
BRH:0
end_of_record
TN:
SF:features/fixtures/file-import/success-file-import.fixture.ts
FN:12,anonymous_2
FN:22,anonymous_3
FNF:2
FNH:2
FNDA:4,(anonymous_0)
FNDA:4,(anonymous_1)
DA:2,1
DA:4,1
DA:5,1
DA:6,1
DA:7,1
DA:9,1
DA:10,1
DA:14,1
DA:18,1
DA:24,1
DA:28,1
DA:35,1
LF:12
LH:12
BRF:0
BRH:0
end_of_record
TN:
SF:features/fixtures/file-import/synchronization-task-in-queue.fixture.ts
FN:12,anonymous_2
FN:22,anonymous_3
FNF:2
FNH:2
FNDA:4,(anonymous_0)
FNDA:4,(anonymous_1)
DA:2,1
DA:4,1
DA:5,1
DA:6,1
DA:7,1
DA:9,1
DA:10,1
DA:14,1
DA:18,1
DA:24,1
DA:28,1
DA:36,1
LF:12
LH:12
BRF:0
BRH:0
end_of_record
TN:
SF:features/fixtures/file-import/synchronization-task-no-overwrite.fixture.ts
FN:13,anonymous_2
FN:27,anonymous_3
FNF:2
FNH:2
FNDA:3,(anonymous_0)
FNDA:3,(anonymous_1)
DA:2,1
DA:4,1
DA:5,1
DA:6,1
DA:7,1
DA:9,1
DA:10,1
DA:11,1
DA:15,1
DA:19,1
DA:23,1
DA:29,1
DA:33,1
DA:39,1
DA:46,1
LF:15
LH:15
BRF:0
BRH:0
end_of_record
TN:
SF:features/fixtures/file-import/synchronization-task-overwrite.fixture.ts
FN:13,anonymous_2
FN:27,anonymous_3
FNF:2
FNH:2
FNDA:3,(anonymous_0)
FNDA:3,(anonymous_1)
DA:2,1
DA:4,1
DA:5,1
DA:6,1
DA:7,1
DA:9,1
DA:10,1
DA:11,1
DA:15,1
DA:19,1
DA:23,1
DA:29,1
DA:33,1
DA:39,1
DA:46,1
LF:15
LH:15
BRF:0
BRH:0
end_of_record
TN:
SF:features/fixtures/file-import/synchronization-task-with-one-unprocessed-inventory.fixture.ts
FN:13,anonymous_2
FN:27,anonymous_3
FNF:2
FNH:2
FNDA:2,(anonymous_0)
FNDA:2,(anonymous_1)
DA:2,1
DA:4,1
DA:5,1
DA:6,1
DA:7,1
DA:9,1
DA:10,1
DA:11,1
DA:15,1
DA:19,1
DA:23,1
DA:29,1
DA:33,1
DA:39,1
DA:48,1
LF:15
LH:15
BRF:0
BRH:0
end_of_record
TN:
SF:features/fixtures/file-import/synchronization-task-with-one-unprocessed-product.fixture.ts
FN:13,anonymous_2
FN:27,anonymous_3
FNF:2
FNH:2
FNDA:2,(anonymous_0)
FNDA:2,(anonymous_1)
DA:2,1
DA:4,1
DA:5,1
DA:6,1
DA:7,1
DA:9,1
DA:10,1
DA:11,1
DA:15,1
DA:19,1
DA:23,1
DA:29,1
DA:33,1
DA:39,1
DA:48,1
LF:15
LH:15
BRF:0
BRH:0
end_of_record
TN:
SF:features/fixtures/file-import/synchronization-task-with-several-unprocessed-inventories.fixture.ts
FN:13,anonymous_2
FN:27,anonymous_3
FNF:2
FNH:2
FNDA:1,(anonymous_0)
FNDA:1,(anonymous_1)
DA:2,1
DA:4,1
DA:5,1
DA:6,1
DA:7,1
DA:9,1
DA:10,1
DA:11,1
DA:15,1
DA:19,1
DA:23,1
DA:29,1
DA:33,1
DA:39,1
DA:46,1
DA:47,1
DA:57,1
LF:17
LH:17
BRF:0
BRH:0
end_of_record
TN:
SF:features/fixtures/file-import/synchronization-task-with-several-unprocessed-products.fixture.ts
FN:13,anonymous_2
FN:27,anonymous_3
FNF:2
FNH:2
FNDA:1,(anonymous_0)
FNDA:1,(anonymous_1)
DA:2,1
DA:4,1
DA:5,1
DA:6,1
DA:7,1
DA:9,1
DA:10,1
DA:11,1
DA:15,1
DA:19,1
DA:23,1
DA:29,1
DA:33,1
DA:39,1
DA:46,1
DA:47,1
DA:57,1
LF:17
LH:17
BRF:0
BRH:0
end_of_record
TN:
SF:features/fixtures/integration/constants.ts
FNF:0
FNH:0
DA:1,1
DA:6,1
LF:2
LH:2
BRF:0
BRH:0
end_of_record
TN:
SF:features/fixtures/integration/integration-events.fixture.ts
FNF:0
FNH:0
DA:1,1
DA:3,1
DA:6,1
DA:7,1
DA:10,1
LF:5
LH:5
BRF:0
BRH:0
end_of_record
TN:
SF:features/fixtures/product-incoming-events/background.fixture.ts
FNF:0
FNH:0
DA:1,1
DA:6,1
DA:8,1
DA:9,1
DA:11,1
LF:5
LH:5
BRF:0
BRH:0
end_of_record
TN:
SF:features/fixtures/product-incoming-events/check-that-events-are-routed-to-integrations.fixture.ts
FNF:0
FNH:0
DA:1,1
DA:3,1
DA:4,1
DA:7,1
DA:8,1
DA:9,1
DA:11,1
LF:7
LH:7
BRF:0
BRH:0
end_of_record
TN:
SF:features/fixtures/product-incoming-events/check-that-task-is-updated.fixture.ts
FNF:0
FNH:0
DA:1,1
DA:3,1
DA:5,1
DA:6,1
DA:8,1
LF:5
LH:5
BRF:0
BRH:0
end_of_record
TN:
SF:features/fixtures/put-file-import/background.fixture.ts
FNF:0
FNH:0
DA:1,1
DA:5,1
DA:7,1
LF:3
LH:3
BRF:0
BRH:0
end_of_record
TN:
SF:features/fixtures/synchronization-tasks-api/background.fixture.ts
FNF:0
FNH:0
DA:1,1
DA:5,1
DA:7,1
LF:3
LH:3
BRF:0
BRH:0
end_of_record
TN:
SF:features/fixtures/synchronization-tasks-api/get-events.fixture.ts
FNF:0
FNH:0
DA:1,1
DA:6,1
DA:8,1
DA:9,1
DA:10,1
DA:12,1
LF:6
LH:6
BRF:0
BRH:0
end_of_record
TN:
SF:features/fixtures/synchronization-tasks-api/get-two.fixture.ts
FNF:0
FNH:0
DA:1,1
DA:6,1
DA:8,1
DA:9,1
DA:10,1
DA:12,1
LF:6
LH:6
BRF:0
BRH:0
end_of_record
TN:
SF:features/fixtures/synchronization-tasks-api/get.fixture.ts
FNF:0
FNH:0
DA:1,1
DA:6,1
DA:8,1
DA:9,1
DA:10,1
DA:12,1
LF:6
LH:6
BRF:0
BRH:0
end_of_record
TN:
SF:features/fixtures/trigger-products-synchronization/background.fixture.ts
FNF:0
FNH:0
DA:1,1
DA:5,1
DA:7,1
DA:9,1
LF:4
LH:4
BRF:0
BRH:0
end_of_record
TN:
SF:features/fixtures/trigger-products-synchronization/constants.ts
FNF:0
FNH:0
DA:1,1
DA:6,1
LF:2
LH:2
BRF:0
BRH:0
end_of_record
TN:
SF:features/fixtures/trigger-products-synchronization/inward-check-that-task-is-created-and-event-emitted.fixture.ts
FNF:0
FNH:0
DA:1,1
DA:3,1
DA:6,1
DA:7,1
DA:9,1
LF:5
LH:5
BRF:0
BRH:0
end_of_record
TN:
SF:features/fixtures/trigger-products-synchronization/outward-check-that-task-is-created-and-event-emitted.fixture.ts
FNF:0
FNH:0
DA:1,1
DA:3,1
DA:6,1
DA:7,1
DA:9,1
LF:5
LH:5
BRF:0
BRH:0
end_of_record
TN:
SF:src/app.module.ts
FN:71,anonymous_2
FNF:1
FNH:1
FNDA:78,(anonymous_1)
DA:1,1
DA:9,1
DA:10,1
DA:21,1
DA:22,1
DA:23,1
DA:24,1
DA:25,1
DA:26,1
DA:70,1
LF:10
LH:10
BRF:0
BRH:0
end_of_record
TN:
SF:src/environments/environment.ts
FN:8,anonymous_2
FNF:1
FNH:1
FNDA:2,(anonymous_0)
DA:1,1
DA:2,1
DA:5,1
DA:6,1
DA:8,1
DA:9,1
DA:11,1
LF:7
LH:7
BRF:6
BRH:6
end_of_record
TN:
SF:src/environments/index.ts
FNF:0
FNH:0
DA:1,1
LF:1
LH:1
BRF:0
BRH:0
end_of_record
TN:
SF:src/integration/index.ts
FNF:0
FNH:0
DA:1,1
DA:2,1
DA:3,1
DA:4,1
DA:5,1
DA:6,1
DA:7,1
DA:8,1
LF:8
LH:8
BRF:0
BRH:0
end_of_record
TN:
SF:src/integration/integration.module.ts
FNF:0
FNH:0
DA:1,1
DA:2,1
DA:3,1
DA:4,1
DA:18,1
LF:5
LH:5
BRF:0
BRH:0
end_of_record
TN:
SF:src/integration/config/index.ts
FNF:0
FNH:0
DA:1,1
LF:1
LH:1
BRF:0
BRH:0
end_of_record
TN:
SF:src/integration/config/mongoose-schemas.ts
FNF:0
FNH:0
DA:1,1
DA:3,1
LF:2
LH:2
BRF:0
BRH:0
end_of_record
TN:
SF:src/integration/dto/index.ts
FNF:0
FNH:0
DA:1,1
LF:1
LH:1
BRF:0
BRH:0
end_of_record
TN:
SF:src/integration/dto/toggle-integration-subscription.dto.ts
FNF:0
FNH:0
DA:1,1
DA:2,1
DA:4,1
DA:9,1
DA:14,1
DA:19,1
DA:22,1
DA:25,1
DA:28,1
LF:9
LH:9
BRF:0
BRH:0
end_of_record
TN:
SF:src/integration/enum/index.ts
FNF:0
FNH:0
DA:1,1
LF:1
LH:1
BRF:0
BRH:0
end_of_record
TN:
SF:src/integration/interfaces/index.ts
FNF:0
FNH:0
DA:1,1
LF:1
LH:1
BRF:0
BRH:0
end_of_record
TN:
SF:src/integration/models/index.ts
FNF:0
FNH:0
DA:1,1
LF:1
LH:1
BRF:0
BRH:0
end_of_record
TN:
SF:src/integration/schemas/index.ts
FNF:0
FNH:0
DA:1,1
LF:1
LH:1
BRF:0
BRH:0
end_of_record
TN:
SF:src/integration/schemas/integration.schema.ts
FNF:0
FNH:0
DA:1,1
DA:2,1
DA:4,1
DA:6,1
LF:4
LH:4
BRF:0
BRH:0
end_of_record
TN:
SF:src/integration/services/index.ts
FNF:0
FNH:0
DA:1,1
LF:1
LH:1
BRF:0
BRH:0
end_of_record
TN:
SF:src/integration/services/integration.service.ts
FN:9,anonymous_2
FN:13,anonymous_3
FN:17,anonymous_4
FN:21,anonymous_5
FNF:4
FNH:4
FNDA:78,(anonymous_4)
FNDA:0,(anonymous_5)
FNDA:13,(anonymous_6)
FNDA:0,(anonymous_7)
DA:1,1
DA:2,1
DA:3,1
DA:5,1
DA:8,1
DA:10,1
DA:14,1
DA:18,1
DA:25,1
LF:9
LH:9
BRF:0
BRH:0
end_of_record
TN:
SF:src/synchronizer/synchronizer.module.ts
FNF:0
FNH:0
DA:1,1
DA:2,1
DA:3,1
DA:4,1
DA:5,1
DA:6,1
DA:22,1
DA:23,1
DA:24,1
DA:25,1
DA:26,1
DA:27,1
DA:77,1
LF:13
LH:13
BRF:0
BRH:0
end_of_record
TN:
SF:src/synchronizer/config/index.ts
FNF:0
FNH:0
DA:1,1
LF:1
LH:1
BRF:0
BRH:0
end_of_record
TN:
SF:src/synchronizer/config/mongoose-schemas.ts
FNF:0
FNH:0
DA:1,1
DA:12,1
LF:2
LH:2
BRF:0
BRH:0
end_of_record
TN:
SF:src/synchronizer/controllers/collections-bus-message.controller.ts
FN:10,(anonymous_2)
FN:19,(anonymous_3)
FN:36,(anonymous_4)
FN:54,(anonymous_5)
FNF:4
FNH:4
FNDA:78,(anonymous_2)
FNDA:1,(anonymous_3)
FNDA:1,(anonymous_4)
FNDA:1,(anonymous_5)
DA:1,2
DA:2,2
DA:3,2
DA:4,2
DA:6,2
DA:9,2
DA:11,78
DA:12,78
DA:13,78
DA:19,2
DA:20,1
DA:23,1
DA:24,1
DA:28,1
DA:30,1
DA:36,2
DA:37,1
DA:40,1
DA:41,1
DA:45,1
DA:48,1
DA:54,2
DA:55,1
DA:58,1
DA:59,1
DA:63,1
DA:66,1
LF:27
LH:21
BRF:6
BRH:6
end_of_record
TN:
SF:src/synchronizer/controllers/index.ts
FNF:0
FNH:0
DA:1,1
DA:2,1
DA:3,1
DA:4,1
DA:5,1
DA:6,1
DA:7,1
DA:8,1
DA:9,1
DA:10,1
DA:11,1
DA:12,1
DA:13,1
DA:14,1
LF:14
LH:14
BRF:0
BRH:0
end_of_record
TN:
SF:src/synchronizer/controllers/integration-bus-message.controller.ts
FN:12,(anonymous_2)
FN:21,(anonymous_3)
FN:42,(anonymous_4)
FN:63,(anonymous_5)
FNF:4
FNH:4
FNDA:78,(anonymous_2)
FNDA:1,(anonymous_3)
FNDA:1,(anonymous_4)
FNDA:1,(anonymous_5)
DA:1,2
DA:2,2
DA:3,2
DA:4,2
DA:6,2
DA:7,2
DA:8,2
DA:11,2
DA:13,78
DA:14,78
DA:15,78
DA:21,2
DA:22,1
DA:25,1
DA:26,1
DA:29,1
DA:32,1
DA:33,1
DA:36,1
DA:42,2
DA:43,1
DA:46,1
DA:47,1
DA:50,1
DA:53,1
DA:54,1
DA:57,1
DA:63,2
DA:65,1
DA:68,1
DA:69,1
DA:72,1
DA:75,1
DA:76,1
DA:79,1
DA:85,1
DA:91,1
LF:37
LH:31
BRF:12
BRH:12
end_of_record
TN:
SF:src/synchronizer/controllers/inventory-bus-message.controller.ts
FN:16,(anonymous_2)
FN:25,(anonymous_3)
FN:37,(anonymous_4)
FN:49,(anonymous_5)
FN:61,(anonymous_6)
FN:72,(anonymous_7)
FNF:6
FNH:6
FNDA:78,(anonymous_2)
FNDA:1,(anonymous_3)
FNDA:1,(anonymous_4)
FNDA:1,(anonymous_5)
FNDA:4,(anonymous_6)
FNDA:3,(anonymous_7)
DA:1,2
DA:2,2
DA:3,2
DA:4,2
DA:10,2
DA:11,2
DA:12,2
DA:15,2
DA:17,78
DA:18,78
DA:19,78
DA:25,2
DA:26,1
DA:27,1
DA:28,1
DA:31,1
DA:37,2
DA:38,1
DA:39,1
DA:40,1
DA:43,1
DA:49,2
DA:50,1
DA:51,1
DA:52,1
DA:55,1
DA:61,2
DA:62,4
DA:72,2
DA:73,3
LF:30
LH:27
BRF:6
BRH:6
end_of_record
TN:
SF:src/synchronizer/controllers/process.controller.ts
FN:10,(anonymous_2)
FNF:1
FNH:1
FNDA:78,(anonymous_2)
DA:1,2
DA:2,2
DA:3,2
DA:9,2
LF:4
LH:4
BRF:0
BRH:0
end_of_record
TN:
SF:src/synchronizer/controllers/product-files-bus-message.controller.ts
FN:10,(anonymous_2)
FN:19,(anonymous_3)
FN:31,(anonymous_4)
FN:43,(anonymous_5)
FNF:4
FNH:4
FNDA:78,(anonymous_2)
FNDA:6,(anonymous_3)
FNDA:3,(anonymous_4)
FNDA:1,(anonymous_5)
DA:1,2
DA:2,2
DA:3,2
DA:4,2
DA:6,2
DA:9,2
DA:11,78
DA:12,78
DA:13,78
DA:19,2
DA:20,6
DA:25,6
DA:31,2
DA:32,3
DA:37,3
DA:43,2
DA:44,1
DA:49,1
DA:50,1
DA:51,1
DA:56,1
DA:59,1
LF:22
LH:20
BRF:2
BRH:2
end_of_record
TN:
SF:src/synchronizer/controllers/products-bus-message.controller.ts
FN:11,(anonymous_2)
FN:21,(anonymous_3)
FN:39,(anonymous_4)
FN:57,(anonymous_5)
FN:75,(anonymous_6)
FN:86,(anonymous_7)
FNF:6
FNH:6
FNDA:78,(anonymous_2)
FNDA:3,(anonymous_3)
FNDA:2,(anonymous_4)
FNDA:2,(anonymous_5)
FNDA:4,(anonymous_6)
FNDA:3,(anonymous_7)
DA:1,2
DA:2,2
DA:3,2
DA:4,2
DA:5,2
DA:7,2
DA:10,2
DA:12,78
DA:13,78
DA:14,78
DA:15,78
DA:21,2
DA:22,3
DA:25,3
DA:26,1
DA:30,1
DA:33,3
DA:39,2
DA:40,2
DA:43,2
DA:44,1
DA:48,1
DA:51,2
DA:57,2
DA:58,2
DA:61,2
DA:62,1
DA:66,1
DA:69,2
DA:75,2
DA:76,4
DA:86,2
DA:87,3
LF:33
LH:27
BRF:6
BRH:6
end_of_record
TN:
SF:src/synchronizer/controllers/synchronization-inventory-bus-message.controller.ts
FN:13,(anonymous_2)
FN:23,(anonymous_3)
FNF:2
FNH:2
FNDA:78,(anonymous_2)
FNDA:1,(anonymous_3)
DA:1,2
DA:2,2
DA:3,2
DA:5,2
DA:6,2
DA:7,2
DA:9,2
DA:12,2
DA:14,78
DA:15,78
DA:16,78
DA:17,78
DA:23,2
DA:24,1
DA:25,1
DA:26,1
DA:29,1
DA:30,1
DA:31,1
DA:35,1
DA:36,1
DA:37,1
DA:40,1
LF:23
LH:20
BRF:6
BRH:6
end_of_record
TN:
SF:src/synchronizer/controllers/synchronization-inventory.controller.ts
FN:14,(anonymous_4)
FN:21,(anonymous_5)
FN:35,(anonymous_6)
FN:49,(anonymous_7)
FN:63,(anonymous_8)
FNF:5
FNH:5
FNDA:78,(anonymous_4)
FNDA:1,(anonymous_5)
FNDA:1,(anonymous_6)
FNDA:1,(anonymous_7)
FNDA:1,(anonymous_8)
DA:1,2
DA:2,2
DA:3,2
DA:4,2
DA:6,2
DA:7,2
DA:13,2
DA:15,78
DA:16,78
DA:21,2
DA:30,1
DA:35,2
DA:44,1
DA:49,2
DA:58,1
DA:63,2
DA:72,1
LF:17
LH:17
BRF:0
BRH:0
end_of_record
TN:
SF:src/synchronizer/controllers/synchronization-products.controller.ts
FN:16,(anonymous_4)
FN:23,(anonymous_5)
FN:43,(anonymous_6)
FN:63,(anonymous_7)
FN:96,(anonymous_8)
FNF:5
FNH:5
FNDA:78,(anonymous_4)
FNDA:2,(anonymous_5)
FNDA:2,(anonymous_6)
FNDA:2,(anonymous_7)
FNDA:2,(anonymous_8)
DA:1,2
DA:2,2
DA:4,2
DA:5,2
DA:6,2
DA:8,2
DA:9,2
DA:15,2
DA:17,78
DA:18,78
DA:23,2
DA:34,2
DA:43,2
DA:54,2
DA:63,2
DA:74,2
DA:76,2
DA:78,1
DA:79,1
DA:81,1
DA:82,1
DA:84,1
DA:87,2
DA:96,2
DA:107,2
LF:25
LH:24
BRF:3
BRH:3
end_of_record
TN:
SF:src/synchronizer/controllers/synchronization-settings.controller.ts
FN:23,(anonymous_4)
FN:29,(anonymous_5)
FN:50,(anonymous_6)
FN:72,(anonymous_7)
FN:92,(anonymous_8)
FNF:5
FNH:5
FNDA:78,(anonymous_4)
FNDA:1,(anonymous_5)
FNDA:1,(anonymous_6)
FNDA:1,(anonymous_7)
FNDA:1,(anonymous_8)
DA:1,2
DA:2,2
DA:3,2
DA:4,2
DA:6,2
DA:8,2
DA:10,2
DA:13,2
DA:14,2
DA:22,2
DA:24,78
DA:29,2
DA:42,1
DA:50,2
DA:63,1
DA:72,2
DA:85,1
DA:92,2
DA:102,1
LF:19
LH:19
BRF:3
BRH:3
end_of_record
TN:
SF:src/synchronizer/controllers/synchronization-tasks.controller.ts
FN:16,(anonymous_4)
FN:22,(anonymous_5)
FN:27,(anonymous_6)
FN:36,(anonymous_7)
FN:47,(anonymous_8)
FN:54,(anonymous_9)
FNF:6
FNH:6
FNDA:78,(anonymous_4)
FNDA:1,(anonymous_5)
FNDA:1,(anonymous_6)
FNDA:4,(anonymous_7)
FNDA:2,(anonymous_8)
FNDA:1,(anonymous_9)
DA:1,2
DA:2,2
DA:3,2
DA:5,2
DA:6,2
DA:7,2
DA:10,2
DA:11,2
DA:12,2
DA:15,2
DA:17,78
DA:18,78
DA:22,2
DA:23,1
DA:27,2
DA:32,1
DA:36,2
DA:40,4
DA:47,2
DA:50,2
DA:54,2
DA:58,1
LF:22
LH:22
BRF:0
BRH:0
end_of_record
TN:
SF:src/synchronizer/controllers/synchronization.controller.ts
FN:20,(anonymous_4)
FN:27,(anonymous_5)
FN:41,(anonymous_6)
FN:50,(anonymous_7)
FN:66,(anonymous_8)
FN:82,(anonymous_9)
FNF:6
FNH:6
FNDA:78,(anonymous_4)
FNDA:1,(anonymous_5)
FNDA:1,(anonymous_6)
FNDA:1,(anonymous_7)
FNDA:1,(anonymous_8)
FNDA:1,(anonymous_9)
DA:1,2
DA:2,2
DA:3,2
DA:4,2
DA:5,2
DA:7,2
DA:9,2
DA:10,2
DA:12,2
DA:13,2
DA:19,2
DA:21,78
DA:27,2
DA:36,1
DA:41,2
DA:45,1
DA:50,2
DA:61,1
DA:66,2
DA:77,1
DA:82,2
DA:93,1
LF:22
LH:22
BRF:0
BRH:0
end_of_record
TN:
SF:src/synchronizer/controllers/tasks-filter.pipe.ts
FN:4,anonymous_2
FNF:1
FNH:1
FNDA:1,(anonymous_0)
DA:3,1
DA:5,1
DA:6,1
DA:9,1
LF:4
LH:4
BRF:5
BRH:5
end_of_record
TN:
SF:src/synchronizer/controllers/third-party-connection-bus-message.controller.ts
FN:12,(anonymous_2)
FN:21,(anonymous_3)
FN:42,(anonymous_4)
FNF:3
FNH:3
FNDA:78,(anonymous_2)
FNDA:1,(anonymous_3)
FNDA:1,(anonymous_4)
DA:1,2
DA:2,2
DA:3,2
DA:6,2
DA:7,2
DA:8,2
DA:11,2
DA:13,78
DA:14,78
DA:15,78
DA:21,2
DA:22,1
DA:25,1
DA:26,1
DA:29,1
DA:32,1
DA:33,1
DA:36,1
DA:42,2
DA:43,1
DA:46,1
DA:47,1
DA:50,1
DA:53,1
DA:54,1
DA:57,1
LF:26
LH:22
BRF:8
BRH:8
end_of_record
TN:
SF:src/synchronizer/controllers/third-party-inventory-bus-message.controller.ts
FN:12,(anonymous_2)
FN:21,(anonymous_3)
FN:38,(anonymous_4)
FN:55,(anonymous_5)
FNF:4
FNH:4
FNDA:78,(anonymous_2)
FNDA:1,(anonymous_3)
FNDA:1,(anonymous_4)
FNDA:1,(anonymous_5)
DA:1,2
DA:2,2
DA:3,2
DA:6,2
DA:7,2
DA:8,2
DA:11,2
DA:13,78
DA:14,78
DA:15,78
DA:21,2
DA:22,1
DA:23,1
DA:24,1
DA:27,1
DA:28,1
DA:29,1
DA:32,1
DA:38,2
DA:39,1
DA:40,1
DA:41,1
DA:44,1
DA:45,1
DA:46,1
DA:49,1
DA:55,2
DA:56,1
DA:57,1
DA:58,1
DA:61,1
DA:62,1
DA:63,1
DA:66,1
LF:34
LH:28
BRF:12
BRH:12
end_of_record
TN:
SF:src/synchronizer/controllers/third-party-products-bus-message.controller.ts
FN:12,(anonymous_2)
FN:21,(anonymous_3)
FN:46,(anonymous_4)
FN:71,(anonymous_5)
FN:96,(anonymous_6)
FNF:5
FNH:5
FNDA:78,(anonymous_2)
FNDA:1,(anonymous_3)
FNDA:1,(anonymous_4)
FNDA:1,(anonymous_5)
FNDA:1,(anonymous_6)
DA:1,2
DA:2,2
DA:3,2
DA:6,2
DA:7,2
DA:8,2
DA:11,2
DA:13,78
DA:14,78
DA:15,78
DA:21,2
DA:22,1
DA:25,1
DA:26,1
DA:29,1
DA:32,1
DA:33,1
DA:36,1
DA:46,2
DA:47,1
DA:50,1
DA:51,1
DA:54,1
DA:57,1
DA:58,1
DA:61,1
DA:71,2
DA:72,1
DA:75,1
DA:76,1
DA:79,1
DA:82,1
DA:83,1
DA:86,1
DA:96,2
DA:97,1
DA:100,1
DA:101,1
DA:104,1
DA:107,1
DA:108,1
DA:111,1
LF:42
LH:34
BRF:16
BRH:16
end_of_record
TN:
SF:src/synchronizer/cron/cron-manager.ts
FN:10,anonymous_2
FN:19,anonymous_3
FN:35,anonymous_4
FNF:3
FNH:3
FNDA:78,(anonymous_2)
FNDA:0,(anonymous_3)
FNDA:0,(anonymous_4)
DA:1,1
DA:2,1
DA:3,1
DA:4,1
DA:5,1
DA:6,1
DA:9,1
DA:11,1
DA:12,1
DA:14,1
DA:16,1
DA:21,1
DA:25,1
DA:27,1
DA:32,1
DA:36,1
LF:16
LH:16
BRF:0
BRH:0
end_of_record
TN:
SF:src/synchronizer/cron/index.ts
FNF:0
FNH:0
DA:1,1
DA:2,1
LF:2
LH:2
BRF:0
BRH:0
end_of_record
TN:
SF:src/synchronizer/cron/stuck-tasks-remover.cron.ts
FN:10,anonymous_2
FN:16,anonymous_3
FN:24,anonymous_4
FNF:3
FNH:3
FNDA:78,(anonymous_2)
FNDA:0,(anonymous_3)
FNDA:0,(anonymous_4)
DA:1,1
DA:2,1
DA:3,1
DA:6,1
DA:9,1
DA:11,1
DA:12,1
DA:13,1
DA:17,1
DA:18,1
DA:22,1
DA:23,1
DA:24,1
DA:27,1
DA:28,1
DA:29,1
DA:30,1
DA:37,1
DA:38,1
DA:39,1
DA:43,1
DA:44,1
LF:22
LH:22
BRF:4
BRH:4
end_of_record
TN:
SF:src/synchronizer/dto/business.dto.ts
FNF:0
FNH:0
DA:1,1
DA:3,1
DA:5,1
LF:3
LH:3
BRF:0
BRH:0
end_of_record
TN:
SF:src/synchronizer/dto/file-import.dto.ts
FNF:0
FNH:0
DA:1,1
DA:4,1
DA:7,1
DA:10,1
DA:13,1
LF:5
LH:5
BRF:0
BRH:0
end_of_record
TN:
SF:src/synchronizer/dto/imported-summary-item.dto.ts
FNF:0
FNH:0
DA:1,1
DA:2,1
DA:4,1
DA:7,1
DA:11,1
LF:5
LH:5
BRF:0
BRH:0
end_of_record
TN:
SF:src/synchronizer/dto/index.ts
FNF:0
FNH:0
DA:1,1
DA:2,1
DA:3,1
DA:4,1
DA:5,1
DA:6,1
DA:7,1
DA:8,1
DA:9,1
DA:10,1
DA:11,1
DA:12,1
DA:13,1
DA:14,1
DA:15,1
LF:15
LH:15
BRF:0
BRH:0
end_of_record
TN:
SF:src/synchronizer/dto/integration-message.dto.ts
FNF:0
FNH:0
DA:1,1
LF:1
LH:1
BRF:0
BRH:0
end_of_record
TN:
SF:src/synchronizer/dto/integration-name-reference.dto.ts
FNF:0
FNH:0
DA:1,1
DA:3,1
DA:6,1
LF:3
LH:3
BRF:0
BRH:0
end_of_record
TN:
SF:src/synchronizer/dto/inventory-event.dto.ts
FNF:0
FNH:0
DA:1,1
LF:1
LH:1
BRF:0
BRH:0
end_of_record
TN:
SF:src/synchronizer/dto/product-synchronization-failed.dto.ts
FNF:0
FNH:0
DA:1,1
LF:1
LH:1
BRF:0
BRH:0
end_of_record
TN:
SF:src/synchronizer/dto/product-synchronization-succeeded.dto.ts
FNF:0
FNH:0
DA:1,1
LF:1
LH:1
BRF:0
BRH:0
end_of_record
TN:
SF:src/synchronizer/dto/stock-changed.dto.ts
FNF:0
FNH:0
DA:1,1
LF:1
LH:1
BRF:0
BRH:0
end_of_record
TN:
SF:src/synchronizer/dto/stock-sync.dto.ts
FNF:0
FNH:0
DA:1,1
LF:1
LH:1
BRF:0
BRH:0
end_of_record
TN:
SF:src/synchronizer/dto/synchronization-settings-status.dto.ts
FNF:0
FNH:0
DA:1,1
DA:3,1
DA:6,1
DA:10,1
DA:14,1
LF:5
LH:5
BRF:0
BRH:0
end_of_record
TN:
SF:src/synchronizer/dto/synchronization-task-error.dto.ts
FNF:0
FNH:0
DA:1,1
DA:3,1
DA:6,1
DA:9,1
LF:4
LH:4
BRF:0
BRH:0
end_of_record
TN:
SF:src/synchronizer/dto/synchronization-task-id-reference.dto.ts
FNF:0
FNH:0
DA:1,1
DA:3,1
DA:6,1
LF:3
LH:3
BRF:0
BRH:0
end_of_record
TN:
SF:src/synchronizer/dto/synchronization-task-item.dto.ts
FNF:0
FNH:0
DA:1,1
DA:2,1
DA:5,1
DA:8,1
DA:12,1
DA:16,1
DA:20,1
LF:7
LH:7
BRF:0
BRH:0
end_of_record
TN:
SF:src/synchronizer/dto/synchronization-task-reference.dto.ts
FNF:0
FNH:0
DA:1,1
DA:3,1
DA:6,1
LF:3
LH:3
BRF:0
BRH:0
end_of_record
TN:
SF:src/synchronizer/dto/synchronization-task.dto.ts
FNF:0
FNH:0
DA:1,1
DA:2,1
DA:3,1
DA:5,1
DA:8,1
DA:11,1
LF:6
LH:6
BRF:0
BRH:0
end_of_record
TN:
SF:src/synchronizer/dto/tasks-filter.dto.ts
FNF:0
FNH:0
DA:1,1
DA:2,1
DA:3,1
DA:4,1
DA:6,1
DA:10,1
DA:15,1
DA:20,1
LF:8
LH:8
BRF:0
BRH:0
end_of_record
TN:
SF:src/synchronizer/dto/third-party-name-reference.dto.ts
FNF:0
FNH:0
DA:1,1
DA:3,1
DA:6,1
LF:3
LH:3
BRF:0
BRH:0
end_of_record
TN:
SF:src/synchronizer/dto/uploaded-image.dto.ts
FNF:0
FNH:0
DA:1,1
DA:3,1
DA:6,1
DA:9,1
LF:4
LH:4
BRF:0
BRH:0
end_of_record
TN:
SF:src/synchronizer/dto/inventory-rabbit-messages/index.ts
FNF:0
FNH:0
DA:1,1
DA:2,1
DA:3,1
DA:4,1
DA:5,1
DA:6,1
LF:6
LH:6
BRF:0
BRH:0
end_of_record
TN:
SF:src/synchronizer/dto/inventory-rabbit-messages/inventory-event-inventory-synchronization-failed.dto.ts
FN:9,anonymous_2
FN:14,anonymous_3
FNF:2
FNH:2
FNDA:0,(anonymous_2)
FNDA:0,(anonymous_3)
DA:1,1
DA:2,1
DA:3,1
DA:4,1
DA:6,1
DA:9,1
DA:10,1
DA:14,1
DA:15,1
DA:19,1
LF:10
LH:10
BRF:0
BRH:0
end_of_record
TN:
SF:src/synchronizer/dto/inventory-rabbit-messages/inventory-event-inventory-synchronization-succeeded.dto.ts
FN:9,anonymous_2
FN:14,anonymous_3
FNF:2
FNH:2
FNDA:0,(anonymous_2)
FNDA:0,(anonymous_3)
DA:1,1
DA:2,1
DA:3,1
DA:4,1
DA:6,1
DA:9,1
DA:10,1
DA:14,1
DA:15,1
LF:9
LH:9
BRF:0
BRH:0
end_of_record
TN:
SF:src/synchronizer/dto/inventory-rabbit-messages/inventory-event-stock-added.dto.ts
FN:8,anonymous_2
FNF:1
FNH:1
FNDA:0,(anonymous_2)
DA:1,1
DA:2,1
DA:3,1
DA:5,1
DA:8,1
DA:9,1
DA:11,1
DA:13,1
DA:15,1
LF:9
LH:9
BRF:0
BRH:0
end_of_record
TN:
SF:src/synchronizer/dto/inventory-rabbit-messages/inventory-event-stock-subtracted.dto.ts
FN:8,anonymous_2
FNF:1
FNH:1
FNDA:0,(anonymous_2)
DA:1,1
DA:2,1
DA:3,1
DA:5,1
DA:8,1
DA:9,1
DA:11,1
DA:13,1
DA:15,1
LF:9
LH:9
BRF:0
BRH:0
end_of_record
TN:
SF:src/synchronizer/dto/inventory-rabbit-messages/inventory-event-stock-synchronize.dto.ts
FN:8,anonymous_2
FNF:1
FNH:1
FNDA:0,(anonymous_2)
DA:1,1
DA:2,1
DA:3,1
DA:5,1
DA:8,1
DA:9,1
DA:12,1
DA:14,1
LF:8
LH:8
BRF:0
BRH:0
end_of_record
TN:
SF:src/synchronizer/dto/inventory-rabbit-messages/inventory.dto.ts
FNF:0
FNH:0
DA:1,1
DA:3,1
DA:5,1
LF:3
LH:3
BRF:0
BRH:0
end_of_record
TN:
SF:src/synchronizer/dto/product-files-rabbit-messages/failure-reason.dto.ts
FNF:0
FNH:0
DA:1,1
DA:3,1
DA:6,1
LF:3
LH:3
BRF:0
BRH:0
end_of_record
TN:
SF:src/synchronizer/dto/product-files-rabbit-messages/import-failed.dto.ts
FN:9,anonymous_2
FN:14,anonymous_3
FNF:2
FNH:2
FNDA:0,(anonymous_2)
FNDA:0,(anonymous_3)
DA:1,1
DA:2,1
DA:3,1
DA:4,1
DA:6,1
DA:9,1
DA:10,1
DA:14,1
DA:15,1
LF:9
LH:9
BRF:0
BRH:0
end_of_record
TN:
SF:src/synchronizer/dto/product-files-rabbit-messages/import-success.dto.ts
FN:9,anonymous_2
FN:15,anonymous_3
FN:21,anonymous_4
FNF:3
FNH:3
FNDA:0,(anonymous_2)
FNDA:0,(anonymous_3)
FNDA:0,(anonymous_4)
DA:1,1
DA:2,1
DA:3,1
DA:4,1
DA:6,1
DA:9,1
DA:10,1
DA:15,1
DA:16,1
DA:21,1
DA:22,1
LF:11
LH:11
BRF:0
BRH:0
end_of_record
TN:
SF:src/synchronizer/dto/product-files-rabbit-messages/index.ts
FNF:0
FNH:0
DA:1,1
DA:2,1
DA:3,1
DA:4,1
LF:4
LH:4
BRF:0
BRH:0
end_of_record
TN:
SF:src/synchronizer/dto/product-files-rabbit-messages/product-imported.dto.ts
FN:9,anonymous_2
FN:14,anonymous_3
FNF:2
FNH:2
FNDA:0,(anonymous_2)
FNDA:0,(anonymous_3)
DA:1,1
DA:2,1
DA:3,1
DA:4,1
DA:6,1
DA:9,1
DA:10,1
DA:14,1
DA:15,1
LF:9
LH:9
BRF:0
BRH:0
end_of_record
TN:
SF:src/synchronizer/dto/products/index.ts
FNF:0
FNH:0
DA:1,1
DA:2,1
DA:3,1
DA:4,1
DA:5,1
DA:6,1
DA:7,1
DA:8,1
LF:8
LH:8
BRF:0
BRH:0
end_of_record
TN:
SF:src/synchronizer/dto/products/product-attribute.dto.ts
FNF:0
FNH:0
DA:1,1
DA:3,1
DA:6,1
DA:10,1
DA:14,1
LF:5
LH:5
BRF:0
BRH:0
end_of_record
TN:
SF:src/synchronizer/dto/products/product-inventory.dto.ts
FNF:0
FNH:0
DA:1,1
DA:3,1
DA:6,1
LF:3
LH:3
BRF:0
BRH:0
end_of_record
TN:
SF:src/synchronizer/dto/products/product-option.dto.ts
FNF:0
FNH:0
DA:1,1
DA:3,1
DA:6,1
DA:10,1
LF:4
LH:4
BRF:0
BRH:0
end_of_record
TN:
SF:src/synchronizer/dto/products/product-shipping.dto.ts
FNF:0
FNH:0
DA:1,1
DA:3,1
DA:6,1
DA:10,1
DA:14,1
DA:18,1
DA:22,1
DA:26,1
LF:8
LH:8
BRF:0
BRH:0
end_of_record
TN:
SF:src/synchronizer/dto/products/product-sku-reference.dto.ts
FNF:0
FNH:0
DA:1,1
DA:3,1
DA:6,1
LF:3
LH:3
BRF:0
BRH:0
end_of_record
TN:
SF:src/synchronizer/dto/products/product-variant.dto.ts
FN:41,anonymous_2
FN:52,anonymous_3
FNF:2
FNH:2
FNDA:0,(anonymous_2)
FNDA:0,(anonymous_3)
DA:1,1
DA:2,1
DA:4,1
DA:5,1
DA:7,1
DA:10,1
DA:14,1
DA:17,1
DA:20,1
DA:23,1
DA:26,1
DA:30,1
DA:34,1
DA:38,1
DA:41,1
DA:43,1
DA:49,1
DA:52,1
DA:54,1
LF:19
LH:19
BRF:0
BRH:0
end_of_record
TN:
SF:src/synchronizer/dto/products/product.dto.ts
FN:59,anonymous_2
FN:71,anonymous_3
FN:76,anonymous_4
FN:81,anonymous_5
FN:86,anonymous_6
FNF:5
FNH:5
FNDA:0,(anonymous_2)
FNDA:0,(anonymous_3)
FNDA:0,(anonymous_4)
FNDA:0,(anonymous_5)
FNDA:0,(anonymous_6)
DA:1,1
DA:2,1
DA:3,1
DA:4,1
DA:5,1
DA:6,1
DA:7,1
DA:9,1
DA:11,1
DA:15,1
DA:19,1
DA:22,1
DA:26,1
DA:29,1
DA:33,1
DA:37,1
DA:41,1
DA:44,1
DA:48,1
DA:52,1
DA:55,1
DA:59,1
DA:60,1
DA:64,1
DA:68,1
DA:71,1
DA:73,1
DA:76,1
DA:78,1
DA:81,1
DA:83,1
DA:86,1
DA:88,1
LF:33
LH:33
BRF:0
BRH:0
end_of_record
TN:
SF:src/synchronizer/dto/products/variant-attribute.dto.ts
FNF:0
FNH:0
DA:1,1
DA:3,1
DA:6,1
DA:10,1
LF:4
LH:4
BRF:0
BRH:0
end_of_record
TN:
SF:src/synchronizer/dto/third-party-rabbit-messages/index.ts
FNF:0
FNH:0
DA:1,1
DA:2,1
DA:3,1
DA:4,1
DA:5,1
DA:6,1
LF:6
LH:6
BRF:0
BRH:0
end_of_record
TN:
SF:src/synchronizer/dto/third-party-rabbit-messages/third-party-connected-message.dto.ts
FN:9,anonymous_2
FN:14,anonymous_3
FNF:2
FNH:2
FNDA:0,(anonymous_2)
FNDA:0,(anonymous_3)
DA:1,1
DA:2,1
DA:3,1
DA:4,1
DA:6,1
DA:9,1
DA:10,1
DA:14,1
DA:15,1
LF:9
LH:9
BRF:0
BRH:0
end_of_record
TN:
SF:src/synchronizer/dto/third-party-rabbit-messages/third-party-disconnected-message.dto.ts
FN:9,anonymous_2
FN:14,anonymous_3
FNF:2
FNH:2
FNDA:0,(anonymous_2)
FNDA:0,(anonymous_3)
DA:1,1
DA:2,1
DA:3,1
DA:4,1
DA:6,1
DA:9,1
DA:10,1
DA:14,1
DA:15,1
LF:9
LH:9
BRF:0
BRH:0
end_of_record
TN:
SF:src/synchronizer/dto/third-party-rabbit-messages/third-party-product-message.dto.ts
FN:10,anonymous_2
FN:15,anonymous_3
FN:20,anonymous_4
FNF:3
FNH:3
FNDA:0,(anonymous_2)
FNDA:0,(anonymous_3)
FNDA:0,(anonymous_4)
DA:1,1
DA:2,1
DA:3,1
DA:4,1
DA:5,1
DA:7,1
DA:10,1
DA:11,1
DA:15,1
DA:16,1
DA:20,1
DA:21,1
LF:12
LH:12
BRF:0
BRH:0
end_of_record
TN:
SF:src/synchronizer/dto/third-party-rabbit-messages/third-party-product-removed-message.dto.ts
FN:10,anonymous_2
FN:15,anonymous_3
FN:20,anonymous_4
FNF:3
FNH:3
FNDA:0,(anonymous_2)
FNDA:0,(anonymous_3)
FNDA:0,(anonymous_4)
DA:1,1
DA:2,1
DA:3,1
DA:4,1
DA:5,1
DA:7,1
DA:10,1
DA:11,1
DA:15,1
DA:16,1
DA:20,1
DA:21,1
LF:12
LH:12
BRF:0
BRH:0
end_of_record
TN:
SF:src/synchronizer/dto/third-party-rabbit-messages/third-party-stock-changed-message.dto.ts
FN:9,anonymous_2
FN:14,anonymous_3
FNF:2
FNH:2
FNDA:0,(anonymous_2)
FNDA:0,(anonymous_3)
DA:1,1
DA:2,1
DA:3,1
DA:4,1
DA:6,1
DA:9,1
DA:10,1
DA:14,1
DA:15,1
DA:19,1
DA:22,1
LF:11
LH:11
BRF:0
BRH:0
end_of_record
TN:
SF:src/synchronizer/dto/third-party-rabbit-messages/third-party-stock-sync-message.dto.ts
FN:9,anonymous_2
FN:14,anonymous_3
FNF:2
FNH:2
FNDA:0,(anonymous_2)
FNDA:0,(anonymous_3)
DA:1,1
DA:2,1
DA:3,1
DA:4,1
DA:6,1
DA:9,1
DA:10,1
DA:14,1
DA:15,1
DA:19,1
DA:22,1
LF:11
LH:11
BRF:0
BRH:0
end_of_record
TN:
SF:src/synchronizer/enums/imported-item-types.enum.ts
FN:1,anonymous_2
FNF:1
FNH:1
FNDA:2,(anonymous_0)
DA:1,1
DA:2,1
DA:3,1
LF:3
LH:3
BRF:2
BRH:2
end_of_record
TN:
SF:src/synchronizer/enums/index.ts
FNF:0
FNH:0
DA:1,1
DA:2,1
DA:3,1
DA:4,1
DA:5,1
DA:6,1
DA:7,1
LF:7
LH:7
BRF:0
BRH:0
end_of_record
TN:
SF:src/synchronizer/enums/product-files-rabbit-messages.enum.ts
FN:1,anonymous_2
FNF:1
FNH:1
FNDA:2,(anonymous_0)
DA:1,1
DA:2,1
DA:3,1
DA:4,1
LF:4
LH:4
BRF:2
BRH:2
end_of_record
TN:
SF:src/synchronizer/enums/products-collection-events.enum.ts
FN:1,anonymous_2
FNF:1
FNH:1
FNDA:2,(anonymous_0)
DA:1,1
DA:2,1
DA:3,1
DA:4,1
LF:4
LH:4
BRF:2
BRH:2
end_of_record
TN:
SF:src/synchronizer/enums/synchronization-direction.enum.ts
FN:1,anonymous_2
FNF:1
FNH:1
FNDA:2,(anonymous_0)
DA:1,1
DA:2,1
DA:3,1
LF:3
LH:3
BRF:2
BRH:2
end_of_record
TN:
SF:src/synchronizer/enums/synchronization-status.enum.ts
FN:1,anonymous_2
FNF:1
FNH:1
FNDA:2,(anonymous_0)
DA:1,1
DA:2,1
DA:3,1
DA:4,1
DA:5,1
LF:5
LH:5
BRF:2
BRH:2
end_of_record
TN:
SF:src/synchronizer/enums/synchronization-task-kind.enum.ts
FN:1,anonymous_2
FNF:1
FNH:1
FNDA:2,(anonymous_0)
DA:1,1
DA:2,1
DA:3,1
LF:3
LH:3
BRF:2
BRH:2
end_of_record
TN:
SF:src/synchronizer/enums/synchronize-event.enum.ts
FN:1,anonymous_2
FNF:1
FNH:1
FNDA:2,(anonymous_0)
DA:1,1
DA:2,1
DA:3,1
DA:4,1
LF:4
LH:4
BRF:2
BRH:2
end_of_record
TN:
SF:src/synchronizer/enums/third-party-action.enum.ts
FN:4,anonymous_2
FNF:1
FNH:1
FNDA:2,(anonymous_0)
DA:4,1
DA:5,1
DA:6,1
DA:7,1
DA:8,1
DA:9,1
DA:10,1
DA:11,1
DA:12,1
DA:13,1
DA:14,1
DA:15,1
DA:16,1
LF:13
LH:13
BRF:2
BRH:2
end_of_record
TN:
SF:src/synchronizer/event-listener/index.ts
FNF:0
FNH:0
DA:1,1
LF:1
LH:1
BRF:0
BRH:0
end_of_record
TN:
SF:src/synchronizer/event-listener/synchronization-remover.listener.ts
FN:9,anonymous_2
FN:14,anonymous_3
FNF:2
FNH:2
FNDA:78,(anonymous_2)
FNDA:0,(anonymous_3)
DA:1,1
DA:2,1
DA:3,1
DA:4,1
DA:7,1
DA:10,1
DA:14,1
DA:15,1
LF:8
LH:8
BRF:0
BRH:0
end_of_record
TN:
SF:src/synchronizer/producers/index.ts
FNF:0
FNH:0
DA:1,1
DA:2,1
LF:2
LH:2
BRF:0
BRH:0
end_of_record
TN:
SF:src/synchronizer/producers/inner.event.producer.ts
FN:20,anonymous_2
FN:25,anonymous_3
FN:58,anonymous_4
FN:108,anonymous_5
FN:119,anonymous_6
FN:132,anonymous_7
FN:145,anonymous_8
FN:158,anonymous_9
FN:171,anonymous_10
FN:184,anonymous_11
FN:197,anonymous_12
FN:208,anonymous_13
FN:227,anonymous_14
FN:246,anonymous_15
FNF:14
FNH:14
FNDA:78,(anonymous_2)
FNDA:1,(anonymous_3)
FNDA:14,(anonymous_4)
FNDA:1,(anonymous_5)
FNDA:3,(anonymous_6)
FNDA:1,(anonymous_7)
FNDA:1,(anonymous_8)
FNDA:1,(anonymous_9)
FNDA:1,(anonymous_10)
FNDA:1,(anonymous_11)
FNDA:2,(anonymous_12)
FNDA:1,(anonymous_13)
FNDA:1,(anonymous_14)
FNDA:1,(anonymous_15)
DA:1,1
DA:2,1
DA:11,1
DA:19,1
DA:21,1
DA:22,1
DA:26,1
DA:28,1
DA:38,1
DA:44,1
DA:55,1
DA:64,1
DA:67,1
DA:69,1
DA:84,1
DA:90,1
DA:101,1
DA:112,1
DA:124,1
DA:137,1
DA:150,1
DA:163,1
DA:176,1
DA:189,1
DA:201,1
DA:213,1
DA:219,1
DA:232,1
DA:238,1
DA:251,1
DA:256,1
LF:31
LH:31
BRF:3
BRH:3
end_of_record
TN:
SF:src/synchronizer/producers/mailer.event.producer.ts
FN:10,anonymous_2
FN:15,anonymous_3
FN:21,anonymous_4
FN:27,anonymous_5
FN:40,anonymous_6
FNF:5
FNH:5
FNDA:78,(anonymous_2)
FNDA:1,(anonymous_3)
FNDA:9,(anonymous_4)
FNDA:10,(anonymous_5)
FNDA:10,(anonymous_6)
DA:1,1
DA:2,1
DA:6,1
DA:9,1
DA:11,1
DA:12,1
DA:18,1
DA:24,1
DA:31,1
DA:33,1
DA:45,1
DA:53,1
DA:59,1
LF:13
LH:13
BRF:0
BRH:0
end_of_record
TN:
SF:src/synchronizer/producers/outer.event.producer.ts
FN:14,anonymous_2
FN:19,anonymous_3
FN:57,anonymous_4
FN:98,anonymous_5
FN:138,anonymous_6
FN:176,anonymous_7
FN:213,anonymous_8
FN:247,anonymous_9
FN:272,anonymous_10
FN:312,anonymous_11
FNF:10
FNH:10
FNDA:78,(anonymous_2)
FNDA:1,(anonymous_3)
FNDA:4,(anonymous_4)
FNDA:1,(anonymous_5)
FNDA:4,(anonymous_6)
FNDA:1,(anonymous_7)
FNDA:2,(anonymous_8)
FNDA:7,(anonymous_9)
FNDA:1,(anonymous_10)
FNDA:1,(anonymous_11)
DA:1,1
DA:2,1
DA:4,1
DA:13,1
DA:15,1
DA:16,1
DA:23,1
DA:33,1
DA:39,1
DA:50,1
DA:62,1
DA:74,1
DA:80,1
DA:91,1
DA:103,1
DA:113,1
DA:119,1
DA:130,1
DA:143,1
DA:151,1
DA:157,1
DA:168,1
DA:180,1
DA:189,1
DA:195,1
DA:206,1
DA:216,1
DA:223,1
DA:229,1
DA:240,1
DA:248,1
DA:254,1
DA:265,1
DA:276,1
DA:279,1
DA:288,1
DA:294,1
DA:305,1
DA:316,1
DA:319,1
DA:328,1
DA:334,1
DA:345,1
LF:43
LH:43
BRF:6
BRH:6
end_of_record
TN:
SF:src/synchronizer/schemas/file-import.schema.ts
FNF:0
FNH:0
DA:1,1
DA:2,1
DA:4,1
DA:6,1
LF:4
LH:4
BRF:0
BRH:0
end_of_record
TN:
SF:src/synchronizer/schemas/index.ts
FNF:0
FNH:0
DA:1,1
DA:2,1
DA:3,1
DA:4,1
DA:5,1
LF:5
LH:5
BRF:0
BRH:0
end_of_record
TN:
SF:src/synchronizer/schemas/sync-event.schema.ts
FNF:0
FNH:0
DA:1,1
DA:2,1
DA:4,1
LF:3
LH:3
BRF:0
BRH:0
end_of_record
TN:
SF:src/synchronizer/schemas/synchronization-task-item.schema.ts
FNF:0
FNH:0
DA:1,1
DA:2,1
DA:3,1
DA:5,1
DA:7,1
DA:21,1
LF:6
LH:6
BRF:0
BRH:0
end_of_record
TN:
SF:src/synchronizer/schemas/synchronization-task.schema.ts
FNF:0
FNH:0
DA:1,1
DA:2,1
DA:3,1
DA:4,1
DA:5,1
DA:6,1
DA:8,1
DA:10,1
DA:41,1
DA:42,1
DA:44,1
LF:11
LH:11
BRF:0
BRH:0
end_of_record
TN:
SF:src/synchronizer/schemas/synchronization.schema.ts
FNF:0
FNH:0
DA:1,1
DA:2,1
DA:3,1
DA:4,1
DA:6,1
DA:8,1
DA:27,1
DA:37,1
LF:8
LH:8
BRF:0
BRH:0
end_of_record
TN:
SF:src/synchronizer/services/index.ts
FNF:0
FNH:0
DA:1,1
DA:2,1
DA:3,1
DA:4,1
DA:5,1
DA:6,1
DA:7,1
LF:7
LH:7
BRF:0
BRH:0
end_of_record
TN:
SF:src/synchronizer/services/inner.process.service.ts
FN:12,anonymous_2
FN:19,anonymous_3
FN:33,anonymous_4
FN:51,anonymous_5
FN:69,anonymous_6
FN:101,anonymous_7
FN:133,anonymous_8
FN:165,anonymous_9
FN:196,anonymous_10
FN:228,anonymous_11
FNF:10
FNH:10
FNDA:78,(anonymous_2)
FNDA:1,(anonymous_3)
FNDA:1,(anonymous_4)
FNDA:1,(anonymous_5)
FNDA:3,(anonymous_6)
FNDA:2,(anonymous_7)
FNDA:2,(anonymous_8)
FNDA:1,(anonymous_9)
FNDA:1,(anonymous_10)
FNDA:1,(anonymous_11)
DA:1,1
DA:5,1
DA:6,1
DA:7,1
DA:11,1
DA:13,1
DA:14,1
DA:15,1
DA:16,1
DA:23,1
DA:28,1
DA:29,1
DA:37,1
DA:42,1
DA:43,1
DA:55,1
DA:60,1
DA:61,1
DA:73,1
DA:78,1
DA:81,1
DA:85,1
DA:86,1
DA:92,1
DA:93,1
DA:105,1
DA:110,1
DA:113,1
DA:117,1
DA:118,1
DA:124,1
DA:125,1
DA:137,1
DA:142,1
DA:145,1
DA:149,1
DA:150,1
DA:156,1
DA:157,1
DA:169,1
DA:173,1
DA:176,1
DA:180,1
DA:181,1
DA:187,1
DA:188,1
DA:200,1
DA:205,1
DA:208,1
DA:212,1
DA:213,1
DA:219,1
DA:220,1
DA:232,1
DA:237,1
DA:240,1
DA:244,1
DA:245,1
DA:251,1
DA:252,1
LF:60
LH:60
BRF:36
BRH:36
end_of_record
TN:
SF:src/synchronizer/services/outer.process.service.ts
FN:16,anonymous_2
FN:23,anonymous_3
FN:46,anonymous_4
FN:62,anonymous_5
FN:78,anonymous_6
FN:108,anonymous_7
FN:136,anonymous_8
FN:165,anonymous_9
FN:190,anonymous_10
FNF:9
FNH:9
FNDA:78,(anonymous_2)
FNDA:1,(anonymous_3)
FNDA:1,(anonymous_4)
FNDA:1,(anonymous_5)
FNDA:1,(anonymous_6)
FNDA:1,(anonymous_7)
FNDA:1,(anonymous_8)
FNDA:1,(anonymous_9)
FNDA:6,(anonymous_10)
DA:1,1
DA:5,1
DA:7,1
DA:8,1
DA:9,1
DA:15,1
DA:17,1
DA:18,1
DA:19,1
DA:20,1
DA:29,1
DA:34,1
DA:35,1
DA:40,1
DA:41,1
DA:42,1
DA:52,1
DA:57,1
DA:58,1
DA:68,1
DA:73,1
DA:74,1
DA:84,1
DA:88,1
DA:89,1
DA:92,1
DA:98,1
DA:99,1
DA:100,1
DA:114,1
DA:120,1
DA:127,1
DA:128,1
DA:129,1
DA:142,1
DA:147,1
DA:148,1
DA:151,1
DA:157,1
DA:158,1
DA:171,1
DA:176,1
DA:177,1
DA:182,1
DA:183,1
DA:193,1
DA:196,1
DA:197,1
DA:203,1
DA:207,1
DA:208,1
DA:214,1
DA:221,1
DA:222,1
DA:224,1
DA:225,1
DA:235,1
DA:236,1
DA:237,1
DA:238,1
LF:60
LH:60
BRF:32
BRH:32
end_of_record
TN:
SF:src/synchronizer/services/scheduler.service.ts
FN:12,anonymous_2
FN:18,anonymous_3
FN:49,anonymous_4
FNF:3
FNH:3
FNDA:78,(anonymous_2)
FNDA:0,(anonymous_3)
FNDA:0,(anonymous_4)
DA:1,1
DA:2,1
DA:3,1
DA:5,1
DA:6,1
DA:8,1
DA:11,1
DA:13,1
DA:14,1
DA:15,1
DA:19,1
DA:21,1
DA:22,1
DA:23,1
DA:25,1
DA:26,1
DA:33,1
DA:34,1
DA:37,1
DA:38,1
DA:41,1
DA:46,1
DA:50,1
DA:52,1
DA:53,1
DA:57,1
DA:60,1
DA:61,1
DA:65,1
DA:68,1
DA:69,1
DA:71,1
DA:74,1
DA:75,1
DA:78,1
LF:35
LH:35
BRF:8
BRH:8
end_of_record
TN:
SF:src/synchronizer/services/synchronization-task-item.service.ts
FN:11,anonymous_2
FN:18,anonymous_3
FN:23,anonymous_4
FN:44,anonymous_5
FN:64,anonymous_6
FN:73,anonymous_7
FN:81,anonymous_8
FNF:7
FNH:7
FNDA:78,(anonymous_4)
FNDA:3,(anonymous_5)
FNDA:5,(anonymous_6)
FNDA:14,(anonymous_7)
FNDA:13,(anonymous_8)
FNDA:0,(anonymous_9)
FNDA:0,(anonymous_10)
DA:1,1
DA:2,1
DA:3,1
DA:7,1
DA:10,1
DA:13,1
DA:15,1
DA:22,1
DA:24,1
DA:33,1
DA:34,1
DA:36,1
DA:37,1
DA:40,1
DA:47,1
DA:49,1
DA:65,1
DA:77,1
DA:81,1
LF:19
LH:19
BRF:4
BRH:4
end_of_record
TN:
SF:src/synchronizer/services/synchronization-task.service.ts
FN:18,anonymous_2
FN:27,anonymous_3
FN:44,anonymous_4
FN:68,anonymous_5
FN:72,anonymous_6
FN:81,anonymous_7
FN:87,anonymous_8
FN:96,anonymous_9
FN:110,anonymous_10
FN:126,anonymous_11
FN:137,anonymous_12
FN:165,anonymous_13
FN:192,anonymous_14
FN:218,anonymous_15
FN:246,anonymous_16
FN:258,anonymous_17
FN:277,anonymous_18
FNF:17
FNH:17
FNDA:78,(anonymous_4)
FNDA:2,(anonymous_5)
FNDA:1,(anonymous_6)
FNDA:12,(anonymous_7)
FNDA:4,(anonymous_8)
FNDA:1,(anonymous_9)
FNDA:2,(anonymous_10)
FNDA:9,(anonymous_11)
FNDA:1,(anonymous_12)
FNDA:2,(anonymous_13)
FNDA:0,(anonymous_14)
FNDA:6,(anonymous_15)
FNDA:3,(anonymous_16)
FNDA:14,(anonymous_17)
FNDA:0,(anonymous_18)
FNDA:6,(anonymous_19)
FNDA:1,applyFilter
DA:1,1
DA:2,1
DA:3,1
DA:8,1
DA:9,1
DA:12,1
DA:13,1
DA:14,1
DA:17,1
DA:20,1
DA:22,1
DA:23,1
DA:24,1
DA:31,1
DA:48,1
DA:54,1
DA:69,1
DA:76,1
DA:82,1
DA:88,1
DA:93,1
DA:97,1
DA:107,1
DA:111,1
DA:123,1
DA:127,1
DA:140,1
DA:141,1
DA:144,1
DA:168,1
DA:169,1
DA:172,1
DA:193,1
DA:202,1
DA:203,1
DA:210,1
DA:211,1
DA:212,1
DA:214,1
DA:224,1
DA:228,1
DA:229,1
DA:232,1
DA:234,1
DA:235,1
DA:238,1
DA:242,1
DA:247,1
DA:263,1
DA:278,1
DA:279,1
DA:280,1
DA:281,1
DA:286,1
LF:54
LH:54
BRF:34
BRH:34
end_of_record
TN:
SF:src/synchronizer/services/synchronization-trigger.service.ts
FN:12,anonymous_2
FN:19,anonymous_3
FN:46,anonymous_4
FN:58,anonymous_5
FNF:4
FNH:4
FNDA:78,(anonymous_2)
FNDA:2,(anonymous_3)
FNDA:2,(anonymous_4)
FNDA:1,(anonymous_5)
DA:1,1
DA:4,1
DA:7,1
DA:8,1
DA:11,1
DA:13,1
DA:14,1
DA:15,1
DA:16,1
DA:23,1
DA:28,1
DA:30,1
DA:32,1
DA:36,1
DA:38,1
DA:42,1
DA:49,1
DA:53,1
DA:62,1
DA:66,1
DA:68,1
LF:21
LH:21
BRF:2
BRH:2
end_of_record
TN:
SF:src/synchronizer/services/synchronization.service.ts
FN:16,anonymous_2
FN:23,anonymous_3
FN:43,anonymous_4
FN:53,anonymous_5
FN:83,anonymous_6
FN:110,anonymous_7
FN:122,anonymous_8
FN:143,anonymous_9
FN:171,anonymous_10
FN:191,anonymous_11
FN:206,anonymous_12
FN:215,anonymous_13
FN:225,anonymous_14
FN:236,anonymous_15
FN:245,anonymous_16
FN:256,anonymous_17
FN:297,anonymous_18
FN:306,anonymous_19
FN:310,anonymous_20
FNF:19
FNH:19
FNDA:78,(anonymous_4)
FNDA:2,(anonymous_5)
FNDA:2,(anonymous_6)
FNDA:2,(anonymous_7)
FNDA:2,(anonymous_8)
FNDA:2,(anonymous_9)
FNDA:2,(anonymous_10)
FNDA:8,(anonymous_11)
FNDA:1,(anonymous_12)
FNDA:4,(anonymous_13)
FNDA:10,(anonymous_14)
FNDA:1,(anonymous_15)
FNDA:4,(anonymous_16)
FNDA:3,(anonymous_17)
FNDA:3,(anonymous_18)
FNDA:0,(anonymous_19)
FNDA:0,(anonymous_20)
FNDA:0,(anonymous_21)
FNDA:2,(anonymous_22)
DA:1,1
DA:2,1
DA:3,1
DA:7,1
DA:9,1
DA:15,1
DA:18,1
DA:20,1
DA:27,1
DA:33,1
DA:34,1
DA:37,1
DA:47,1
DA:57,1
DA:63,1
DA:64,1
DA:67,1
DA:69,1
DA:87,1
DA:93,1
DA:94,1
DA:97,1
DA:114,1
DA:128,1
DA:134,1
DA:135,1
DA:140,1
DA:148,1
DA:150,1
DA:152,1
DA:156,1
DA:158,1
DA:162,1
DA:165,1
DA:176,1
DA:182,1
DA:183,1
DA:188,1
DA:195,1
DA:200,1
DA:209,1
DA:219,1
DA:229,1
DA:239,1
DA:249,1
DA:261,1
DA:301,1
DA:307,1
DA:311,1
LF:49
LH:49
BRF:14
BRH:14
end_of_record
