TN:
SF:cucumber.js
FNF:0
FNH:0
DA:1,1
DA:9,1
LF:2
LH:2
BRF:0
BRH:0
end_of_record
TN:
SF:features/bootstrap/app.configurator.ts
FN:7,anonymous_2
FNF:1
FNH:1
FNDA:45,(anonymous_0)
DA:1,1
DA:2,1
DA:3,1
DA:4,1
DA:6,1
DA:8,1
DA:9,1
DA:10,1
DA:11,1
DA:13,1
DA:14,1
DA:16,1
DA:17,1
DA:18,1
DA:20,1
LF:15
LH:15
BRF:0
BRH:0
end_of_record
TN:
SF:features/bootstrap/custom.world.ts
FN:7,anonymous_2
FNF:1
FNH:1
FNDA:45,(anonymous_0)
DA:1,1
DA:2,1
DA:3,1
DA:4,1
DA:6,1
DA:8,1
DA:12,1
LF:7
LH:7
BRF:0
BRH:0
end_of_record
TN:
SF:features/bootstrap/import.contexts.ts
FNF:0
FNH:0
DA:1,1
DA:2,1
DA:4,1
LF:3
LH:3
BRF:0
BRH:0
end_of_record
TN:
SF:features/bootstrap/options.ts
FN:42,anonymous_2
FNF:1
FNH:1
FNDA:38,(anonymous_0)
DA:1,1
DA:2,1
DA:15,1
DA:16,1
DA:17,1
DA:18,1
DA:19,1
DA:20,1
DA:22,1
DA:23,1
DA:25,1
DA:42,1
LF:12
LH:12
BRF:0
BRH:0
end_of_record
TN:
SF:features/fixtures/error-notifications-reminder.fixture.ts
FN:11,anonymous_2
FN:16,anonymous_3
FNF:2
FNH:2
FNDA:2,(anonymous_0)
FNDA:2,(anonymous_1)
DA:1,1
DA:2,1
DA:5,1
DA:6,1
DA:7,1
DA:9,1
DA:12,1
DA:17,1
DA:57,1
DA:61,1
LF:10
LH:10
BRF:0
BRH:0
end_of_record
TN:
SF:features/fixtures/error-notifications-update-test.fixture.ts
FN:10,anonymous_2
FN:15,anonymous_3
FNF:2
FNH:2
FNDA:1,(anonymous_0)
FNDA:1,(anonymous_1)
DA:1,1
DA:2,1
DA:5,1
DA:6,1
DA:8,1
DA:11,1
DA:16,1
DA:30,1
DA:34,1
LF:9
LH:9
BRF:0
BRH:0
end_of_record
TN:
SF:features/fixtures/error-notifications.fixture.ts
FN:16,anonymous_2
FN:21,anonymous_3
FNF:2
FNH:2
FNDA:8,(anonymous_0)
FNDA:8,(anonymous_1)
DA:1,1
DA:2,1
DA:5,1
DA:6,1
DA:7,1
DA:9,1
DA:10,1
DA:11,1
DA:12,1
DA:13,1
DA:14,1
DA:17,1
DA:22,1
DA:153,1
DA:157,1
LF:15
LH:15
BRF:0
BRH:0
end_of_record
TN:
SF:features/fixtures/settings/api-key-update-24h.fixture.ts
FN:14,anonymous_2
FN:19,anonymous_3
FNF:2
FNH:2
FNDA:2,(anonymous_0)
FNDA:2,(anonymous_1)
DA:1,1
DA:2,1
DA:5,1
DA:6,1
DA:12,1
DA:15,1
DA:20,1
DA:34,1
DA:38,1
LF:9
LH:9
BRF:0
BRH:0
end_of_record
TN:
SF:features/fixtures/settings/api-key-update-5m.fixture.ts
FN:15,anonymous_2
FN:20,anonymous_3
FNF:2
FNH:2
FNDA:4,(anonymous_0)
FNDA:4,(anonymous_1)
DA:1,1
DA:2,1
DA:5,1
DA:6,1
DA:13,1
DA:16,1
DA:21,1
DA:57,1
DA:61,1
LF:9
LH:9
BRF:0
BRH:0
end_of_record
TN:
SF:features/fixtures/settings/api-key-update-never.fixture.ts
FN:15,anonymous_2
FN:20,anonymous_3
FNF:2
FNH:2
FNDA:1,(anonymous_0)
FNDA:1,(anonymous_1)
DA:1,1
DA:2,1
DA:5,1
DA:6,1
DA:13,1
DA:16,1
DA:21,1
DA:47,1
DA:51,1
LF:9
LH:9
BRF:0
BRH:0
end_of_record
TN:
SF:features/fixtures/settings/business-settings.fixture.ts
FN:19,anonymous_2
FN:24,anonymous_3
FNF:2
FNH:2
FNDA:9,(anonymous_0)
FNDA:9,(anonymous_1)
DA:1,1
DA:2,1
DA:5,1
DA:6,1
DA:13,1
DA:14,1
DA:15,1
DA:16,1
DA:17,1
DA:20,1
DA:25,1
DA:180,1
DA:184,1
LF:13
LH:13
BRF:0
BRH:0
end_of_record
TN:
SF:features/fixtures/settings/send-by-after-interval.fixture.ts
FN:15,anonymous_2
FN:20,anonymous_3
FNF:2
FNH:2
FNDA:2,(anonymous_0)
FNDA:2,(anonymous_1)
DA:1,1
DA:2,1
DA:5,1
DA:6,1
DA:12,1
DA:13,1
DA:16,1
DA:21,1
DA:144,1
DA:148,1
LF:10
LH:10
BRF:0
BRH:0
end_of_record
TN:
SF:features/fixtures/settings/send-by-cron-interval.fixture.ts
FN:19,anonymous_2
FN:24,anonymous_3
FNF:2
FNH:2
FNDA:1,(anonymous_0)
FNDA:1,(anonymous_1)
DA:1,1
DA:2,1
DA:5,1
DA:6,1
DA:13,1
DA:14,1
DA:15,1
DA:16,1
DA:17,1
DA:20,1
DA:25,1
DA:86,1
DA:90,1
LF:13
LH:13
BRF:0
BRH:0
end_of_record
TN:
SF:features/fixtures/settings/update-interval-1h.fixture.ts
FN:17,anonymous_2
FN:22,anonymous_3
FNF:2
FNH:2
FNDA:1,(anonymous_0)
FNDA:1,(anonymous_1)
DA:1,1
DA:2,1
DA:5,1
DA:6,1
DA:13,1
DA:14,1
DA:15,1
DA:18,1
DA:23,1
DA:60,1
DA:64,1
LF:11
LH:11
BRF:0
BRH:0
end_of_record
TN:
SF:features/fixtures/settings/update-interval-different.fixture.ts
FN:14,anonymous_2
FN:19,anonymous_3
FNF:2
FNH:2
FNDA:3,(anonymous_0)
FNDA:3,(anonymous_1)
DA:1,1
DA:2,1
DA:5,1
DA:6,1
DA:12,1
DA:15,1
DA:20,1
DA:56,1
DA:60,1
LF:9
LH:9
BRF:0
BRH:0
end_of_record
TN:
SF:src/app.module.ts
FN:48,anonymous_2
FNF:1
FNH:1
FNDA:45,(anonymous_1)
DA:1,1
DA:2,1
DA:3,1
DA:12,1
DA:13,1
DA:14,1
DA:15,1
DA:16,1
DA:47,1
LF:9
LH:9
BRF:0
BRH:0
end_of_record
TN:
SF:src/environments/environment.ts
FN:7,anonymous_2
FNF:1
FNH:1
FNDA:2,(anonymous_0)
DA:1,1
DA:3,1
DA:5,1
DA:6,1
DA:7,1
DA:8,1
DA:11,1
LF:7
LH:7
BRF:6
BRH:6
end_of_record
TN:
SF:src/environments/index.ts
FNF:0
FNH:0
DA:1,1
LF:1
LH:1
BRF:0
BRH:0
end_of_record
TN:
SF:src/error-notifications/error-notifications.module.ts
FNF:0
FNH:0
DA:1,1
DA:2,1
DA:3,1
DA:4,1
DA:5,1
DA:11,1
DA:19,1
DA:20,1
DA:46,1
LF:9
LH:9
BRF:0
BRH:0
end_of_record
TN:
SF:src/error-notifications/config/default-settings.ts
FNF:0
FNH:0
DA:3,1
DA:5,1
LF:2
LH:2
BRF:0
BRH:0
end_of_record
TN:
SF:src/error-notifications/config/index.ts
FNF:0
FNH:0
DA:1,1
DA:2,1
LF:2
LH:2
BRF:0
BRH:0
end_of_record
TN:
SF:src/error-notifications/config/mongoose-schemas.ts
FNF:0
FNH:0
DA:1,1
DA:8,1
LF:2
LH:2
BRF:0
BRH:0
end_of_record
TN:
SF:src/error-notifications/constants/constants.ts
FNF:0
FNH:0
DA:1,1
DA:3,1
DA:5,1
DA:10,1
DA:18,1
LF:5
LH:5
BRF:0
BRH:0
end_of_record
TN:
SF:src/error-notifications/constants/index.ts
FNF:0
FNH:0
DA:1,1
LF:1
LH:1
BRF:0
BRH:0
end_of_record
TN:
SF:src/error-notifications/controllers/connections-bus-message.controller.ts
FN:9,(anonymous_2)
FN:16,(anonymous_3)
FN:27,(anonymous_4)
FNF:3
FNH:3
FNDA:45,(anonymous_2)
FNDA:1,(anonymous_3)
FNDA:1,(anonymous_4)
DA:1,2
DA:2,2
DA:3,2
DA:4,2
DA:5,2
DA:8,2
DA:10,45
DA:16,2
DA:17,1
DA:18,1
DA:19,1
DA:20,1
DA:27,2
DA:28,1
DA:29,1
DA:30,1
DA:31,1
LF:17
LH:17
BRF:8
BRH:8
end_of_record
TN:
SF:src/error-notifications/controllers/errors-bus-message.controller.ts
FN:14,(anonymous_2)
FN:22,(anonymous_3)
FN:52,(anonymous_4)
FN:64,(anonymous_5)
FN:76,(anonymous_6)
FN:88,(anonymous_7)
FNF:6
FNH:6
FNDA:45,(anonymous_2)
FNDA:1,(anonymous_3)
FNDA:1,(anonymous_4)
FNDA:1,(anonymous_5)
FNDA:1,(anonymous_6)
FNDA:1,(anonymous_7)
DA:1,2
DA:2,2
DA:3,2
DA:4,2
DA:5,2
DA:9,2
DA:10,2
DA:13,2
DA:15,45
DA:22,2
DA:26,1
DA:29,1
DA:31,1
DA:32,1
DA:44,1
DA:52,2
DA:53,1
DA:55,1
DA:56,1
DA:57,1
DA:64,2
DA:65,1
DA:67,1
DA:68,1
DA:69,1
DA:76,2
DA:77,1
DA:79,1
DA:80,1
DA:81,1
DA:88,2
DA:89,1
DA:91,1
DA:92,1
DA:93,1
LF:35
LH:35
BRF:4
BRH:4
end_of_record
TN:
SF:src/error-notifications/controllers/index.ts
FNF:0
FNH:0
DA:1,1
DA:2,1
DA:3,1
DA:4,1
LF:4
LH:4
BRF:0
BRH:0
end_of_record
TN:
SF:src/error-notifications/controllers/payment-bus-message.controller.ts
FN:11,(anonymous_2)
FN:19,(anonymous_3)
FNF:2
FNH:2
FNDA:45,(anonymous_2)
FNDA:2,(anonymous_3)
DA:1,2
DA:2,2
DA:3,2
DA:5,2
DA:6,2
DA:7,2
DA:10,2
DA:12,45
DA:19,2
DA:20,2
DA:22,2
DA:30,2
LF:12
LH:12
BRF:0
BRH:0
end_of_record
TN:
SF:src/error-notifications/controllers/settings-management.controller.ts
FN:21,(anonymous_4)
FN:28,(anonymous_5)
FN:36,(anonymous_6)
FN:45,(anonymous_7)
FN:56,(anonymous_8)
FN:92,(anonymous_9)
FN:112,(anonymous_10)
FN:127,(anonymous_11)
FNF:8
FNH:8
FNDA:45,(anonymous_4)
FNDA:2,(anonymous_5)
FNDA:2,(anonymous_6)
FNDA:1,(anonymous_7)
FNDA:1,(anonymous_8)
FNDA:3,(anonymous_9)
FNDA:17,(anonymous_10)
FNDA:24,(anonymous_11)
DA:1,2
DA:2,2
DA:3,2
DA:4,2
DA:5,2
DA:6,2
DA:7,2
DA:8,2
DA:19,2
DA:22,45
DA:28,2
DA:31,2
DA:36,2
DA:40,2
DA:45,2
DA:50,1
DA:56,2
DA:60,1
DA:64,1
DA:65,4
DA:66,4
DA:67,1
DA:69,3
DA:71,4
DA:74,1
DA:75,1
DA:76,4
DA:86,1
DA:92,2
DA:97,3
DA:98,1
DA:100,3
DA:104,3
DA:106,3
DA:112,2
DA:118,17
DA:122,17
DA:124,4
DA:130,24
DA:131,24
DA:132,10
DA:135,24
DA:136,14
DA:139,24
LF:44
LH:43
BRF:8
BRH:8
end_of_record
TN:
SF:src/error-notifications/cron/index.ts
FNF:0
FNH:0
DA:1,1
LF:1
LH:1
BRF:0
BRH:0
end_of_record
TN:
SF:src/error-notifications/cron/send-notification-errors.cron.ts
FN:14,anonymous_2
FN:23,anonymous_3
FN:24,anonymous_4
FN:26,anonymous_5
FN:28,anonymous_6
FN:30,anonymous_7
FN:40,anonymous_8
FN:44,anonymous_9
FN:73,anonymous_10
FN:101,anonymous_11
FN:128,anonymous_12
FN:159,anonymous_13
FN:165,anonymous_14
FN:175,anonymous_15
FN:197,anonymous_16
FN:212,anonymous_17
FN:246,anonymous_18
FNF:17
FNH:17
FNDA:45,(anonymous_2)
FNDA:0,(anonymous_3)
FNDA:0,(anonymous_4)
FNDA:0,(anonymous_5)
FNDA:0,(anonymous_6)
FNDA:0,(anonymous_7)
FNDA:0,(anonymous_8)
FNDA:10,(anonymous_9)
FNDA:2,(anonymous_10)
FNDA:10,(anonymous_11)
FNDA:10,(anonymous_12)
FNDA:10,(anonymous_13)
FNDA:1,(anonymous_14)
FNDA:0,(anonymous_15)
FNDA:6,(anonymous_16)
FNDA:4,(anonymous_17)
FNDA:10,(anonymous_18)
DA:1,1
DA:2,1
DA:3,1
DA:4,1
DA:5,1
DA:7,1
DA:10,1
DA:13,1
DA:15,1
DA:16,1
DA:17,1
DA:18,1
DA:20,1
DA:24,1
DA:25,1
DA:26,1
DA:27,1
DA:28,1
DA:29,1
DA:30,1
DA:31,1
DA:33,1
DA:37,1
DA:41,1
DA:45,1
DA:47,1
DA:48,1
DA:50,1
DA:52,1
DA:55,1
DA:58,1
DA:60,1
DA:61,1
DA:65,1
DA:69,1
DA:74,1
DA:77,1
DA:79,1
DA:80,1
DA:81,1
DA:83,1
DA:85,1
DA:86,1
DA:87,1
DA:89,1
DA:90,1
DA:91,1
DA:94,1
DA:95,1
DA:96,1
DA:107,1
DA:112,1
DA:113,1
DA:114,1
DA:120,1
DA:121,1
DA:125,1
DA:131,1
DA:133,1
DA:134,1
DA:135,1
DA:136,1
DA:139,1
DA:141,1
DA:149,1
DA:150,1
DA:151,1
DA:156,1
DA:163,1
DA:165,1
DA:166,1
DA:171,1
DA:172,1
DA:173,1
DA:174,1
DA:175,1
DA:176,1
DA:179,1
DA:185,1
DA:186,1
DA:189,1
DA:190,1
DA:194,1
DA:202,1
DA:208,1
DA:209,1
DA:211,1
DA:214,1
DA:216,1
DA:218,1
DA:224,1
DA:225,1
DA:226,1
DA:231,1
DA:238,1
DA:243,1
DA:247,1
DA:249,1
DA:251,1
DA:253,1
DA:255,1
LF:101
LH:101
BRF:42
BRH:42
end_of_record
TN:
SF:src/error-notifications/decorators/index.ts
FNF:0
FNH:0
DA:1,1
DA:2,1
LF:2
LH:2
BRF:0
BRH:0
end_of_record
TN:
SF:src/error-notifications/decorators/validation/end-time-less-than-start-time.ts
FN:4,anonymous_2
FN:7,anonymous_3
FN:14,anonymous_4
FN:17,anonymous_5
FN:33,anonymous_6
FNF:5
FNH:5
FNDA:2,EndTimeLessThanStartTime
FNDA:2,(anonymous_1)
FNDA:14,(anonymous_2)
FNDA:20,(anonymous_3)
FNDA:1,(anonymous_4)
DA:1,1
DA:4,1
DA:7,1
DA:8,1
DA:15,1
DA:17,1
DA:18,1
DA:19,1
DA:20,1
DA:21,1
DA:22,1
DA:23,1
DA:25,1
DA:26,1
DA:30,1
DA:34,1
LF:16
LH:16
BRF:4
BRH:4
end_of_record
TN:
SF:src/error-notifications/decorators/validation/overlapped-time-frames.ts
FN:5,anonymous_2
FN:8,anonymous_3
FN:15,anonymous_4
FN:19,anonymous_5
FN:49,anonymous_6
FN:57,anonymous_7
FN:74,anonymous_8
FNF:7
FNH:7
FNDA:2,OverlappedTimeFrames
FNDA:2,(anonymous_1)
FNDA:14,(anonymous_2)
FNDA:20,(anonymous_3)
FNDA:2,(anonymous_4)
FNDA:17,isTimeFrameOverlapsOther
FNDA:20,fillWeekDays
DA:1,1
DA:5,1
DA:8,1
DA:9,1
DA:16,1
DA:18,1
DA:19,1
DA:20,1
DA:21,1
DA:22,1
DA:25,1
DA:27,1
DA:29,1
DA:30,1
DA:36,1
DA:37,1
DA:39,1
DA:43,1
DA:46,1
DA:50,1
DA:58,1
DA:59,1
DA:60,1
DA:61,1
DA:65,1
DA:66,1
DA:69,1
DA:75,1
DA:76,1
DA:77,1
DA:80,1
LF:31
LH:31
BRF:12
BRH:12
end_of_record
TN:
SF:src/error-notifications/dto/checkout-connection.dto.ts
FNF:0
FNH:0
DA:1,1
DA:2,1
DA:4,1
DA:6,1
DA:9,1
DA:12,1
LF:6
LH:6
BRF:0
BRH:0
end_of_record
TN:
SF:src/error-notifications/dto/checkout.dto.ts
FNF:0
FNH:0
DA:1,1
DA:3,1
DA:6,1
LF:3
LH:3
BRF:0
BRH:0
end_of_record
TN:
SF:src/error-notifications/dto/connect-third-party.dto.ts
FNF:0
FNH:0
DA:1,1
DA:3,1
DA:6,1
DA:10,1
DA:14,1
LF:5
LH:5
BRF:0
BRH:0
end_of_record
TN:
SF:src/error-notifications/dto/connection.dto.ts
FNF:0
FNH:0
DA:1,1
DA:3,1
DA:6,1
DA:10,1
DA:14,1
LF:5
LH:5
BRF:0
BRH:0
end_of_record
TN:
SF:src/error-notifications/dto/default-settings.dto.ts
FNF:0
FNH:0
DA:1,1
DA:2,1
DA:3,1
DA:5,1
DA:8,1
DA:12,1
DA:17,1
DA:22,1
DA:28,1
DA:33,1
DA:38,1
DA:44,1
LF:12
LH:12
BRF:0
BRH:0
end_of_record
TN:
SF:src/error-notifications/dto/error-notification-aggregate.dto.ts
FNF:0
FNH:0
DA:1,1
DA:3,1
DA:6,1
DA:8,1
DA:11,1
DA:14,1
DA:17,1
LF:7
LH:7
BRF:0
BRH:0
end_of_record
TN:
SF:src/error-notifications/dto/index.ts
FNF:0
FNH:0
DA:1,1
DA:2,1
DA:3,1
DA:4,1
DA:5,1
DA:6,1
DA:7,1
DA:8,1
DA:9,1
DA:10,1
DA:11,1
DA:12,1
DA:13,1
DA:14,1
DA:15,1
DA:16,1
LF:16
LH:16
BRF:0
BRH:0
end_of_record
TN:
SF:src/error-notifications/dto/integration.dto.ts
FNF:0
FNH:0
DA:1,1
DA:3,1
DA:6,1
LF:3
LH:3
BRF:0
BRH:0
end_of_record
TN:
SF:src/error-notifications/dto/payment-event-business.dto.ts
FNF:0
FNH:0
DA:1,1
DA:3,1
DA:6,1
LF:3
LH:3
BRF:0
BRH:0
end_of_record
TN:
SF:src/error-notifications/dto/payment-event.dto.ts
FN:23,anonymous_2
FNF:1
FNH:1
FNDA:2,(anonymous_2)
DA:1,1
DA:2,1
DA:3,1
DA:5,1
DA:8,1
DA:12,1
DA:16,1
DA:20,1
DA:23,1
DA:24,1
LF:10
LH:10
BRF:2
BRH:2
end_of_record
TN:
SF:src/error-notifications/dto/separated-date.dto.ts
FNF:0
FNH:0
DA:1,1
DA:3,1
DA:7,1
DA:12,1
DA:17,1
DA:22,1
DA:27,1
DA:32,1
DA:37,1
LF:9
LH:9
BRF:0
BRH:0
end_of_record
TN:
SF:src/error-notifications/dto/settings.dto.ts
FN:35,anonymous_2
FNF:1
FNH:1
FNDA:0,(anonymous_2)
DA:1,1
DA:2,1
DA:3,1
DA:5,1
DA:6,1
DA:9,1
DA:13,1
DA:18,1
DA:23,1
DA:27,1
DA:33,1
DA:35,1
DA:39,1
DA:44,1
DA:49,1
LF:15
LH:15
BRF:0
BRH:0
end_of_record
TN:
SF:src/error-notifications/dto/time-frame-settings-item.dto.ts
FNF:0
FNH:0
DA:1,1
DA:2,1
DA:3,1
DA:5,1
DA:8,1
DA:14,1
DA:21,1
DA:28,1
DA:35,1
DA:42,1
DA:49,1
DA:56,1
DA:63,1
LF:13
LH:13
BRF:0
BRH:0
end_of_record
TN:
SF:src/error-notifications/dto/time-frame.dto.ts
FNF:0
FNH:0
DA:1,1
LF:1
LH:1
BRF:0
BRH:0
end_of_record
TN:
SF:src/error-notifications/dto/update-settings-bundle.dto.ts
FNF:0
FNH:0
DA:1,1
DA:2,1
DA:3,1
DA:4,1
DA:5,1
DA:8,1
DA:12,1
DA:18,1
LF:8
LH:8
BRF:0
BRH:0
end_of_record
TN:
SF:src/error-notifications/dto/update-settings.dto.ts
FN:30,anonymous_2
FN:36,anonymous_3
FNF:2
FNH:2
FNDA:0,(anonymous_2)
FNDA:24,(anonymous_3)
DA:1,1
DA:2,1
DA:3,1
DA:5,1
DA:6,1
DA:7,1
DA:10,1
DA:16,1
DA:21,1
DA:28,1
DA:30,1
DA:36,1
DA:39,1
DA:48,1
LF:14
LH:14
BRF:0
BRH:0
end_of_record
TN:
SF:src/error-notifications/dto/bus-message/error-notification-event.dto.ts
FNF:0
FNH:0
DA:1,1
DA:2,1
DA:3,1
DA:5,1
DA:8,1
DA:12,1
DA:17,1
DA:21,1
DA:25,1
DA:30,1
DA:36,1
DA:41,1
LF:12
LH:12
BRF:0
BRH:0
end_of_record
TN:
SF:src/error-notifications/dto/bus-message/error-notification-last-transaction-time-event.dto.ts
FNF:0
FNH:0
DA:1,1
DA:2,1
DA:3,1
DA:7,1
DA:11,1
DA:15,1
LF:6
LH:6
BRF:0
BRH:0
end_of_record
TN:
SF:src/error-notifications/dto/bus-message/index.ts
FNF:0
FNH:0
DA:1,1
DA:2,1
DA:3,1
LF:3
LH:3
BRF:0
BRH:0
end_of_record
TN:
SF:src/error-notifications/dto/bus-message/payemnt-notification-failed.dto.ts
FN:18,anonymous_2
FNF:1
FNH:1
FNDA:1,(anonymous_2)
DA:1,1
DA:2,1
DA:5,1
DA:9,1
DA:14,1
DA:18,1
DA:19,1
DA:24,1
DA:29,1
DA:34,1
LF:10
LH:10
BRF:2
BRH:2
end_of_record
TN:
SF:src/error-notifications/dto/email/error-notification-email-variables.dto.ts
FN:5,anonymous_2
FNF:1
FNH:1
FNDA:0,(anonymous_2)
DA:1,1
DA:2,1
DA:5,1
DA:8,1
DA:12,1
LF:5
LH:5
BRF:0
BRH:0
end_of_record
TN:
SF:src/error-notifications/dto/email/error-notification-email.dto.ts
FN:5,anonymous_2
FNF:1
FNH:1
FNDA:0,(anonymous_2)
DA:1,1
DA:2,1
DA:5,1
DA:8,1
DA:12,1
DA:16,1
DA:20,1
DA:24,1
DA:27,1
LF:9
LH:9
BRF:0
BRH:0
end_of_record
TN:
SF:src/error-notifications/dto/email/index.ts
FNF:0
FNH:0
DA:1,1
DA:2,1
LF:2
LH:2
BRF:0
BRH:0
end_of_record
TN:
SF:src/error-notifications/enums/cron-update-interval.enum.ts
FN:1,anonymous_2
FNF:1
FNH:1
FNDA:2,(anonymous_0)
DA:1,1
DA:2,1
DA:3,1
DA:4,1
DA:5,1
LF:5
LH:5
BRF:2
BRH:2
end_of_record
TN:
SF:src/error-notifications/enums/email-template-names.enum.ts
FN:1,anonymous_2
FNF:1
FNH:1
FNDA:2,(anonymous_0)
DA:1,1
DA:2,1
DA:3,1
DA:4,1
DA:5,1
DA:6,1
DA:7,1
LF:7
LH:7
BRF:2
BRH:2
end_of_record
TN:
SF:src/error-notifications/enums/error-notification-types.enum.ts
FN:1,anonymous_2
FNF:1
FNH:1
FNDA:2,(anonymous_0)
DA:1,1
DA:2,1
DA:3,1
DA:4,1
DA:5,1
DA:6,1
DA:7,1
LF:7
LH:7
BRF:2
BRH:2
end_of_record
TN:
SF:src/error-notifications/enums/index.ts
FNF:0
FNH:0
DA:1,1
DA:2,1
DA:3,1
DA:4,1
DA:5,1
DA:6,1
LF:6
LH:6
BRF:0
BRH:0
end_of_record
TN:
SF:src/error-notifications/enums/payment-methods.enum.ts
FN:1,anonymous_2
FNF:1
FNH:1
FNDA:2,(anonymous_0)
DA:1,1
DA:2,1
DA:3,1
DA:4,1
DA:5,1
DA:6,1
DA:7,1
DA:8,1
DA:9,1
DA:10,1
DA:11,1
DA:12,1
DA:13,1
DA:14,1
DA:15,1
DA:16,1
DA:17,1
DA:18,1
DA:19,1
DA:20,1
DA:21,1
DA:22,1
DA:23,1
DA:24,1
DA:25,1
DA:26,1
DA:27,1
DA:28,1
DA:29,1
DA:30,1
DA:31,1
DA:32,1
DA:33,1
DA:34,1
DA:35,1
LF:35
LH:35
BRF:2
BRH:2
end_of_record
TN:
SF:src/error-notifications/enums/rabbit-binding.enum.ts
FN:1,anonymous_2
FN:5,anonymous_3
FN:9,anonymous_4
FNF:3
FNH:3
FNDA:2,(anonymous_0)
FNDA:2,(anonymous_1)
FNDA:2,(anonymous_2)
DA:1,1
DA:2,1
DA:5,1
DA:6,1
DA:9,1
DA:10,1
DA:12,1
DA:13,1
DA:14,1
DA:15,1
DA:16,1
DA:18,1
DA:19,1
DA:21,1
LF:14
LH:14
BRF:6
BRH:6
end_of_record
TN:
SF:src/error-notifications/enums/sending-method.enum.ts
FN:1,anonymous_2
FNF:1
FNH:1
FNDA:2,(anonymous_0)
DA:1,1
DA:2,1
DA:3,1
LF:3
LH:3
BRF:2
BRH:2
end_of_record
TN:
SF:src/error-notifications/schemas/error-notification.schema.ts
FNF:0
FNH:0
DA:1,1
DA:2,1
DA:3,1
DA:5,1
DA:6,1
LF:5
LH:5
BRF:0
BRH:0
end_of_record
TN:
SF:src/error-notifications/schemas/index.ts
FNF:0
FNH:0
DA:1,1
DA:2,1
LF:2
LH:2
BRF:0
BRH:0
end_of_record
TN:
SF:src/error-notifications/schemas/settings-time-frame-item.schema.ts
FNF:0
FNH:0
DA:1,1
DA:3,1
LF:2
LH:2
BRF:0
BRH:0
end_of_record
TN:
SF:src/error-notifications/schemas/settings.schema.ts
FNF:0
FNH:0
DA:1,1
DA:2,1
DA:3,1
DA:4,1
DA:6,1
DA:7,1
LF:6
LH:6
BRF:0
BRH:0
end_of_record
TN:
SF:src/error-notifications/services/email-sender.service.ts
FN:9,anonymous_2
FN:15,anonymous_3
FNF:2
FNH:2
FNDA:45,(anonymous_2)
FNDA:14,(anonymous_3)
DA:1,1
DA:3,1
DA:4,1
DA:5,1
DA:8,1
DA:10,1
DA:11,1
DA:19,1
DA:21,1
DA:22,1
DA:23,1
DA:26,1
DA:27,1
DA:28,1
DA:29,1
DA:30,1
DA:33,1
LF:17
LH:17
BRF:4
BRH:4
end_of_record
TN:
SF:src/error-notifications/services/email-transformers.list.ts
FNF:0
FNH:0
DA:1,1
DA:2,1
DA:11,1
LF:3
LH:3
BRF:0
BRH:0
end_of_record
TN:
SF:src/error-notifications/services/error-notification.service.ts
FN:16,anonymous_2
FN:22,anonymous_3
FN:60,anonymous_4
FN:105,anonymous_5
FN:137,anonymous_6
FN:165,anonymous_7
FN:186,anonymous_8
FNF:7
FNH:7
FNDA:45,(anonymous_4)
FNDA:7,(anonymous_5)
FNDA:10,(anonymous_6)
FNDA:2,(anonymous_7)
FNDA:3,(anonymous_8)
FNDA:2,(anonymous_9)
FNDA:1,(anonymous_10)
DA:1,1
DA:2,1
DA:3,1
DA:4,1
DA:10,1
DA:12,1
DA:15,1
DA:17,1
DA:18,1
DA:19,1
DA:25,1
DA:31,1
DA:32,1
DA:35,1
DA:36,1
DA:39,1
DA:40,1
DA:47,1
DA:48,1
DA:51,1
DA:52,1
DA:53,1
DA:54,1
DA:64,1
DA:107,1
DA:144,1
DA:154,1
DA:155,1
DA:158,1
DA:169,1
DA:170,1
DA:187,1
LF:32
LH:32
BRF:14
BRH:14
end_of_record
TN:
SF:src/error-notifications/services/index.ts
FNF:0
FNH:0
DA:1,1
DA:2,1
DA:3,1
DA:4,1
DA:5,1
DA:6,1
DA:7,1
LF:7
LH:7
BRF:0
BRH:0
end_of_record
TN:
SF:src/error-notifications/services/rabbitmq.service.ts
FN:7,anonymous_2
FN:11,anonymous_3
FNF:2
FNH:2
FNDA:45,(anonymous_2)
FNDA:15,(anonymous_3)
DA:1,1
DA:2,1
DA:6,1
DA:8,1
DA:16,1
LF:5
LH:5
BRF:0
BRH:0
end_of_record
TN:
SF:src/error-notifications/services/settings.service.ts
FN:18,anonymous_2
FN:23,anonymous_3
FN:27,anonymous_4
FN:42,anonymous_5
FN:64,anonymous_6
FN:74,anonymous_7
FN:95,anonymous_8
FN:102,anonymous_9
FN:119,anonymous_10
FN:133,anonymous_11
FN:139,anonymous_12
FN:160,anonymous_13
FN:178,anonymous_14
FNF:13
FNH:13
FNDA:45,(anonymous_4)
FNDA:8,(anonymous_5)
FNDA:3,(anonymous_6)
FNDA:50,(anonymous_7)
FNDA:39,(anonymous_8)
FNDA:658,(anonymous_9)
FNDA:2,(anonymous_10)
FNDA:3663,(anonymous_11)
FNDA:7,(anonymous_12)
FNDA:10,(anonymous_13)
FNDA:11,(anonymous_14)
FNDA:2,(anonymous_15)
FNDA:8,(anonymous_16)
DA:1,1
DA:2,1
DA:3,1
DA:4,1
DA:7,1
DA:8,1
DA:9,1
DA:17,1
DA:19,1
DA:24,1
DA:28,1
DA:48,1
DA:49,1
DA:55,1
DA:61,1
DA:69,1
DA:71,1
DA:73,1
DA:75,1
DA:79,1
DA:80,1
DA:83,1
DA:91,1
DA:98,1
DA:100,1
DA:101,1
DA:103,1
DA:108,1
DA:109,1
DA:116,1
DA:124,1
DA:134,1
DA:145,1
DA:152,1
DA:153,1
DA:154,1
DA:156,1
DA:164,1
DA:171,1
DA:172,1
DA:174,1
DA:179,1
DA:180,1
DA:188,1
DA:189,1
LF:45
LH:45
BRF:22
BRH:22
end_of_record
TN:
SF:src/error-notifications/services/validation.service.ts
FN:7,anonymous_2
FN:9,anonymous_3
FNF:2
FNH:2
FNDA:45,(anonymous_2)
FNDA:24,(anonymous_3)
DA:1,1
DA:2,1
DA:6,1
DA:11,1
DA:13,1
DA:14,1
LF:6
LH:6
BRF:5
BRH:5
end_of_record
TN:
SF:src/error-notifications/services/email-transformers/email-transformer.collector.ts
FN:12,anonymous_2
FNF:1
FNH:1
FNDA:14,(anonymous_1)
DA:1,1
DA:2,1
DA:3,1
DA:9,1
DA:16,1
DA:18,1
DA:20,1
DA:22,1
DA:23,1
DA:27,1
LF:10
LH:10
BRF:2
BRH:2
end_of_record
TN:
SF:src/error-notifications/services/email-transformers/transformers/abstract.transformer.ts
FN:11,anonymous_2
FN:12,anonymous_3
FNF:2
FNH:2
FNDA:12,(anonymous_0)
FNDA:12,(anonymous_1)
DA:3,1
DA:5,1
DA:12,1
DA:13,1
LF:4
LH:4
BRF:6
BRH:6
end_of_record
TN:
SF:src/error-notifications/services/email-transformers/transformers/api-keys-invalid.transformer.ts
FN:12,anonymous_2
FNF:1
FNH:1
FNDA:14,(anonymous_1)
DA:1,1
DA:2,1
DA:3,1
DA:5,1
DA:6,1
DA:10,1
DA:15,1
DA:16,1
DA:19,1
LF:9
LH:9
BRF:2
BRH:2
end_of_record
TN:
SF:src/error-notifications/services/email-transformers/transformers/index.ts
FNF:0
FNH:0
DA:1,1
DA:2,1
DA:3,1
DA:4,1
DA:5,1
DA:6,1
DA:7,1
LF:7
LH:7
BRF:0
BRH:0
end_of_record
TN:
SF:src/error-notifications/services/email-transformers/transformers/last-transaction-time.transformer.ts
FN:15,anonymous_2
FN:32,anonymous_3
FN:33,anonymous_4
FNF:3
FNH:3
FNDA:14,(anonymous_1)
FNDA:2,(anonymous_2)
FNDA:3,(anonymous_3)
DA:1,1
DA:2,1
DA:3,1
DA:5,1
DA:6,1
DA:7,1
DA:9,1
DA:13,1
DA:18,1
DA:19,1
DA:22,1
DA:33,1
DA:34,1
LF:13
LH:13
BRF:4
BRH:4
end_of_record
TN:
SF:src/error-notifications/services/email-transformers/transformers/payment-notification-failed.transformer.ts
FN:13,anonymous_2
FN:30,anonymous_3
FN:31,anonymous_4
FNF:3
FNH:3
FNDA:14,(anonymous_1)
FNDA:3,(anonymous_2)
FNDA:3,(anonymous_3)
DA:1,1
DA:2,1
DA:3,1
DA:5,1
DA:6,1
DA:7,1
DA:11,1
DA:16,1
DA:17,1
DA:20,1
DA:31,1
DA:32,1
LF:12
LH:12
BRF:8
BRH:8
end_of_record
TN:
SF:src/error-notifications/services/email-transformers/transformers/payment-option-credentials-invalid.transformer.ts
FN:12,anonymous_2
FNF:1
FNH:1
FNDA:14,(anonymous_1)
DA:1,1
DA:2,1
DA:3,1
DA:5,1
DA:6,1
DA:10,1
DA:15,1
DA:16,1
DA:19,1
LF:9
LH:9
BRF:2
BRH:2
end_of_record
TN:
SF:src/error-notifications/services/email-transformers/transformers/psp-api-failed.transformer.ts
FN:12,anonymous_2
FNF:1
FNH:1
FNDA:14,(anonymous_1)
DA:1,1
DA:2,1
DA:3,1
DA:5,1
DA:6,1
DA:10,1
DA:15,1
DA:16,1
DA:19,1
LF:9
LH:9
BRF:2
BRH:2
end_of_record
TN:
SF:src/error-notifications/services/email-transformers/transformers/third-party-error.transformer.ts
FN:12,anonymous_2
FNF:1
FNH:1
FNDA:14,(anonymous_1)
DA:1,1
DA:2,1
DA:3,1
DA:5,1
DA:6,1
DA:10,1
DA:15,1
DA:16,1
DA:19,1
LF:9
LH:9
BRF:2
BRH:2
end_of_record
TN:
SF:src/error-notifications/test-module/index.ts
FNF:0
FNH:0
DA:1,1
LF:1
LH:1
BRF:0
BRH:0
end_of_record
TN:
SF:src/error-notifications/test-module/controllers/cron-test-controller.ts
FN:15,(anonymous_4)
FN:21,(anonymous_5)
FN:34,(anonymous_6)
FNF:3
FNH:3
FNDA:45,(anonymous_4)
FNDA:10,(anonymous_5)
FNDA:2,(anonymous_6)
DA:1,2
DA:2,2
DA:3,2
DA:4,2
DA:5,2
DA:6,2
DA:13,2
DA:16,45
DA:21,2
DA:25,10
DA:27,10
DA:34,2
DA:37,2
DA:39,2
LF:14
LH:14
BRF:0
BRH:0
end_of_record
TN:
SF:src/error-notifications/test-module/controllers/index.ts
FNF:0
FNH:0
DA:1,1
LF:1
LH:1
BRF:0
BRH:0
end_of_record
TN:
SF:src/error-notifications/transformers/date.transformer.ts
FN:8,anonymous_2
FN:20,anonymous_3
FN:26,anonymous_4
FN:32,anonymous_5
FNF:4
FNH:4
FNDA:2,(anonymous_0)
FNDA:23,(anonymous_1)
FNDA:6,(anonymous_2)
FNDA:17,(anonymous_3)
DA:3,1
DA:4,1
DA:6,1
DA:9,1
DA:21,1
DA:23,1
DA:27,1
DA:29,1
DA:33,1
DA:35,1
LF:10
LH:10
BRF:2
BRH:2
end_of_record
TN:
SF:src/error-notifications/transformers/index.ts
FNF:0
FNH:0
DA:1,1
LF:1
LH:1
BRF:0
BRH:0
end_of_record
