TN:
SF:cucumber.js
FNF:0
FNH:0
DA:1,1
DA:10,1
LF:2
LH:2
BRF:0
BRH:0
end_of_record
TN:
SF:features/bootstrap/app.configurator.ts
FN:10,anonymous_2
FNF:1
FNH:1
FNDA:0,(anonymous_0)
DA:1,1
DA:3,1
DA:4,1
DA:5,1
DA:7,1
DA:9,1
DA:12,1
DA:14,1
DA:19,1
DA:22,1
LF:10
LH:10
BRF:0
BRH:0
end_of_record
TN:
SF:features/bootstrap/custom.world.ts
FN:7,anonymous_2
FNF:1
FNH:1
FNDA:85,(anonymous_0)
DA:1,1
DA:2,1
DA:3,1
DA:4,1
DA:6,1
DA:8,1
DA:16,1
LF:7
LH:7
BRF:0
BRH:0
end_of_record
TN:
SF:features/bootstrap/import.context.ts
FNF:0
FNH:0
DA:1,1
DA:2,1
DA:4,1
LF:3
LH:3
BRF:0
BRH:0
end_of_record
TN:
SF:features/bootstrap/options.ts
FNF:0
FNH:0
DA:1,1
DA:2,1
DA:15,1
DA:16,1
DA:17,1
DA:18,1
DA:20,1
DA:21,1
DA:22,1
DA:24,1
DA:25,1
DA:27,1
LF:12
LH:12
BRF:0
BRH:0
end_of_record
TN:
SF:src/app.module.ts
FN:87,anonymous_2
FNF:1
FNH:1
FNDA:0,(anonymous_1)
DA:1,1
DA:10,1
DA:11,1
DA:13,1
DA:14,1
DA:22,1
DA:23,1
DA:24,1
DA:25,1
DA:26,1
DA:27,1
DA:28,1
DA:29,1
DA:30,1
DA:86,1
LF:15
LH:15
BRF:0
BRH:0
end_of_record
TN:
SF:src/custom-access/custom-access.module.ts
FNF:0
FNH:0
DA:1,1
DA:2,1
DA:3,1
DA:4,1
DA:5,1
DA:6,1
DA:28,1
LF:7
LH:7
BRF:0
BRH:0
end_of_record
TN:
SF:src/custom-access/consumers/custom-access.consumer.ts
FN:10,anonymous_2
FN:18,anonymous_3
FN:26,anonymous_4
FN:34,anonymous_5
FN:42,anonymous_6
FNF:5
FNH:5
FNDA:0,(anonymous_2)
FNDA:0,(anonymous_3)
FNDA:0,(anonymous_4)
FNDA:0,(anonymous_5)
FNDA:0,(anonymous_6)
DA:1,1
DA:2,1
DA:3,1
DA:4,1
DA:5,1
DA:6,1
DA:9,1
DA:11,1
DA:18,1
DA:19,1
DA:26,1
DA:27,1
DA:34,1
DA:35,1
DA:42,1
DA:43,1
LF:16
LH:16
BRF:36
BRH:36
end_of_record
TN:
SF:src/custom-access/consumers/index.ts
FNF:0
FNH:0
DA:1,1
LF:1
LH:1
BRF:0
BRH:0
end_of_record
TN:
SF:src/custom-access/dtos/custom-access-deleted.dto.ts
FNF:0
FNH:0
DA:1,1
LF:1
LH:1
BRF:0
BRH:0
end_of_record
TN:
SF:src/custom-access/dtos/custom-access-export.dto.ts
FNF:0
FNH:0
DA:1,1
LF:1
LH:1
BRF:0
BRH:0
end_of_record
TN:
SF:src/custom-access/dtos/custom-access-message.dto.ts
FNF:0
FNH:0
DA:1,1
LF:1
LH:1
BRF:0
BRH:0
end_of_record
TN:
SF:src/custom-access/dtos/index.ts
FNF:0
FNH:0
DA:1,1
DA:2,1
DA:3,1
LF:3
LH:3
BRF:0
BRH:0
end_of_record
TN:
SF:src/custom-access/enums/builder-custom-access-message.enum.ts
FN:1,anonymous_2
FNF:1
FNH:1
FNDA:1,(anonymous_0)
DA:1,1
DA:2,1
DA:3,1
DA:4,1
DA:5,1
LF:5
LH:5
BRF:2
BRH:2
end_of_record
TN:
SF:src/custom-access/enums/custom-access-schema.enum.ts
FN:1,anonymous_2
FNF:1
FNH:1
FNDA:1,(anonymous_0)
DA:1,1
DA:2,1
LF:2
LH:2
BRF:2
BRH:2
end_of_record
TN:
SF:src/custom-access/enums/custom-access.enum.ts
FN:1,anonymous_2
FNF:1
FNH:1
FNDA:1,(anonymous_0)
DA:1,1
DA:2,1
DA:3,1
LF:3
LH:3
BRF:2
BRH:2
end_of_record
TN:
SF:src/custom-access/enums/index.ts
FNF:0
FNH:0
DA:1,1
DA:2,1
DA:3,1
LF:3
LH:3
BRF:0
BRH:0
end_of_record
TN:
SF:src/custom-access/guard/custom.guard.ts
FN:11,anonymous_2
FN:22,anonymous_3
FN:48,anonymous_4
FN:69,anonymous_5
FNF:4
FNH:4
FNDA:0,(anonymous_2)
FNDA:0,(anonymous_3)
FNDA:0,(anonymous_4)
FNDA:0,(anonymous_5)
DA:1,1
DA:2,1
DA:3,1
DA:4,1
DA:6,1
DA:7,1
DA:10,1
DA:12,1
DA:13,1
DA:14,1
DA:16,1
DA:27,1
DA:30,1
DA:31,1
DA:34,1
DA:35,1
DA:36,1
DA:37,1
DA:41,1
DA:52,1
DA:56,1
DA:57,1
DA:58,1
DA:61,1
DA:62,1
DA:66,1
DA:70,1
DA:71,1
DA:72,1
DA:73,1
DA:77,1
LF:31
LH:31
BRF:34
BRH:34
end_of_record
TN:
SF:src/custom-access/guard/index.ts
FNF:0
FNH:0
DA:1,1
LF:1
LH:1
BRF:0
BRH:0
end_of_record
TN:
SF:src/custom-access/schemas/custom-access.schema.ts
FN:25,anonymous_2
FNF:1
FNH:1
FNDA:0,(anonymous_0)
DA:1,1
DA:2,1
DA:4,1
DA:25,1
DA:26,1
LF:5
LH:5
BRF:0
BRH:0
end_of_record
TN:
SF:src/custom-access/schemas/index.ts
FNF:0
FNH:0
DA:1,1
LF:1
LH:1
BRF:0
BRH:0
end_of_record
TN:
SF:src/custom-access/services/custom-access.service.ts
FN:15,anonymous_2
FN:20,anonymous_3
FN:39,anonymous_4
FN:41,anonymous_5
FN:67,anonymous_6
FN:71,anonymous_7
FN:100,anonymous_8
FNF:7
FNH:7
FNDA:0,(anonymous_4)
FNDA:0,(anonymous_5)
FNDA:0,(anonymous_6)
FNDA:0,(anonymous_7)
FNDA:0,(anonymous_8)
FNDA:0,(anonymous_9)
FNDA:0,(anonymous_10)
DA:1,1
DA:2,1
DA:4,1
DA:5,1
DA:6,1
DA:9,1
DA:14,1
DA:16,1
DA:17,1
DA:23,1
DA:24,1
DA:25,1
DA:26,1
DA:29,1
DA:34,1
DA:36,1
DA:40,1
DA:42,1
DA:46,1
DA:47,1
DA:50,1
DA:57,1
DA:68,1
DA:72,1
DA:76,1
DA:77,1
DA:80,1
DA:101,1
DA:102,1
LF:29
LH:29
BRF:12
BRH:12
end_of_record
TN:
SF:src/custom-access/services/index.ts
FNF:0
FNH:0
DA:1,1
LF:1
LH:1
BRF:0
BRH:0
end_of_record
TN:
SF:src/employees/employees.module.ts
FN:158,anonymous_2
FN:147,anonymous_3
FNF:2
FNH:2
FNDA:0,(anonymous_1)
FNDA:0,(anonymous_2)
DA:1,1
DA:2,1
DA:4,1
DA:5,1
DA:6,1
DA:7,1
DA:8,1
DA:15,1
DA:16,1
DA:17,1
DA:18,1
DA:19,1
DA:20,1
DA:21,1
DA:147,1
DA:157,1
LF:16
LH:16
BRF:0
BRH:0
end_of_record
TN:
SF:src/employees/commands/export-employees.command.ts
FN:10,anonymous_2
FN:17,anonymous_3
FNF:2
FNH:2
FNDA:0,(anonymous_2)
FNDA:0,(anonymous_3)
DA:1,1
DA:3,1
DA:4,1
DA:6,1
DA:9,1
DA:11,1
DA:12,1
DA:13,1
DA:17,1
DA:18,1
DA:20,1
DA:22,1
DA:23,1
DA:34,1
LF:14
LH:14
BRF:16
BRH:16
end_of_record
TN:
SF:src/employees/commands/index.ts
FNF:0
FNH:0
DA:1,1
LF:1
LH:1
BRF:0
BRH:0
end_of_record
TN:
SF:src/employees/constants/errors.ts
FNF:0
FNH:0
DA:1,1
DA:2,1
DA:3,1
LF:3
LH:3
BRF:0
BRH:0
end_of_record
TN:
SF:src/employees/consumers/employee.consumer.ts
FN:11,anonymous_2
FN:21,anonymous_3
FN:35,anonymous_4
FN:49,anonymous_5
FN:63,anonymous_6
FN:81,anonymous_7
FN:104,anonymous_8
FNF:7
FNH:7
FNDA:0,(anonymous_2)
FNDA:0,(anonymous_3)
FNDA:0,(anonymous_4)
FNDA:0,(anonymous_5)
FNDA:0,(anonymous_6)
FNDA:0,(anonymous_7)
FNDA:0,(anonymous_8)
DA:1,1
DA:2,1
DA:3,1
DA:5,1
DA:7,1
DA:10,1
DA:12,1
DA:13,1
DA:14,1
DA:21,1
DA:28,1
DA:35,1
DA:42,1
DA:49,1
DA:56,1
DA:63,1
DA:70,1
DA:71,1
DA:74,1
DA:81,1
DA:88,1
DA:89,1
DA:91,1
DA:93,1
DA:95,1
DA:96,1
DA:104,1
DA:107,1
DA:108,1
DA:109,1
DA:111,1
LF:31
LH:31
BRF:44
BRH:44
end_of_record
TN:
SF:src/employees/consumers/groups.consumer.ts
FN:10,anonymous_2
FN:18,anonymous_3
FNF:2
FNH:2
FNDA:0,(anonymous_2)
FNDA:0,(anonymous_3)
DA:1,1
DA:2,1
DA:3,1
DA:4,1
DA:6,1
DA:9,1
DA:11,1
DA:18,1
DA:19,1
LF:9
LH:9
BRF:8
BRH:8
end_of_record
TN:
SF:src/employees/consumers/index.ts
FNF:0
FNH:0
DA:1,1
DA:2,1
LF:2
LH:2
BRF:0
BRH:0
end_of_record
TN:
SF:src/employees/controllers/admin-employees.controller.ts
FN:33,(anonymous_4)
FN:43,(anonymous_5)
FN:75,(anonymous_6)
FN:81,(anonymous_7)
FN:85,(anonymous_8)
FN:89,(anonymous_9)
FN:90,(anonymous_10)
FN:92,(anonymous_11)
FNF:8
FNH:0
FNDA:0,(anonymous_4)
FNDA:0,(anonymous_5)
FNDA:0,(anonymous_6)
FNDA:0,(anonymous_7)
FNDA:0,(anonymous_8)
FNDA:0,(anonymous_9)
FNDA:0,(anonymous_10)
FNDA:0,(anonymous_11)
DA:1,1
DA:10,1
DA:11,1
DA:12,1
DA:14,1
DA:15,1
DA:17,1
DA:18,1
DA:21,1
DA:22,1
DA:23,1
DA:25,1
DA:32,1
DA:34,0
DA:35,0
DA:43,1
DA:48,0
DA:49,0
DA:50,0
DA:51,0
DA:52,0
DA:55,0
DA:57,0
DA:58,0
DA:59,0
DA:66,0
DA:69,0
DA:71,0
DA:76,0
DA:82,0
DA:85,0
DA:86,0
DA:87,0
DA:89,0
DA:91,0
DA:92,0
DA:94,0
LF:37
LH:14
BRDA:71,0,0,0
BRDA:71,0,1,0
BRDA:71,1,0,0
BRDA:71,1,1,0
BRDA:71,2,0,0
BRDA:71,2,1,0
BRDA:71,3,0,0
BRDA:71,3,1,0
BRDA:71,4,0,0
BRDA:71,4,1,0
BRDA:71,5,0,0
BRDA:71,5,1,0
BRDA:71,5,2,0
BRDA:71,6,0,0
BRDA:71,6,1,0
BRDA:71,7,0,0
BRDA:71,7,1,0
BRDA:71,8,0,0
BRDA:71,8,1,0
BRDA:71,9,0,0
BRDA:71,9,1,0
BRDA:71,10,0,0
BRDA:71,10,1,0
BRDA:71,11,0,0
BRDA:71,11,1,0
BRDA:44,12,0,0
BRDA:44,12,1,1
BRDA:44,13,0,1
BRDA:44,13,1,0
BRDA:44,14,0,0
BRDA:44,14,1,1
BRDA:44,15,0,1
BRDA:44,15,1,1
BRDA:45,16,0,0
BRDA:45,16,1,1
BRDA:45,17,0,1
BRDA:45,17,1,1
BRDA:47,18,0,1
BRDA:47,18,1,0
BRDA:47,19,0,1
BRDA:47,19,1,1
BRDA:34,20,0,1
BRDA:34,20,1,0
BRDA:34,21,0,1
BRDA:34,21,1,1
BRDA:34,22,0,1
BRDA:34,22,1,0
BRDA:34,23,0,1
BRDA:34,23,1,1
BRF:49
BRH:17
end_of_record
TN:
SF:src/employees/controllers/admin.controller.ts
FN:41,(anonymous_4)
FN:50,(anonymous_5)
FN:72,(anonymous_6)
FN:85,(anonymous_7)
FN:96,(anonymous_8)
FN:108,(anonymous_9)
FN:122,(anonymous_10)
FNF:7
FNH:0
FNDA:0,(anonymous_4)
FNDA:0,(anonymous_5)
FNDA:0,(anonymous_6)
FNDA:0,(anonymous_7)
FNDA:0,(anonymous_8)
FNDA:0,(anonymous_9)
FNDA:0,(anonymous_10)
DA:1,1
DA:14,1
DA:15,1
DA:24,1
DA:25,1
DA:26,1
DA:27,1
DA:31,1
DA:33,1
DA:40,1
DA:42,0
DA:43,0
DA:50,1
DA:54,0
DA:55,0
DA:56,0
DA:58,0
DA:72,1
DA:76,0
DA:78,0
DA:85,1
DA:89,0
DA:96,1
DA:101,0
DA:108,1
DA:113,0
DA:115,0
DA:122,1
DA:126,0
DA:128,0
LF:30
LH:16
BRDA:52,0,0,1
BRDA:52,0,1,0
BRDA:52,1,0,1
BRDA:52,1,1,1
BRDA:53,2,0,1
BRDA:53,2,1,0
BRDA:53,3,0,1
BRDA:53,3,1,1
BRDA:74,4,0,0
BRDA:74,4,1,1
BRDA:74,5,0,1
BRDA:74,5,1,0
BRDA:75,6,0,1
BRDA:75,6,1,0
BRDA:75,7,0,1
BRDA:75,7,1,1
BRDA:88,8,0,1
BRDA:88,8,1,0
BRDA:88,9,0,1
BRDA:88,9,1,1
BRDA:97,10,0,0
BRDA:97,10,1,1
BRDA:97,11,0,1
BRDA:97,11,1,0
BRDA:97,12,0,1
BRDA:97,12,1,0
BRDA:97,13,0,1
BRDA:97,13,1,1
BRDA:100,14,0,1
BRDA:100,14,1,0
BRDA:100,15,0,1
BRDA:100,15,1,1
BRDA:110,16,0,0
BRDA:110,16,1,1
BRDA:110,17,0,1
BRDA:110,17,1,0
BRDA:110,18,0,1
BRDA:110,18,1,0
BRDA:110,19,0,1
BRDA:110,19,1,1
BRDA:112,20,0,1
BRDA:112,20,1,0
BRDA:112,21,0,1
BRDA:112,21,1,1
BRDA:124,22,0,0
BRDA:124,22,1,1
BRDA:124,23,0,1
BRDA:124,23,1,0
BRDA:125,24,0,1
BRDA:125,24,1,0
BRDA:125,25,0,1
BRDA:125,25,1,1
BRDA:42,26,0,1
BRDA:42,26,1,0
BRDA:42,27,0,1
BRDA:42,27,1,1
BRDA:42,28,0,1
BRDA:42,28,1,0
BRDA:42,29,0,1
BRDA:42,29,1,1
BRF:60
BRH:41
end_of_record
TN:
SF:src/employees/controllers/all-employees.controller.ts
FN:35,(anonymous_4)
FN:46,(anonymous_5)
FN:86,(anonymous_6)
FN:92,(anonymous_7)
FN:96,(anonymous_8)
FN:100,(anonymous_9)
FN:101,(anonymous_10)
FN:103,(anonymous_11)
FNF:8
FNH:0
FNDA:0,(anonymous_4)
FNDA:0,(anonymous_5)
FNDA:0,(anonymous_6)
FNDA:0,(anonymous_7)
FNDA:0,(anonymous_8)
FNDA:0,(anonymous_9)
FNDA:0,(anonymous_10)
FNDA:0,(anonymous_11)
DA:1,1
DA:11,1
DA:12,1
DA:13,1
DA:15,1
DA:16,1
DA:18,1
DA:19,1
DA:22,1
DA:23,1
DA:24,1
DA:25,1
DA:27,1
DA:34,1
DA:36,0
DA:37,0
DA:38,0
DA:46,1
DA:51,0
DA:52,0
DA:53,0
DA:55,0
DA:56,0
DA:57,0
DA:61,0
DA:62,0
DA:63,0
DA:64,0
DA:68,0
DA:69,0
DA:70,0
DA:77,0
DA:80,0
DA:82,0
DA:87,0
DA:93,0
DA:96,0
DA:97,0
DA:98,0
DA:100,0
DA:102,0
DA:103,0
DA:105,0
LF:43
LH:15
BRDA:63,0,0,0
BRDA:63,0,1,0
BRDA:82,1,0,0
BRDA:82,1,1,0
BRDA:82,2,0,0
BRDA:82,2,1,0
BRDA:82,3,0,0
BRDA:82,3,1,0
BRDA:82,4,0,0
BRDA:82,4,1,0
BRDA:82,5,0,0
BRDA:82,5,1,0
BRDA:82,6,0,0
BRDA:82,6,1,0
BRDA:82,6,2,0
BRDA:82,7,0,0
BRDA:82,7,1,0
BRDA:82,8,0,0
BRDA:82,8,1,0
BRDA:82,9,0,0
BRDA:82,9,1,0
BRDA:82,10,0,0
BRDA:82,10,1,0
BRDA:82,11,0,0
BRDA:82,11,1,0
BRDA:82,12,0,0
BRDA:82,12,1,0
BRDA:47,13,0,0
BRDA:47,13,1,1
BRDA:47,14,0,1
BRDA:47,14,1,0
BRDA:47,15,0,0
BRDA:47,15,1,1
BRDA:47,16,0,1
BRDA:47,16,1,1
BRDA:48,17,0,0
BRDA:48,17,1,1
BRDA:48,18,0,1
BRDA:48,18,1,1
BRDA:50,19,0,1
BRDA:50,19,1,0
BRDA:50,20,0,1
BRDA:50,20,1,1
BRDA:36,21,0,1
BRDA:36,21,1,0
BRDA:36,22,0,1
BRDA:36,22,1,1
BRDA:36,23,0,1
BRDA:36,23,1,0
BRDA:36,24,0,1
BRDA:36,24,1,1
BRDA:37,25,0,1
BRDA:37,25,1,0
BRDA:37,26,0,1
BRDA:37,26,1,1
BRF:55
BRH:20
end_of_record
TN:
SF:src/employees/controllers/employee.controller.ts
FN:48,(anonymous_4)
FN:60,(anonymous_5)
FN:83,(anonymous_6)
FN:105,(anonymous_7)
FN:119,(anonymous_8)
FN:131,(anonymous_9)
FN:155,(anonymous_10)
FN:191,(anonymous_11)
FN:212,(anonymous_12)
FN:221,(anonymous_13)
FN:227,(anonymous_14)
FN:231,(anonymous_15)
FN:235,(anonymous_16)
FN:236,(anonymous_17)
FN:238,(anonymous_18)
FNF:15
FNH:0
FNDA:0,(anonymous_4)
FNDA:0,(anonymous_5)
FNDA:0,(anonymous_6)
FNDA:0,(anonymous_7)
FNDA:0,(anonymous_8)
FNDA:0,(anonymous_9)
FNDA:0,(anonymous_10)
FNDA:0,(anonymous_11)
FNDA:0,(anonymous_12)
FNDA:0,(anonymous_13)
FNDA:0,(anonymous_14)
FNDA:0,(anonymous_15)
FNDA:0,(anonymous_16)
FNDA:0,(anonymous_17)
FNDA:0,(anonymous_18)
DA:1,1
DA:17,1
DA:18,1
DA:19,1
DA:21,1
DA:22,1
DA:23,1
DA:25,1
DA:26,1
DA:27,1
DA:28,1
DA:32,1
DA:33,1
DA:35,1
DA:36,1
DA:37,1
DA:40,1
DA:47,1
DA:49,0
DA:50,0
DA:51,0
DA:52,0
DA:60,1
DA:64,0
DA:65,0
DA:66,0
DA:68,0
DA:83,1
DA:87,0
DA:91,0
DA:92,0
DA:95,0
DA:97,0
DA:105,1
DA:109,0
DA:111,0
DA:119,1
DA:123,0
DA:131,1
DA:137,0
DA:140,0
DA:141,0
DA:142,0
DA:143,0
DA:147,0
DA:155,1
DA:161,0
DA:162,0
DA:163,0
DA:165,0
DA:166,0
DA:167,0
DA:168,0
DA:169,0
DA:177,0
DA:180,0
DA:182,0
DA:191,1
DA:197,0
DA:199,0
DA:200,0
DA:201,0
DA:204,0
DA:212,1
DA:216,0
DA:218,0
DA:222,0
DA:228,0
DA:231,0
DA:232,0
DA:233,0
DA:235,0
DA:237,0
DA:238,0
DA:240,0
LF:75
LH:26
BRDA:91,0,0,0
BRDA:91,0,1,0
BRDA:137,1,0,0
BRDA:137,1,1,0
BRDA:138,2,0,0
BRDA:138,2,1,0
BRDA:140,3,0,0
BRDA:140,3,1,0
BRDA:142,4,0,0
BRDA:142,4,1,0
BRDA:182,5,0,0
BRDA:182,5,1,0
BRDA:182,6,0,0
BRDA:182,6,1,0
BRDA:182,7,0,0
BRDA:182,7,1,0
BRDA:182,8,0,0
BRDA:182,8,1,0
BRDA:182,9,0,0
BRDA:182,9,1,0
BRDA:182,10,0,0
BRDA:182,10,1,0
BRDA:182,10,2,0
BRDA:182,11,0,0
BRDA:182,11,1,0
BRDA:182,12,0,0
BRDA:182,12,1,0
BRDA:182,13,0,0
BRDA:182,13,1,0
BRDA:182,14,0,0
BRDA:182,14,1,0
BRDA:182,15,0,0
BRDA:182,15,1,0
BRDA:182,16,0,0
BRDA:182,16,1,0
BRDA:200,17,0,0
BRDA:200,17,1,0
BRDA:200,18,0,0
BRDA:200,18,1,0
BRDA:62,19,0,1
BRDA:62,19,1,0
BRDA:62,20,0,1
BRDA:62,20,1,1
BRDA:63,21,0,1
BRDA:63,21,1,0
BRDA:63,22,0,1
BRDA:63,22,1,1
BRDA:86,23,0,1
BRDA:86,23,1,0
BRDA:86,24,0,1
BRDA:86,24,1,1
BRDA:107,25,0,0
BRDA:107,25,1,1
BRDA:107,26,0,1
BRDA:107,26,1,0
BRDA:108,27,0,1
BRDA:108,27,1,0
BRDA:108,28,0,1
BRDA:108,28,1,1
BRDA:122,29,0,1
BRDA:122,29,1,0
BRDA:122,30,0,1
BRDA:122,30,1,1
BRDA:132,31,0,0
BRDA:132,31,1,1
BRDA:132,32,0,1
BRDA:132,32,1,0
BRDA:132,33,0,1
BRDA:132,33,1,0
BRDA:132,34,0,1
BRDA:132,34,1,1
BRDA:134,35,0,0
BRDA:134,35,1,1
BRDA:134,36,0,1
BRDA:134,36,1,1
BRDA:136,37,0,1
BRDA:136,37,1,0
BRDA:136,38,0,1
BRDA:136,38,1,1
BRDA:156,39,0,0
BRDA:156,39,1,1
BRDA:156,40,0,1
BRDA:156,40,1,0
BRDA:156,41,0,0
BRDA:156,41,1,1
BRDA:156,42,0,1
BRDA:156,42,1,1
BRDA:158,43,0,0
BRDA:158,43,1,1
BRDA:158,44,0,1
BRDA:158,44,1,1
BRDA:160,45,0,1
BRDA:160,45,1,0
BRDA:160,46,0,1
BRDA:160,46,1,1
BRDA:193,47,0,0
BRDA:193,47,1,1
BRDA:193,48,0,1
BRDA:193,48,1,0
BRDA:193,49,0,1
BRDA:193,49,1,0
BRDA:193,50,0,1
BRDA:193,50,1,1
BRDA:194,51,0,0
BRDA:194,51,1,1
BRDA:194,52,0,1
BRDA:194,52,1,1
BRDA:196,53,0,1
BRDA:196,53,1,0
BRDA:196,54,0,1
BRDA:196,54,1,1
BRDA:214,55,0,0
BRDA:214,55,1,1
BRDA:214,56,0,1
BRDA:214,56,1,0
BRDA:215,57,0,1
BRDA:215,57,1,0
BRDA:215,58,0,1
BRDA:215,58,1,1
BRDA:49,59,0,1
BRDA:49,59,1,0
BRDA:49,60,0,1
BRDA:49,60,1,1
BRDA:49,61,0,1
BRDA:49,61,1,0
BRDA:49,62,0,1
BRDA:49,62,1,1
BRDA:50,63,0,1
BRDA:50,63,1,0
BRDA:50,64,0,1
BRDA:50,64,1,1
BRDA:51,65,0,1
BRDA:51,65,1,0
BRDA:51,66,0,1
BRDA:51,66,1,1
BRF:135
BRH:67
end_of_record
TN:
SF:src/employees/controllers/groups.controller.ts
FN:39,(anonymous_4)
FN:50,(anonymous_5)
FN:60,(anonymous_6)
FN:77,(anonymous_7)
FN:90,(anonymous_8)
FN:106,(anonymous_9)
FN:120,(anonymous_10)
FN:136,(anonymous_11)
FN:153,(anonymous_12)
FNF:9
FNH:0
FNDA:0,(anonymous_4)
FNDA:0,(anonymous_5)
FNDA:0,(anonymous_6)
FNDA:0,(anonymous_7)
FNDA:0,(anonymous_8)
FNDA:0,(anonymous_9)
FNDA:0,(anonymous_10)
FNDA:0,(anonymous_11)
FNDA:0,(anonymous_12)
DA:1,1
DA:15,1
DA:16,1
DA:17,1
DA:25,1
DA:26,1
DA:27,1
DA:28,1
DA:29,1
DA:30,1
DA:31,1
DA:38,1
DA:40,0
DA:41,0
DA:42,0
DA:50,1
DA:52,0
DA:60,1
DA:65,0
DA:66,0
DA:69,0
DA:77,1
DA:82,0
DA:90,1
DA:94,0
DA:95,0
DA:98,0
DA:106,1
DA:110,0
DA:112,0
DA:120,1
DA:124,0
DA:125,0
DA:128,0
DA:136,1
DA:141,0
DA:142,0
DA:145,0
DA:153,1
DA:158,0
DA:159,0
DA:162,0
LF:42
LH:20
BRDA:65,0,0,0
BRDA:65,0,1,0
BRDA:94,1,0,0
BRDA:94,1,1,0
BRDA:124,2,0,0
BRDA:124,2,1,0
BRDA:141,3,0,0
BRDA:141,3,1,0
BRDA:158,4,0,0
BRDA:158,4,1,0
BRDA:50,5,0,1
BRDA:50,5,1,0
BRDA:50,6,0,1
BRDA:50,6,1,1
BRDA:50,7,0,1
BRDA:50,7,1,0
BRDA:50,8,0,1
BRDA:50,8,1,1
BRDA:62,9,0,0
BRDA:62,9,1,1
BRDA:62,10,0,1
BRDA:62,10,1,0
BRDA:62,11,0,1
BRDA:62,11,1,0
BRDA:62,12,0,1
BRDA:62,12,1,1
BRDA:64,13,0,1
BRDA:64,13,1,0
BRDA:64,14,0,1
BRDA:64,14,1,1
BRDA:79,15,0,1
BRDA:79,15,1,0
BRDA:79,16,0,1
BRDA:79,16,1,1
BRDA:80,17,0,1
BRDA:80,17,1,0
BRDA:80,18,0,1
BRDA:80,18,1,1
BRDA:92,19,0,0
BRDA:92,19,1,1
BRDA:92,20,0,1
BRDA:92,20,1,0
BRDA:93,21,0,1
BRDA:93,21,1,0
BRDA:93,22,0,1
BRDA:93,22,1,1
BRDA:109,23,0,1
BRDA:109,23,1,0
BRDA:109,24,0,1
BRDA:109,24,1,1
BRDA:122,25,0,0
BRDA:122,25,1,1
BRDA:122,26,0,1
BRDA:122,26,1,0
BRDA:123,27,0,1
BRDA:123,27,1,0
BRDA:123,28,0,1
BRDA:123,28,1,1
BRDA:138,29,0,0
BRDA:138,29,1,1
BRDA:138,30,0,1
BRDA:138,30,1,0
BRDA:138,31,0,1
BRDA:138,31,1,0
BRDA:138,32,0,1
BRDA:138,32,1,1
BRDA:140,33,0,1
BRDA:140,33,1,0
BRDA:140,34,0,1
BRDA:140,34,1,1
BRDA:155,35,0,0
BRDA:155,35,1,1
BRDA:155,36,0,1
BRDA:155,36,1,0
BRDA:155,37,0,1
BRDA:155,37,1,0
BRDA:155,38,0,1
BRDA:155,38,1,1
BRDA:157,39,0,1
BRDA:157,39,1,0
BRDA:157,40,0,1
BRDA:157,40,1,1
BRDA:40,41,0,1
BRDA:40,41,1,0
BRDA:40,42,0,1
BRDA:40,42,1,1
BRDA:40,43,0,1
BRDA:40,43,1,0
BRDA:40,44,0,1
BRDA:40,44,1,1
BRDA:41,45,0,1
BRDA:41,45,1,0
BRDA:41,46,0,1
BRDA:41,46,1,1
BRF:94
BRH:58
end_of_record
TN:
SF:src/employees/controllers/index.ts
FNF:0
FNH:0
DA:1,1
DA:2,1
DA:3,1
DA:4,1
DA:5,1
LF:5
LH:5
BRF:0
BRH:0
end_of_record
TN:
SF:src/employees/dto/acl.dto.ts
FNF:0
FNH:0
DA:2,1
DA:4,1
DA:7,1
DA:11,1
DA:15,1
DA:18,1
DA:22,1
LF:7
LH:7
BRF:0
BRH:0
end_of_record
TN:
SF:src/employees/dto/employee-listing.dto.ts
FN:11,anonymous_2
FN:37,anonymous_3
FN:50,anonymous_4
FN:14,anonymous_5
FN:19,anonymous_6
FN:24,anonymous_7
FN:29,anonymous_8
FN:34,anonymous_9
FNF:8
FNH:8
FNDA:0,(anonymous_2)
FNDA:0,(anonymous_3)
FNDA:0,(anonymous_4)
FNDA:0,(anonymous_5)
FNDA:0,(anonymous_6)
FNDA:0,(anonymous_7)
FNDA:0,(anonymous_8)
FNDA:0,(anonymous_9)
DA:1,1
DA:2,1
DA:3,1
DA:11,1
DA:14,1
DA:15,1
DA:19,1
DA:20,1
DA:24,1
DA:25,1
DA:29,1
DA:30,1
DA:34,1
DA:35,1
DA:37,1
DA:40,1
DA:41,1
DA:42,1
DA:43,1
DA:47,1
DA:50,1
DA:53,1
DA:54,1
DA:55,1
DA:59,1
LF:25
LH:25
BRF:4
BRH:4
end_of_record
TN:
SF:src/employees/dto/group-listing.dto.ts
FN:12,anonymous_2
FN:43,anonymous_3
FN:56,anonymous_4
FN:68,anonymous_5
FN:75,anonymous_6
FN:77,anonymous_7
FN:15,anonymous_8
FN:20,anonymous_9
FN:25,anonymous_10
FN:30,anonymous_11
FN:35,anonymous_12
FN:40,anonymous_13
FNF:12
FNH:12
FNDA:0,(anonymous_2)
FNDA:0,(anonymous_3)
FNDA:0,(anonymous_4)
FNDA:0,(anonymous_5)
FNDA:0,(anonymous_6)
FNDA:0,(anonymous_7)
FNDA:0,(anonymous_8)
FNDA:0,(anonymous_9)
FNDA:0,(anonymous_10)
FNDA:0,(anonymous_11)
FNDA:0,(anonymous_12)
FNDA:0,(anonymous_13)
DA:1,1
DA:2,1
DA:3,1
DA:12,1
DA:15,1
DA:16,1
DA:20,1
DA:21,1
DA:25,1
DA:26,1
DA:30,1
DA:31,1
DA:35,1
DA:36,1
DA:40,1
DA:41,1
DA:43,1
DA:46,1
DA:47,1
DA:48,1
DA:49,1
DA:53,1
DA:56,1
DA:59,1
DA:60,1
DA:61,1
DA:65,1
DA:68,1
DA:71,1
DA:72,1
DA:74,1
DA:75,1
DA:76,1
DA:77,1
DA:78,1
DA:80,1
DA:83,1
LF:37
LH:37
BRF:6
BRH:6
end_of_record
TN:
SF:src/employees/dto/index.ts
FNF:0
FNH:0
DA:1,1
DA:2,1
DA:3,1
LF:3
LH:3
BRF:0
BRH:0
end_of_record
TN:
SF:src/employees/dto/employees/address.dto.ts
FNF:0
FNH:0
DA:1,1
DA:3,1
DA:6,1
DA:10,1
DA:14,1
DA:18,1
DA:22,1
LF:7
LH:7
BRF:0
BRH:0
end_of_record
TN:
SF:src/employees/dto/employees/bulk-employee-create-row.dto.ts
FN:15,anonymous_2
FN:26,anonymous_3
FNF:2
FNH:2
FNDA:0,(anonymous_2)
FNDA:0,(anonymous_3)
DA:1,1
DA:2,1
DA:11,1
DA:13,1
DA:15,1
DA:26,1
DA:27,1
DA:31,1
DA:35,1
DA:39,1
DA:43,1
DA:49,1
DA:55,1
DA:60,1
DA:65,1
DA:69,1
DA:74,1
DA:79,1
DA:84,1
DA:89,1
DA:94,1
DA:99,1
DA:104,1
DA:109,1
DA:113,1
LF:25
LH:25
BRF:8
BRH:8
end_of_record
TN:
SF:src/employees/dto/employees/bulk-employees-create-row.dto.ts
FNF:0
FNH:0
DA:1,1
DA:2,1
DA:7,1
DA:9,1
DA:17,1
LF:5
LH:5
BRF:0
BRH:0
end_of_record
TN:
SF:src/employees/dto/employees/create-employee-for-business.dto.ts
FNF:0
FNH:0
DA:1,1
DA:2,1
DA:6,1
DA:8,1
DA:11,1
LF:5
LH:5
BRF:0
BRH:0
end_of_record
TN:
SF:src/employees/dto/employees/create-employee.dto.ts
FN:21,anonymous_2
FN:32,anonymous_3
FNF:2
FNH:2
FNDA:0,(anonymous_2)
FNDA:0,(anonymous_3)
DA:1,1
DA:2,1
DA:15,1
DA:18,1
DA:19,1
DA:21,1
DA:32,1
DA:33,1
DA:36,1
DA:39,1
DA:43,1
DA:46,1
DA:51,1
DA:56,1
DA:64,1
DA:68,1
DA:71,1
DA:76,1
DA:81,1
DA:86,1
DA:90,1
DA:94,1
LF:22
LH:22
BRF:12
BRH:12
end_of_record
TN:
SF:src/employees/dto/employees/employees.dto.ts
FNF:0
FNH:0
DA:1,1
DA:2,1
DA:4,1
DA:8,1
LF:4
LH:4
BRF:0
BRH:0
end_of_record
TN:
SF:src/employees/dto/employees/index.ts
FNF:0
FNH:0
DA:1,1
DA:2,1
DA:3,1
DA:4,1
DA:5,1
DA:6,1
DA:7,1
DA:8,1
DA:9,1
DA:10,1
LF:10
LH:10
BRF:0
BRH:0
end_of_record
TN:
SF:src/employees/dto/employees/update-employee.dto.ts
FN:67,anonymous_2
FNF:1
FNH:1
FNDA:0,(anonymous_2)
DA:1,1
DA:3,1
DA:14,1
DA:16,1
DA:18,1
DA:20,1
DA:24,1
DA:29,1
DA:36,1
DA:40,1
DA:45,1
DA:50,1
DA:55,1
DA:67,1
DA:68,1
DA:71,1
DA:74,1
DA:77,1
DA:82,1
LF:19
LH:19
BRF:12
BRH:12
end_of_record
TN:
SF:src/employees/dto/groups/add-group.dto.ts
FNF:0
FNH:0
DA:1,1
DA:2,1
DA:7,1
DA:11,1
DA:16,1
DA:20,1
LF:6
LH:6
BRF:0
BRH:0
end_of_record
TN:
SF:src/employees/dto/groups/group-filter.dto.ts
FN:8,anonymous_2
FNF:1
FNH:1
FNDA:0,(anonymous_2)
DA:1,1
DA:2,1
DA:3,1
DA:5,1
DA:8,1
DA:9,1
LF:6
LH:6
BRF:6
BRH:6
end_of_record
TN:
SF:src/employees/dto/groups/index.ts
FNF:0
FNH:0
DA:1,1
DA:2,1
DA:3,1
DA:4,1
DA:5,1
LF:5
LH:5
BRF:0
BRH:0
end_of_record
TN:
SF:src/employees/dto/groups/patch-group.dto.ts
FNF:0
FNH:0
DA:1,1
DA:3,1
DA:8,1
DA:12,1
DA:16,1
LF:5
LH:5
BRF:0
BRH:0
end_of_record
TN:
SF:src/employees/enum/index.ts
FNF:0
FNH:0
DA:1,1
DA:2,1
DA:3,1
DA:4,1
DA:5,1
DA:6,1
LF:6
LH:6
BRF:0
BRH:0
end_of_record
TN:
SF:src/employees/enum/invite-conflict-resolution.enum.ts
FN:1,anonymous_2
FNF:1
FNH:1
FNDA:1,(anonymous_0)
DA:1,1
DA:2,1
DA:3,1
DA:4,1
LF:4
LH:4
BRF:2
BRH:2
end_of_record
TN:
SF:src/employees/enum/positions.enum.ts
FN:1,anonymous_2
FNF:1
FNH:1
FNDA:1,(anonymous_0)
DA:1,1
DA:2,1
DA:3,1
DA:4,1
DA:5,1
DA:6,1
DA:7,1
LF:7
LH:7
BRF:2
BRH:2
end_of_record
TN:
SF:src/employees/enum/rabbit-channels.enum.ts
FN:1,anonymous_2
FNF:1
FNH:1
FNDA:1,(anonymous_0)
DA:1,1
DA:2,1
LF:2
LH:2
BRF:2
BRH:2
end_of_record
TN:
SF:src/employees/enum/rabbit-exchanges.enum.ts
FN:1,anonymous_2
FNF:1
FNH:1
FNDA:1,(anonymous_0)
DA:1,1
DA:2,1
DA:3,1
LF:3
LH:3
BRF:2
BRH:2
end_of_record
TN:
SF:src/employees/enum/rabbit-messages.enum.ts
FN:1,anonymous_2
FNF:1
FNH:1
FNDA:1,(anonymous_0)
DA:1,1
DA:2,1
DA:3,1
DA:4,1
DA:5,1
DA:6,1
DA:7,1
DA:8,1
DA:9,1
DA:10,1
DA:11,1
DA:12,1
DA:13,1
DA:14,1
DA:15,1
DA:16,1
DA:18,1
DA:19,1
DA:20,1
DA:21,1
DA:22,1
DA:23,1
LF:22
LH:22
BRF:2
BRH:2
end_of_record
TN:
SF:src/employees/enum/status.enum.ts
FN:1,anonymous_2
FNF:1
FNH:1
FNDA:1,(anonymous_0)
DA:1,1
DA:2,1
DA:3,1
DA:4,1
DA:5,1
LF:5
LH:5
BRF:2
BRH:2
end_of_record
TN:
SF:src/employees/interfaces/index.ts
FNF:0
FNH:0
DA:1,1
DA:2,1
DA:3,1
DA:4,1
DA:5,1
DA:6,1
DA:7,1
DA:8,1
DA:9,1
DA:10,1
DA:11,1
DA:12,1
LF:12
LH:12
BRF:0
BRH:0
end_of_record
TN:
SF:src/employees/interfaces/user.model.ts
FNF:0
FNH:0
DA:4,1
LF:1
LH:1
BRF:0
BRH:0
end_of_record
TN:
SF:src/employees/producer/event.producer.ts
FN:6,anonymous_2
FN:8,anonymous_3
FNF:2
FNH:2
FNDA:0,(anonymous_2)
FNDA:0,(anonymous_3)
DA:1,1
DA:2,1
DA:5,1
DA:6,1
DA:9,1
LF:5
LH:5
BRF:4
BRH:4
end_of_record
TN:
SF:src/employees/producer/index.ts
FNF:0
FNH:0
DA:1,1
LF:1
LH:1
BRF:0
BRH:0
end_of_record
TN:
SF:src/employees/schemas/employee.schema.ts
FN:62,anonymous_2
FNF:1
FNH:1
FNDA:0,(anonymous_0)
DA:1,1
DA:2,1
DA:3,1
DA:4,1
DA:6,1
DA:25,1
DA:27,1
DA:62,1
DA:63,1
DA:64,1
DA:67,1
LF:11
LH:11
BRF:4
BRH:4
end_of_record
TN:
SF:src/employees/schemas/group.schema.ts
FNF:0
FNH:0
DA:1,1
DA:2,1
DA:3,1
DA:4,1
DA:5,1
DA:7,1
DA:9,1
LF:7
LH:7
BRF:0
BRH:0
end_of_record
TN:
SF:src/employees/schemas/index.ts
FNF:0
FNH:0
DA:1,1
DA:2,1
DA:3,1
LF:3
LH:3
BRF:0
BRH:0
end_of_record
TN:
SF:src/employees/schemas/user.schema.ts
FNF:0
FNH:0
DA:1,1
DA:2,1
DA:4,1
DA:6,1
LF:4
LH:4
BRF:0
BRH:0
end_of_record
TN:
SF:src/employees/services/employee.service.ts
FN:17,anonymous_2
FN:24,anonymous_3
FN:28,anonymous_4
FN:32,anonymous_5
FN:103,anonymous_6
FN:112,anonymous_7
FN:138,anonymous_8
FN:142,anonymous_9
FN:173,anonymous_10
FN:190,anonymous_11
FN:198,anonymous_12
FN:202,anonymous_13
FN:214,anonymous_14
FN:219,anonymous_15
FN:237,anonymous_16
FN:251,anonymous_17
FN:258,anonymous_18
FNF:17
FNH:17
FNDA:0,(anonymous_4)
FNDA:0,(anonymous_5)
FNDA:0,(anonymous_6)
FNDA:0,(anonymous_7)
FNDA:0,(anonymous_8)
FNDA:0,(anonymous_9)
FNDA:0,(anonymous_10)
FNDA:0,(anonymous_11)
FNDA:0,(anonymous_12)
FNDA:0,(anonymous_13)
FNDA:0,(anonymous_14)
FNDA:0,(anonymous_15)
FNDA:0,(anonymous_16)
FNDA:0,(anonymous_17)
FNDA:0,(anonymous_18)
FNDA:0,(anonymous_19)
FNDA:0,(anonymous_20)
DA:1,1
DA:2,1
DA:3,1
DA:6,1
DA:11,1
DA:12,1
DA:13,1
DA:16,1
DA:18,1
DA:19,1
DA:20,1
DA:21,1
DA:25,1
DA:29,1
DA:40,1
DA:76,1
DA:77,1
DA:78,1
DA:88,1
DA:89,1
DA:91,1
DA:92,1
DA:93,1
DA:94,1
DA:95,1
DA:96,1
DA:97,1
DA:99,1
DA:104,1
DA:114,1
DA:122,1
DA:135,1
DA:139,1
DA:149,1
DA:152,1
DA:161,1
DA:162,1
DA:163,1
DA:164,1
DA:166,1
DA:174,1
DA:183,1
DA:191,1
DA:193,1
DA:194,1
DA:197,1
DA:198,1
DA:203,1
DA:204,1
DA:205,1
DA:206,1
DA:211,1
DA:215,1
DA:224,1
DA:241,1
DA:252,1
DA:253,1
DA:254,1
DA:255,1
DA:256,1
DA:257,1
DA:258,1
DA:260,1
DA:261,1
DA:270,1
DA:272,1
LF:66
LH:66
BRF:39
BRH:39
end_of_record
TN:
SF:src/employees/services/groups.service.ts
FN:14,anonymous_2
FN:19,anonymous_3
FN:23,anonymous_4
FN:27,anonymous_5
FN:31,anonymous_6
FN:35,anonymous_7
FN:58,anonymous_8
FN:76,anonymous_9
FN:99,anonymous_10
FN:111,anonymous_11
FN:128,anonymous_12
FNF:11
FNH:11
FNDA:0,(anonymous_4)
FNDA:0,(anonymous_5)
FNDA:0,(anonymous_6)
FNDA:0,(anonymous_7)
FNDA:0,(anonymous_8)
FNDA:0,(anonymous_9)
FNDA:0,(anonymous_10)
FNDA:0,(anonymous_11)
FNDA:0,(anonymous_12)
FNDA:0,(anonymous_13)
FNDA:0,(anonymous_14)
DA:1,1
DA:2,1
DA:3,1
DA:5,1
DA:9,1
DA:10,1
DA:13,1
DA:15,1
DA:16,1
DA:20,1
DA:24,1
DA:28,1
DA:32,1
DA:37,1
DA:38,1
DA:39,1
DA:40,1
DA:41,1
DA:42,1
DA:43,1
DA:44,1
DA:47,1
DA:48,1
DA:52,1
DA:59,1
DA:64,1
DA:73,1
DA:77,1
DA:87,1
DA:96,1
DA:100,1
DA:108,1
DA:112,1
DA:121,1
DA:129,1
DA:138,1
LF:36
LH:36
BRF:11
BRH:11
end_of_record
TN:
SF:src/employees/services/index.ts
FNF:0
FNH:0
DA:1,1
DA:2,1
DA:3,1
LF:3
LH:3
BRF:0
BRH:0
end_of_record
TN:
SF:src/employees/services/invitation.service.ts
FN:16,anonymous_2
FN:24,anonymous_3
FN:83,anonymous_4
FN:112,anonymous_5
FN:141,anonymous_6
FN:154,anonymous_7
FN:168,anonymous_8
FN:174,anonymous_9
FN:189,anonymous_10
FN:193,anonymous_11
FNF:10
FNH:10
FNDA:0,(anonymous_4)
FNDA:0,(anonymous_5)
FNDA:0,(anonymous_6)
FNDA:0,(anonymous_7)
FNDA:0,(anonymous_8)
FNDA:0,(anonymous_9)
FNDA:0,(anonymous_10)
FNDA:0,(anonymous_11)
FNDA:0,(anonymous_12)
FNDA:0,(anonymous_13)
DA:1,1
DA:2,1
DA:4,1
DA:7,1
DA:9,1
DA:10,1
DA:12,1
DA:15,1
DA:17,1
DA:18,1
DA:19,1
DA:20,1
DA:21,1
DA:32,1
DA:33,1
DA:36,1
DA:37,1
DA:39,1
DA:41,1
DA:42,1
DA:43,1
DA:45,1
DA:57,1
DA:58,1
DA:59,1
DA:60,1
DA:62,1
DA:64,1
DA:76,1
DA:77,1
DA:80,1
DA:91,1
DA:92,1
DA:94,1
DA:97,1
DA:98,1
DA:100,1
DA:103,1
DA:104,1
DA:107,1
DA:117,1
DA:118,1
DA:119,1
DA:120,1
DA:122,1
DA:124,1
DA:134,1
DA:135,1
DA:138,1
DA:143,1
DA:156,1
DA:173,1
DA:174,1
DA:177,1
DA:178,1
DA:190,1
DA:198,1
DA:199,1
DA:200,1
DA:201,1
DA:202,1
DA:225,1
DA:241,1
LF:63
LH:63
BRF:58
BRH:58
end_of_record
TN:
SF:src/employees/transformers/bulk-create-employee-item-to-create-employee-dto.transformer.ts
FN:9,anonymous_2
FN:41,anonymous_3
FN:74,anonymous_4
FNF:3
FNH:3
FNDA:0,bulkCreateEmployeeItemToCreateEmployeeDtoTransformer
FNDA:0,bulkCreateEmployeesForBusinessesToCreateEmployeeDtoTransformer
FNDA:0,parseAcls
DA:2,1
DA:4,1
DA:6,1
DA:7,1
DA:9,1
DA:13,1
DA:21,1
DA:38,1
DA:41,1
DA:45,1
DA:53,1
DA:71,1
DA:75,1
LF:13
LH:13
BRF:20
BRH:20
end_of_record
TN:
SF:src/employees/transformers/index.ts
FNF:0
FNH:0
DA:1,1
LF:1
LH:1
BRF:0
BRH:0
end_of_record
TN:
SF:src/environments/environment.ts
FN:9,anonymous_2
FNF:1
FNH:1
FNDA:1,(anonymous_0)
DA:1,1
DA:2,1
DA:3,1
DA:5,1
DA:7,1
DA:8,1
DA:9,1
DA:10,1
DA:13,1
LF:9
LH:9
BRF:10
BRH:10
end_of_record
TN:
SF:src/environments/index.ts
FNF:0
FNH:0
DA:1,1
LF:1
LH:1
BRF:0
BRH:0
end_of_record
TN:
SF:src/legal-document/index.ts
FNF:0
FNH:0
DA:1,1
LF:1
LH:1
BRF:0
BRH:0
end_of_record
TN:
SF:src/legal-document/legal-document.module.ts
FNF:0
FNH:0
DA:1,1
DA:2,1
DA:4,1
DA:5,1
DA:6,1
DA:7,1
DA:8,1
DA:9,1
DA:32,1
LF:9
LH:9
BRF:0
BRH:0
end_of_record
TN:
SF:src/legal-document/controllers/business-legal-documents.controller.ts
FN:18,(anonymous_4)
FN:39,(anonymous_5)
FN:61,(anonymous_6)
FNF:3
FNH:0
FNDA:0,(anonymous_4)
FNDA:0,(anonymous_5)
FNDA:0,(anonymous_6)
DA:1,1
DA:2,1
DA:3,1
DA:4,1
DA:5,1
DA:6,1
DA:7,1
DA:8,1
DA:9,1
DA:10,1
DA:16,1
DA:19,0
DA:20,0
DA:21,0
DA:39,1
DA:44,0
DA:61,1
DA:73,0
DA:74,0
DA:77,0
LF:20
LH:13
BRDA:73,0,0,0
BRDA:73,0,1,0
BRDA:40,1,0,0
BRDA:40,1,1,1
BRDA:40,2,0,1
BRDA:40,2,1,0
BRDA:40,3,0,0
BRDA:40,3,1,1
BRDA:40,4,0,1
BRDA:40,4,1,1
BRDA:41,5,0,1
BRDA:41,5,1,0
BRDA:41,6,0,1
BRDA:41,6,1,1
BRDA:43,7,0,1
BRDA:43,7,1,0
BRDA:43,8,0,1
BRDA:43,8,1,1
BRDA:62,9,0,0
BRDA:62,9,1,1
BRDA:62,10,0,1
BRDA:62,10,1,0
BRDA:62,11,0,0
BRDA:62,11,1,1
BRDA:62,12,0,1
BRDA:62,12,1,0
BRDA:70,13,0,0
BRDA:70,13,1,1
BRDA:70,14,0,1
BRDA:70,14,1,1
BRDA:72,15,0,1
BRDA:72,15,1,0
BRDA:72,16,0,1
BRDA:72,16,1,1
BRDA:19,17,0,1
BRDA:19,17,1,0
BRDA:19,18,0,1
BRDA:19,18,1,1
BRDA:19,19,0,1
BRDA:19,19,1,0
BRDA:19,20,0,1
BRDA:19,20,1,1
BRDA:20,21,0,1
BRDA:20,21,1,0
BRDA:20,22,0,1
BRDA:20,22,1,1
BRF:46
BRH:30
end_of_record
TN:
SF:src/legal-document/controllers/index.ts
FNF:0
FNH:0
DA:1,1
LF:1
LH:1
BRF:0
BRH:0
end_of_record
TN:
SF:src/legal-document/converters/app-name.converter.ts
FN:2,anonymous_2
FNF:1
FNH:1
FNDA:0,(anonymous_0)
DA:1,1
DA:3,1
DA:4,1
DA:7,1
LF:4
LH:4
BRF:2
BRH:2
end_of_record
TN:
SF:src/legal-document/converters/index.ts
FNF:0
FNH:0
DA:1,1
LF:1
LH:1
BRF:0
BRH:0
end_of_record
TN:
SF:src/legal-document/dto/business-legal-document.dto.ts
FN:9,anonymous_2
FNF:1
FNH:1
FNDA:0,(anonymous_2)
DA:1,1
DA:2,1
DA:3,1
DA:4,1
DA:6,1
DA:9,1
DA:10,1
LF:7
LH:7
BRF:0
BRH:0
end_of_record
TN:
SF:src/legal-document/dto/index.ts
FNF:0
FNH:0
DA:1,1
LF:1
LH:1
BRF:0
BRH:0
end_of_record
TN:
SF:src/legal-document/enums/business-legal-document-events.enum.ts
FN:1,anonymous_2
FNF:1
FNH:1
FNDA:1,(anonymous_0)
DA:1,1
DA:2,1
LF:2
LH:2
BRF:2
BRH:2
end_of_record
TN:
SF:src/legal-document/enums/index.ts
FNF:0
FNH:0
DA:1,1
LF:1
LH:1
BRF:0
BRH:0
end_of_record
TN:
SF:src/legal-document/event-listeners/business-information-requested.listener.ts
FN:9,anonymous_2
FN:14,anonymous_3
FNF:2
FNH:2
FNDA:0,(anonymous_2)
FNDA:0,(anonymous_3)
DA:1,1
DA:2,1
DA:3,1
DA:4,1
DA:5,1
DA:8,1
DA:10,1
DA:14,1
DA:18,1
LF:9
LH:9
BRF:12
BRH:12
end_of_record
TN:
SF:src/legal-document/event-listeners/business-legal-document.listener.ts
FN:11,anonymous_2
FN:17,anonymous_3
FNF:2
FNH:2
FNDA:0,(anonymous_2)
FNDA:0,(anonymous_3)
DA:1,1
DA:2,1
DA:3,1
DA:4,1
DA:5,1
DA:6,1
DA:10,1
DA:12,1
DA:13,1
DA:17,1
DA:18,1
DA:19,1
DA:23,1
LF:13
LH:13
BRF:16
BRH:16
end_of_record
TN:
SF:src/legal-document/event-listeners/index.ts
FNF:0
FNH:0
DA:1,1
DA:2,1
LF:2
LH:2
BRF:0
BRH:0
end_of_record
TN:
SF:src/legal-document/models/index.ts
FNF:0
FNH:0
DA:1,1
LF:1
LH:1
BRF:0
BRH:0
end_of_record
TN:
SF:src/legal-document/notifiers/business-legal-documents.notifier.ts
FN:10,anonymous_2
FN:15,anonymous_3
FN:38,anonymous_4
FNF:3
FNH:3
FNDA:0,(anonymous_2)
FNDA:0,(anonymous_3)
FNDA:0,(anonymous_4)
DA:1,1
DA:3,1
DA:4,1
DA:5,1
DA:8,1
DA:11,1
DA:12,1
DA:19,1
DA:20,1
DA:23,1
DA:24,1
DA:42,1
DA:43,1
LF:13
LH:13
BRF:10
BRH:10
end_of_record
TN:
SF:src/legal-document/notifiers/index.ts
FNF:0
FNH:0
DA:1,1
LF:1
LH:1
BRF:0
BRH:0
end_of_record
TN:
SF:src/legal-document/schema/business-legal-document.schema.ts
FNF:0
FNH:0
DA:1,1
DA:2,1
DA:3,1
DA:4,1
DA:6,1
DA:7,1
LF:6
LH:6
BRF:0
BRH:0
end_of_record
TN:
SF:src/legal-document/schema/index.ts
FNF:0
FNH:0
DA:1,1
LF:1
LH:1
BRF:0
BRH:0
end_of_record
TN:
SF:src/legal-document/services/business-legal-document.service.ts
FN:13,anonymous_2
FN:18,anonymous_3
FN:45,anonymous_4
FNF:3
FNH:3
FNDA:0,(anonymous_4)
FNDA:0,(anonymous_5)
FNDA:0,(anonymous_6)
DA:1,1
DA:2,1
DA:4,1
DA:5,1
DA:7,1
DA:9,1
DA:12,1
DA:14,1
DA:15,1
DA:23,1
DA:40,1
DA:42,1
DA:46,1
LF:13
LH:13
BRF:8
BRH:8
end_of_record
TN:
SF:src/legal-document/services/index.ts
FNF:0
FNH:0
DA:1,1
LF:1
LH:1
BRF:0
BRH:0
end_of_record
TN:
SF:src/user/index.ts
FNF:0
FNH:0
DA:1,1
DA:2,1
DA:3,1
DA:4,1
DA:5,1
DA:6,1
DA:7,1
DA:8,1
LF:8
LH:8
BRF:0
BRH:0
end_of_record
TN:
SF:src/user/user.module.ts
FNF:0
FNH:0
DA:1,1
DA:2,1
DA:3,1
DA:4,1
DA:5,1
DA:6,1
DA:7,1
DA:15,1
DA:23,1
DA:32,1
DA:41,1
DA:42,1
DA:43,1
DA:61,1
DA:65,1
DA:76,1
DA:77,1
DA:78,1
DA:194,1
LF:19
LH:19
BRF:0
BRH:0
end_of_record
TN:
SF:src/user/commands/business-export.command.ts
FN:12,anonymous_2
FN:27,anonymous_3
FN:74,anonymous_4
FN:95,anonymous_5
FN:114,anonymous_6
FN:125,anonymous_7
FN:139,anonymous_8
FNF:7
FNH:7
FNDA:0,(anonymous_4)
FNDA:0,(anonymous_5)
FNDA:0,(anonymous_6)
FNDA:0,(anonymous_7)
FNDA:0,(anonymous_8)
FNDA:0,(anonymous_9)
FNDA:0,(anonymous_10)
DA:1,1
DA:2,1
DA:3,1
DA:4,1
DA:6,1
DA:7,1
DA:8,1
DA:11,1
DA:14,1
DA:16,1
DA:17,1
DA:18,1
DA:19,1
DA:20,1
DA:27,1
DA:31,1
DA:32,1
DA:33,1
DA:34,1
DA:37,1
DA:39,1
DA:40,1
DA:41,1
DA:42,1
DA:44,1
DA:45,1
DA:51,1
DA:52,1
DA:53,1
DA:55,1
DA:56,1
DA:57,1
DA:59,1
DA:60,1
DA:61,1
DA:63,1
DA:66,1
DA:74,1
DA:80,1
DA:81,1
DA:82,1
DA:83,1
DA:85,1
DA:95,1
DA:100,1
DA:101,1
DA:102,1
DA:103,1
DA:104,1
DA:105,1
DA:106,1
DA:107,1
DA:108,1
DA:109,1
DA:112,1
DA:119,1
DA:126,1
DA:127,1
DA:128,1
DA:130,1
DA:131,1
DA:133,1
DA:136,1
DA:140,1
LF:64
LH:64
BRF:57
BRH:57
end_of_record
TN:
SF:src/user/commands/business-owner-migrate.command.ts
FN:11,anonymous_2
FN:21,anonymous_3
FN:51,anonymous_4
FN:62,anonymous_5
FNF:4
FNH:4
FNDA:0,(anonymous_4)
FNDA:0,(anonymous_5)
FNDA:0,(anonymous_6)
FNDA:0,(anonymous_7)
DA:1,1
DA:2,1
DA:3,1
DA:4,1
DA:6,1
DA:7,1
DA:10,1
DA:13,1
DA:14,1
DA:21,1
DA:27,1
DA:28,1
DA:29,1
DA:30,1
DA:33,1
DA:35,1
DA:36,1
DA:37,1
DA:38,1
DA:40,1
DA:41,1
DA:42,1
DA:44,1
DA:45,1
DA:55,1
DA:63,1
LF:26
LH:26
BRF:16
BRH:16
end_of_record
TN:
SF:src/user/commands/check-assigned-images.command.ts
FN:13,anonymous_2
FN:21,anonymous_3
FN:31,anonymous_4
FN:53,anonymous_5
FN:72,anonymous_6
FN:90,anonymous_7
FNF:6
FNH:6
FNDA:0,(anonymous_2)
FNDA:0,(anonymous_3)
FNDA:0,(anonymous_4)
FNDA:0,(anonymous_5)
FNDA:0,(anonymous_6)
FNDA:0,(anonymous_7)
DA:1,1
DA:2,1
DA:4,1
DA:7,1
DA:8,1
DA:11,1
DA:14,1
DA:15,1
DA:16,1
DA:17,1
DA:21,1
DA:22,1
DA:24,1
DA:25,1
DA:27,1
DA:28,1
DA:32,1
DA:33,1
DA:34,1
DA:35,1
DA:37,1
DA:38,1
DA:41,1
DA:43,1
DA:44,1
DA:47,1
DA:50,1
DA:54,1
DA:55,1
DA:56,1
DA:57,1
DA:58,1
DA:59,1
DA:61,1
DA:62,1
DA:63,1
DA:66,1
DA:69,1
DA:73,1
DA:74,1
DA:76,1
DA:86,1
DA:93,1
DA:94,1
DA:104,1
DA:107,1
DA:108,1
DA:118,1
LF:48
LH:48
BRF:34
BRH:34
end_of_record
TN:
SF:src/user/commands/fill-default-language-for-business.command.ts
FN:8,anonymous_2
FN:14,anonymous_3
FNF:2
FNH:2
FNDA:0,(anonymous_2)
FNDA:0,(anonymous_3)
DA:1,1
DA:2,1
DA:4,1
DA:7,1
DA:9,1
DA:10,1
DA:14,1
DA:15,1
DA:16,1
DA:18,1
DA:19,1
DA:20,1
DA:21,1
DA:24,1
DA:25,1
DA:27,1
DA:28,1
DA:40,1
LF:18
LH:18
BRF:18
BRH:18
end_of_record
TN:
SF:src/user/commands/index.ts
FNF:0
FNH:0
DA:1,1
DA:2,1
DA:3,1
DA:4,1
DA:5,1
DA:6,1
LF:6
LH:6
BRF:0
BRH:0
end_of_record
TN:
SF:src/user/commands/user-es-export.command.ts
FN:13,anonymous_2
FN:21,anonymous_3
FNF:2
FNH:2
FNDA:0,(anonymous_4)
FNDA:0,(anonymous_5)
DA:1,1
DA:2,1
DA:3,1
DA:5,1
DA:6,1
DA:7,1
DA:9,1
DA:12,1
DA:14,1
DA:15,1
DA:16,1
DA:21,1
DA:22,1
DA:23,1
DA:25,1
DA:26,1
DA:27,1
DA:30,1
DA:32,1
DA:33,1
DA:36,1
DA:37,1
DA:38,1
DA:43,1
DA:48,1
DA:49,1
DA:52,1
LF:27
LH:27
BRF:18
BRH:18
end_of_record
TN:
SF:src/user/commands/user-export.command.ts
FN:11,anonymous_2
FN:17,anonymous_3
FNF:2
FNH:2
FNDA:0,(anonymous_11)
FNDA:0,(anonymous_12)
DA:1,1
DA:2,1
DA:3,1
DA:4,1
DA:6,1
DA:7,1
DA:10,1
DA:12,1
DA:13,1
DA:17,1
DA:23,1
DA:24,1
DA:26,1
DA:29,1
DA:34,1
DA:35,1
DA:37,1
DA:40,1
DA:41,1
DA:42,1
DA:43,1
LF:21
LH:21
BRF:14
BRH:14
end_of_record
TN:
SF:src/user/constants/constants.ts
FNF:0
FNH:0
DA:1,1
DA:11,1
DA:13,1
DA:22,1
DA:23,1
DA:24,1
DA:25,1
DA:26,1
DA:27,1
DA:28,1
DA:29,1
LF:11
LH:11
BRF:0
BRH:0
end_of_record
TN:
SF:src/user/constants/index.ts
FNF:0
FNH:0
DA:1,1
LF:1
LH:1
BRF:0
BRH:0
end_of_record
TN:
SF:src/user/consumers/business-rpc.consumer.ts
FN:13,anonymous_2
FN:25,anonymous_3
FN:67,anonymous_4
FNF:3
FNH:3
FNDA:0,(anonymous_2)
FNDA:0,(anonymous_3)
FNDA:0,(anonymous_4)
DA:1,1
DA:2,1
DA:4,1
DA:6,1
DA:7,1
DA:8,1
DA:12,1
DA:14,1
DA:15,1
DA:16,1
DA:17,1
DA:18,1
DA:19,1
DA:25,1
DA:26,1
DA:40,1
DA:41,1
DA:42,1
DA:45,1
DA:46,1
DA:48,1
DA:50,1
DA:51,1
DA:54,1
DA:61,1
DA:67,1
DA:68,1
DA:69,1
DA:70,1
DA:73,1
DA:75,1
DA:76,1
DA:77,1
DA:80,1
LF:34
LH:34
BRF:54
BRH:54
end_of_record
TN:
SF:src/user/consumers/business.consumer.ts
FN:15,anonymous_2
FN:26,anonymous_3
FN:36,anonymous_4
FN:46,anonymous_5
FNF:4
FNH:4
FNDA:0,(anonymous_4)
FNDA:0,(anonymous_5)
FNDA:0,(anonymous_6)
FNDA:0,(anonymous_7)
DA:1,1
DA:2,1
DA:3,1
DA:4,1
DA:6,1
DA:8,1
DA:9,1
DA:10,1
DA:14,1
DA:16,1
DA:17,1
DA:18,1
DA:19,1
DA:26,1
DA:27,1
DA:28,1
DA:29,1
DA:36,1
DA:37,1
DA:38,1
DA:39,1
DA:46,1
DA:52,1
DA:53,1
DA:55,1
DA:56,1
DA:58,1
LF:27
LH:27
BRF:40
BRH:40
end_of_record
TN:
SF:src/user/consumers/business.reports.consumer.ts
FN:12,anonymous_2
FN:21,anonymous_3
FNF:2
FNH:2
FNDA:0,(anonymous_2)
FNDA:0,(anonymous_3)
DA:1,1
DA:2,1
DA:3,1
DA:4,1
DA:7,1
DA:8,1
DA:11,1
DA:13,1
DA:14,1
DA:15,1
DA:21,1
DA:22,1
DA:24,1
DA:26,1
DA:27,1
DA:28,1
DA:30,1
DA:31,1
DA:32,1
DA:33,1
DA:40,1
DA:48,1
LF:22
LH:22
BRF:26
BRH:26
end_of_record
TN:
SF:src/user/consumers/commerceos.consumer.ts
FN:8,anonymous_2
FN:16,anonymous_3
FN:24,anonymous_4
FNF:3
FNH:3
FNDA:0,(anonymous_2)
FNDA:0,(anonymous_3)
FNDA:0,(anonymous_4)
DA:1,1
DA:2,1
DA:3,1
DA:4,1
DA:7,1
DA:9,1
DA:10,1
DA:16,1
DA:17,1
DA:18,1
DA:24,1
DA:25,1
DA:26,1
LF:13
LH:13
BRF:24
BRH:24
end_of_record
TN:
SF:src/user/consumers/index.ts
FNF:0
FNH:0
DA:1,1
DA:2,1
DA:3,1
DA:4,1
DA:5,1
DA:6,1
DA:7,1
LF:7
LH:7
BRF:0
BRH:0
end_of_record
TN:
SF:src/user/consumers/user-rpc.consumer.ts
FN:16,anonymous_2
FN:25,anonymous_3
FNF:2
FNH:2
FNDA:0,(anonymous_2)
FNDA:0,(anonymous_3)
DA:1,1
DA:2,1
DA:4,1
DA:5,1
DA:8,1
DA:9,1
DA:10,1
DA:15,1
DA:17,1
DA:18,1
DA:25,1
DA:28,1
DA:30,1
DA:32,1
DA:48,1
DA:49,1
DA:56,1
LF:17
LH:17
BRF:24
BRH:24
end_of_record
TN:
SF:src/user/consumers/user.consumer.ts
FN:10,anonymous_2
FN:18,anonymous_3
FN:31,anonymous_4
FNF:3
FNH:3
FNDA:0,(anonymous_2)
FNDA:0,(anonymous_3)
FNDA:0,(anonymous_4)
DA:1,1
DA:2,1
DA:4,1
DA:5,1
DA:6,1
DA:9,1
DA:11,1
DA:18,1
DA:20,1
DA:31,1
DA:32,1
LF:11
LH:11
BRF:16
BRH:16
end_of_record
TN:
SF:src/user/consumers/wallpaper.consumer.ts
FN:10,anonymous_2
FN:18,anonymous_3
FN:26,anonymous_4
FN:34,anonymous_5
FNF:4
FNH:4
FNDA:0,(anonymous_2)
FNDA:0,(anonymous_3)
FNDA:0,(anonymous_4)
FNDA:0,(anonymous_5)
DA:1,1
DA:2,1
DA:4,1
DA:5,1
DA:6,1
DA:9,1
DA:11,1
DA:18,1
DA:19,1
DA:26,1
DA:27,1
DA:34,1
DA:35,1
LF:13
LH:13
BRF:28
BRH:28
end_of_record
TN:
SF:src/user/controllers/admin-business.controller.ts
FN:41,(anonymous_4)
FN:61,(anonymous_5)
FN:80,(anonymous_6)
FN:95,(anonymous_7)
FN:118,(anonymous_8)
FN:139,(anonymous_9)
FNF:6
FNH:0
FNDA:0,(anonymous_4)
FNDA:0,(anonymous_5)
FNDA:0,(anonymous_6)
FNDA:0,(anonymous_7)
FNDA:0,(anonymous_8)
FNDA:0,(anonymous_9)
DA:1,1
DA:6,1
DA:8,1
DA:9,1
DA:16,1
DA:20,1
DA:21,1
DA:22,1
DA:23,1
DA:28,1
DA:29,1
DA:30,1
DA:31,1
DA:38,1
DA:39,1
DA:42,0
DA:43,0
DA:44,0
DA:45,0
DA:46,0
DA:61,1
DA:65,0
DA:80,1
DA:85,0
DA:95,1
DA:101,0
DA:102,0
DA:104,0
DA:106,0
DA:107,0
DA:110,0
DA:118,1
DA:124,0
DA:125,0
DA:126,0
DA:129,0
DA:130,0
DA:132,0
DA:139,1
DA:145,0
DA:146,0
DA:147,0
DA:150,0
DA:151,0
LF:44
LH:20
BRDA:106,0,0,0
BRDA:106,0,1,0
BRDA:125,1,0,0
BRDA:125,1,1,0
BRDA:146,2,0,0
BRDA:146,2,1,0
BRDA:62,3,0,1
BRDA:62,3,1,0
BRDA:62,4,0,1
BRDA:62,4,1,1
BRDA:63,5,0,1
BRDA:63,5,1,0
BRDA:63,6,0,1
BRDA:63,6,1,1
BRDA:81,7,0,0
BRDA:81,7,1,1
BRDA:81,8,0,1
BRDA:81,8,1,0
BRDA:83,9,0,1
BRDA:83,9,1,0
BRDA:83,10,0,1
BRDA:83,10,1,1
BRDA:96,11,0,0
BRDA:96,11,1,1
BRDA:96,12,0,1
BRDA:96,12,1,0
BRDA:96,13,0,0
BRDA:96,13,1,1
BRDA:96,14,0,1
BRDA:96,14,1,0
BRDA:97,15,0,0
BRDA:97,15,1,1
BRDA:97,16,0,1
BRDA:97,16,1,0
BRDA:99,17,0,1
BRDA:99,17,1,0
BRDA:99,18,0,1
BRDA:99,18,1,1
BRDA:119,19,0,0
BRDA:119,19,1,1
BRDA:119,20,0,1
BRDA:119,20,1,0
BRDA:119,21,0,0
BRDA:119,21,1,1
BRDA:119,22,0,1
BRDA:119,22,1,0
BRDA:120,23,0,1
BRDA:120,23,1,0
BRDA:120,24,0,1
BRDA:120,24,1,1
BRDA:122,25,0,1
BRDA:122,25,1,0
BRDA:122,26,0,1
BRDA:122,26,1,1
BRDA:140,27,0,0
BRDA:140,27,1,1
BRDA:140,28,0,1
BRDA:140,28,1,0
BRDA:140,29,0,0
BRDA:140,29,1,1
BRDA:140,30,0,1
BRDA:140,30,1,0
BRDA:143,31,0,1
BRDA:143,31,1,0
BRDA:143,32,0,1
BRDA:143,32,1,1
BRDA:42,33,0,1
BRDA:42,33,1,0
BRDA:42,34,0,1
BRDA:42,34,1,1
BRDA:42,35,0,1
BRDA:42,35,1,0
BRDA:42,36,0,1
BRDA:42,36,1,1
BRDA:43,37,0,1
BRDA:43,37,1,0
BRDA:43,38,0,1
BRDA:43,38,1,1
BRDA:44,39,0,1
BRDA:44,39,1,0
BRDA:44,40,0,1
BRDA:44,40,1,1
BRDA:45,41,0,1
BRDA:45,41,1,0
BRDA:45,42,0,1
BRDA:45,42,1,1
BRF:86
BRH:52
end_of_record
TN:
SF:src/user/controllers/admin.controller.ts
FN:37,(anonymous_4)
FN:53,(anonymous_5)
FN:63,(anonymous_6)
FN:72,(anonymous_7)
FN:93,(anonymous_8)
FNF:5
FNH:0
FNDA:0,(anonymous_4)
FNDA:0,(anonymous_5)
FNDA:0,(anonymous_6)
FNDA:0,(anonymous_7)
FNDA:0,(anonymous_8)
DA:1,1
DA:6,1
DA:8,1
DA:9,1
DA:14,1
DA:17,1
DA:18,1
DA:19,1
DA:23,1
DA:26,1
DA:27,1
DA:28,1
DA:29,1
DA:36,1
DA:38,0
DA:39,0
DA:53,1
DA:56,0
DA:63,1
DA:66,0
DA:72,1
DA:77,0
DA:79,0
DA:80,0
DA:83,0
DA:84,0
DA:87,0
DA:93,1
DA:97,0
LF:29
LH:18
BRDA:79,0,0,0
BRDA:79,0,1,0
BRDA:54,1,0,1
BRDA:54,1,1,0
BRDA:54,2,0,1
BRDA:54,2,1,1
BRDA:55,3,0,1
BRDA:55,3,1,0
BRDA:55,4,0,1
BRDA:55,4,1,1
BRDA:64,5,0,0
BRDA:64,5,1,1
BRDA:64,6,0,1
BRDA:64,6,1,0
BRDA:65,7,0,1
BRDA:65,7,1,0
BRDA:65,8,0,1
BRDA:65,8,1,1
BRDA:73,9,0,0
BRDA:73,9,1,1
BRDA:73,10,0,1
BRDA:73,10,1,0
BRDA:73,11,0,1
BRDA:73,11,1,0
BRDA:73,12,0,1
BRDA:73,12,1,1
BRDA:76,13,0,1
BRDA:76,13,1,0
BRDA:76,14,0,1
BRDA:76,14,1,1
BRDA:94,15,0,0
BRDA:94,15,1,1
BRDA:94,16,0,1
BRDA:94,16,1,0
BRDA:94,17,0,1
BRDA:94,17,1,0
BRDA:94,18,0,1
BRDA:94,18,1,1
BRDA:96,19,0,1
BRDA:96,19,1,0
BRDA:96,20,0,1
BRDA:96,20,1,1
BRDA:38,21,0,1
BRDA:38,21,1,0
BRDA:38,22,0,1
BRDA:38,22,1,1
BRDA:38,23,0,1
BRDA:38,23,1,0
BRDA:38,24,0,1
BRDA:38,24,1,1
BRF:50
BRH:33
end_of_record
TN:
SF:src/user/controllers/business.controller.ts
FN:81,(anonymous_4)
FN:103,(anonymous_5)
FN:155,(anonymous_6)
FN:202,(anonymous_7)
FN:219,(anonymous_8)
FN:234,(anonymous_9)
FN:249,(anonymous_10)
FN:262,(anonymous_11)
FN:283,(anonymous_12)
FN:296,(anonymous_13)
FN:318,(anonymous_14)
FN:338,(anonymous_15)
FN:350,(anonymous_16)
FN:369,(anonymous_17)
FN:405,(anonymous_18)
FN:418,(anonymous_19)
FN:432,(anonymous_20)
FN:450,(anonymous_21)
FNF:18
FNH:0
FNDA:0,(anonymous_4)
FNDA:0,(anonymous_5)
FNDA:0,(anonymous_6)
FNDA:0,(anonymous_7)
FNDA:0,(anonymous_8)
FNDA:0,(anonymous_9)
FNDA:0,(anonymous_10)
FNDA:0,(anonymous_11)
FNDA:0,(anonymous_12)
FNDA:0,(anonymous_13)
FNDA:0,(anonymous_14)
FNDA:0,(anonymous_15)
FNDA:0,(anonymous_16)
FNDA:0,(anonymous_17)
FNDA:0,(anonymous_18)
FNDA:0,(anonymous_19)
FNDA:0,(anonymous_20)
FNDA:0,(anonymous_21)
DA:1,1
DA:17,1
DA:18,1
DA:19,1
DA:21,1
DA:22,1
DA:30,1
DA:39,1
DA:40,1
DA:41,1
DA:42,1
DA:43,1
DA:44,1
DA:52,1
DA:60,1
DA:62,1
DA:64,1
DA:65,1
DA:66,1
DA:67,1
DA:68,1
DA:80,1
DA:82,0
DA:83,0
DA:84,0
DA:85,0
DA:86,0
DA:87,0
DA:88,0
DA:89,0
DA:90,0
DA:91,0
DA:92,0
DA:103,1
DA:108,0
DA:122,0
DA:123,0
DA:124,0
DA:127,0
DA:128,0
DA:130,0
DA:132,0
DA:133,0
DA:136,0
DA:143,0
DA:155,1
DA:159,0
DA:160,0
DA:162,0
DA:163,0
DA:168,0
DA:174,0
DA:187,0
DA:188,0
DA:191,0
DA:202,1
DA:206,0
DA:208,0
DA:219,1
DA:223,0
DA:234,1
DA:238,0
DA:249,1
DA:253,0
DA:262,1
DA:266,0
DA:267,0
DA:283,1
DA:287,0
DA:296,1
DA:301,0
DA:302,0
DA:303,0
DA:305,0
DA:307,0
DA:309,0
DA:318,1
DA:323,0
DA:325,0
DA:326,0
DA:327,0
DA:330,0
DA:338,1
DA:341,0
DA:350,1
DA:355,0
DA:356,0
DA:357,0
DA:360,0
DA:369,1
DA:374,0
DA:375,0
DA:377,0
DA:384,0
DA:386,0
DA:387,0
DA:390,0
DA:392,0
DA:393,0
DA:396,0
DA:405,1
DA:409,0
DA:418,1
DA:421,0
DA:423,0
DA:432,1
DA:436,0
DA:441,0
DA:450,1
DA:458,0
DA:460,0
DA:461,0
DA:467,0
DA:472,0
DA:474,0
DA:479,0
DA:481,0
LF:117
LH:39
BRDA:111,0,0,0
BRDA:111,0,1,0
BRDA:112,1,0,0
BRDA:112,1,1,0
BRDA:113,2,0,0
BRDA:113,2,1,0
BRDA:113,3,0,0
BRDA:113,3,1,0
BRDA:114,4,0,0
BRDA:114,4,1,0
BRDA:123,5,0,0
BRDA:123,5,1,0
BRDA:132,6,0,0
BRDA:132,6,1,0
BRDA:162,7,0,0
BRDA:162,7,1,0
BRDA:181,8,0,0
BRDA:181,8,1,0
BRDA:181,9,0,0
BRDA:181,9,1,0
BRDA:181,10,0,0
BRDA:181,10,1,0
BRDA:181,11,0,0
BRDA:181,11,1,0
BRDA:187,12,0,0
BRDA:187,12,1,0
BRDA:187,13,0,0
BRDA:187,13,1,0
BRDA:187,14,0,0
BRDA:187,14,1,0
BRDA:302,15,0,0
BRDA:302,15,1,0
BRDA:326,16,0,0
BRDA:326,16,1,0
BRDA:356,17,0,0
BRDA:356,17,1,0
BRDA:386,18,0,0
BRDA:386,18,1,0
BRDA:386,19,0,0
BRDA:386,19,1,0
BRDA:386,19,2,0
BRDA:392,20,0,0
BRDA:392,20,1,0
BRDA:460,21,0,0
BRDA:460,21,1,0
BRDA:472,22,0,0
BRDA:472,22,1,0
BRDA:483,23,0,0
BRDA:483,23,1,0
BRDA:104,24,0,0
BRDA:104,24,1,1
BRDA:104,25,0,1
BRDA:104,25,1,0
BRDA:104,26,0,0
BRDA:104,26,1,1
BRDA:104,27,0,1
BRDA:104,27,1,0
BRDA:105,28,0,1
BRDA:105,28,1,0
BRDA:105,29,0,1
BRDA:105,29,1,1
BRDA:107,30,0,1
BRDA:107,30,1,0
BRDA:107,31,0,1
BRDA:107,31,1,1
BRDA:156,32,0,0
BRDA:156,32,1,1
BRDA:156,33,0,1
BRDA:156,33,1,0
BRDA:156,34,0,0
BRDA:156,34,1,1
BRDA:156,35,0,1
BRDA:156,35,1,0
BRDA:158,36,0,1
BRDA:158,36,1,0
BRDA:158,37,0,1
BRDA:158,37,1,1
BRDA:203,38,0,0
BRDA:203,38,1,1
BRDA:203,39,0,1
BRDA:203,39,1,0
BRDA:203,40,0,0
BRDA:203,40,1,1
BRDA:203,41,0,1
BRDA:203,41,1,0
BRDA:205,42,0,1
BRDA:205,42,1,0
BRDA:205,43,0,1
BRDA:205,43,1,1
BRDA:220,44,0,0
BRDA:220,44,1,1
BRDA:220,45,0,1
BRDA:220,45,1,0
BRDA:220,46,0,0
BRDA:220,46,1,1
BRDA:220,47,0,1
BRDA:220,47,1,0
BRDA:222,48,0,1
BRDA:222,48,1,0
BRDA:222,49,0,1
BRDA:222,49,1,1
BRDA:235,50,0,0
BRDA:235,50,1,1
BRDA:235,51,0,1
BRDA:235,51,1,0
BRDA:235,52,0,0
BRDA:235,52,1,1
BRDA:235,53,0,1
BRDA:235,53,1,0
BRDA:237,54,0,1
BRDA:237,54,1,0
BRDA:237,55,0,1
BRDA:237,55,1,1
BRDA:250,56,0,0
BRDA:250,56,1,1
BRDA:250,57,0,1
BRDA:250,57,1,0
BRDA:250,58,0,0
BRDA:250,58,1,1
BRDA:250,59,0,1
BRDA:250,59,1,0
BRDA:252,60,0,1
BRDA:252,60,1,0
BRDA:252,61,0,1
BRDA:252,61,1,1
BRDA:263,62,0,0
BRDA:263,62,1,1
BRDA:263,63,0,1
BRDA:263,63,1,0
BRDA:263,64,0,0
BRDA:263,64,1,1
BRDA:263,65,0,1
BRDA:263,65,1,0
BRDA:265,66,0,1
BRDA:265,66,1,0
BRDA:265,67,0,1
BRDA:265,67,1,1
BRDA:284,68,0,1
BRDA:284,68,1,0
BRDA:284,69,0,1
BRDA:284,69,1,1
BRDA:284,70,0,1
BRDA:284,70,1,0
BRDA:284,71,0,1
BRDA:284,71,1,1
BRDA:286,72,0,1
BRDA:286,72,1,0
BRDA:286,73,0,1
BRDA:286,73,1,1
BRDA:297,74,0,0
BRDA:297,74,1,1
BRDA:297,75,0,1
BRDA:297,75,1,0
BRDA:297,76,0,0
BRDA:297,76,1,1
BRDA:297,77,0,1
BRDA:297,77,1,0
BRDA:298,78,0,1
BRDA:298,78,1,0
BRDA:298,79,0,1
BRDA:298,79,1,1
BRDA:300,80,0,1
BRDA:300,80,1,0
BRDA:300,81,0,1
BRDA:300,81,1,1
BRDA:319,82,0,0
BRDA:319,82,1,1
BRDA:319,83,0,1
BRDA:319,83,1,0
BRDA:319,84,0,0
BRDA:319,84,1,1
BRDA:319,85,0,1
BRDA:319,85,1,0
BRDA:321,86,0,1
BRDA:321,86,1,0
BRDA:321,87,0,1
BRDA:321,87,1,1
BRDA:339,88,0,0
BRDA:339,88,1,1
BRDA:339,89,0,1
BRDA:339,89,1,0
BRDA:340,90,0,1
BRDA:340,90,1,0
BRDA:340,91,0,1
BRDA:340,91,1,1
BRDA:351,92,0,0
BRDA:351,92,1,1
BRDA:351,93,0,1
BRDA:351,93,1,0
BRDA:351,94,0,0
BRDA:351,94,1,1
BRDA:351,95,0,1
BRDA:351,95,1,0
BRDA:352,96,0,1
BRDA:352,96,1,0
BRDA:352,97,0,1
BRDA:352,97,1,1
BRDA:354,98,0,1
BRDA:354,98,1,0
BRDA:354,99,0,1
BRDA:354,99,1,1
BRDA:371,100,0,1
BRDA:371,100,1,0
BRDA:371,101,0,1
BRDA:371,101,1,1
BRDA:406,102,0,0
BRDA:406,102,1,1
BRDA:406,103,0,1
BRDA:406,103,1,0
BRDA:406,104,0,1
BRDA:406,104,1,0
BRDA:406,105,0,1
BRDA:406,105,1,1
BRDA:408,106,0,1
BRDA:408,106,1,0
BRDA:408,107,0,1
BRDA:408,107,1,1
BRDA:419,108,0,0
BRDA:419,108,1,1
BRDA:419,109,0,1
BRDA:419,109,1,0
BRDA:420,110,0,1
BRDA:420,110,1,0
BRDA:420,111,0,1
BRDA:420,111,1,1
BRDA:433,112,0,0
BRDA:433,112,1,1
BRDA:433,113,0,1
BRDA:433,113,1,0
BRDA:433,114,0,1
BRDA:433,114,1,0
BRDA:433,115,0,1
BRDA:433,115,1,1
BRDA:435,116,0,1
BRDA:435,116,1,0
BRDA:435,117,0,1
BRDA:435,117,1,1
BRDA:451,118,0,0
BRDA:451,118,1,1
BRDA:451,119,0,1
BRDA:451,119,1,0
BRDA:451,120,0,0
BRDA:451,120,1,1
BRDA:451,121,0,1
BRDA:451,121,1,0
BRDA:453,122,0,1
BRDA:453,122,1,0
BRDA:453,123,0,1
BRDA:453,123,1,1
BRDA:82,124,0,1
BRDA:82,124,1,0
BRDA:82,125,0,1
BRDA:82,125,1,1
BRDA:82,126,0,1
BRDA:82,126,1,0
BRDA:82,127,0,1
BRDA:82,127,1,1
BRDA:83,128,0,1
BRDA:83,128,1,0
BRDA:83,129,0,1
BRDA:83,129,1,1
BRDA:84,130,0,1
BRDA:84,130,1,0
BRDA:84,131,0,1
BRDA:84,131,1,1
BRDA:85,132,0,1
BRDA:85,132,1,0
BRDA:85,133,0,1
BRDA:85,133,1,1
BRDA:86,134,0,1
BRDA:86,134,1,0
BRDA:86,135,0,1
BRDA:86,135,1,1
BRDA:87,136,0,1
BRDA:87,136,1,0
BRDA:87,137,0,1
BRDA:87,137,1,1
BRDA:88,138,0,1
BRDA:88,138,1,0
BRDA:88,139,0,1
BRDA:88,139,1,1
BRDA:89,140,0,1
BRDA:89,140,1,0
BRDA:89,141,0,1
BRDA:89,141,1,1
BRDA:90,142,0,1
BRDA:90,142,1,0
BRDA:90,143,0,1
BRDA:90,143,1,1
BRDA:91,144,0,1
BRDA:91,144,1,0
BRDA:91,145,0,1
BRDA:91,145,1,1
BRF:293
BRH:157
end_of_record
TN:
SF:src/user/controllers/index.ts
FNF:0
FNH:0
DA:1,1
DA:2,1
DA:3,1
DA:4,1
DA:5,1
DA:6,1
LF:6
LH:6
BRF:0
BRH:0
end_of_record
TN:
SF:src/user/controllers/slug.controller.ts
FN:16,(anonymous_4)
FN:22,(anonymous_5)
FNF:2
FNH:0
FNDA:0,(anonymous_4)
FNDA:0,(anonymous_5)
DA:1,1
DA:2,1
DA:3,1
DA:4,1
DA:5,1
DA:6,1
DA:7,1
DA:8,1
DA:15,1
DA:17,0
DA:22,1
DA:25,0
DA:26,0
DA:31,0
LF:14
LH:10
BRDA:26,0,0,0
BRDA:26,0,1,0
BRDA:23,1,0,0
BRDA:23,1,1,1
BRDA:23,2,0,1
BRDA:23,2,1,0
BRDA:24,3,0,1
BRDA:24,3,1,0
BRDA:24,4,0,1
BRDA:24,4,1,1
BRDA:17,5,0,1
BRDA:17,5,1,0
BRDA:17,6,0,1
BRDA:17,6,1,1
BRF:14
BRH:8
end_of_record
TN:
SF:src/user/controllers/trusted-domain.controller.ts
FN:13,(anonymous_4)
FN:18,(anonymous_5)
FN:25,(anonymous_6)
FN:33,(anonymous_7)
FNF:4
FNH:0
FNDA:0,(anonymous_4)
FNDA:0,(anonymous_5)
FNDA:0,(anonymous_6)
FNDA:0,(anonymous_7)
DA:1,1
DA:2,1
DA:3,1
DA:4,1
DA:12,1
DA:14,0
DA:18,1
DA:21,0
DA:25,1
DA:29,0
DA:33,1
DA:37,0
LF:12
LH:8
BRDA:20,0,0,1
BRDA:20,0,1,0
BRDA:20,1,0,1
BRDA:20,1,1,1
BRDA:28,2,0,1
BRDA:28,2,1,0
BRDA:28,3,0,1
BRDA:28,3,1,1
BRDA:36,4,0,1
BRDA:36,4,1,0
BRDA:36,5,0,1
BRDA:36,5,1,1
BRDA:14,6,0,1
BRDA:14,6,1,0
BRDA:14,7,0,1
BRDA:14,7,1,1
BRF:16
BRH:12
end_of_record
TN:
SF:src/user/controllers/user.controller.ts
FN:37,(anonymous_4)
FN:51,(anonymous_5)
FN:94,(anonymous_6)
FN:104,(anonymous_7)
FN:150,(anonymous_8)
FN:168,(anonymous_9)
FN:178,(anonymous_10)
FNF:7
FNH:0
FNDA:0,(anonymous_4)
FNDA:0,(anonymous_5)
FNDA:0,(anonymous_6)
FNDA:0,(anonymous_7)
FNDA:0,(anonymous_8)
FNDA:0,(anonymous_9)
FNDA:0,(anonymous_10)
DA:1,1
DA:16,1
DA:17,1
DA:18,1
DA:19,1
DA:20,1
DA:21,1
DA:23,1
DA:24,1
DA:25,1
DA:26,1
DA:27,1
DA:28,1
DA:29,1
DA:36,1
DA:38,0
DA:39,0
DA:40,0
DA:41,0
DA:42,0
DA:43,0
DA:51,1
DA:54,0
DA:56,0
DA:57,0
DA:58,0
DA:61,0
DA:62,0
DA:68,0
DA:69,0
DA:70,0
DA:73,0
DA:94,1
DA:97,0
DA:104,1
DA:118,0
DA:119,0
DA:135,0
DA:136,0
DA:143,0
DA:150,1
DA:154,0
DA:155,0
DA:156,0
DA:159,0
DA:168,1
DA:173,0
DA:178,1
DA:182,0
DA:183,0
DA:190,0
DA:192,0
DA:193,0
DA:196,0
LF:54
LH:21
BRDA:57,0,0,0
BRDA:57,0,1,0
BRDA:68,1,0,0
BRDA:68,1,1,0
BRDA:124,2,0,0
BRDA:124,2,1,0
BRDA:125,3,0,0
BRDA:125,3,1,0
BRDA:127,4,0,0
BRDA:127,4,1,0
BRDA:135,5,0,0
BRDA:135,5,1,0
BRDA:135,6,0,0
BRDA:135,6,1,0
BRDA:135,7,0,0
BRDA:135,7,1,0
BRDA:155,8,0,0
BRDA:155,8,1,0
BRDA:182,9,0,0
BRDA:182,9,1,0
BRDA:52,10,0,0
BRDA:52,10,1,1
BRDA:52,11,0,1
BRDA:52,11,1,0
BRDA:53,12,0,1
BRDA:53,12,1,0
BRDA:53,13,0,1
BRDA:53,13,1,1
BRDA:95,14,0,0
BRDA:95,14,1,1
BRDA:95,15,0,1
BRDA:95,15,1,0
BRDA:96,16,0,1
BRDA:96,16,1,0
BRDA:96,17,0,1
BRDA:96,17,1,1
BRDA:105,18,0,0
BRDA:105,18,1,1
BRDA:105,19,0,1
BRDA:105,19,1,0
BRDA:105,20,0,1
BRDA:105,20,1,0
BRDA:105,21,0,1
BRDA:105,21,1,1
BRDA:107,22,0,1
BRDA:107,22,1,0
BRDA:107,23,0,1
BRDA:107,23,1,1
BRDA:151,24,0,0
BRDA:151,24,1,1
BRDA:151,25,0,1
BRDA:151,25,1,0
BRDA:151,26,0,1
BRDA:151,26,1,0
BRDA:151,27,0,1
BRDA:151,27,1,1
BRDA:153,28,0,1
BRDA:153,28,1,0
BRDA:153,29,0,1
BRDA:153,29,1,1
BRDA:169,30,0,0
BRDA:169,30,1,1
BRDA:169,31,0,1
BRDA:169,31,1,0
BRDA:169,32,0,0
BRDA:169,32,1,1
BRDA:169,33,0,1
BRDA:169,33,1,0
BRDA:170,34,0,0
BRDA:170,34,1,1
BRDA:170,35,0,1
BRDA:170,35,1,0
BRDA:172,36,0,1
BRDA:172,36,1,0
BRDA:172,37,0,1
BRDA:172,37,1,1
BRDA:179,38,0,0
BRDA:179,38,1,1
BRDA:179,39,0,1
BRDA:179,39,1,0
BRDA:179,40,0,0
BRDA:179,40,1,1
BRDA:179,41,0,1
BRDA:179,41,1,0
BRDA:181,42,0,1
BRDA:181,42,1,0
BRDA:181,43,0,1
BRDA:181,43,1,1
BRDA:38,44,0,1
BRDA:38,44,1,0
BRDA:38,45,0,1
BRDA:38,45,1,1
BRDA:38,46,0,1
BRDA:38,46,1,0
BRDA:38,47,0,1
BRDA:38,47,1,1
BRDA:39,48,0,1
BRDA:39,48,1,0
BRDA:39,49,0,1
BRDA:39,49,1,1
BRDA:40,50,0,1
BRDA:40,50,1,0
BRDA:40,51,0,1
BRDA:40,51,1,1
BRDA:41,52,0,1
BRDA:41,52,1,0
BRDA:41,53,0,1
BRDA:41,53,1,1
BRF:108
BRH:57
end_of_record
TN:
SF:src/user/cron/business-export-report.cron.ts
FN:9,anonymous_2
FN:17,anonymous_3
FN:18,anonymous_4
FN:22,anonymous_5
FN:26,anonymous_6
FNF:5
FNH:5
FNDA:0,(anonymous_2)
FNDA:0,(anonymous_3)
FNDA:0,(anonymous_4)
FNDA:0,(anonymous_5)
FNDA:0,(anonymous_6)
DA:1,1
DA:2,1
DA:3,1
DA:4,1
DA:5,1
DA:8,1
DA:10,1
DA:11,1
DA:14,1
DA:18,1
DA:19,1
DA:23,1
DA:27,1
DA:29,1
DA:30,1
DA:31,1
DA:32,1
DA:33,1
DA:34,1
DA:40,1
LF:20
LH:20
BRF:8
BRH:8
end_of_record
TN:
SF:src/user/cron/index.ts
FNF:0
FNH:0
DA:1,1
LF:1
LH:1
BRF:0
BRH:0
end_of_record
TN:
SF:src/user/decorators/index.ts
FNF:0
FNH:0
DA:1,1
DA:2,1
LF:2
LH:2
BRF:0
BRH:0
end_of_record
TN:
SF:src/user/decorators/is-greater-than.decorator.ts
FN:3,anonymous_2
FN:4,anonymous_3
FN:12,anonymous_4
FNF:3
FNH:3
FNDA:2,IsGreaterThan
FNDA:2,(anonymous_1)
FNDA:0,(anonymous_2)
DA:1,1
DA:3,1
DA:4,1
DA:5,1
DA:13,1
DA:14,1
DA:16,1
LF:7
LH:7
BRF:3
BRH:3
end_of_record
TN:
SF:src/user/decorators/is-lesser-than.decorator.ts
FN:3,anonymous_2
FN:4,anonymous_3
FN:12,anonymous_4
FNF:3
FNH:3
FNDA:1,IsLesserThan
FNDA:1,(anonymous_1)
FNDA:0,(anonymous_2)
DA:1,1
DA:3,1
DA:4,1
DA:5,1
DA:13,1
DA:14,1
DA:16,1
LF:7
LH:7
BRF:3
BRH:3
end_of_record
TN:
SF:src/user/dto/business-list.dto.ts
FN:4,anonymous_2
FN:8,anonymous_3
FN:14,anonymous_4
FN:21,anonymous_5
FNF:4
FNH:4
FNDA:0,(anonymous_2)
FNDA:0,(anonymous_3)
FNDA:0,(anonymous_4)
FNDA:0,(anonymous_5)
DA:1,1
DA:2,1
DA:3,1
DA:4,1
DA:8,1
DA:10,1
DA:14,1
DA:16,1
DA:21,1
DA:22,1
DA:27,1
DA:31,1
DA:35,1
DA:39,1
DA:43,1
DA:47,1
DA:51,1
LF:17
LH:17
BRF:4
BRH:4
end_of_record
TN:
SF:src/user/dto/business-reference.dto.ts
FNF:0
FNH:0
DA:1,1
DA:3,1
DA:6,1
LF:3
LH:3
BRF:0
BRH:0
end_of_record
TN:
SF:src/user/dto/create-trusted-domain.dto.ts
FNF:0
FNH:0
DA:1,1
DA:2,1
DA:4,1
DA:8,1
DA:13,1
DA:18,1
LF:6
LH:6
BRF:0
BRH:0
end_of_record
TN:
SF:src/user/dto/delete-trusted-domain.dto.ts
FNF:0
FNH:0
DA:1,1
DA:2,1
DA:4,1
DA:8,1
DA:13,1
DA:18,1
LF:6
LH:6
BRF:0
BRH:0
end_of_record
TN:
SF:src/user/dto/email-settings.dto.ts
FN:48,anonymous_2
FNF:1
FNH:1
FNDA:0,(anonymous_2)
DA:2,1
DA:3,1
DA:11,1
DA:20,1
DA:24,1
DA:28,1
DA:33,1
DA:37,1
DA:40,1
DA:43,1
DA:48,1
DA:49,1
LF:12
LH:12
BRF:0
BRH:0
end_of_record
TN:
SF:src/user/dto/get-business.dto.ts
FNF:0
FNH:0
DA:1,1
DA:3,1
DA:6,1
DA:9,1
DA:12,1
DA:15,1
DA:18,1
DA:21,1
DA:24,1
DA:27,1
DA:30,1
DA:33,1
DA:36,1
LF:13
LH:13
BRF:0
BRH:0
end_of_record
TN:
SF:src/user/dto/import-user-from-auth.dto.ts
FN:9,anonymous_2
FNF:1
FNH:1
FNDA:0,(anonymous_2)
DA:1,1
DA:2,1
DA:4,1
DA:6,1
DA:9,1
DA:10,1
DA:13,1
DA:16,1
LF:8
LH:8
BRF:4
BRH:4
end_of_record
TN:
SF:src/user/dto/index.ts
FN:1,anonymous_2
FN:1,anonymous_3
FN:2,anonymous_4
FN:9,anonymous_5
FN:10,anonymous_6
FN:12,anonymous_7
FNF:6
FNH:6
FNDA:2,(anonymous_4)
FNDA:0,(anonymous_5)
FNDA:4,(anonymous_6)
FNDA:0,(anonymous_7)
FNDA:4,(anonymous_8)
FNDA:0,(anonymous_9)
DA:1,1
DA:2,1
DA:3,1
DA:4,1
DA:5,1
DA:6,1
DA:7,1
DA:8,1
DA:9,1
DA:10,1
DA:11,1
DA:12,1
DA:13,1
DA:14,1
DA:15,1
DA:16,1
DA:17,1
DA:18,1
DA:19,1
DA:20,1
DA:21,1
DA:22,1
LF:22
LH:22
BRF:0
BRH:0
end_of_record
TN:
SF:src/user/dto/ownership-settings.dto.ts
FNF:0
FNH:0
DA:1,1
DA:2,1
DA:4,1
DA:7,1
LF:4
LH:4
BRF:0
BRH:0
end_of_record
TN:
SF:src/user/dto/rpc-business.dto.ts
FN:16,anonymous_2
FN:22,anonymous_3
FNF:2
FNH:2
FNDA:0,(anonymous_2)
FNDA:0,(anonymous_3)
DA:1,1
DA:2,1
DA:7,1
DA:9,1
DA:10,1
DA:12,1
DA:16,1
DA:17,1
DA:22,1
DA:23,1
DA:28,1
LF:11
LH:11
BRF:8
BRH:8
end_of_record
TN:
SF:src/user/dto/rpc-remove-business.dto.ts
FNF:0
FNH:0
DA:1,1
DA:2,1
DA:4,1
DA:8,1
LF:4
LH:4
BRF:0
BRH:0
end_of_record
TN:
SF:src/user/dto/trusted-domain.dto.ts
FNF:0
FNH:0
DA:1,1
DA:2,1
DA:4,1
DA:8,1
DA:13,1
DA:18,1
LF:6
LH:6
BRF:0
BRH:0
end_of_record
TN:
SF:src/user/dto/user-response.dto.ts
FNF:0
FNH:0
DA:1,1
LF:1
LH:1
BRF:0
BRH:0
end_of_record
TN:
SF:src/user/dto/admin/business-list.dto.ts
FN:5,anonymous_2
FN:8,anonymous_3
FN:14,anonymous_4
FNF:3
FNH:3
FNDA:0,(anonymous_2)
FNDA:0,(anonymous_3)
FNDA:0,(anonymous_4)
DA:1,1
DA:2,1
DA:3,1
DA:5,1
DA:8,1
DA:10,1
DA:14,1
DA:16,1
DA:21,1
DA:26,1
DA:31,1
DA:35,1
DA:39,1
LF:13
LH:13
BRF:0
BRH:0
end_of_record
TN:
SF:src/user/dto/admin/delete-user.dto.ts
FNF:0
FNH:0
DA:1,1
DA:2,1
DA:4,1
DA:8,1
LF:4
LH:4
BRF:0
BRH:0
end_of_record
TN:
SF:src/user/dto/admin/index.ts
FNF:0
FNH:0
DA:1,1
DA:2,1
DA:3,1
LF:3
LH:3
BRF:0
BRH:0
end_of_record
TN:
SF:src/user/dto/admin/user-list.dto.ts
FN:5,anonymous_2
FN:8,anonymous_3
FN:14,anonymous_4
FNF:3
FNH:3
FNDA:0,(anonymous_2)
FNDA:0,(anonymous_3)
FNDA:0,(anonymous_4)
DA:1,1
DA:2,1
DA:3,1
DA:5,1
DA:8,1
DA:10,1
DA:14,1
DA:16,1
DA:21,1
DA:26,1
DA:30,1
DA:34,1
LF:12
LH:12
BRF:0
BRH:0
end_of_record
TN:
SF:src/user/dto/app-installation/app-installed.dto.ts
FNF:0
FNH:0
DA:1,1
DA:3,1
DA:6,1
DA:10,1
LF:4
LH:4
BRF:0
BRH:0
end_of_record
TN:
SF:src/user/dto/app-installation/index.ts
FNF:0
FNH:0
DA:1,1
LF:1
LH:1
BRF:0
BRH:0
end_of_record
TN:
SF:src/user/dto/business-permission/business-permission.dto.ts
FNF:0
FNH:0
DA:1,1
DA:3,1
DA:6,1
DA:10,1
LF:4
LH:4
BRF:0
BRH:0
end_of_record
TN:
SF:src/user/dto/business-permission/index.ts
FNF:0
FNH:0
DA:1,1
LF:1
LH:1
BRF:0
BRH:0
end_of_record
TN:
SF:src/user/dto/business-report/create-business-report.request.dto.ts
FNF:0
FNH:0
DA:1,1
DA:2,1
DA:4,1
DA:8,1
LF:4
LH:4
BRF:0
BRH:0
end_of_record
TN:
SF:src/user/dto/business-report/create-business-report.response.dto.ts
FNF:0
FNH:0
DA:1,1
DA:3,1
DA:6,1
DA:9,1
DA:12,1
LF:5
LH:5
BRF:0
BRH:0
end_of_record
TN:
SF:src/user/dto/create-business/bank-account.dto.ts
FNF:0
FNH:0
DA:1,1
DA:2,1
DA:3,1
DA:6,1
DA:11,1
DA:16,1
DA:21,1
DA:26,1
DA:31,1
DA:36,1
DA:41,1
DA:46,1
DA:51,1
DA:56,1
LF:14
LH:14
BRF:0
BRH:0
end_of_record
TN:
SF:src/user/dto/create-business/business.dto.ts
FN:48,anonymous_2
FN:54,anonymous_3
FN:59,anonymous_4
FN:65,anonymous_5
FN:71,anonymous_6
FN:97,anonymous_7
FN:103,anonymous_8
FNF:7
FNH:7
FNDA:0,(anonymous_2)
FNDA:0,(anonymous_3)
FNDA:0,(anonymous_4)
FNDA:0,(anonymous_5)
FNDA:0,(anonymous_6)
FNDA:0,(anonymous_7)
FNDA:0,(anonymous_8)
DA:1,1
DA:2,1
DA:3,1
DA:4,1
DA:5,1
DA:6,1
DA:7,1
DA:8,1
DA:9,1
DA:10,1
DA:11,1
DA:13,1
DA:18,1
DA:23,1
DA:28,1
DA:34,1
DA:39,1
DA:44,1
DA:48,1
DA:50,1
DA:54,1
DA:56,1
DA:59,1
DA:62,1
DA:65,1
DA:68,1
DA:71,1
DA:74,1
DA:79,1
DA:84,1
DA:89,1
DA:94,1
DA:97,1
DA:100,1
DA:103,1
DA:106,1
DA:111,1
LF:37
LH:37
BRF:28
BRH:28
end_of_record
TN:
SF:src/user/dto/create-business/company-address.dto.ts
FNF:0
FNH:0
DA:1,1
DA:2,1
DA:3,1
DA:6,1
DA:11,1
DA:16,1
DA:21,1
DA:26,1
LF:8
LH:8
BRF:0
BRH:0
end_of_record
TN:
SF:src/user/dto/create-business/company-details.dto.ts
FN:47,anonymous_2
FN:53,anonymous_3
FNF:2
FNH:2
FNDA:0,(anonymous_2)
FNDA:0,(anonymous_3)
DA:1,1
DA:2,1
DA:4,1
DA:6,1
DA:7,1
DA:9,1
DA:13,1
DA:18,1
DA:23,1
DA:28,1
DA:33,1
DA:38,1
DA:43,1
DA:47,1
DA:49,1
DA:53,1
DA:55,1
DA:60,1
LF:18
LH:18
BRF:12
BRH:12
end_of_record
TN:
SF:src/user/dto/create-business/contact-details.dto.ts
FNF:0
FNH:0
DA:1,1
DA:2,1
DA:5,1
DA:9,1
DA:14,1
DA:18,1
DA:23,1
DA:28,1
DA:33,1
LF:9
LH:9
BRF:0
BRH:0
end_of_record
TN:
SF:src/user/dto/create-business/range.dto.ts
FNF:0
FNH:0
DA:1,1
DA:2,1
DA:4,1
DA:7,1
DA:11,1
DA:17,1
LF:6
LH:6
BRF:0
BRH:0
end_of_record
TN:
SF:src/user/dto/create-business/taxes.dto.ts
FNF:0
FNH:0
DA:1,1
DA:2,1
DA:5,1
DA:9,1
DA:14,1
DA:19,1
DA:24,1
LF:7
LH:7
BRF:0
BRH:0
end_of_record
TN:
SF:src/user/dto/create-business/traffic-source.dto.ts
FNF:0
FNH:0
DA:1,1
DA:2,1
DA:5,1
DA:8,1
DA:13,1
DA:18,1
DA:23,1
LF:7
LH:7
BRF:0
BRH:0
end_of_record
TN:
SF:src/user/dto/create-user-account/index.ts
FNF:0
FNH:0
DA:1,1
DA:2,1
DA:3,1
LF:3
LH:3
BRF:0
BRH:0
end_of_record
TN:
SF:src/user/dto/create-user-account/shipping-address.dto.ts
FNF:0
FNH:0
DA:1,1
DA:2,1
DA:3,1
DA:6,1
DA:11,1
DA:16,1
DA:21,1
DA:26,1
DA:31,1
LF:9
LH:9
BRF:0
BRH:0
end_of_record
TN:
SF:src/user/dto/create-user-account/user-account.dto.ts
FN:39,anonymous_2
FN:45,anonymous_3
FNF:2
FNH:2
FNDA:0,(anonymous_2)
FNDA:0,(anonymous_3)
DA:1,1
DA:2,1
DA:3,1
DA:4,1
DA:8,1
DA:14,1
DA:19,1
DA:24,1
DA:29,1
DA:34,1
DA:39,1
DA:40,1
DA:45,1
DA:46,1
DA:51,1
DA:56,1
LF:16
LH:16
BRF:8
BRH:8
end_of_record
TN:
SF:src/user/dto/create-user-account/user-info.dto.ts
FNF:0
FNH:0
DA:1,1
DA:2,1
DA:4,1
DA:7,1
DA:10,1
DA:14,1
LF:6
LH:6
BRF:4
BRH:4
end_of_record
TN:
SF:src/user/dto/create-user-account/user-registration-origin-dto.ts
FNF:0
FNH:0
DA:1,1
DA:4,1
DA:7,1
DA:11,1
DA:15,1
LF:5
LH:5
BRF:0
BRH:0
end_of_record
TN:
SF:src/user/dto/email/email-attachment.dto.ts
FN:6,anonymous_2
FNF:1
FNH:1
FNDA:0,(anonymous_2)
DA:1,1
DA:2,1
DA:3,1
DA:6,1
DA:9,1
DA:13,1
DA:17,1
LF:7
LH:7
BRF:0
BRH:0
end_of_record
TN:
SF:src/user/dto/email/email.dto.ts
FN:6,anonymous_2
FN:24,anonymous_3
FNF:2
FNH:2
FNDA:0,(anonymous_2)
FNDA:0,(anonymous_3)
DA:1,1
DA:2,1
DA:3,1
DA:6,1
DA:9,1
DA:13,1
DA:17,1
DA:21,1
DA:24,1
DA:26,1
LF:10
LH:10
BRF:0
BRH:0
end_of_record
TN:
SF:src/user/dto/email/index.ts
FNF:0
FNH:0
DA:1,1
DA:2,1
LF:2
LH:2
BRF:0
BRH:0
end_of_record
TN:
SF:src/user/dto/update-business/bank-account.dto.ts
FNF:0
FNH:0
DA:1,1
DA:2,1
DA:3,1
DA:6,1
DA:11,1
DA:16,1
DA:21,1
DA:26,1
DA:31,1
DA:36,1
DA:41,1
DA:46,1
DA:51,1
DA:56,1
LF:14
LH:14
BRF:0
BRH:0
end_of_record
TN:
SF:src/user/dto/update-business/business-detail.dto.ts
FN:11,anonymous_2
FN:17,anonymous_3
FN:23,anonymous_4
FN:29,anonymous_5
FNF:4
FNH:4
FNDA:0,(anonymous_2)
FNDA:0,(anonymous_3)
FNDA:0,(anonymous_4)
FNDA:0,(anonymous_5)
DA:1,1
DA:2,1
DA:3,1
DA:4,1
DA:5,1
DA:6,1
DA:7,1
DA:9,1
DA:11,1
DA:14,1
DA:17,1
DA:20,1
DA:23,1
DA:26,1
DA:29,1
DA:32,1
LF:16
LH:16
BRF:16
BRH:16
end_of_record
TN:
SF:src/user/dto/update-business/business.dto.ts
FN:25,anonymous_2
FN:46,anonymous_3
FN:52,anonymous_4
FN:58,anonymous_5
FN:80,anonymous_6
FNF:5
FNH:5
FNDA:0,(anonymous_2)
FNDA:0,(anonymous_3)
FNDA:0,(anonymous_4)
FNDA:0,(anonymous_5)
FNDA:0,(anonymous_6)
DA:1,1
DA:2,1
DA:3,1
DA:4,1
DA:5,1
DA:6,1
DA:7,1
DA:8,1
DA:9,1
DA:11,1
DA:16,1
DA:21,1
DA:25,1
DA:27,1
DA:33,1
DA:38,1
DA:43,1
DA:46,1
DA:49,1
DA:52,1
DA:55,1
DA:58,1
DA:61,1
DA:66,1
DA:71,1
DA:76,1
DA:80,1
DA:81,1
LF:28
LH:28
BRF:20
BRH:20
end_of_record
TN:
SF:src/user/dto/update-business/company-address.dto.ts
FNF:0
FNH:0
DA:1,1
DA:2,1
DA:3,1
DA:6,1
DA:11,1
DA:16,1
DA:21,1
DA:26,1
LF:8
LH:8
BRF:0
BRH:0
end_of_record
TN:
SF:src/user/dto/update-business/company-details.dto.ts
FN:47,anonymous_2
FN:53,anonymous_3
FNF:2
FNH:2
FNDA:0,(anonymous_2)
FNDA:0,(anonymous_3)
DA:1,1
DA:2,1
DA:3,1
DA:6,1
DA:7,1
DA:9,1
DA:13,1
DA:18,1
DA:23,1
DA:28,1
DA:33,1
DA:38,1
DA:43,1
DA:47,1
DA:49,1
DA:53,1
DA:55,1
DA:60,1
LF:18
LH:18
BRF:12
BRH:12
end_of_record
TN:
SF:src/user/dto/update-business/company-documents.dto.ts
FNF:0
FNH:0
DA:1,1
DA:2,1
DA:5,1
DA:9,1
LF:4
LH:4
BRF:0
BRH:0
end_of_record
TN:
SF:src/user/dto/update-business/contact-details.dto.ts
FNF:0
FNH:0
DA:1,1
DA:2,1
DA:5,1
DA:9,1
DA:14,1
DA:19,1
DA:24,1
DA:29,1
DA:34,1
LF:9
LH:9
BRF:0
BRH:0
end_of_record
TN:
SF:src/user/dto/update-business/taxes.dto.ts
FNF:0
FNH:0
DA:1,1
DA:2,1
DA:5,1
DA:9,1
DA:14,1
DA:19,1
DA:24,1
LF:7
LH:7
BRF:0
BRH:0
end_of_record
TN:
SF:src/user/dto/update-business/theme-settings.dto.ts
FNF:0
FNH:0
DA:1,1
DA:3,1
DA:7,1
DA:11,1
DA:15,1
DA:19,1
DA:23,1
LF:7
LH:7
BRF:0
BRH:0
end_of_record
TN:
SF:src/user/dto/update-user-account/shipping-address.dto.ts
FNF:0
FNH:0
DA:1,1
DA:2,1
DA:3,1
DA:6,1
DA:11,1
DA:16,1
DA:21,1
DA:26,1
DA:31,1
LF:9
LH:9
BRF:0
BRH:0
end_of_record
TN:
SF:src/user/dto/update-user-account/user-account.dto.ts
FN:10,anonymous_2
FN:41,anonymous_3
FN:48,anonymous_4
FN:63,anonymous_5
FNF:4
FNH:4
FNDA:0,(anonymous_2)
FNDA:0,(anonymous_3)
FNDA:0,(anonymous_4)
FNDA:0,(anonymous_5)
DA:1,1
DA:2,1
DA:3,1
DA:5,1
DA:6,1
DA:8,1
DA:10,1
DA:16,1
DA:21,1
DA:26,1
DA:31,1
DA:36,1
DA:41,1
DA:42,1
DA:44,1
DA:45,1
DA:48,1
DA:53,1
DA:58,1
DA:63,1
DA:64,1
LF:21
LH:21
BRF:8
BRH:8
end_of_record
TN:
SF:src/user/dto/wallpaper/current-wallpaper-bus.dto.ts
FNF:0
FNH:0
DA:1,1
DA:3,1
DA:5,1
DA:8,1
DA:11,1
LF:5
LH:5
BRF:4
BRH:4
end_of_record
TN:
SF:src/user/dto/wallpaper/current-wallpaper.dto.ts
FNF:0
FNH:0
DA:1,1
DA:2,1
DA:4,1
DA:7,1
DA:11,1
DA:14,1
DA:19,1
LF:7
LH:7
BRF:4
BRH:4
end_of_record
TN:
SF:src/user/dto/wallpaper/index.ts
FNF:0
FNH:0
DA:1,1
DA:2,1
DA:3,1
LF:3
LH:3
BRF:0
BRH:0
end_of_record
TN:
SF:src/user/dto/wallpaper/wallpaper-updated.dto.ts
FN:11,anonymous_2
FNF:1
FNH:1
FNDA:0,(anonymous_2)
DA:1,1
DA:2,1
DA:3,1
DA:5,1
DA:8,1
DA:11,1
DA:12,1
LF:7
LH:7
BRF:4
BRH:4
end_of_record
TN:
SF:src/user/enums/business-events.enum.ts
FN:1,anonymous_2
FNF:1
FNH:1
FNDA:1,(anonymous_0)
DA:1,1
DA:2,1
DA:3,1
DA:4,1
DA:5,1
DA:6,1
LF:6
LH:6
BRF:2
BRH:2
end_of_record
TN:
SF:src/user/enums/business-rabbit-messages.enum.ts
FN:1,anonymous_2
FN:5,anonymous_3
FN:16,anonymous_4
FNF:3
FNH:3
FNDA:1,(anonymous_0)
FNDA:1,(anonymous_1)
FNDA:1,(anonymous_2)
DA:1,1
DA:2,1
DA:5,1
DA:6,1
DA:7,1
DA:8,1
DA:9,1
DA:10,1
DA:11,1
DA:13,1
DA:16,1
DA:17,1
LF:12
LH:12
BRF:6
BRH:6
end_of_record
TN:
SF:src/user/enums/business-statuses.enum.ts
FN:1,anonymous_2
FNF:1
FNH:1
FNDA:1,(anonymous_0)
DA:1,1
DA:2,1
DA:3,1
LF:3
LH:3
BRF:2
BRH:2
end_of_record
TN:
SF:src/user/enums/elastic-user.enum.ts
FN:1,anonymous_2
FNF:1
FNH:1
FNDA:1,(anonymous_0)
DA:1,1
DA:2,1
DA:3,1
LF:3
LH:3
BRF:2
BRH:2
end_of_record
TN:
SF:src/user/enums/index.ts
FNF:0
FNH:0
DA:1,1
DA:2,1
DA:3,1
DA:4,1
DA:5,1
DA:6,1
DA:7,1
DA:8,1
DA:9,1
DA:10,1
DA:11,1
DA:12,1
DA:13,1
LF:13
LH:13
BRF:0
BRH:0
end_of_record
TN:
SF:src/user/enums/mailer.enum.ts
FN:1,anonymous_2
FNF:1
FNH:1
FNDA:1,(anonymous_0)
DA:1,1
DA:2,1
LF:2
LH:2
BRF:2
BRH:2
end_of_record
TN:
SF:src/user/enums/status.enum.ts
FN:1,anonymous_2
FNF:1
FNH:1
FNDA:1,(anonymous_0)
DA:1,1
DA:2,1
DA:3,1
DA:4,1
DA:5,1
DA:6,1
LF:6
LH:6
BRF:2
BRH:2
end_of_record
TN:
SF:src/user/enums/subscription-types.enum.ts
FN:1,anonymous_2
FNF:1
FNH:1
FNDA:1,(anonymous_0)
DA:1,1
DA:2,1
DA:3,1
DA:4,1
LF:4
LH:4
BRF:2
BRH:2
end_of_record
TN:
SF:src/user/enums/trusted-domain-events.enum.ts
FN:1,anonymous_2
FNF:1
FNH:1
FNDA:1,(anonymous_0)
DA:1,1
DA:2,1
DA:3,1
LF:3
LH:3
BRF:2
BRH:2
end_of_record
TN:
SF:src/user/enums/user-events.enum.ts
FN:1,anonymous_2
FNF:1
FNH:1
FNDA:1,(anonymous_0)
DA:1,1
DA:2,1
DA:3,1
DA:4,1
LF:4
LH:4
BRF:2
BRH:2
end_of_record
TN:
SF:src/user/enums/user-type-business.enum.ts
FN:1,anonymous_2
FNF:1
FNH:1
FNDA:1,(anonymous_0)
DA:1,1
DA:2,1
DA:3,1
DA:4,1
LF:4
LH:4
BRF:2
BRH:2
end_of_record
TN:
SF:src/user/enums/users-rabbit-messages.enum.ts
FN:1,anonymous_2
FNF:1
FNH:1
FNDA:1,(anonymous_0)
DA:1,1
DA:2,1
DA:3,1
DA:4,1
DA:5,1
DA:6,1
DA:7,1
DA:9,1
DA:11,1
DA:12,1
DA:15,1
DA:16,1
DA:18,1
DA:19,1
DA:20,1
LF:15
LH:15
BRF:2
BRH:2
end_of_record
TN:
SF:src/user/enums/wallpaper-rabbit.enum.ts
FN:1,anonymous_2
FNF:1
FNH:1
FNDA:1,(anonymous_0)
DA:1,1
DA:2,1
DA:3,1
DA:4,1
LF:4
LH:4
BRF:2
BRH:2
end_of_record
TN:
SF:src/user/enums/wallpaper-theme.enum.ts
FN:1,anonymous_2
FNF:1
FNH:1
FNDA:1,(anonymous_0)
DA:1,1
DA:2,1
DA:3,1
DA:4,1
LF:4
LH:4
BRF:2
BRH:2
end_of_record
TN:
SF:src/user/event-listeners/business-media-changed.listener.ts
FN:9,anonymous_2
FN:14,anonymous_3
FN:33,anonymous_4
FN:58,anonymous_5
FN:75,anonymous_6
FN:91,anonymous_7
FNF:6
FNH:6
FNDA:0,(anonymous_2)
FNDA:0,(anonymous_3)
FNDA:0,(anonymous_4)
FNDA:0,(anonymous_5)
FNDA:0,(anonymous_6)
FNDA:0,(anonymous_7)
DA:1,1
DA:2,1
DA:3,1
DA:4,1
DA:5,1
DA:8,1
DA:10,1
DA:14,1
DA:16,1
DA:18,1
DA:19,1
DA:22,1
DA:23,1
DA:33,1
DA:37,1
DA:41,1
DA:43,1
DA:49,1
DA:58,1
DA:59,1
DA:61,1
DA:62,1
DA:65,1
DA:66,1
DA:78,1
DA:79,1
DA:80,1
DA:81,1
DA:84,1
DA:85,1
DA:88,1
DA:97,1
DA:107,1
LF:33
LH:33
BRF:46
BRH:46
end_of_record
TN:
SF:src/user/event-listeners/business-registration-finished.listener.ts
FN:9,anonymous_2
FN:12,anonymous_3
FNF:2
FNH:2
FNDA:0,(anonymous_2)
FNDA:0,(anonymous_3)
DA:1,1
DA:2,1
DA:3,1
DA:4,1
DA:5,1
DA:8,1
DA:9,1
DA:12,1
DA:13,1
DA:15,1
LF:10
LH:10
BRF:12
BRH:12
end_of_record
TN:
SF:src/user/event-listeners/enable-business-on-create.listener.ts
FN:9,anonymous_2
FN:12,anonymous_3
FNF:2
FNH:2
FNDA:0,(anonymous_2)
FNDA:0,(anonymous_3)
DA:1,1
DA:2,1
DA:3,1
DA:4,1
DA:5,1
DA:8,1
DA:9,1
DA:12,1
DA:13,1
LF:9
LH:9
BRF:12
BRH:12
end_of_record
TN:
SF:src/user/event-listeners/index.ts
FNF:0
FNH:0
DA:1,1
DA:2,1
DA:3,1
DA:4,1
DA:5,1
DA:6,1
DA:7,1
LF:7
LH:7
BRF:0
BRH:0
end_of_record
TN:
SF:src/user/event-listeners/send-business-created-rabbit-message.listener.ts
FN:10,anonymous_2
FN:16,anonymous_3
FNF:2
FNH:2
FNDA:0,(anonymous_2)
FNDA:0,(anonymous_3)
DA:1,1
DA:2,1
DA:3,1
DA:4,1
DA:5,1
DA:6,1
DA:9,1
DA:11,1
DA:12,1
DA:16,1
DA:17,1
DA:19,1
LF:12
LH:12
BRF:16
BRH:16
end_of_record
TN:
SF:src/user/event-listeners/send-trusted-domain-rabbit-message-sender.listener.ts
FN:9,anonymous_2
FN:14,anonymous_3
FN:19,anonymous_4
FNF:3
FNH:3
FNDA:0,(anonymous_2)
FNDA:0,(anonymous_3)
FNDA:0,(anonymous_4)
DA:1,1
DA:2,1
DA:3,1
DA:4,1
DA:5,1
DA:8,1
DA:10,1
DA:14,1
DA:15,1
DA:19,1
DA:20,1
LF:11
LH:11
BRF:20
BRH:20
end_of_record
TN:
SF:src/user/event-listeners/user-events.listener.ts
FN:10,anonymous_2
FN:15,anonymous_3
FN:20,anonymous_4
FN:25,anonymous_5
FNF:4
FNH:4
FNDA:0,(anonymous_2)
FNDA:0,(anonymous_3)
FNDA:0,(anonymous_4)
FNDA:0,(anonymous_5)
DA:1,1
DA:3,1
DA:4,1
DA:5,1
DA:6,1
DA:9,1
DA:11,1
DA:15,1
DA:16,1
DA:20,1
DA:21,1
DA:25,1
DA:26,1
LF:13
LH:13
BRF:32
BRH:32
end_of_record
TN:
SF:src/user/event-listeners/user-media-changed.listener.ts
FN:9,anonymous_2
FN:14,anonymous_3
FN:21,anonymous_4
FN:35,anonymous_5
FNF:4
FNH:4
FNDA:0,(anonymous_2)
FNDA:0,(anonymous_3)
FNDA:0,(anonymous_4)
FNDA:0,(anonymous_5)
DA:1,1
DA:2,1
DA:3,1
DA:4,1
DA:5,1
DA:8,1
DA:10,1
DA:14,1
DA:15,1
DA:16,1
DA:21,1
DA:22,1
DA:23,1
DA:24,1
DA:27,1
DA:28,1
DA:29,1
DA:32,1
DA:36,1
DA:46,1
LF:20
LH:20
BRF:30
BRH:30
end_of_record
TN:
SF:src/user/interceptors/slug-redirect.interceptor.ts
FN:11,anonymous_2
FN:15,anonymous_3
FNF:2
FNH:2
FNDA:0,(anonymous_4)
FNDA:0,(anonymous_5)
DA:1,1
DA:2,1
DA:3,1
DA:4,1
DA:6,1
DA:9,1
DA:12,1
DA:19,1
DA:20,1
DA:22,1
DA:23,1
DA:25,1
DA:26,1
DA:31,1
LF:14
LH:14
BRF:6
BRH:6
end_of_record
TN:
SF:src/user/interfaces/index.ts
FN:21,anonymous_2
FN:23,anonymous_3
FN:25,anonymous_4
FNF:3
FNH:3
FNDA:0,(anonymous_4)
FNDA:0,(anonymous_5)
FNDA:0,(anonymous_6)
DA:1,1
DA:2,1
DA:3,1
DA:4,1
DA:5,1
DA:6,1
DA:7,1
DA:8,1
DA:9,1
DA:10,1
DA:11,1
DA:12,1
DA:13,1
DA:14,1
DA:15,1
DA:16,1
DA:17,1
DA:18,1
DA:19,1
DA:21,1
DA:23,1
DA:25,1
LF:22
LH:22
BRF:0
BRH:0
end_of_record
TN:
SF:src/user/models/business-detail.model.ts
FNF:0
FNH:0
DA:4,1
LF:1
LH:1
BRF:0
BRH:0
end_of_record
TN:
SF:src/user/models/business.model.ts
FNF:0
FNH:0
DA:4,1
LF:1
LH:1
BRF:0
BRH:0
end_of_record
TN:
SF:src/user/models/index.ts
FN:9,anonymous_2
FN:11,anonymous_3
FNF:2
FNH:2
FNDA:0,(anonymous_4)
FNDA:14,(anonymous_5)
DA:1,1
DA:2,1
DA:3,1
DA:4,1
DA:5,1
DA:6,1
DA:7,1
DA:9,1
DA:11,1
DA:13,1
LF:10
LH:10
BRF:0
BRH:0
end_of_record
TN:
SF:src/user/producers/business-events.producer.ts
FN:10,anonymous_2
FN:16,anonymous_3
FN:46,anonymous_4
FN:67,anonymous_5
FN:87,anonymous_6
FN:108,anonymous_7
FN:130,anonymous_8
FN:147,anonymous_9
FN:166,anonymous_10
FN:179,anonymous_11
FNF:10
FNH:10
FNDA:0,(anonymous_2)
FNDA:0,(anonymous_3)
FNDA:0,(anonymous_4)
FNDA:0,(anonymous_5)
FNDA:0,(anonymous_6)
FNDA:0,(anonymous_7)
FNDA:0,(anonymous_8)
FNDA:0,(anonymous_9)
FNDA:0,(anonymous_10)
FNDA:0,(anonymous_11)
DA:1,1
DA:2,1
DA:5,1
DA:9,1
DA:11,1
DA:12,1
DA:13,1
DA:17,1
DA:19,1
DA:35,1
DA:47,1
DA:48,1
DA:50,1
DA:68,1
DA:69,1
DA:70,1
DA:72,1
DA:88,1
DA:89,1
DA:90,1
DA:92,1
DA:109,1
DA:110,1
DA:111,1
DA:113,1
DA:131,1
DA:151,1
DA:167,1
DA:180,1
LF:29
LH:29
BRF:44
BRH:44
end_of_record
TN:
SF:src/user/producers/index.ts
FNF:0
FNH:0
DA:1,1
DA:2,1
DA:3,1
DA:4,1
LF:4
LH:4
BRF:0
BRH:0
end_of_record
TN:
SF:src/user/producers/mailer-messages.producer.ts
FN:13,anonymous_2
FN:19,anonymous_3
FN:50,anonymous_4
FN:70,anonymous_5
FN:92,anonymous_6
FNF:5
FNH:5
FNDA:0,(anonymous_2)
FNDA:0,(anonymous_3)
FNDA:0,(anonymous_4)
FNDA:0,(anonymous_5)
FNDA:0,(anonymous_6)
DA:1,1
DA:2,1
DA:5,1
DA:9,1
DA:12,1
DA:14,1
DA:15,1
DA:25,1
DA:32,1
DA:34,1
DA:47,1
DA:55,1
DA:67,1
DA:77,1
DA:89,1
DA:93,1
DA:95,1
LF:17
LH:17
BRF:11
BRH:11
end_of_record
TN:
SF:src/user/producers/trusted-domain-event.producer.ts
FN:9,anonymous_2
FN:13,anonymous_3
FN:17,anonymous_4
FN:21,anonymous_5
FNF:4
FNH:4
FNDA:0,(anonymous_2)
FNDA:0,(anonymous_3)
FNDA:0,(anonymous_4)
FNDA:0,(anonymous_5)
DA:1,1
DA:2,1
DA:3,1
DA:5,1
DA:8,1
DA:10,1
DA:14,1
DA:18,1
DA:22,1
LF:9
LH:9
BRF:4
BRH:4
end_of_record
TN:
SF:src/user/producers/users-events.producer.ts
FN:10,anonymous_2
FN:14,anonymous_3
FN:18,anonymous_4
FN:22,anonymous_5
FN:29,anonymous_6
FN:33,anonymous_7
FN:37,anonymous_8
FNF:7
FNH:7
FNDA:0,(anonymous_2)
FNDA:0,(anonymous_3)
FNDA:0,(anonymous_4)
FNDA:0,(anonymous_5)
FNDA:0,(anonymous_6)
FNDA:0,(anonymous_7)
FNDA:0,(anonymous_8)
DA:1,1
DA:2,1
DA:4,1
DA:6,1
DA:9,1
DA:11,1
DA:15,1
DA:19,1
DA:23,1
DA:24,1
DA:30,1
DA:34,1
DA:38,1
LF:13
LH:13
BRF:4
BRH:4
end_of_record
TN:
SF:src/user/schemas/bank-account.schema.ts
FNF:0
FNH:0
DA:1,1
DA:2,1
DA:4,1
LF:3
LH:3
BRF:0
BRH:0
end_of_record
TN:
SF:src/user/schemas/business-active.schema.ts
FNF:0
FNH:0
DA:1,1
DA:2,1
DA:3,1
DA:4,1
DA:5,1
DA:7,1
DA:8,1
DA:26,1
LF:8
LH:8
BRF:0
BRH:0
end_of_record
TN:
SF:src/user/schemas/business-app-installation.schema.ts
FNF:0
FNH:0
DA:1,1
DA:2,1
DA:3,1
DA:5,1
DA:6,1
LF:5
LH:5
BRF:0
BRH:0
end_of_record
TN:
SF:src/user/schemas/business-detail.schema.ts
FNF:0
FNH:0
DA:1,1
DA:2,1
DA:4,1
DA:5,1
DA:6,1
DA:7,1
DA:9,1
DA:10,1
LF:8
LH:8
BRF:0
BRH:0
end_of_record
TN:
SF:src/user/schemas/business-slug.schema.ts
FNF:0
FNH:0
DA:1,1
DA:2,1
DA:4,1
DA:6,1
LF:4
LH:4
BRF:0
BRH:0
end_of_record
TN:
SF:src/user/schemas/business.schema.ts
FN:40,anonymous_2
FNF:1
FNH:1
FNDA:0,(anonymous_0)
DA:1,1
DA:2,1
DA:3,1
DA:5,1
DA:6,1
DA:7,1
DA:8,1
DA:9,1
DA:10,1
DA:12,1
DA:13,1
DA:40,1
LF:12
LH:12
BRF:0
BRH:0
end_of_record
TN:
SF:src/user/schemas/company-address.schema.ts
FNF:0
FNH:0
DA:1,1
DA:2,1
DA:4,1
LF:3
LH:3
BRF:0
BRH:0
end_of_record
TN:
SF:src/user/schemas/company-details.schema.ts
FNF:0
FNH:0
DA:1,1
DA:2,1
DA:4,1
DA:6,1
LF:4
LH:4
BRF:0
BRH:0
end_of_record
TN:
SF:src/user/schemas/company-documents.schema.ts
FNF:0
FNH:0
DA:1,1
DA:2,1
DA:4,1
LF:3
LH:3
BRF:0
BRH:0
end_of_record
TN:
SF:src/user/schemas/contact-details.schema.ts
FNF:0
FNH:0
DA:1,1
DA:2,1
DA:4,1
LF:3
LH:3
BRF:0
BRH:0
end_of_record
TN:
SF:src/user/schemas/email-settings.schema.ts
FN:22,anonymous_2
FNF:1
FNH:1
FNDA:0,(anonymous_0)
DA:1,1
DA:2,1
DA:4,1
DA:5,1
DA:22,1
DA:23,1
LF:6
LH:6
BRF:0
BRH:0
end_of_record
TN:
SF:src/user/schemas/index.ts
FNF:0
FNH:0
DA:1,1
DA:2,1
DA:3,1
DA:4,1
DA:5,1
DA:6,1
DA:7,1
DA:8,1
DA:9,1
DA:10,1
DA:11,1
DA:12,1
DA:13,1
DA:14,1
DA:15,1
DA:16,1
LF:16
LH:16
BRF:0
BRH:0
end_of_record
TN:
SF:src/user/schemas/range.schema.ts
FNF:0
FNH:0
DA:1,1
DA:2,1
DA:4,1
LF:3
LH:3
BRF:0
BRH:0
end_of_record
TN:
SF:src/user/schemas/shipping-address.schema.ts
FNF:0
FNH:0
DA:1,1
DA:3,1
LF:2
LH:2
BRF:0
BRH:0
end_of_record
TN:
SF:src/user/schemas/taxes.schema.ts
FNF:0
FNH:0
DA:1,1
DA:2,1
DA:4,1
LF:3
LH:3
BRF:0
BRH:0
end_of_record
TN:
SF:src/user/schemas/theme-settings.schema.ts
FNF:0
FNH:0
DA:1,1
DA:2,1
DA:4,1
LF:3
LH:3
BRF:0
BRH:0
end_of_record
TN:
SF:src/user/schemas/traffic-source.schema.ts
FNF:0
FNH:0
DA:1,1
DA:2,1
DA:3,1
DA:5,1
DA:6,1
DA:28,1
LF:6
LH:6
BRF:0
BRH:0
end_of_record
TN:
SF:src/user/schemas/trusted-domain.schema.ts
FNF:0
FNH:0
DA:1,1
DA:2,1
DA:4,1
DA:5,1
LF:4
LH:4
BRF:0
BRH:0
end_of_record
TN:
SF:src/user/schemas/user-account.schema.ts
FNF:0
FNH:0
DA:2,1
DA:4,1
DA:6,1
DA:7,1
DA:13,1
DA:15,1
DA:18,1
DA:21,1
DA:24,1
DA:27,1
DA:30,1
DA:33,1
DA:36,1
DA:39,1
DA:42,1
DA:45,1
DA:48,1
DA:61,1
DA:63,1
LF:19
LH:19
BRF:4
BRH:4
end_of_record
TN:
SF:src/user/schemas/user-registration-origin.schema.ts
FNF:0
FNH:0
DA:3,1
DA:6,1
DA:8,1
DA:11,1
DA:14,1
DA:21,1
LF:6
LH:6
BRF:0
BRH:0
end_of_record
TN:
SF:src/user/schemas/user.schema.ts
FNF:0
FNH:0
DA:2,1
DA:4,1
DA:6,1
DA:7,1
DA:14,1
DA:16,1
DA:19,1
DA:22,1
DA:25,1
DA:38,1
DA:40,1
DA:42,1
DA:49,1
LF:13
LH:13
BRF:8
BRH:8
end_of_record
TN:
SF:src/user/schemas/wallpaper.schema.ts
FNF:0
FNH:0
DA:1,1
DA:3,1
LF:2
LH:2
BRF:0
BRH:0
end_of_record
TN:
SF:src/user/services/business-app-installation.service.ts
FN:9,anonymous_2
FN:13,anonymous_3
FN:30,anonymous_4
FN:36,anonymous_5
FNF:4
FNH:4
FNDA:0,(anonymous_4)
FNDA:0,(anonymous_5)
FNDA:0,(anonymous_6)
FNDA:0,(anonymous_7)
DA:1,1
DA:2,1
DA:3,1
DA:4,1
DA:8,1
DA:10,1
DA:14,1
DA:31,1
DA:37,1
LF:9
LH:9
BRF:4
BRH:4
end_of_record
TN:
SF:src/user/services/business-exporter.service.ts
FN:21,anonymous_2
FN:28,anonymous_3
FN:41,anonymous_4
FN:45,anonymous_5
FN:57,anonymous_6
FN:58,anonymous_7
FN:73,anonymous_8
FN:89,anonymous_9
FN:90,anonymous_10
FN:98,anonymous_11
FNF:10
FNH:10
FNDA:0,(anonymous_4)
FNDA:0,(anonymous_5)
FNDA:0,(anonymous_6)
FNDA:0,(anonymous_7)
FNDA:0,(anonymous_8)
FNDA:0,(anonymous_9)
FNDA:0,(anonymous_10)
FNDA:0,(anonymous_11)
FNDA:0,(anonymous_12)
FNDA:0,(anonymous_13)
DA:1,1
DA:2,1
DA:3,1
DA:4,1
DA:5,1
DA:7,1
DA:8,1
DA:9,1
DA:14,1
DA:15,1
DA:16,1
DA:19,1
DA:22,1
DA:23,1
DA:24,1
DA:25,1
DA:29,1
DA:30,1
DA:31,1
DA:34,1
DA:35,1
DA:36,1
DA:37,1
DA:38,1
DA:39,1
DA:42,1
DA:49,1
DA:50,1
DA:51,1
DA:54,1
DA:58,1
DA:59,1
DA:60,1
DA:61,1
DA:76,1
DA:86,1
DA:87,1
DA:90,1
DA:91,1
DA:99,1
DA:100,1
DA:101,1
DA:102,1
DA:103,1
DA:104,1
DA:105,1
DA:106,1
DA:107,1
DA:109,1
LF:49
LH:49
BRF:51
BRH:51
end_of_record
TN:
SF:src/user/services/business-list-retriever.ts
FN:14,anonymous_2
FN:20,anonymous_3
FN:58,anonymous_4
FN:116,anonymous_5
FN:177,anonymous_6
FN:190,anonymous_7
FN:211,anonymous_8
FN:227,anonymous_9
FN:244,anonymous_10
FN:248,anonymous_11
FN:252,anonymous_12
FNF:11
FNH:11
FNDA:0,(anonymous_4)
FNDA:0,(anonymous_5)
FNDA:0,(anonymous_6)
FNDA:0,(anonymous_7)
FNDA:0,(anonymous_8)
FNDA:0,(anonymous_9)
FNDA:0,(anonymous_10)
FNDA:0,(anonymous_11)
FNDA:0,(anonymous_12)
FNDA:0,(anonymous_13)
FNDA:0,(anonymous_14)
DA:1,1
DA:2,1
DA:3,1
DA:4,1
DA:7,1
DA:8,1
DA:9,1
DA:12,1
DA:15,1
DA:16,1
DA:17,1
DA:23,1
DA:24,1
DA:25,1
DA:27,1
DA:29,1
DA:30,1
DA:33,1
DA:34,1
DA:37,1
DA:38,1
DA:41,1
DA:49,1
DA:51,1
DA:58,1
DA:62,1
DA:68,1
DA:69,1
DA:71,1
DA:72,1
DA:96,1
DA:100,1
DA:101,1
DA:106,1
DA:107,1
DA:110,1
DA:122,1
DA:123,1
DA:124,1
DA:125,1
DA:127,1
DA:130,1
DA:132,1
DA:133,1
DA:134,1
DA:141,1
DA:144,1
DA:146,1
DA:147,1
DA:150,1
DA:160,1
DA:161,1
DA:171,1
DA:178,1
DA:179,1
DA:184,1
DA:185,1
DA:188,1
DA:189,1
DA:190,1
DA:191,1
DA:194,1
DA:195,1
DA:196,1
DA:202,1
DA:204,1
DA:208,1
DA:212,1
DA:213,1
DA:214,1
DA:216,1
DA:218,1
DA:228,1
DA:229,1
DA:230,1
DA:231,1
DA:232,1
DA:233,1
DA:234,1
DA:235,1
DA:236,1
DA:239,1
DA:241,1
DA:245,1
DA:249,1
DA:253,1
LF:86
LH:86
BRF:76
BRH:76
end_of_record
TN:
SF:src/user/services/business.service.ts
FN:39,anonymous_2
FN:54,anonymous_3
FN:59,anonymous_4
FN:71,anonymous_5
FN:81,anonymous_6
FN:87,anonymous_7
FN:93,anonymous_8
FN:136,anonymous_9
FN:140,anonymous_10
FN:175,anonymous_11
FN:187,anonymous_12
FN:195,anonymous_13
FN:208,anonymous_14
FN:239,anonymous_15
FN:249,anonymous_16
FN:253,anonymous_17
FN:257,anonymous_18
FN:267,anonymous_19
FN:273,anonymous_20
FN:302,anonymous_21
FN:340,anonymous_22
FN:351,anonymous_23
FN:358,anonymous_24
FN:391,anonymous_25
FN:400,anonymous_26
FN:421,anonymous_27
FNF:26
FNH:26
FNDA:0,(anonymous_4)
FNDA:0,(anonymous_5)
FNDA:0,(anonymous_6)
FNDA:0,(anonymous_7)
FNDA:0,(anonymous_8)
FNDA:0,(anonymous_9)
FNDA:0,(anonymous_10)
FNDA:0,(anonymous_11)
FNDA:0,(anonymous_12)
FNDA:0,(anonymous_13)
FNDA:0,(anonymous_14)
FNDA:0,(anonymous_15)
FNDA:0,(anonymous_16)
FNDA:0,(anonymous_17)
FNDA:0,(anonymous_18)
FNDA:0,(anonymous_19)
FNDA:0,(anonymous_20)
FNDA:0,(anonymous_21)
FNDA:0,(anonymous_22)
FNDA:0,(anonymous_23)
FNDA:0,(anonymous_24)
FNDA:0,(anonymous_25)
FNDA:0,(anonymous_26)
FNDA:0,(anonymous_27)
FNDA:0,(anonymous_28)
FNDA:0,(anonymous_29)
DA:1,1
DA:3,1
DA:4,1
DA:5,1
DA:6,1
DA:7,1
DA:8,1
DA:11,1
DA:13,1
DA:20,1
DA:21,1
DA:22,1
DA:24,1
DA:26,1
DA:30,1
DA:37,1
DA:40,1
DA:41,1
DA:42,1
DA:43,1
DA:44,1
DA:45,1
DA:46,1
DA:47,1
DA:48,1
DA:49,1
DA:50,1
DA:55,1
DA:56,1
DA:60,1
DA:72,1
DA:73,1
DA:75,1
DA:76,1
DA:77,1
DA:82,1
DA:83,1
DA:88,1
DA:89,1
DA:97,1
DA:114,1
DA:115,1
DA:118,1
DA:119,1
DA:124,1
DA:125,1
DA:126,1
DA:128,1
DA:130,1
DA:131,1
DA:133,1
DA:137,1
DA:141,1
DA:142,1
DA:151,1
DA:154,1
DA:164,1
DA:166,1
DA:167,1
DA:170,1
DA:172,1
DA:176,1
DA:177,1
DA:180,1
DA:188,1
DA:196,1
DA:197,1
DA:198,1
DA:199,1
DA:201,1
DA:205,1
DA:209,1
DA:211,1
DA:216,1
DA:218,1
DA:226,1
DA:227,1
DA:230,1
DA:232,1
DA:233,1
DA:236,1
DA:240,1
DA:242,1
DA:243,1
DA:245,1
DA:250,1
DA:254,1
DA:258,1
DA:259,1
DA:260,1
DA:261,1
DA:263,1
DA:264,1
DA:268,1
DA:279,1
DA:280,1
DA:283,1
DA:285,1
DA:286,1
DA:289,1
DA:294,1
DA:295,1
DA:297,1
DA:304,1
DA:305,1
DA:307,1
DA:308,1
DA:311,1
DA:312,1
DA:315,1
DA:321,1
DA:326,1
DA:331,1
DA:333,1
DA:334,1
DA:342,1
DA:344,1
DA:345,1
DA:348,1
DA:355,1
DA:356,1
DA:358,1
DA:360,1
DA:361,1
DA:362,1
DA:363,1
DA:364,1
DA:366,1
DA:383,1
DA:388,1
DA:394,1
DA:395,1
DA:397,1
DA:403,1
DA:409,1
DA:422,1
DA:423,1
DA:425,1
DA:426,1
DA:427,1
DA:428,1
DA:429,1
DA:434,1
DA:435,1
DA:438,1
DA:439,1
DA:442,1
LF:147
LH:147
BRF:123
BRH:123
end_of_record
TN:
SF:src/user/services/country-info.service.ts
FN:7,anonymous_2
FN:15,anonymous_3
FN:19,anonymous_4
FN:24,anonymous_5
FN:28,anonymous_6
FNF:5
FNH:5
FNDA:0,(anonymous_1)
FNDA:0,(anonymous_2)
FNDA:0,(anonymous_3)
FNDA:0,(anonymous_4)
FNDA:0,(anonymous_5)
DA:1,1
DA:2,1
DA:3,1
DA:6,1
DA:8,1
DA:9,1
DA:12,1
DA:16,1
DA:18,1
DA:19,1
DA:25,1
DA:27,1
DA:28,1
DA:31,1
LF:14
LH:14
BRF:17
BRH:17
end_of_record
TN:
SF:src/user/services/index.ts
FNF:0
FNH:0
DA:1,1
DA:2,1
DA:3,1
DA:4,1
DA:5,1
DA:6,1
DA:7,1
DA:8,1
DA:9,1
LF:9
LH:9
BRF:0
BRH:0
end_of_record
TN:
SF:src/user/services/traffic-source.service.ts
FN:11,anonymous_2
FN:15,anonymous_3
FNF:2
FNH:2
FNDA:0,(anonymous_4)
FNDA:0,(anonymous_5)
DA:1,1
DA:2,1
DA:3,1
DA:5,1
DA:9,1
DA:12,1
DA:19,1
LF:7
LH:7
BRF:4
BRH:4
end_of_record
TN:
SF:src/user/services/trusted-domain.service.ts
FN:14,anonymous_2
FN:19,anonymous_3
FN:23,anonymous_4
FN:31,anonymous_5
FNF:4
FNH:4
FNDA:0,(anonymous_4)
FNDA:0,(anonymous_5)
FNDA:0,(anonymous_6)
FNDA:0,(anonymous_7)
DA:1,1
DA:2,1
DA:3,1
DA:4,1
DA:6,1
DA:9,1
DA:12,1
DA:15,1
DA:16,1
DA:20,1
DA:24,1
DA:25,1
DA:27,1
DA:28,1
DA:32,1
DA:33,1
DA:35,1
DA:39,1
LF:18
LH:18
BRF:12
BRH:12
end_of_record
TN:
SF:src/user/services/user-elastic.service.ts
FN:11,anonymous_2
FN:16,anonymous_3
FN:22,anonymous_4
FN:30,anonymous_5
FNF:4
FNH:4
FNDA:0,(anonymous_2)
FNDA:0,(anonymous_3)
FNDA:0,(anonymous_4)
FNDA:0,(anonymous_5)
DA:1,1
DA:3,1
DA:6,1
DA:10,1
DA:12,1
DA:13,1
DA:17,1
DA:23,1
DA:31,1
LF:9
LH:9
BRF:8
BRH:8
end_of_record
TN:
SF:src/user/services/user.service.ts
FN:19,anonymous_2
FN:26,anonymous_3
FN:56,anonymous_4
FN:60,anonymous_5
FN:85,anonymous_6
FN:92,anonymous_7
FN:96,anonymous_8
FN:108,anonymous_9
FN:112,anonymous_10
FN:116,anonymous_11
FNF:10
FNH:10
FNDA:0,(anonymous_4)
FNDA:0,(anonymous_5)
FNDA:0,(anonymous_6)
FNDA:0,(anonymous_7)
FNDA:0,(anonymous_8)
FNDA:0,(anonymous_9)
FNDA:0,(anonymous_10)
FNDA:0,(anonymous_11)
FNDA:0,(anonymous_12)
FNDA:0,(anonymous_13)
DA:1,1
DA:2,1
DA:3,1
DA:5,1
DA:7,1
DA:10,1
DA:11,1
DA:12,1
DA:17,1
DA:20,1
DA:21,1
DA:22,1
DA:23,1
DA:30,1
DA:31,1
DA:32,1
DA:35,1
DA:36,1
DA:37,1
DA:39,1
DA:48,1
DA:50,1
DA:53,1
DA:57,1
DA:62,1
DA:67,1
DA:69,1
DA:78,1
DA:80,1
DA:82,1
DA:86,1
DA:87,1
DA:89,1
DA:93,1
DA:97,1
DA:109,1
DA:113,1
DA:117,1
DA:118,1
DA:119,1
DA:121,1
DA:123,1
DA:124,1
DA:127,1
DA:128,1
DA:131,1
DA:138,1
DA:140,1
LF:48
LH:48
BRF:32
BRH:32
end_of_record
TN:
SF:src/user/transformers/business.transformer.ts
FN:5,anonymous_2
FN:6,anonymous_3
FNF:2
FNH:2
FNDA:0,(anonymous_0)
FNDA:0,(anonymous_1)
DA:4,1
DA:6,1
DA:7,1
DA:16,1
DA:17,1
DA:20,1
LF:6
LH:6
BRF:16
BRH:16
end_of_record
TN:
SF:src/user/transformers/index.ts
FNF:0
FNH:0
DA:1,1
LF:1
LH:1
BRF:0
BRH:0
end_of_record
TN:
SF:src/user/transformers/trusted-domain.transformer.ts
FN:5,anonymous_2
FNF:1
FNH:1
FNDA:0,(anonymous_0)
DA:4,1
DA:6,1
LF:2
LH:2
BRF:0
BRH:0
end_of_record
TN:
SF:src/user/transformers/user-to-user-dto.transformer.ts
FN:3,anonymous_2
FN:9,anonymous_3
FNF:2
FNH:2
FNDA:0,userToUserDtoTransformer
FNDA:0,(anonymous_1)
DA:3,1
DA:4,1
DA:6,1
DA:9,1
LF:4
LH:4
BRF:4
BRH:4
end_of_record
TN:
SF:src/user/utils/index.ts
FNF:0
FNH:0
DA:1,1
LF:1
LH:1
BRF:0
BRH:0
end_of_record
TN:
SF:src/user/utils/merge-deep.function.ts
FN:1,anonymous_2
FN:5,anonymous_3
FNF:2
FNH:2
FNDA:0,isObject
FNDA:0,mergeDeep
DA:1,1
DA:2,1
DA:5,1
DA:6,1
DA:7,1
DA:10,1
DA:12,1
DA:13,1
DA:14,1
DA:15,1
DA:16,1
DA:18,1
DA:20,1
DA:25,1
LF:14
LH:14
BRF:13
BRH:13
end_of_record
