TN:
SF:cucumber.js
FNF:0
FNH:0
DA:1,1
DA:8,1
LF:2
LH:2
BRF:0
BRH:0
end_of_record
TN:
SF:features/bootstrap/app.configurator.ts
FN:7,anonymous_2
FNF:1
FNH:1
FNDA:18,(anonymous_0)
DA:1,1
DA:2,1
DA:3,1
DA:4,1
DA:6,1
DA:8,1
DA:9,1
DA:10,1
DA:11,1
DA:13,1
LF:10
LH:10
BRF:0
BRH:0
end_of_record
TN:
SF:features/bootstrap/custom.world.ts
FN:7,anonymous_2
FNF:1
FNH:1
FNDA:18,(anonymous_0)
DA:1,1
DA:2,1
DA:3,1
DA:4,1
DA:6,1
DA:8,1
DA:12,1
LF:7
LH:7
BRF:0
BRH:0
end_of_record
TN:
SF:features/bootstrap/import.contexts.ts
FNF:0
FNH:0
DA:1,1
DA:2,1
DA:4,1
LF:3
LH:3
BRF:0
BRH:0
end_of_record
TN:
SF:features/bootstrap/options.ts
FN:42,anonymous_2
FNF:1
FNH:1
FNDA:16,(anonymous_0)
DA:1,1
DA:2,1
DA:15,1
DA:16,1
DA:17,1
DA:18,1
DA:19,1
DA:20,1
DA:22,1
DA:23,1
DA:25,1
DA:42,1
LF:12
LH:12
BRF:0
BRH:0
end_of_record
TN:
SF:features/fixtures/channel.fixture.ts
FN:6,anonymous_2
FN:9,anonymous_3
FNF:2
FNH:2
FNDA:17,(anonymous_0)
FNDA:17,(anonymous_1)
DA:1,1
DA:2,1
DA:4,1
DA:7,1
DA:10,1
DA:21,1
LF:6
LH:6
BRF:0
BRH:0
end_of_record
TN:
SF:features/fixtures/udpate-payment-state.fixture.ts
FN:17,anonymous_2
FN:22,anonymous_3
FNF:2
FNH:2
FNDA:2,(anonymous_0)
FNDA:2,(anonymous_1)
DA:1,1
DA:2,1
DA:5,1
DA:7,1
DA:8,1
DA:10,1
DA:11,1
DA:12,1
DA:13,1
DA:14,1
DA:15,1
DA:18,1
DA:19,1
DA:20,1
DA:23,1
DA:28,1
DA:32,1
DA:62,1
DA:96,1
DA:103,1
LF:20
LH:20
BRF:0
BRH:0
end_of_record
TN:
SF:features/fixtures/widgets-list.fixture.ts
FN:20,anonymous_2
FN:25,anonymous_3
FN:49,anonymous_4
FNF:3
FNH:3
FNDA:4,(anonymous_0)
FNDA:4,(anonymous_1)
FNDA:20,(anonymous_2)
DA:1,1
DA:2,1
DA:4,1
DA:6,1
DA:7,1
DA:10,1
DA:11,1
DA:12,1
DA:13,1
DA:14,1
DA:15,1
DA:16,1
DA:17,1
DA:18,1
DA:21,1
DA:22,1
DA:23,1
DA:26,1
DA:31,1
DA:35,1
DA:43,1
DA:50,1
DA:55,1
DA:85,1
LF:24
LH:24
BRF:3
BRH:3
end_of_record
TN:
SF:features/fixtures/widgets-management/create-widget.fixture.ts
FN:7,anonymous_2
FN:10,anonymous_3
FNF:2
FNH:2
FNDA:2,(anonymous_0)
FNDA:2,(anonymous_1)
DA:1,1
DA:4,1
DA:5,1
DA:8,1
DA:11,1
DA:15,1
DA:21,1
LF:7
LH:7
BRF:0
BRH:0
end_of_record
TN:
SF:features/fixtures/widgets-management/update-widget.fixture.ts
FN:14,anonymous_2
FN:19,anonymous_3
FNF:2
FNH:2
FNDA:4,(anonymous_0)
FNDA:4,(anonymous_1)
DA:1,1
DA:2,1
DA:4,1
DA:5,1
DA:6,1
DA:8,1
DA:9,1
DA:10,1
DA:11,1
DA:12,1
DA:15,1
DA:16,1
DA:17,1
DA:20,1
DA:25,1
DA:29,1
DA:51,1
DA:58,1
LF:18
LH:18
BRF:0
BRH:0
end_of_record
TN:
SF:src/app.module.ts
FN:46,anonymous_2
FNF:1
FNH:1
FNDA:18,(anonymous_1)
DA:1,1
DA:2,1
DA:3,1
DA:4,1
DA:5,1
DA:6,1
DA:7,1
DA:8,1
DA:9,1
DA:10,1
DA:11,1
DA:45,1
LF:12
LH:12
BRF:0
BRH:0
end_of_record
TN:
SF:src/business/business.module.ts
FNF:0
FNH:0
DA:1,1
DA:2,1
DA:3,1
DA:4,1
DA:5,1
DA:26,1
LF:6
LH:6
BRF:0
BRH:0
end_of_record
TN:
SF:src/business/index.ts
FNF:0
FNH:0
DA:1,1
DA:2,1
DA:3,1
DA:4,1
DA:5,1
DA:6,1
DA:7,1
LF:7
LH:7
BRF:0
BRH:0
end_of_record
TN:
SF:src/business/consumers/business-messages.consumer.ts
FN:12,anonymous_2
FN:19,anonymous_3
FN:26,anonymous_4
FN:33,anonymous_5
FN:40,anonymous_6
FNF:5
FNH:5
FNDA:18,(anonymous_2)
FNDA:0,(anonymous_3)
FNDA:0,(anonymous_4)
FNDA:0,(anonymous_5)
FNDA:0,(anonymous_6)
DA:1,1
DA:2,1
DA:3,1
DA:4,1
DA:5,1
DA:6,1
DA:11,1
DA:13,1
DA:19,1
DA:20,1
DA:26,1
DA:27,1
DA:33,1
DA:34,1
DA:40,1
DA:41,1
DA:43,1
DA:44,1
DA:45,1
DA:48,1
LF:20
LH:20
BRF:38
BRH:38
end_of_record
TN:
SF:src/business/consumers/index.ts
FNF:0
FNH:0
DA:1,1
LF:1
LH:1
BRF:0
BRH:0
end_of_record
TN:
SF:src/business/dto/business.dto.ts
FNF:0
FNH:0
DA:1,1
DA:2,1
DA:4,1
DA:8,1
DA:13,1
DA:17,1
LF:6
LH:6
BRF:0
BRH:0
end_of_record
TN:
SF:src/business/dto/index.ts
FNF:0
FNH:0
DA:1,1
DA:2,1
LF:2
LH:2
BRF:0
BRH:0
end_of_record
TN:
SF:src/business/dto/remove-business.dto.ts
FNF:0
FNH:0
DA:1,1
DA:3,1
DA:6,1
LF:3
LH:3
BRF:0
BRH:0
end_of_record
TN:
SF:src/business/enums/business-rabbit-messages.enum.ts
FN:1,anonymous_2
FNF:1
FNH:1
FNDA:2,(anonymous_0)
DA:1,1
DA:2,1
DA:3,1
DA:4,1
DA:5,1
LF:5
LH:5
BRF:2
BRH:2
end_of_record
TN:
SF:src/business/enums/index.ts
FNF:0
FNH:0
DA:1,1
LF:1
LH:1
BRF:0
BRH:0
end_of_record
TN:
SF:src/business/interfaces/index.ts
FNF:0
FNH:0
DA:1,1
LF:1
LH:1
BRF:0
BRH:0
end_of_record
TN:
SF:src/business/interfaces/entities/index.ts
FNF:0
FNH:0
DA:1,1
DA:2,1
LF:2
LH:2
BRF:0
BRH:0
end_of_record
TN:
SF:src/business/schemas/business.schema.ts
FNF:0
FNH:0
DA:1,1
DA:2,1
DA:3,1
DA:5,1
DA:7,1
DA:17,1
LF:6
LH:6
BRF:0
BRH:0
end_of_record
TN:
SF:src/business/schemas/index.ts
FNF:0
FNH:0
DA:1,1
LF:1
LH:1
BRF:0
BRH:0
end_of_record
TN:
SF:src/business/services/business.service.ts
FN:10,anonymous_2
FN:14,anonymous_3
FN:30,anonymous_4
FN:38,anonymous_5
FN:42,anonymous_6
FN:44,anonymous_7
FNF:6
FNH:6
FNDA:18,(anonymous_4)
FNDA:0,(anonymous_5)
FNDA:2,(anonymous_6)
FNDA:0,(anonymous_7)
FNDA:0,(anonymous_8)
FNDA:0,(anonymous_9)
DA:1,1
DA:2,1
DA:3,1
DA:6,1
DA:9,1
DA:11,1
DA:15,1
DA:16,1
DA:22,1
DA:24,1
DA:26,1
DA:31,1
DA:32,1
DA:34,1
DA:39,1
DA:43,1
DA:44,1
DA:45,1
DA:48,1
DA:49,1
DA:54,1
LF:21
LH:21
BRF:4
BRH:4
end_of_record
TN:
SF:src/business/services/index.ts
FNF:0
FNH:0
DA:1,1
LF:1
LH:1
BRF:0
BRH:0
end_of_record
TN:
SF:src/environments/environment.ts
FN:9,anonymous_2
FNF:1
FNH:1
FNDA:4,(anonymous_0)
DA:1,1
DA:2,1
DA:5,1
DA:6,1
DA:9,1
DA:12,1
LF:6
LH:6
BRF:16
BRH:16
end_of_record
TN:
SF:src/environments/index.ts
FNF:0
FNH:0
DA:1,1
LF:1
LH:1
BRF:0
BRH:0
end_of_record
TN:
SF:src/finance-express/finance-express.module.ts
FNF:0
FNH:0
DA:1,1
DA:2,1
DA:3,1
DA:4,1
DA:5,1
DA:12,1
DA:18,1
DA:19,1
DA:20,1
DA:21,1
DA:51,1
LF:11
LH:11
BRF:0
BRH:0
end_of_record
TN:
SF:src/finance-express/index.ts
FNF:0
FNH:0
DA:1,1
LF:1
LH:1
BRF:0
BRH:0
end_of_record
TN:
SF:src/finance-express/config/index.ts
FNF:0
FNH:0
DA:1,1
LF:1
LH:1
BRF:0
BRH:0
end_of_record
TN:
SF:src/finance-express/config/supported-payment-options.ts
FNF:0
FNH:0
DA:1,1
LF:1
LH:1
BRF:0
BRH:0
end_of_record
TN:
SF:src/finance-express/consumers/finance-express.consumer.ts
FN:11,anonymous_2
FN:20,anonymous_3
FN:33,anonymous_4
FN:45,anonymous_5
FN:57,anonymous_6
FNF:5
FNH:5
FNDA:18,(anonymous_2)
FNDA:1,(anonymous_3)
FNDA:0,(anonymous_4)
FNDA:1,(anonymous_5)
FNDA:0,(anonymous_6)
DA:1,1
DA:2,1
DA:3,1
DA:4,1
DA:5,1
DA:6,1
DA:10,1
DA:12,1
DA:13,1
DA:14,1
DA:20,1
DA:22,1
DA:23,1
DA:24,1
DA:25,1
DA:33,1
DA:34,1
DA:35,1
DA:36,1
DA:37,1
DA:45,1
DA:46,1
DA:47,1
DA:48,1
DA:49,1
DA:57,1
DA:58,1
DA:59,1
DA:60,1
DA:61,1
LF:30
LH:30
BRF:58
BRH:58
end_of_record
TN:
SF:src/finance-express/consumers/index.ts
FNF:0
FNH:0
DA:1,1
LF:1
LH:1
BRF:0
BRH:0
end_of_record
TN:
SF:src/finance-express/controllers/index.ts
FNF:0
FNH:0
DA:1,1
DA:2,1
DA:3,1
DA:4,1
LF:4
LH:4
BRF:0
BRH:0
end_of_record
TN:
SF:src/finance-express/controllers/supported-payment-options.controller.ts
FN:12,(anonymous_2)
FN:18,(anonymous_3)
FNF:2
FNH:2
FNDA:18,(anonymous_2)
FNDA:1,(anonymous_3)
DA:1,2
DA:2,2
DA:3,2
DA:4,2
DA:5,2
DA:11,2
DA:14,18
DA:18,2
DA:20,1
LF:9
LH:9
BRF:4
BRH:4
end_of_record
TN:
SF:src/finance-express/controllers/widgets-management.controller.ts
FN:18,(anonymous_4)
FN:26,(anonymous_5)
FN:35,(anonymous_6)
FN:48,(anonymous_7)
FNF:4
FNH:4
FNDA:18,(anonymous_4)
FNDA:1,(anonymous_5)
FNDA:1,(anonymous_6)
FNDA:2,(anonymous_7)
DA:1,2
DA:2,2
DA:3,2
DA:4,2
DA:6,2
DA:7,2
DA:8,2
DA:9,2
DA:10,2
DA:11,2
DA:17,2
DA:19,18
DA:21,18
DA:26,2
DA:30,1
DA:35,2
DA:41,1
DA:43,1
DA:48,2
DA:53,2
DA:55,1
LF:21
LH:21
BRF:52
BRH:52
end_of_record
TN:
SF:src/finance-express/controllers/widgets-payments.controller.ts
FN:15,(anonymous_4)
FN:22,(anonymous_5)
FNF:2
FNH:2
FNDA:18,(anonymous_4)
FNDA:5,(anonymous_5)
DA:1,2
DA:2,2
DA:3,2
DA:4,2
DA:5,2
DA:6,2
DA:7,2
DA:8,2
DA:14,2
DA:16,18
DA:18,18
DA:22,2
DA:26,5
DA:32,5
DA:34,5
DA:35,1
DA:38,4
LF:17
LH:17
BRF:12
BRH:12
end_of_record
TN:
SF:src/finance-express/controllers/widgets.controller.ts
FN:23,(anonymous_4)
FN:31,(anonymous_5)
FN:40,(anonymous_6)
FN:55,(anonymous_7)
FNF:4
FNH:4
FNDA:18,(anonymous_4)
FNDA:2,(anonymous_5)
FNDA:1,(anonymous_6)
FNDA:1,(anonymous_7)
DA:1,2
DA:2,2
DA:3,2
DA:12,2
DA:13,2
DA:14,2
DA:15,2
DA:16,2
DA:22,2
DA:24,18
DA:26,18
DA:31,2
DA:35,2
DA:40,2
DA:50,1
DA:55,2
DA:60,1
LF:17
LH:17
BRF:32
BRH:32
end_of_record
TN:
SF:src/finance-express/dto/amount.dto.ts
FNF:0
FNH:0
DA:1,1
DA:3,1
DA:5,1
DA:7,1
LF:4
LH:4
BRF:0
BRH:0
end_of_record
TN:
SF:src/finance-express/dto/calculate-rates.dto.ts
FNF:0
FNH:0
DA:1,1
DA:2,1
DA:3,1
DA:4,1
DA:7,1
DA:12,1
DA:17,1
DA:22,1
DA:28,1
DA:34,1
DA:40,1
DA:46,1
LF:12
LH:12
BRF:8
BRH:8
end_of_record
TN:
SF:src/finance-express/dto/checkout-connection.dto.ts
FNF:0
FNH:0
DA:1,1
DA:2,1
DA:4,1
DA:6,1
DA:9,1
DA:12,1
LF:6
LH:6
BRF:12
BRH:12
end_of_record
TN:
SF:src/finance-express/dto/checkout.dto.ts
FNF:0
FNH:0
DA:1,1
DA:3,1
DA:6,1
LF:3
LH:3
BRF:0
BRH:0
end_of_record
TN:
SF:src/finance-express/dto/connect-third-party.dto.ts
FNF:0
FNH:0
DA:2,1
DA:4,1
DA:7,1
DA:11,1
DA:15,1
LF:5
LH:5
BRF:0
BRH:0
end_of_record
TN:
SF:src/finance-express/dto/connection.dto.ts
FNF:0
FNH:0
DA:1,1
DA:3,1
DA:6,1
DA:10,1
DA:14,1
LF:5
LH:5
BRF:0
BRH:0
end_of_record
TN:
SF:src/finance-express/dto/create-widget.dto.ts
FN:10,anonymous_2
FN:34,anonymous_3
FNF:2
FNH:2
FNDA:1,(anonymous_2)
FNDA:1,(anonymous_3)
DA:1,1
DA:2,1
DA:3,1
DA:4,1
DA:5,1
DA:7,1
DA:10,1
DA:11,1
DA:14,1
DA:17,1
DA:20,1
DA:23,1
DA:26,1
DA:30,1
DA:34,1
DA:35,1
DA:38,1
DA:41,1
DA:44,1
DA:48,1
DA:52,1
DA:56,1
DA:60,1
DA:64,1
LF:24
LH:24
BRF:16
BRH:16
end_of_record
TN:
SF:src/finance-express/dto/index.ts
FNF:0
FNH:0
DA:1,1
DA:2,1
DA:3,1
DA:4,1
DA:5,1
DA:6,1
DA:7,1
DA:8,1
DA:9,1
DA:10,1
LF:10
LH:10
BRF:0
BRH:0
end_of_record
TN:
SF:src/finance-express/dto/integration.dto.ts
FNF:0
FNH:0
DA:1,1
DA:3,1
DA:6,1
LF:3
LH:3
BRF:0
BRH:0
end_of_record
TN:
SF:src/finance-express/dto/payment-option.dto.ts
FN:12,anonymous_2
FNF:1
FNH:1
FNDA:3,(anonymous_2)
DA:1,1
DA:2,1
DA:3,1
DA:4,1
DA:6,1
DA:8,1
DA:12,1
DA:13,1
DA:17,1
DA:20,1
DA:23,1
LF:11
LH:11
BRF:8
BRH:8
end_of_record
TN:
SF:src/finance-express/dto/update-widget.dto.ts
FN:10,anonymous_2
FN:30,anonymous_3
FNF:2
FNH:2
FNDA:1,(anonymous_2)
FNDA:1,(anonymous_3)
DA:1,1
DA:2,1
DA:3,1
DA:4,1
DA:5,1
DA:7,1
DA:10,1
DA:11,1
DA:14,1
DA:17,1
DA:20,1
DA:23,1
DA:26,1
DA:30,1
DA:31,1
DA:34,1
DA:37,1
DA:40,1
DA:44,1
DA:48,1
DA:52,1
DA:56,1
DA:60,1
LF:23
LH:23
BRF:16
BRH:16
end_of_record
TN:
SF:src/finance-express/enums/channels.enum.ts
FN:1,anonymous_2
FNF:1
FNH:1
FNDA:2,(anonymous_0)
DA:1,1
DA:2,1
LF:2
LH:2
BRF:2
BRH:2
end_of_record
TN:
SF:src/finance-express/enums/display-modes.enum.ts
FN:1,anonymous_2
FNF:1
FNH:1
FNDA:2,(anonymous_0)
DA:1,1
DA:2,1
DA:3,1
DA:4,1
DA:5,1
LF:5
LH:5
BRF:2
BRH:2
end_of_record
TN:
SF:src/finance-express/enums/index.ts
FNF:0
FNH:0
DA:1,1
DA:2,1
DA:3,1
DA:4,1
DA:5,1
DA:6,1
DA:7,1
LF:7
LH:7
BRF:0
BRH:0
end_of_record
TN:
SF:src/finance-express/enums/payment-options.enum.ts
FN:1,anonymous_2
FNF:1
FNH:1
FNDA:2,(anonymous_0)
DA:1,1
DA:2,1
DA:3,1
DA:4,1
DA:5,1
DA:6,1
LF:6
LH:6
BRF:2
BRH:2
end_of_record
TN:
SF:src/finance-express/enums/rabbit-mq.enum.ts
FN:1,anonymous_2
FNF:1
FNH:1
FNDA:2,(anonymous_0)
DA:1,1
DA:2,1
DA:3,1
DA:5,1
DA:6,1
LF:5
LH:5
BRF:2
BRH:2
end_of_record
TN:
SF:src/finance-express/enums/sort-modes.enum.ts
FN:1,anonymous_2
FNF:1
FNH:1
FNDA:2,(anonymous_0)
DA:1,1
DA:2,1
DA:3,1
LF:3
LH:3
BRF:2
BRH:2
end_of_record
TN:
SF:src/finance-express/enums/third-party-payments.enum.ts
FN:1,anonymous_2
FNF:1
FNH:1
FNDA:2,(anonymous_0)
DA:1,1
DA:2,1
DA:3,1
DA:4,1
DA:5,1
DA:6,1
LF:6
LH:6
BRF:2
BRH:2
end_of_record
TN:
SF:src/finance-express/enums/widget-types.enum.ts
FN:1,anonymous_2
FNF:1
FNH:1
FNDA:2,(anonymous_0)
DA:1,1
DA:2,1
DA:3,1
DA:4,1
DA:5,1
LF:5
LH:5
BRF:2
BRH:2
end_of_record
TN:
SF:src/finance-express/interfaces/entities/index.ts
FNF:0
FNH:0
DA:1,1
DA:2,1
LF:2
LH:2
BRF:0
BRH:0
end_of_record
TN:
SF:src/finance-express/schemas/amount.schema.ts
FNF:0
FNH:0
DA:1,1
DA:3,1
LF:2
LH:2
BRF:0
BRH:0
end_of_record
TN:
SF:src/finance-express/schemas/index.ts
FNF:0
FNH:0
DA:1,1
DA:2,1
LF:2
LH:2
BRF:0
BRH:0
end_of_record
TN:
SF:src/finance-express/schemas/payment-option.schema.ts
FNF:0
FNH:0
DA:1,1
DA:2,1
DA:4,1
LF:3
LH:3
BRF:0
BRH:0
end_of_record
TN:
SF:src/finance-express/schemas/widget.schema.ts
FNF:0
FNH:0
DA:1,1
DA:2,1
DA:3,1
DA:4,1
DA:5,1
DA:6,1
DA:7,1
DA:9,1
DA:10,1
DA:40,1
LF:10
LH:10
BRF:0
BRH:0
end_of_record
TN:
SF:src/finance-express/services/checkout-php-caller.service.ts
FN:16,anonymous_2
FN:29,anonymous_3
FN:45,anonymous_4
FN:49,anonymous_5
FNF:4
FNH:4
FNDA:18,(anonymous_2)
FNDA:2,(anonymous_3)
FNDA:1,(anonymous_4)
FNDA:1,(anonymous_5)
DA:1,1
DA:4,1
DA:5,1
DA:6,1
DA:8,1
DA:12,1
DA:17,1
DA:18,1
DA:19,1
DA:20,1
DA:22,1
DA:26,1
DA:34,1
DA:36,1
DA:44,1
DA:47,1
DA:50,1
DA:57,1
LF:18
LH:18
BRF:16
BRH:16
end_of_record
TN:
SF:src/finance-express/services/index.ts
FNF:0
FNH:0
DA:1,1
DA:2,1
DA:3,1
DA:4,1
DA:5,1
LF:5
LH:5
BRF:0
BRH:0
end_of_record
TN:
SF:src/finance-express/services/service-url.retriever.ts
FN:6,anonymous_2
FN:9,anonymous_3
FNF:2
FNH:2
FNDA:18,(anonymous_2)
FNDA:4,(anonymous_3)
DA:1,1
DA:5,1
DA:14,1
DA:16,1
DA:17,1
DA:18,1
DA:19,1
DA:20,1
DA:25,1
LF:9
LH:9
BRF:4
BRH:4
end_of_record
TN:
SF:src/finance-express/services/third-party-caller.service.ts
FN:16,anonymous_2
FN:28,anonymous_3
FN:43,anonymous_4
FN:50,anonymous_5
FNF:4
FNH:4
FNDA:18,(anonymous_2)
FNDA:2,(anonymous_3)
FNDA:1,(anonymous_4)
FNDA:1,(anonymous_5)
DA:1,1
DA:2,1
DA:3,1
DA:6,1
DA:8,1
DA:12,1
DA:17,1
DA:18,1
DA:19,1
DA:20,1
DA:22,1
DA:25,1
DA:33,1
DA:35,1
DA:42,1
DA:45,1
DA:52,1
DA:59,1
LF:18
LH:18
BRF:16
BRH:16
end_of_record
TN:
SF:src/finance-express/services/widgets-payment.service.ts
FN:9,anonymous_2
FN:15,anonymous_3
FN:28,anonymous_4
FNF:3
FNH:3
FNDA:18,(anonymous_2)
FNDA:4,(anonymous_3)
FNDA:4,(anonymous_4)
DA:1,1
DA:3,1
DA:4,1
DA:8,1
DA:10,1
DA:11,1
DA:19,1
DA:20,1
DA:21,1
DA:23,1
DA:25,1
DA:29,1
DA:31,1
LF:13
LH:13
BRF:16
BRH:16
end_of_record
TN:
SF:src/finance-express/services/widgets.service.ts
FN:12,anonymous_2
FN:18,anonymous_3
FN:45,anonymous_4
FN:74,anonymous_5
FN:80,anonymous_6
FN:87,anonymous_7
FN:99,anonymous_8
FN:115,anonymous_9
FN:133,anonymous_10
FN:138,anonymous_11
FN:140,anonymous_12
FNF:11
FNH:11
FNDA:18,(anonymous_4)
FNDA:1,(anonymous_5)
FNDA:1,(anonymous_6)
FNDA:1,(anonymous_7)
FNDA:2,(anonymous_8)
FNDA:1,(anonymous_9)
FNDA:1,(anonymous_10)
FNDA:1,(anonymous_11)
FNDA:2,(anonymous_12)
FNDA:4,(anonymous_13)
FNDA:12,(anonymous_14)
DA:1,1
DA:2,1
DA:4,1
DA:8,1
DA:9,1
DA:11,1
DA:13,1
DA:14,1
DA:15,1
DA:19,1
DA:20,1
DA:22,1
DA:46,1
DA:75,1
DA:76,1
DA:77,1
DA:81,1
DA:92,1
DA:104,1
DA:110,1
DA:111,1
DA:121,1
DA:128,1
DA:129,1
DA:138,1
DA:139,1
DA:140,1
DA:141,1
DA:142,1
DA:144,1
DA:147,1
LF:31
LH:31
BRF:24
BRH:24
end_of_record
TN:
SF:src/finance-express/voters/index.ts
FNF:0
FNH:0
DA:1,1
DA:2,1
LF:2
LH:2
BRF:0
BRH:0
end_of_record
TN:
SF:src/finance-express/voters/widget-delete.voter.ts
FN:11,anonymous_2
FN:15,anonymous_3
FN:26,anonymous_4
FNF:3
FNH:3
FNDA:3,(anonymous_1)
FNDA:2,(anonymous_2)
FNDA:2,canDelete
DA:1,1
DA:2,1
DA:3,1
DA:8,1
DA:9,1
DA:12,1
DA:20,1
DA:22,1
DA:27,1
DA:28,1
DA:31,1
LF:11
LH:11
BRF:4
BRH:4
end_of_record
TN:
SF:src/finance-express/voters/widget-edit.voter.ts
FN:11,anonymous_2
FN:15,anonymous_3
FN:26,anonymous_4
FNF:3
FNH:3
FNDA:2,(anonymous_1)
FNDA:1,(anonymous_2)
FNDA:1,canEdit
DA:1,1
DA:2,1
DA:3,1
DA:8,1
DA:9,1
DA:12,1
DA:20,1
DA:22,1
DA:27,1
DA:28,1
DA:31,1
LF:11
LH:11
BRF:4
BRH:4
end_of_record
