TN:
SF:cucumber.js
FNF:0
FNH:0
DA:1,1
DA:8,1
LF:2
LH:2
BRF:0
BRH:0
end_of_record
TN:
SF:features/bootstrap/app.configurator.ts
FN:10,anonymous_2
FNF:1
FNH:1
FNDA:13,(anonymous_0)
DA:1,1
DA:3,1
DA:4,1
DA:5,1
DA:7,1
DA:9,1
DA:11,1
DA:15,1
DA:16,1
DA:17,1
DA:22,1
DA:23,1
LF:12
LH:12
BRF:0
BRH:0
end_of_record
TN:
SF:features/bootstrap/custom.world.ts
FN:7,anonymous_2
FNF:1
FNH:1
FNDA:13,(anonymous_0)
DA:1,1
DA:2,1
DA:3,1
DA:4,1
DA:6,1
DA:11,1
DA:18,1
LF:7
LH:7
BRF:0
BRH:0
end_of_record
TN:
SF:features/bootstrap/import.contexts.ts
FNF:0
FNH:0
DA:1,1
DA:2,1
DA:4,1
LF:3
LH:3
BRF:0
BRH:0
end_of_record
TN:
SF:features/bootstrap/options.ts
FN:45,anonymous_2
FNF:1
FNH:1
FNDA:13,(anonymous_0)
DA:1,1
DA:3,1
DA:4,1
DA:6,1
DA:17,1
DA:18,1
DA:20,1
DA:22,1
DA:23,1
DA:25,1
DA:45,1
LF:11
LH:11
BRF:0
BRH:0
end_of_record
TN:
SF:features/factories/business-factory.ts
FN:4,anonymous_2
FNF:1
FNH:1
FNDA:12,(anonymous_0)
DA:1,1
DA:4,1
DA:5,1
DA:8,1
LF:4
LH:4
BRF:0
BRH:0
end_of_record
TN:
SF:features/factories/contacts-factory.ts
FN:5,anonymous_2
FNF:1
FNH:1
FNDA:1,(anonymous_0)
DA:1,1
DA:5,1
DA:7,1
LF:3
LH:3
BRF:0
BRH:0
end_of_record
TN:
SF:features/factories/coupons-factory.ts
FN:10,anonymous_2
FNF:1
FNH:1
FNDA:52,(anonymous_0)
DA:1,1
DA:3,1
DA:8,1
DA:10,1
DA:11,1
DA:13,1
DA:19,1
LF:7
LH:7
BRF:0
BRH:0
end_of_record
TN:
SF:features/factories/products-factory.ts
FN:5,anonymous_2
FNF:1
FNH:1
FNDA:1,(anonymous_0)
DA:1,1
DA:5,1
DA:7,1
LF:3
LH:3
BRF:0
BRH:0
end_of_record
TN:
SF:features/fixtures/business.fixture.ts
FNF:0
FNH:0
DA:1,1
DA:2,1
DA:4,1
DA:5,1
DA:9,1
LF:5
LH:5
BRF:0
BRH:0
end_of_record
TN:
SF:features/fixtures/contacts.fixture.ts
FN:10,anonymous_2
FNF:1
FNH:1
FNDA:1,(anonymous_0)
DA:1,1
DA:2,1
DA:4,1
DA:7,1
DA:8,1
DA:10,1
DA:19,1
LF:7
LH:7
BRF:0
BRH:0
end_of_record
TN:
SF:features/fixtures/coupons.fixture.ts
FN:17,anonymous_2
FNF:1
FNH:1
FNDA:4,(anonymous_0)
DA:1,1
DA:2,1
DA:4,1
DA:5,1
DA:7,1
DA:17,1
DA:18,1
DA:60,1
LF:8
LH:8
BRF:0
BRH:0
end_of_record
TN:
SF:features/fixtures/products.fixture.ts
FN:10,anonymous_2
FNF:1
FNH:1
FNDA:1,(anonymous_0)
DA:1,1
DA:2,1
DA:4,1
DA:6,1
DA:8,1
DA:10,1
DA:21,1
LF:7
LH:7
BRF:0
BRH:0
end_of_record
TN:
SF:src/app.module.ts
FN:51,anonymous_2
FNF:1
FNH:1
FNDA:13,(anonymous_1)
DA:1,1
DA:2,1
DA:7,1
DA:14,1
DA:15,1
DA:16,1
DA:17,1
DA:19,1
DA:20,1
DA:50,1
LF:10
LH:10
BRF:0
BRH:0
end_of_record
TN:
SF:src/business/business.module.ts
FNF:0
FNH:0
DA:1,1
DA:2,1
DA:3,1
DA:4,1
DA:5,1
DA:6,1
DA:25,1
LF:7
LH:7
BRF:0
BRH:0
end_of_record
TN:
SF:src/business/controllers/business-bus-message.controller.ts
FN:10,(anonymous_2)
FN:18,(anonymous_3)
FN:30,(anonymous_4)
FN:42,(anonymous_5)
FNF:4
FNH:1
FNDA:13,(anonymous_2)
FNDA:0,(anonymous_3)
FNDA:0,(anonymous_4)
FNDA:0,(anonymous_5)
DA:2,2
DA:3,2
DA:5,2
DA:6,2
DA:9,2
DA:11,13
DA:12,13
DA:18,2
DA:19,0
DA:24,0
DA:30,2
DA:31,0
DA:36,0
DA:42,2
DA:43,0
DA:48,0
LF:16
LH:10
BRF:0
BRH:0
end_of_record
TN:
SF:src/business/controllers/index.ts
FNF:0
FNH:0
DA:1,1
LF:1
LH:1
BRF:0
BRH:0
end_of_record
TN:
SF:src/business/dto/business.dto.ts
FNF:0
FNH:0
DA:1,1
DA:10,1
DA:13,1
DA:17,1
LF:4
LH:4
BRF:0
BRH:0
end_of_record
TN:
SF:src/business/enums/business-events.enum.ts
FN:1,anonymous_2
FNF:1
FNH:1
FNDA:2,(anonymous_0)
DA:1,1
DA:2,1
DA:3,1
DA:4,1
LF:4
LH:4
BRF:2
BRH:2
end_of_record
TN:
SF:src/business/enums/index.ts
FNF:0
FNH:0
DA:1,1
LF:1
LH:1
BRF:0
BRH:0
end_of_record
TN:
SF:src/business/schemas/business.schema.ts
FNF:0
FNH:0
DA:1,1
DA:2,1
DA:3,1
DA:5,1
DA:6,1
DA:14,1
LF:6
LH:6
BRF:0
BRH:0
end_of_record
TN:
SF:src/business/schemas/index.ts
FNF:0
FNH:0
DA:1,1
LF:1
LH:1
BRF:0
BRH:0
end_of_record
TN:
SF:src/business/services/business.service.ts
FN:15,anonymous_2
FN:20,anonymous_3
FN:28,anonymous_4
FN:32,anonymous_5
FN:46,anonymous_6
FNF:5
FNH:5
FNDA:13,(anonymous_4)
FNDA:0,(anonymous_5)
FNDA:0,(anonymous_6)
FNDA:0,(anonymous_7)
FNDA:0,(anonymous_8)
DA:1,1
DA:2,1
DA:3,1
DA:4,1
DA:9,1
DA:10,1
DA:11,1
DA:14,1
DA:16,1
DA:17,1
DA:21,1
DA:23,1
DA:25,1
DA:29,1
DA:33,1
DA:35,1
DA:41,1
DA:47,1
LF:18
LH:18
BRF:0
BRH:0
end_of_record
TN:
SF:src/business/services/index.ts
FNF:0
FNH:0
DA:1,1
LF:1
LH:1
BRF:0
BRH:0
end_of_record
TN:
SF:src/coupons/coupons.module.ts
FN:97,anonymous_2
FN:107,anonymous_3
FN:117,anonymous_4
FN:127,anonymous_5
FNF:4
FNH:4
FNDA:13,(anonymous_1)
FNDA:13,(anonymous_2)
FNDA:13,(anonymous_3)
FNDA:13,(anonymous_4)
DA:3,1
DA:4,1
DA:6,1
DA:7,1
DA:9,1
DA:10,1
DA:11,1
DA:12,1
DA:30,1
DA:39,1
DA:40,1
DA:41,1
DA:42,1
DA:43,1
DA:44,1
DA:99,1
DA:109,1
DA:119,1
DA:129,1
DA:136,1
LF:20
LH:20
BRF:0
BRH:0
end_of_record
TN:
SF:src/coupons/commands/coupon-export.command.ts
FN:11,anonymous_2
FN:20,anonymous_3
FN:52,anonymous_4
FNF:3
FNH:3
FNDA:13,(anonymous_4)
FNDA:0,(anonymous_5)
FNDA:0,(anonymous_6)
DA:1,1
DA:2,1
DA:3,1
DA:4,1
DA:5,1
DA:6,1
DA:10,1
DA:12,1
DA:13,1
DA:20,1
DA:28,1
DA:29,1
DA:30,1
DA:32,1
DA:33,1
DA:34,1
DA:37,1
DA:38,1
DA:39,1
DA:40,1
DA:42,1
DA:43,1
DA:44,1
DA:46,1
DA:47,1
DA:57,1
LF:26
LH:26
BRF:4
BRH:4
end_of_record
TN:
SF:src/coupons/commands/index.ts
FNF:0
FNH:0
DA:1,1
LF:1
LH:1
BRF:0
BRH:0
end_of_record
TN:
SF:src/coupons/const/const.ts
FNF:0
FNH:0
DA:3,1
DA:14,1
DA:19,1
DA:24,1
DA:28,1
DA:33,1
DA:39,1
DA:44,1
DA:49,1
DA:54,1
LF:10
LH:10
BRF:0
BRH:0
end_of_record
TN:
SF:src/coupons/const/errors.ts
FNF:0
FNH:0
DA:1,1
LF:1
LH:1
BRF:0
BRH:0
end_of_record
TN:
SF:src/coupons/controllers/checkout-bus-message.controller.ts
FN:7,(anonymous_2)
FNF:1
FNH:1
FNDA:13,(anonymous_2)
DA:1,2
DA:6,2
DA:8,13
LF:3
LH:3
BRF:0
BRH:0
end_of_record
TN:
SF:src/coupons/controllers/coupons-http.controller.ts
FN:54,(anonymous_4)
FN:64,(anonymous_5)
FN:95,(anonymous_6)
FN:111,(anonymous_7)
FN:126,(anonymous_8)
FN:141,(anonymous_9)
FN:157,(anonymous_10)
FN:175,(anonymous_11)
FN:192,(anonymous_12)
FNF:9
FNH:9
FNDA:13,(anonymous_4)
FNDA:3,(anonymous_5)
FNDA:1,(anonymous_6)
FNDA:1,(anonymous_7)
FNDA:1,(anonymous_8)
FNDA:1,(anonymous_9)
FNDA:1,(anonymous_10)
FNDA:1,(anonymous_11)
FNDA:1,(anonymous_12)
DA:2,2
DA:3,2
DA:19,2
DA:26,2
DA:27,2
DA:28,2
DA:29,2
DA:30,2
DA:33,2
DA:37,2
DA:53,2
DA:55,13
DA:56,13
DA:64,2
DA:68,3
DA:69,1
DA:73,3
DA:74,1
DA:78,1
DA:79,1
DA:84,3
DA:85,3
DA:87,3
DA:95,2
DA:98,1
DA:111,2
DA:115,1
DA:126,2
DA:130,1
DA:141,2
DA:146,1
DA:157,2
DA:164,1
DA:175,2
DA:181,1
DA:192,2
DA:196,1
DA:197,1
LF:38
LH:34
BRF:6
BRH:6
end_of_record
TN:
SF:src/coupons/dto/coupon-create.dto.ts
FN:38,anonymous_2
FN:158,anonymous_3
FN:162,anonymous_4
FN:166,anonymous_5
FN:170,anonymous_6
FN:54,anonymous_7
FN:60,anonymous_8
FN:70,anonymous_9
FN:80,anonymous_10
FN:89,anonymous_11
FN:101,anonymous_12
FN:132,anonymous_13
FN:139,anonymous_14
FN:147,anonymous_15
FN:154,anonymous_16
FNF:15
FNH:15
FNDA:5,(anonymous_2)
FNDA:4,(anonymous_3)
FNDA:2,(anonymous_4)
FNDA:2,(anonymous_5)
FNDA:1,(anonymous_6)
FNDA:4,(anonymous_7)
FNDA:1,(anonymous_8)
FNDA:5,(anonymous_9)
FNDA:5,(anonymous_10)
FNDA:5,(anonymous_11)
FNDA:5,(anonymous_12)
FNDA:5,(anonymous_13)
FNDA:4,(anonymous_14)
FNDA:5,(anonymous_15)
FNDA:4,(anonymous_16)
DA:1,1
DA:2,1
DA:16,1
DA:17,1
DA:18,1
DA:19,1
DA:25,1
DA:26,1
DA:32,1
DA:38,1
DA:42,1
DA:47,1
DA:54,1
DA:55,1
DA:60,1
DA:62,1
DA:66,1
DA:70,1
DA:72,1
DA:77,1
DA:80,1
DA:82,1
DA:86,1
DA:89,1
DA:91,1
DA:95,1
DA:101,1
DA:120,1
DA:126,1
DA:133,1
DA:139,1
DA:141,1
DA:148,1
DA:154,1
DA:156,1
DA:159,1
DA:163,1
DA:167,1
DA:171,1
LF:39
LH:39
BRF:2
BRH:2
end_of_record
TN:
SF:src/coupons/dto/coupon-limit.dto.ts
FN:21,anonymous_2
FNF:1
FNH:1
FNDA:5,(anonymous_2)
DA:1,1
DA:2,1
DA:9,1
DA:12,1
DA:16,1
DA:21,1
DA:22,1
LF:7
LH:7
BRF:0
BRH:0
end_of_record
TN:
SF:src/coupons/dto/coupon-type.dto.ts
FNF:0
FNH:0
DA:1,1
DA:2,1
DA:6,1
DA:11,1
DA:17,1
LF:5
LH:5
BRF:0
BRH:0
end_of_record
TN:
SF:src/coupons/dto/index.ts
FNF:0
FNH:0
DA:1,1
DA:2,1
DA:3,1
DA:4,1
DA:5,1
DA:7,1
LF:6
LH:6
BRF:0
BRH:0
end_of_record
TN:
SF:src/coupons/dto/bus-messages/index.ts
FNF:0
FNH:0
DA:1,1
LF:1
LH:1
BRF:0
BRH:0
end_of_record
TN:
SF:src/coupons/dto/coupon-embedded/category.dto.ts
FNF:0
FNH:0
DA:2,1
DA:3,1
DA:15,1
DA:20,1
DA:24,1
DA:28,1
DA:31,1
LF:7
LH:7
BRF:0
BRH:0
end_of_record
TN:
SF:src/coupons/dto/coupon-embedded/channel-set.dto.ts
FNF:0
FNH:0
DA:1,1
DA:2,1
DA:6,1
DA:9,1
DA:13,1
LF:5
LH:5
BRF:0
BRH:0
end_of_record
TN:
SF:src/coupons/dto/coupon-embedded/contact.dto.ts
FN:63,anonymous_2
FN:76,anonymous_3
FN:96,anonymous_4
FNF:3
FNH:3
FNDA:0,(anonymous_2)
FNDA:6,(anonymous_3)
FNDA:6,(anonymous_4)
DA:2,1
DA:3,1
DA:10,1
DA:20,1
DA:23,1
DA:28,1
DA:32,1
DA:36,1
DA:41,1
DA:44,1
DA:47,1
DA:51,1
DA:55,1
DA:59,1
DA:63,1
DA:65,1
DA:68,1
DA:76,1
DA:77,1
DA:80,1
DA:83,1
DA:87,1
DA:91,1
DA:96,1
DA:97,1
LF:25
LH:25
BRF:0
BRH:0
end_of_record
TN:
SF:src/coupons/dto/coupon-embedded/country.dto.ts
FNF:0
FNH:0
DA:1,1
DA:2,1
DA:6,1
DA:9,1
LF:4
LH:4
BRF:0
BRH:0
end_of_record
TN:
SF:src/coupons/dto/coupon-embedded/group.dto.ts
FNF:0
FNH:0
DA:6,1
DA:7,1
DA:14,1
DA:18,1
DA:23,1
DA:28,1
DA:33,1
LF:7
LH:7
BRF:0
BRH:0
end_of_record
TN:
SF:src/coupons/dto/coupon-embedded/index.ts
FNF:0
FNH:0
DA:1,1
DA:2,1
DA:3,1
DA:4,1
DA:5,1
LF:5
LH:5
BRF:0
BRH:0
end_of_record
TN:
SF:src/coupons/dto/coupon-type/coupon-type-buy-x-get-y.dto.ts
FN:45,anonymous_2
FN:50,anonymous_3
FN:56,anonymous_4
FN:63,anonymous_5
FN:81,anonymous_6
FN:88,anonymous_7
FN:94,anonymous_8
FN:99,anonymous_9
FN:115,anonymous_10
FN:129,anonymous_11
FNF:10
FNH:10
FNDA:1,(anonymous_2)
FNDA:1,(anonymous_3)
FNDA:1,(anonymous_4)
FNDA:1,(anonymous_5)
FNDA:1,(anonymous_6)
FNDA:1,(anonymous_7)
FNDA:1,(anonymous_8)
FNDA:1,(anonymous_9)
FNDA:1,(anonymous_10)
FNDA:1,(anonymous_11)
DA:1,1
DA:2,1
DA:13,1
DA:15,1
DA:16,1
DA:21,1
DA:22,1
DA:24,1
DA:30,1
DA:35,1
DA:41,1
DA:46,1
DA:50,1
DA:52,1
DA:57,1
DA:63,1
DA:65,1
DA:73,1
DA:77,1
DA:82,1
DA:88,1
DA:90,1
DA:95,1
DA:99,1
DA:101,1
DA:108,1
DA:116,1
DA:118,1
DA:123,1
DA:130,1
DA:132,1
LF:31
LH:31
BRF:0
BRH:0
end_of_record
TN:
SF:src/coupons/dto/coupon-type/coupon-type-fixed.dto.ts
FN:33,anonymous_2
FN:38,anonymous_3
FN:43,anonymous_4
FN:48,anonymous_5
FN:62,anonymous_6
FN:71,anonymous_7
FNF:6
FNH:6
FNDA:2,(anonymous_2)
FNDA:0,(anonymous_3)
FNDA:2,(anonymous_4)
FNDA:1,(anonymous_5)
FNDA:2,(anonymous_6)
FNDA:2,(anonymous_7)
DA:1,1
DA:2,1
DA:12,1
DA:14,1
DA:16,1
DA:17,1
DA:18,1
DA:20,1
DA:24,1
DA:30,1
DA:33,1
DA:38,1
DA:40,1
DA:43,1
DA:48,1
DA:50,1
DA:56,1
DA:63,1
DA:65,1
DA:72,1
DA:74,1
LF:21
LH:21
BRF:0
BRH:0
end_of_record
TN:
SF:src/coupons/dto/coupon-type/coupon-type-freeshipping.dto.ts
FN:27,anonymous_2
FN:34,anonymous_3
FN:44,anonymous_4
FN:59,anonymous_5
FN:68,anonymous_6
FNF:5
FNH:5
FNDA:2,(anonymous_2)
FNDA:2,(anonymous_3)
FNDA:2,(anonymous_4)
FNDA:2,(anonymous_5)
FNDA:2,(anonymous_6)
DA:1,1
DA:2,1
DA:12,1
DA:14,1
DA:15,1
DA:16,1
DA:18,1
DA:23,1
DA:28,1
DA:34,1
DA:35,1
DA:39,1
DA:45,1
DA:47,1
DA:53,1
DA:60,1
DA:62,1
DA:69,1
DA:71,1
LF:19
LH:19
BRF:0
BRH:0
end_of_record
TN:
SF:src/coupons/dto/coupon-type/coupon-type-percentage.dto.ts
FN:36,anonymous_2
FN:41,anonymous_3
FN:46,anonymous_4
FN:51,anonymous_5
FN:65,anonymous_6
FN:74,anonymous_7
FNF:6
FNH:6
FNDA:0,(anonymous_2)
FNDA:0,(anonymous_3)
FNDA:0,(anonymous_4)
FNDA:0,(anonymous_5)
FNDA:0,(anonymous_6)
FNDA:0,(anonymous_7)
DA:1,1
DA:2,1
DA:14,1
DA:16,1
DA:18,1
DA:19,1
DA:20,1
DA:22,1
DA:27,1
DA:33,1
DA:36,1
DA:41,1
DA:43,1
DA:46,1
DA:51,1
DA:53,1
DA:59,1
DA:66,1
DA:68,1
DA:75,1
DA:77,1
LF:21
LH:21
BRF:0
BRH:0
end_of_record
TN:
SF:src/coupons/dto/coupon-type/index.ts
FNF:0
FNH:0
DA:1,1
DA:2,1
DA:3,1
DA:4,1
LF:4
LH:4
BRF:0
BRH:0
end_of_record
TN:
SF:src/coupons/enum/coupon.enums.ts
FN:1,anonymous_2
FN:8,anonymous_3
FN:13,anonymous_4
FN:19,anonymous_5
FN:24,anonymous_6
FN:28,anonymous_7
FN:33,anonymous_8
FN:38,anonymous_9
FN:44,anonymous_10
FNF:9
FNH:9
FNDA:2,(anonymous_0)
FNDA:2,(anonymous_1)
FNDA:2,(anonymous_2)
FNDA:2,(anonymous_3)
FNDA:2,(anonymous_4)
FNDA:2,(anonymous_5)
FNDA:2,(anonymous_6)
FNDA:2,(anonymous_7)
FNDA:2,(anonymous_8)
DA:1,1
DA:2,1
DA:3,1
DA:4,1
DA:5,1
DA:8,1
DA:9,1
DA:10,1
DA:13,1
DA:14,1
DA:15,1
DA:16,1
DA:19,1
DA:20,1
DA:21,1
DA:24,1
DA:25,1
DA:26,1
DA:28,1
DA:29,1
DA:30,1
DA:33,1
DA:34,1
DA:35,1
DA:38,1
DA:39,1
DA:40,1
DA:41,1
DA:44,1
DA:45,1
DA:46,1
DA:47,1
LF:32
LH:32
BRF:18
BRH:18
end_of_record
TN:
SF:src/coupons/enum/index.ts
FNF:0
FNH:0
DA:1,1
LF:1
LH:1
BRF:0
BRH:0
end_of_record
TN:
SF:src/coupons/listeners/coupon-events.listener.ts
FN:12,anonymous_2
FN:18,anonymous_3
FNF:2
FNH:2
FNDA:13,(anonymous_2)
FNDA:0,(anonymous_3)
DA:1,1
DA:2,1
DA:3,1
DA:5,1
DA:7,1
DA:10,1
DA:13,1
DA:14,1
DA:18,1
DA:21,1
DA:22,1
LF:11
LH:11
BRF:0
BRH:0
end_of_record
TN:
SF:src/coupons/listeners/index.ts
FNF:0
FNH:0
DA:1,1
LF:1
LH:1
BRF:0
BRH:0
end_of_record
TN:
SF:src/coupons/producer/coupon-events.producer.ts
FN:14,anonymous_2
FN:19,anonymous_3
FN:24,anonymous_4
FN:29,anonymous_5
FN:35,anonymous_6
FN:38,anonymous_7
FN:42,anonymous_8
FNF:7
FNH:7
FNDA:13,(anonymous_2)
FNDA:3,(anonymous_3)
FNDA:1,(anonymous_4)
FNDA:0,(anonymous_5)
FNDA:0,(anonymous_6)
FNDA:0,(anonymous_7)
FNDA:4,(anonymous_8)
DA:1,1
DA:3,1
DA:6,1
DA:13,1
DA:15,1
DA:16,1
DA:22,1
DA:27,1
DA:32,1
DA:46,1
DA:50,1
DA:55,1
DA:59,1
LF:13
LH:13
BRF:0
BRH:0
end_of_record
TN:
SF:src/coupons/schemas/category.schema.ts
FNF:0
FNH:0
DA:2,1
DA:4,1
DA:5,1
LF:3
LH:3
BRF:0
BRH:0
end_of_record
TN:
SF:src/coupons/schemas/contact.schema.ts
FNF:0
FNH:0
DA:1,1
DA:3,1
DA:13,1
DA:23,1
DA:31,1
DA:32,1
LF:6
LH:6
BRF:0
BRH:0
end_of_record
TN:
SF:src/coupons/schemas/country.schema.ts
FNF:0
FNH:0
DA:1,1
DA:3,1
DA:4,1
LF:3
LH:3
BRF:0
BRH:0
end_of_record
TN:
SF:src/coupons/schemas/coupon-type.schema.ts
FNF:0
FNH:0
DA:1,1
DA:2,1
DA:5,1
DA:7,1
DA:8,1
LF:5
LH:5
BRF:0
BRH:0
end_of_record
TN:
SF:src/coupons/schemas/coupon.schema.ts
FNF:0
FNH:0
DA:2,1
DA:3,1
DA:4,1
DA:5,1
DA:13,1
DA:19,1
DA:20,1
DA:76,1
DA:80,1
DA:84,1
DA:88,1
LF:11
LH:11
BRF:0
BRH:0
end_of_record
TN:
SF:src/coupons/schemas/coupons-limits.schema.ts
FNF:0
FNH:0
DA:1,1
DA:3,1
DA:4,1
LF:3
LH:3
BRF:0
BRH:0
end_of_record
TN:
SF:src/coupons/schemas/group.schema.ts
FNF:0
FNH:0
DA:1,1
DA:3,1
DA:4,1
LF:3
LH:3
BRF:0
BRH:0
end_of_record
TN:
SF:src/coupons/schemas/index.ts
FN:2,anonymous_2
FN:3,anonymous_3
FNF:2
FNH:2
FNDA:0,(anonymous_4)
FNDA:2,(anonymous_5)
DA:1,1
DA:2,1
DA:3,1
DA:6,1
DA:7,1
DA:8,1
DA:9,1
DA:10,1
DA:11,1
DA:12,1
LF:10
LH:10
BRF:0
BRH:0
end_of_record
TN:
SF:src/coupons/schemas/coupon-type-subtypes/coupon-type-buy-x-get-y.schema.ts
FNF:0
FNH:0
DA:1,1
DA:2,1
DA:9,1
DA:10,1
LF:4
LH:4
BRF:0
BRH:0
end_of_record
TN:
SF:src/coupons/schemas/coupon-type-subtypes/coupon-type-fixed-amount.schema.ts
FNF:0
FNH:0
DA:1,1
DA:2,1
DA:4,1
DA:5,1
LF:4
LH:4
BRF:0
BRH:0
end_of_record
TN:
SF:src/coupons/schemas/coupon-type-subtypes/coupon-type-free-shipping.schema.ts
FNF:0
FNH:0
DA:1,1
DA:2,1
DA:4,1
DA:5,1
LF:4
LH:4
BRF:0
BRH:0
end_of_record
TN:
SF:src/coupons/schemas/coupon-type-subtypes/coupon-type-percentage.schema.ts
FNF:0
FNH:0
DA:1,1
DA:2,1
DA:4,1
DA:5,1
LF:4
LH:4
BRF:0
BRH:0
end_of_record
TN:
SF:src/coupons/schemas/coupon-type-subtypes/index.ts
FNF:0
FNH:0
DA:1,1
DA:2,1
DA:3,1
DA:4,1
LF:4
LH:4
BRF:0
BRH:0
end_of_record
TN:
SF:src/coupons/services/category.service.ts
FN:14,anonymous_2
FN:18,anonymous_3
FN:22,anonymous_4
FNF:3
FNH:3
FNDA:13,(anonymous_4)
FNDA:1,(anonymous_5)
FNDA:0,(anonymous_6)
DA:1,1
DA:2,1
DA:3,1
DA:4,1
DA:10,1
DA:13,1
DA:15,1
DA:19,1
DA:23,1
DA:25,1
LF:10
LH:10
BRF:0
BRH:0
end_of_record
TN:
SF:src/coupons/services/channel-set.service.ts
FN:13,anonymous_2
FN:16,anonymous_3
FNF:2
FNH:2
FNDA:13,(anonymous_4)
FNDA:0,(anonymous_5)
DA:1,1
DA:2,1
DA:3,1
DA:5,1
DA:7,1
DA:12,1
DA:14,1
DA:17,1
DA:19,1
LF:9
LH:9
BRF:0
BRH:0
end_of_record
TN:
SF:src/coupons/services/contacts.service.ts
FN:14,anonymous_2
FN:18,anonymous_3
FN:22,anonymous_4
FNF:3
FNH:3
FNDA:13,(anonymous_4)
FNDA:1,(anonymous_5)
FNDA:3,(anonymous_6)
DA:1,1
DA:2,1
DA:4,1
DA:5,1
DA:10,1
DA:13,1
DA:15,1
DA:19,1
DA:23,1
DA:25,1
LF:10
LH:10
BRF:0
BRH:0
end_of_record
TN:
SF:src/coupons/services/country.service.ts
FN:14,anonymous_2
FN:17,anonymous_3
FNF:2
FNH:2
FNDA:13,(anonymous_4)
FNDA:1,(anonymous_5)
DA:1,1
DA:2,1
DA:4,1
DA:5,1
DA:7,1
DA:13,1
DA:15,1
DA:18,1
DA:20,1
LF:9
LH:9
BRF:0
BRH:0
end_of_record
TN:
SF:src/coupons/services/coupons.service.ts
FN:55,anonymous_2
FN:66,anonymous_3
FN:76,anonymous_4
FN:108,anonymous_5
FN:115,anonymous_6
FN:169,anonymous_7
FN:196,anonymous_8
FN:213,anonymous_9
FN:219,anonymous_10
FN:246,anonymous_11
FN:251,anonymous_12
FN:258,anonymous_13
FN:263,anonymous_14
FN:270,anonymous_15
FN:275,anonymous_16
FN:282,anonymous_17
FN:304,anonymous_18
FN:309,anonymous_19
FN:319,anonymous_20
FN:324,anonymous_21
FN:331,anonymous_22
FN:350,anonymous_23
FN:355,anonymous_24
FN:362,anonymous_25
FN:387,anonymous_26
FN:392,anonymous_27
FN:399,anonymous_28
FN:404,anonymous_29
FN:411,anonymous_30
FN:416,anonymous_31
FN:423,anonymous_32
FN:428,anonymous_33
FN:435,anonymous_34
FN:451,anonymous_35
FN:457,anonymous_36
FN:464,anonymous_37
FNF:36
FNH:36
FNDA:13,(anonymous_4)
FNDA:3,(anonymous_5)
FNDA:0,(anonymous_6)
FNDA:1,(anonymous_7)
FNDA:1,(anonymous_8)
FNDA:1,(anonymous_9)
FNDA:1,(anonymous_10)
FNDA:1,(anonymous_11)
FNDA:4,(anonymous_12)
FNDA:0,(anonymous_13)
FNDA:0,(anonymous_14)
FNDA:3,(anonymous_15)
FNDA:3,(anonymous_16)
FNDA:0,(anonymous_17)
FNDA:0,(anonymous_18)
FNDA:2,(anonymous_19)
FNDA:1,(anonymous_20)
FNDA:1,(anonymous_21)
FNDA:0,(anonymous_22)
FNDA:0,(anonymous_23)
FNDA:1,(anonymous_24)
FNDA:1,(anonymous_25)
FNDA:1,(anonymous_26)
FNDA:1,(anonymous_27)
FNDA:1,(anonymous_28)
FNDA:1,(anonymous_29)
FNDA:1,(anonymous_30)
FNDA:1,(anonymous_31)
FNDA:0,(anonymous_32)
FNDA:0,(anonymous_33)
FNDA:0,(anonymous_34)
FNDA:0,(anonymous_35)
FNDA:4,(anonymous_36)
FNDA:1,(anonymous_37)
FNDA:0,(anonymous_38)
FNDA:0,(anonymous_39)
DA:3,1
DA:4,1
DA:5,1
DA:9,1
DA:11,1
DA:23,1
DA:42,1
DA:43,1
DA:44,1
DA:45,1
DA:46,1
DA:47,1
DA:49,1
DA:54,1
DA:56,1
DA:57,1
DA:58,1
DA:59,1
DA:60,1
DA:61,1
DA:62,1
DA:67,1
DA:68,1
DA:71,1
DA:73,1
DA:77,1
DA:105,1
DA:112,1
DA:119,1
DA:121,1
DA:122,1
DA:127,1
DA:128,1
DA:141,1
DA:142,1
DA:165,1
DA:173,1
DA:175,1
DA:176,1
DA:181,1
DA:197,1
DA:198,1
DA:203,1
DA:205,1
DA:214,1
DA:220,1
DA:243,1
DA:244,1
DA:245,1
DA:247,1
DA:250,1
DA:251,1
DA:255,1
DA:256,1
DA:257,1
DA:259,1
DA:262,1
DA:263,1
DA:267,1
DA:268,1
DA:269,1
DA:271,1
DA:274,1
DA:275,1
DA:279,1
DA:286,1
DA:288,1
DA:298,1
DA:299,1
DA:303,1
DA:305,1
DA:308,1
DA:309,1
DA:313,1
DA:314,1
DA:318,1
DA:320,1
DA:323,1
DA:324,1
DA:328,1
DA:335,1
DA:336,1
DA:347,1
DA:348,1
DA:349,1
DA:351,1
DA:354,1
DA:355,1
DA:359,1
DA:366,1
DA:367,1
DA:384,1
DA:385,1
DA:386,1
DA:388,1
DA:391,1
DA:392,1
DA:396,1
DA:397,1
DA:398,1
DA:400,1
DA:403,1
DA:404,1
DA:408,1
DA:409,1
DA:410,1
DA:412,1
DA:415,1
DA:416,1
DA:420,1
DA:421,1
DA:422,1
DA:424,1
DA:427,1
DA:428,1
DA:432,1
DA:436,1
DA:437,1
DA:438,1
DA:439,1
DA:440,1
DA:441,1
DA:442,1
DA:443,1
DA:445,1
DA:454,1
DA:460,1
DA:467,1
LF:128
LH:128
BRF:54
BRH:54
end_of_record
TN:
SF:src/coupons/services/groups.service.ts
FN:13,anonymous_2
FN:17,anonymous_3
FN:21,anonymous_4
FNF:3
FNH:3
FNDA:13,(anonymous_4)
FNDA:1,(anonymous_5)
FNDA:0,(anonymous_6)
DA:1,1
DA:2,1
DA:4,1
DA:5,1
DA:6,1
DA:12,1
DA:14,1
DA:18,1
DA:22,1
DA:24,1
LF:10
LH:10
BRF:0
BRH:0
end_of_record
TN:
SF:src/coupons/services/index.ts
FNF:0
FNH:0
DA:1,1
DA:2,1
DA:3,1
DA:4,1
DA:5,1
DA:6,1
LF:6
LH:6
BRF:0
BRH:0
end_of_record
TN:
SF:src/coupons/types/coupon-code.type.ts
FN:3,anonymous_2
FN:4,anonymous_3
FNF:2
FNH:2
FNDA:3,(anonymous_0)
FNDA:36,(anonymous_1)
DA:1,1
DA:3,1
DA:4,1
DA:5,1
DA:6,1
LF:5
LH:5
BRF:0
BRH:0
end_of_record
TN:
SF:src/environments/environment.ts
FN:5,anonymous_2
FN:9,anonymous_3
FNF:2
FNH:2
FNDA:2,(anonymous_0)
FNDA:8,(anonymous_1)
DA:1,1
DA:3,1
DA:5,1
DA:6,1
DA:9,1
DA:11,1
DA:12,1
DA:15,1
LF:8
LH:8
BRF:6
BRH:6
end_of_record
TN:
SF:src/environments/index.ts
FNF:0
FNH:0
DA:1,1
LF:1
LH:1
BRF:0
BRH:0
end_of_record
TN:
SF:src/products/products.module.ts
FNF:0
FNH:0
DA:1,1
DA:2,1
DA:4,1
DA:5,1
DA:6,1
DA:24,1
LF:6
LH:6
BRF:0
BRH:0
end_of_record
TN:
SF:src/products/controllers/index.ts
FNF:0
FNH:0
DA:1,1
LF:1
LH:1
BRF:0
BRH:0
end_of_record
TN:
SF:src/products/controllers/products-bus-message.controller.ts
FN:12,(anonymous_2)
FN:22,(anonymous_3)
FN:32,(anonymous_4)
FNF:3
FNH:1
FNDA:13,(anonymous_2)
FNDA:0,(anonymous_3)
FNDA:0,(anonymous_4)
DA:4,2
DA:5,2
DA:7,2
DA:8,2
DA:11,2
DA:13,13
DA:22,2
DA:23,0
DA:32,2
DA:33,0
LF:10
LH:8
BRF:0
BRH:0
end_of_record
TN:
SF:src/products/dto/index.ts
FNF:0
FNH:0
DA:1,1
LF:1
LH:1
BRF:0
BRH:0
end_of_record
TN:
SF:src/products/dto/product.dto.ts
FN:58,anonymous_2
FN:72,anonymous_3
FNF:2
FNH:2
FNDA:2,(anonymous_2)
FNDA:4,(anonymous_3)
DA:1,1
DA:2,1
DA:12,1
DA:16,1
DA:20,1
DA:25,1
DA:29,1
DA:35,1
DA:41,1
DA:46,1
DA:51,1
DA:58,1
DA:59,1
DA:64,1
DA:68,1
DA:72,1
DA:73,1
LF:17
LH:17
BRF:0
BRH:0
end_of_record
TN:
SF:src/products/schemas/index.ts
FNF:0
FNH:0
DA:1,1
LF:1
LH:1
BRF:0
BRH:0
end_of_record
TN:
SF:src/products/schemas/product.schema.ts
FNF:0
FNH:0
DA:1,1
DA:7,1
DA:8,1
LF:3
LH:3
BRF:0
BRH:0
end_of_record
TN:
SF:src/products/services/index.ts
FNF:0
FNH:0
DA:1,1
LF:1
LH:1
BRF:0
BRH:0
end_of_record
TN:
SF:src/products/services/products.service.ts
FN:15,anonymous_2
FN:19,anonymous_3
FN:23,anonymous_4
FN:27,anonymous_5
FN:67,anonymous_6
FNF:5
FNH:5
FNDA:13,(anonymous_4)
FNDA:0,(anonymous_5)
FNDA:1,(anonymous_6)
FNDA:3,(anonymous_7)
FNDA:0,(anonymous_8)
DA:2,1
DA:3,1
DA:4,1
DA:5,1
DA:9,1
DA:14,1
DA:16,1
DA:20,1
DA:24,1
DA:28,1
DA:29,1
DA:31,1
DA:32,1
DA:33,1
DA:36,1
DA:38,1
DA:39,1
DA:40,1
DA:41,1
DA:42,1
DA:45,1
DA:55,1
DA:59,1
DA:68,1
LF:24
LH:24
BRF:12
BRH:12
end_of_record
