TN:
SF:cucumber.js
FNF:0
FNH:0
DA:1,1
DA:8,1
LF:2
LH:2
BRF:0
BRH:0
end_of_record
TN:
SF:features/bootstrap/app.configurator.ts
FN:8,anonymous_2
FNF:1
FNH:1
FNDA:65,(anonymous_0)
DA:1,1
DA:2,1
DA:3,1
DA:4,1
DA:7,1
DA:9,1
DA:10,1
DA:11,1
DA:12,1
DA:14,1
LF:10
LH:10
BRF:0
BRH:0
end_of_record
TN:
SF:features/bootstrap/custom.world.ts
FN:7,anonymous_2
FNF:1
FNH:1
FNDA:65,(anonymous_0)
DA:1,1
DA:2,1
DA:3,1
DA:4,1
DA:6,1
DA:8,1
DA:12,1
LF:7
LH:7
BRF:0
BRH:0
end_of_record
TN:
SF:features/bootstrap/import.contexts.ts
FNF:0
FNH:0
DA:1,1
DA:2,1
DA:4,1
LF:3
LH:3
BRF:0
BRH:0
end_of_record
TN:
SF:features/bootstrap/options.ts
FN:50,anonymous_2
FNF:1
FNH:1
FNDA:74,(anonymous_0)
DA:1,1
DA:2,1
DA:15,1
DA:16,1
DA:17,1
DA:18,1
DA:19,1
DA:20,1
DA:21,1
DA:22,1
DA:23,1
DA:25,1
DA:26,1
DA:27,1
DA:28,1
DA:29,1
DA:30,1
DA:32,1
DA:50,1
LF:19
LH:19
BRF:0
BRH:0
end_of_record
TN:
SF:features/fixtures/access-config.fixture.ts
FN:22,anonymous_2
FN:30,anonymous_3
FNF:2
FNH:2
FNDA:5,(anonymous_0)
FNDA:5,(anonymous_1)
DA:1,1
DA:2,1
DA:4,1
DA:12,1
DA:14,1
DA:16,1
DA:17,1
DA:18,1
DA:19,1
DA:20,1
DA:23,1
DA:24,1
DA:26,1
DA:27,1
DA:28,1
DA:31,1
DA:36,1
DA:45,1
DA:52,1
DA:56,1
DA:70,1
LF:21
LH:21
BRF:0
BRH:0
end_of_record
TN:
SF:features/fixtures/connection.fixture.ts
FN:12,anonymous_2
FN:17,anonymous_3
FNF:2
FNH:2
FNDA:2,(anonymous_0)
FNDA:2,(anonymous_1)
DA:1,1
DA:3,1
DA:5,1
DA:8,1
DA:9,1
DA:10,1
DA:13,1
DA:14,1
DA:15,1
DA:18,1
DA:23,1
DA:29,1
DA:35,1
DA:42,1
DA:52,1
LF:15
LH:15
BRF:0
BRH:0
end_of_record
TN:
SF:features/fixtures/customer-subscription-plan.fixture.ts
FN:35,anonymous_2
FN:47,anonymous_3
FNF:2
FNH:2
FNDA:10,(anonymous_0)
FNDA:10,(anonymous_1)
DA:1,1
DA:3,1
DA:22,1
DA:24,1
DA:25,1
DA:26,1
DA:27,1
DA:28,1
DA:29,1
DA:30,1
DA:31,1
DA:32,1
DA:33,1
DA:36,1
DA:37,1
DA:38,1
DA:39,1
DA:40,1
DA:41,1
DA:42,1
DA:44,1
DA:45,1
DA:48,1
DA:57,1
DA:63,1
DA:69,1
DA:74,1
DA:81,1
DA:89,1
DA:99,1
DA:106,1
DA:116,1
LF:32
LH:32
BRF:0
BRH:0
end_of_record
TN:
SF:features/fixtures/domain.fixture.ts
FN:19,anonymous_2
FN:25,anonymous_3
FNF:2
FNH:2
FNDA:6,(anonymous_0)
FNDA:6,(anonymous_1)
DA:1,1
DA:3,1
DA:14,1
DA:15,1
DA:16,1
DA:17,1
DA:20,1
DA:21,1
DA:23,1
DA:26,1
DA:31,1
DA:37,1
DA:46,1
LF:13
LH:13
BRF:0
BRH:0
end_of_record
TN:
SF:features/fixtures/integrations.fixture.ts
FN:4,anonymous_2
FNF:1
FNH:1
FNDA:2,(anonymous_0)
DA:1,1
DA:5,1
DA:18,1
LF:3
LH:3
BRF:0
BRH:0
end_of_record
TN:
SF:features/fixtures/factories/access-config.factory.ts
FN:6,anonymous_2
FNF:1
FNH:1
FNDA:11,(anonymous_0)
DA:1,1
DA:2,1
DA:4,1
DA:6,1
DA:7,1
DA:9,1
DA:27,1
DA:28,1
LF:8
LH:8
BRF:0
BRH:0
end_of_record
TN:
SF:features/fixtures/factories/business.factory.ts
FN:6,anonymous_2
FNF:1
FNH:1
FNDA:60,(anonymous_0)
DA:1,1
DA:2,1
DA:4,1
DA:6,1
DA:7,1
DA:9,1
DA:15,1
DA:16,1
LF:8
LH:8
BRF:0
BRH:0
end_of_record
TN:
SF:features/fixtures/factories/channel.factory.ts
FN:6,anonymous_2
FNF:1
FNH:1
FNDA:2,(anonymous_0)
DA:1,1
DA:4,1
DA:6,1
DA:7,1
DA:9,1
DA:19,1
DA:20,1
LF:7
LH:7
BRF:0
BRH:0
end_of_record
TN:
SF:features/fixtures/factories/channelSet.factory.ts
FN:7,anonymous_2
FNF:1
FNH:1
FNDA:5,(anonymous_0)
DA:2,1
DA:3,1
DA:5,1
DA:7,1
DA:8,1
DA:10,1
DA:16,1
DA:17,1
LF:8
LH:8
BRF:0
BRH:0
end_of_record
TN:
SF:features/fixtures/factories/connection.factory.ts
FN:7,anonymous_2
FNF:1
FNH:1
FNDA:30,(anonymous_0)
DA:1,1
DA:2,1
DA:5,1
DA:7,1
DA:8,1
DA:10,1
DA:20,1
DA:21,1
LF:8
LH:8
BRF:0
BRH:0
end_of_record
TN:
SF:features/fixtures/factories/domain.factory.ts
FN:6,anonymous_2
FNF:1
FNH:1
FNDA:11,(anonymous_0)
DA:1,1
DA:2,1
DA:4,1
DA:6,1
DA:7,1
DA:9,1
DA:17,1
DA:18,1
LF:8
LH:8
BRF:0
BRH:0
end_of_record
TN:
SF:features/fixtures/factories/index.ts
FNF:0
FNH:0
DA:1,1
DA:2,1
DA:3,1
DA:4,1
DA:5,1
DA:6,1
DA:7,1
DA:8,1
DA:9,1
DA:10,1
LF:10
LH:10
BRF:0
BRH:0
end_of_record
TN:
SF:features/fixtures/factories/plan.factory.ts
FN:7,anonymous_2
FNF:1
FNH:1
FNDA:42,(anonymous_0)
DA:1,1
DA:2,1
DA:3,1
DA:5,1
DA:7,1
DA:8,1
DA:10,1
DA:21,1
DA:22,1
LF:9
LH:9
BRF:0
BRH:0
end_of_record
TN:
SF:features/fixtures/factories/product.factory.ts
FN:7,anonymous_2
FNF:1
FNH:1
FNDA:53,(anonymous_0)
DA:1,1
DA:2,1
DA:3,1
DA:5,1
DA:7,1
DA:8,1
DA:10,1
DA:21,1
DA:22,1
LF:9
LH:9
BRF:0
BRH:0
end_of_record
TN:
SF:features/fixtures/factories/subscription-plan.factory.ts
FN:7,anonymous_2
FNF:1
FNH:1
FNDA:53,(anonymous_0)
DA:1,1
DA:2,1
DA:3,1
DA:5,1
DA:7,1
DA:8,1
DA:10,1
DA:21,1
DA:22,1
LF:9
LH:9
BRF:0
BRH:0
end_of_record
TN:
SF:features/fixtures/factories/subscription.factory.ts
FN:6,anonymous_2
FNF:1
FNH:1
FNDA:20,(anonymous_0)
DA:1,1
DA:2,1
DA:4,1
DA:6,1
DA:7,1
DA:9,1
DA:17,1
DA:18,1
LF:8
LH:8
BRF:0
BRH:0
end_of_record
TN:
SF:features/fixtures/plans/retrieve-plans-for-products.fixture.ts
FN:22,anonymous_2
FN:30,anonymous_3
FNF:2
FNH:2
FNDA:3,(anonymous_0)
FNDA:3,(anonymous_1)
DA:1,1
DA:3,1
DA:10,1
DA:13,1
DA:14,1
DA:15,1
DA:16,1
DA:17,1
DA:18,1
DA:19,1
DA:20,1
DA:23,1
DA:25,1
DA:26,1
DA:27,1
DA:28,1
DA:31,1
DA:36,1
DA:44,1
DA:52,1
DA:59,1
DA:69,1
DA:79,1
DA:86,1
DA:95,1
LF:25
LH:25
BRF:0
BRH:0
end_of_record
TN:
SF:features/fixtures/products/create-product-already-exists.fixture.ts
FN:10,anonymous_2
FN:14,anonymous_3
FNF:2
FNH:2
FNDA:1,(anonymous_0)
FNDA:1,(anonymous_1)
DA:1,1
DA:3,1
DA:7,1
DA:8,1
DA:11,1
DA:12,1
DA:15,1
DA:20,1
DA:29,1
LF:9
LH:9
BRF:0
BRH:0
end_of_record
TN:
SF:features/fixtures/products/create-product-integrations-enabled.fixture.ts
FN:12,anonymous_2
FN:17,anonymous_3
FNF:2
FNH:2
FNDA:1,(anonymous_0)
FNDA:1,(anonymous_1)
DA:1,1
DA:3,1
DA:5,1
DA:8,1
DA:9,1
DA:10,1
DA:13,1
DA:15,1
DA:18,1
DA:23,1
DA:31,1
DA:41,1
LF:12
LH:12
BRF:0
BRH:0
end_of_record
TN:
SF:features/fixtures/products/create-product-no-integrations.fixture.ts
FN:8,anonymous_2
FN:11,anonymous_3
FNF:2
FNH:2
FNDA:1,(anonymous_0)
FNDA:1,(anonymous_1)
DA:1,1
DA:3,1
DA:6,1
DA:9,1
DA:12,1
DA:19,1
LF:6
LH:6
BRF:0
BRH:0
end_of_record
TN:
SF:features/fixtures/products/delete-product.fixture.ts
FN:18,anonymous_2
FN:26,anonymous_3
FNF:2
FNH:2
FNDA:3,(anonymous_0)
FNDA:3,(anonymous_1)
DA:1,1
DA:3,1
DA:5,1
DA:9,1
DA:10,1
DA:11,1
DA:12,1
DA:13,1
DA:15,1
DA:16,1
DA:19,1
DA:21,1
DA:22,1
DA:23,1
DA:24,1
DA:27,1
DA:32,1
DA:39,1
DA:46,1
DA:53,1
DA:62,1
DA:69,1
DA:78,1
LF:23
LH:23
BRF:0
BRH:0
end_of_record
TN:
SF:features/fixtures/products/get-product.fixture.ts
FN:10,anonymous_2
FN:16,anonymous_3
FNF:2
FNH:2
FNDA:1,(anonymous_0)
FNDA:1,(anonymous_1)
DA:1,1
DA:3,1
DA:7,1
DA:8,1
DA:11,1
DA:13,1
DA:14,1
DA:17,1
DA:22,1
DA:32,1
LF:10
LH:10
BRF:0
BRH:0
end_of_record
TN:
SF:features/fixtures/products/update-product-integrations-enabled.fixture.ts
FN:17,anonymous_2
FN:25,anonymous_3
FNF:2
FNH:2
FNDA:2,(anonymous_0)
FNDA:2,(anonymous_1)
DA:1,1
DA:3,1
DA:5,1
DA:9,1
DA:10,1
DA:11,1
DA:12,1
DA:13,1
DA:14,1
DA:15,1
DA:18,1
DA:19,1
DA:21,1
DA:22,1
DA:23,1
DA:26,1
DA:31,1
DA:39,1
DA:47,1
DA:55,1
DA:64,1
DA:71,1
DA:80,1
LF:23
LH:23
BRF:0
BRH:0
end_of_record
TN:
SF:features/fixtures/products/update-product-no-integrations.fixture.ts
FN:10,anonymous_2
FN:15,anonymous_3
FNF:2
FNH:2
FNDA:1,(anonymous_0)
FNDA:1,(anonymous_1)
DA:1,1
DA:3,1
DA:7,1
DA:8,1
DA:11,1
DA:13,1
DA:16,1
DA:21,1
DA:31,1
LF:9
LH:9
BRF:0
BRH:0
end_of_record
TN:
SF:features/fixtures/settings/disable-integration.fixture.ts
FN:22,anonymous_2
FN:31,anonymous_3
FNF:2
FNH:2
FNDA:3,(anonymous_0)
FNDA:3,(anonymous_1)
DA:1,1
DA:3,1
DA:10,1
DA:13,1
DA:14,1
DA:15,1
DA:16,1
DA:17,1
DA:18,1
DA:19,1
DA:20,1
DA:23,1
DA:25,1
DA:27,1
DA:28,1
DA:29,1
DA:32,1
DA:37,1
DA:45,1
DA:52,1
DA:61,1
DA:68,1
DA:75,1
DA:84,1
DA:93,1
LF:25
LH:25
BRF:0
BRH:0
end_of_record
TN:
SF:features/fixtures/settings/save-new-integration.fixture.ts
FN:17,anonymous_2
FN:26,anonymous_3
FNF:2
FNH:2
FNDA:3,(anonymous_0)
FNDA:3,(anonymous_1)
DA:1,1
DA:3,1
DA:9,1
DA:12,1
DA:13,1
DA:14,1
DA:15,1
DA:18,1
DA:20,1
DA:22,1
DA:24,1
DA:27,1
DA:32,1
DA:40,1
DA:47,1
DA:54,1
DA:63,1
DA:74,1
LF:18
LH:18
BRF:0
BRH:0
end_of_record
TN:
SF:features/fixtures/settings/settings-form-unsupported-integration.fixture.ts
FN:9,anonymous_2
FN:15,anonymous_3
FNF:2
FNH:2
FNDA:1,(anonymous_0)
FNDA:1,(anonymous_1)
DA:1,1
DA:3,1
DA:7,1
DA:10,1
DA:12,1
DA:17,1
DA:22,1
DA:28,1
DA:36,1
LF:9
LH:9
BRF:0
BRH:0
end_of_record
TN:
SF:features/fixtures/subscription-plans/create-subscription-plan.fixture.ts
FN:12,anonymous_2
FN:17,anonymous_3
FNF:2
FNH:2
FNDA:2,(anonymous_0)
FNDA:2,(anonymous_1)
DA:1,1
DA:3,1
DA:6,1
DA:7,1
DA:9,1
DA:10,1
DA:13,1
DA:14,1
DA:15,1
DA:18,1
DA:23,1
DA:25,1
DA:34,1
LF:13
LH:13
BRF:0
BRH:0
end_of_record
TN:
SF:features/fixtures/subscription-plans/delete-subscription-plan.fixture.ts
FN:29,anonymous_2
FN:37,anonymous_3
FNF:2
FNH:2
FNDA:5,(anonymous_0)
FNDA:5,(anonymous_1)
DA:1,1
DA:3,1
DA:18,1
DA:21,1
DA:22,1
DA:23,1
DA:24,1
DA:25,1
DA:26,1
DA:27,1
DA:30,1
DA:31,1
DA:32,1
DA:33,1
DA:34,1
DA:35,1
DA:39,1
DA:44,1
DA:51,1
DA:59,1
DA:69,1
DA:76,1
DA:86,1
LF:23
LH:23
BRF:0
BRH:0
end_of_record
TN:
SF:features/fixtures/subscription-plans/get-subscription-plan.fixture.ts
FN:12,anonymous_2
FN:17,anonymous_3
FNF:2
FNH:2
FNDA:5,(anonymous_0)
FNDA:5,(anonymous_1)
DA:1,1
DA:3,1
DA:5,1
DA:8,1
DA:9,1
DA:10,1
DA:13,1
DA:14,1
DA:15,1
DA:18,1
DA:23,1
DA:30,1
DA:43,1
LF:13
LH:13
BRF:0
BRH:0
end_of_record
TN:
SF:features/fixtures/subscriptions/create-subscription.fixture.ts
FN:18,anonymous_2
FN:25,anonymous_3
FNF:2
FNH:2
FNDA:2,(anonymous_0)
FNDA:2,(anonymous_1)
DA:1,1
DA:3,1
DA:10,1
DA:13,1
DA:14,1
DA:15,1
DA:16,1
DA:19,1
DA:20,1
DA:21,1
DA:22,1
DA:23,1
DA:26,1
DA:31,1
DA:38,1
DA:45,1
DA:54,1
DA:63,1
LF:18
LH:18
BRF:0
BRH:0
end_of_record
TN:
SF:features/fixtures/subscriptions/delete-subscription.fixture.ts
FN:29,anonymous_2
FN:37,anonymous_3
FNF:2
FNH:2
FNDA:2,(anonymous_0)
FNDA:2,(anonymous_1)
DA:1,1
DA:3,1
DA:18,1
DA:21,1
DA:22,1
DA:23,1
DA:24,1
DA:25,1
DA:26,1
DA:27,1
DA:30,1
DA:31,1
DA:32,1
DA:33,1
DA:34,1
DA:35,1
DA:38,1
DA:43,1
DA:50,1
DA:58,1
DA:67,1
DA:74,1
DA:84,1
LF:23
LH:23
BRF:0
BRH:0
end_of_record
TN:
SF:features/fixtures/subscriptions/get-subscription.fixture.ts
FN:34,anonymous_2
FN:42,anonymous_3
FNF:2
FNH:2
FNDA:1,(anonymous_0)
FNDA:1,(anonymous_1)
DA:1,1
DA:3,1
DA:18,1
DA:21,1
DA:22,1
DA:23,1
DA:24,1
DA:25,1
DA:26,1
DA:27,1
DA:28,1
DA:29,1
DA:30,1
DA:31,1
DA:32,1
DA:35,1
DA:36,1
DA:37,1
DA:38,1
DA:39,1
DA:40,1
DA:43,1
DA:48,1
DA:55,1
DA:63,1
DA:72,1
DA:79,1
DA:90,1
DA:101,1
DA:114,1
LF:30
LH:30
BRF:0
BRH:0
end_of_record
TN:
SF:src/app.module.ts
FN:83,anonymous_2
FNF:1
FNH:1
FNDA:65,(anonymous_1)
DA:1,1
DA:2,1
DA:3,1
DA:13,1
DA:14,1
DA:15,1
DA:16,1
DA:17,1
DA:18,1
DA:19,1
DA:20,1
DA:21,1
DA:22,1
DA:23,1
DA:24,1
DA:82,1
LF:16
LH:16
BRF:0
BRH:0
end_of_record
TN:
SF:src/business/business.module.ts
FNF:0
FNH:0
DA:1,1
DA:3,1
DA:4,1
DA:18,1
LF:4
LH:4
BRF:0
BRH:0
end_of_record
TN:
SF:src/business/index.ts
FNF:0
FNH:0
DA:1,1
DA:2,1
DA:3,1
LF:3
LH:3
BRF:0
BRH:0
end_of_record
TN:
SF:src/business/interfaces/index.ts
FNF:0
FNH:0
DA:1,1
LF:1
LH:1
BRF:0
BRH:0
end_of_record
TN:
SF:src/business/interfaces/entities/index.ts
FNF:0
FNH:0
DA:1,1
DA:2,1
LF:2
LH:2
BRF:0
BRH:0
end_of_record
TN:
SF:src/business/schemas/business.schema.ts
FNF:0
FNH:0
DA:1,1
DA:2,1
DA:4,1
DA:6,1
LF:4
LH:4
BRF:0
BRH:0
end_of_record
TN:
SF:src/business/schemas/index.ts
FNF:0
FNH:0
DA:1,1
LF:1
LH:1
BRF:0
BRH:0
end_of_record
TN:
SF:src/channel/channel.module.ts
FNF:0
FNH:0
DA:1,1
DA:2,1
DA:3,1
DA:4,1
DA:20,1
LF:5
LH:5
BRF:0
BRH:0
end_of_record
TN:
SF:src/channel/event-listeners/channel-set-remover.listener.ts
FN:11,anonymous_2
FN:20,anonymous_3
FNF:2
FNH:2
FNDA:65,(anonymous_4)
FNDA:4,(anonymous_5)
DA:1,1
DA:2,1
DA:3,1
DA:4,1
DA:5,1
DA:6,1
DA:7,1
DA:10,1
DA:12,1
DA:13,1
DA:20,1
DA:21,1
DA:22,1
DA:25,1
LF:14
LH:14
BRF:18
BRH:18
end_of_record
TN:
SF:src/channel/event-listeners/index.ts
FNF:0
FNH:0
DA:1,1
LF:1
LH:1
BRF:0
BRH:0
end_of_record
TN:
SF:src/common/enums/filter-field-condition.enum.ts
FN:1,anonymous_2
FN:10,anonymous_3
FN:17,anonymous_4
FN:22,anonymous_5
FNF:4
FNH:4
FNDA:2,(anonymous_0)
FNDA:2,(anonymous_1)
FNDA:2,(anonymous_2)
FNDA:2,(anonymous_3)
DA:1,1
DA:2,1
DA:3,1
DA:4,1
DA:5,1
DA:6,1
DA:7,1
DA:10,1
DA:11,1
DA:12,1
DA:13,1
DA:14,1
DA:17,1
DA:18,1
DA:19,1
DA:22,1
DA:23,1
DA:24,1
DA:25,1
DA:26,1
LF:20
LH:20
BRF:8
BRH:8
end_of_record
TN:
SF:src/common/enums/filter-field-type.enum.ts
FN:1,anonymous_2
FNF:1
FNH:1
FNDA:2,(anonymous_0)
DA:1,1
DA:2,1
DA:3,1
DA:4,1
DA:5,1
DA:6,1
DA:7,1
LF:7
LH:7
BRF:2
BRH:2
end_of_record
TN:
SF:src/common/enums/index.ts
FNF:0
FNH:0
DA:1,1
DA:2,1
LF:2
LH:2
BRF:0
BRH:0
end_of_record
TN:
SF:src/common/exceptions/entity-exists.exception.ts
FN:3,anonymous_2
FNF:1
FNH:1
FNDA:0,(anonymous_0)
DA:1,1
DA:2,1
DA:4,1
LF:3
LH:3
BRF:0
BRH:0
end_of_record
TN:
SF:src/common/exceptions/index.ts
FNF:0
FNH:0
DA:1,1
DA:2,1
LF:2
LH:2
BRF:0
BRH:0
end_of_record
TN:
SF:src/common/exceptions/last-shop-removing.exception.ts
FNF:0
FNH:0
DA:1,1
DA:3,1
LF:2
LH:2
BRF:0
BRH:0
end_of_record
TN:
SF:src/common/helpers/index.ts
FNF:0
FNH:0
DA:1,1
DA:2,1
LF:2
LH:2
BRF:0
BRH:0
end_of_record
TN:
SF:src/common/helpers/log.helper.ts
FN:2,anonymous_2
FN:9,anonymous_3
FNF:2
FNH:2
FNDA:0,(anonymous_0)
FNDA:0,(anonymous_1)
DA:1,1
DA:4,1
DA:11,1
LF:3
LH:3
BRF:0
BRH:0
end_of_record
TN:
SF:src/common/helpers/query-builder.helper.ts
FN:13,anonymous_2
FN:15,anonymous_3
FN:17,anonymous_4
FN:57,anonymous_5
FN:78,anonymous_6
FN:85,anonymous_7
FN:87,anonymous_8
FN:93,anonymous_9
FN:110,anonymous_10
FN:114,anonymous_11
FN:118,anonymous_12
FN:124,anonymous_13
FNF:12
FNH:12
FNDA:1,(anonymous_0)
FNDA:1,(anonymous_1)
FNDA:0,(anonymous_2)
FNDA:0,(anonymous_3)
FNDA:0,(anonymous_4)
FNDA:0,(anonymous_5)
FNDA:0,(anonymous_6)
FNDA:0,(anonymous_7)
FNDA:0,(anonymous_8)
FNDA:0,(anonymous_9)
FNDA:0,(anonymous_10)
FNDA:0,(anonymous_11)
DA:2,1
DA:12,1
DA:13,1
DA:16,1
DA:17,1
DA:18,1
DA:19,1
DA:20,1
DA:22,1
DA:24,1
DA:28,1
DA:30,1
DA:34,1
DA:36,1
DA:40,1
DA:42,1
DA:44,1
DA:45,1
DA:46,1
DA:48,1
DA:50,1
DA:54,1
DA:58,1
DA:59,1
DA:60,1
DA:62,1
DA:64,1
DA:66,1
DA:68,1
DA:70,1
DA:72,1
DA:75,1
DA:79,1
DA:81,1
DA:83,1
DA:85,1
DA:87,1
DA:90,1
DA:94,1
DA:95,1
DA:96,1
DA:98,1
DA:100,1
DA:102,1
DA:104,1
DA:107,1
DA:111,1
DA:115,1
DA:119,1
DA:121,1
DA:125,1
DA:127,1
LF:52
LH:52
BRF:38
BRH:38
end_of_record
TN:
SF:src/common/schema-plugins/virtual-id.plugin.ts
FN:6,anonymous_2
FN:7,anonymous_3
FNF:2
FNH:2
FNDA:4,VirtualId
FNDA:8,(anonymous_1)
DA:6,1
DA:7,1
DA:8,1
DA:11,1
DA:12,1
DA:17,1
DA:18,1
LF:7
LH:7
BRF:0
BRH:0
end_of_record
TN:
SF:src/environments/environment.ts
FN:11,anonymous_2
FNF:1
FNH:1
FNDA:4,(anonymous_0)
DA:1,1
DA:2,1
DA:4,1
DA:5,1
DA:7,1
DA:8,1
DA:11,1
DA:14,1
LF:8
LH:8
BRF:8
BRH:8
end_of_record
TN:
SF:src/environments/index.ts
FNF:0
FNH:0
DA:1,1
DA:2,1
LF:2
LH:2
BRF:0
BRH:0
end_of_record
TN:
SF:src/environments/rabbit-binding.enum.ts
FN:1,anonymous_2
FN:5,anonymous_3
FNF:2
FNH:2
FNDA:2,(anonymous_0)
FNDA:2,(anonymous_1)
DA:1,1
DA:2,1
DA:5,1
DA:6,1
DA:7,1
DA:8,1
DA:9,1
DA:10,1
DA:11,1
DA:12,1
DA:13,1
DA:14,1
DA:15,1
DA:16,1
DA:17,1
DA:18,1
DA:19,1
LF:17
LH:17
BRF:4
BRH:4
end_of_record
TN:
SF:src/exceptions/entity-exists.exception.ts
FNF:0
FNH:0
DA:1,1
LF:1
LH:1
BRF:0
BRH:0
end_of_record
TN:
SF:src/exceptions/index.ts
FNF:0
FNH:0
DA:1,1
DA:2,1
LF:2
LH:2
BRF:0
BRH:0
end_of_record
TN:
SF:src/exceptions/validation-failed.exception.ts
FNF:0
FNH:0
DA:1,1
LF:1
LH:1
BRF:0
BRH:0
end_of_record
TN:
SF:src/integrations/integrations.module.ts
FN:53,anonymous_2
FNF:1
FNH:1
FNDA:65,(anonymous_1)
DA:1,1
DA:2,1
DA:3,1
DA:8,1
DA:12,1
DA:17,1
DA:20,1
DA:26,1
DA:52,1
LF:9
LH:9
BRF:0
BRH:0
end_of_record
TN:
SF:src/integrations/consumers/connection.consumer.ts
FN:12,anonymous_2
FN:21,anonymous_3
FN:41,anonymous_4
FN:60,anonymous_5
FN:72,anonymous_6
FNF:5
FNH:5
FNDA:65,(anonymous_2)
FNDA:0,(anonymous_3)
FNDA:0,(anonymous_4)
FNDA:0,(anonymous_5)
FNDA:0,(anonymous_6)
DA:1,1
DA:2,1
DA:3,1
DA:4,1
DA:5,1
DA:7,1
DA:8,1
DA:11,1
DA:13,1
DA:14,1
DA:15,1
DA:21,1
DA:22,1
DA:23,1
DA:24,1
DA:28,1
DA:29,1
DA:30,1
DA:33,1
DA:34,1
DA:41,1
DA:42,1
DA:43,1
DA:44,1
DA:48,1
DA:49,1
DA:50,1
DA:53,1
DA:54,1
DA:60,1
DA:61,1
DA:62,1
DA:63,1
DA:65,1
DA:66,1
DA:72,1
DA:73,1
DA:74,1
DA:75,1
DA:77,1
DA:79,1
DA:80,1
DA:83,1
LF:43
LH:43
BRF:42
BRH:42
end_of_record
TN:
SF:src/integrations/consumers/index.ts
FNF:0
FNH:0
DA:1,1
LF:1
LH:1
BRF:0
BRH:0
end_of_record
TN:
SF:src/integrations/controllers/connection.controller.ts
FN:19,(anonymous_4)
FN:24,(anonymous_5)
FN:31,(anonymous_6)
FN:39,(anonymous_7)
FN:40,(anonymous_8)
FN:54,(anonymous_9)
FN:62,(anonymous_10)
FNF:7
FNH:7
FNDA:65,(anonymous_4)
FNDA:1,(anonymous_5)
FNDA:2,(anonymous_6)
FNDA:2,(anonymous_7)
FNDA:1,(anonymous_8)
FNDA:1,(anonymous_9)
FNDA:1,(anonymous_10)
DA:1,2
DA:2,2
DA:3,2
DA:4,2
DA:5,2
DA:6,2
DA:7,2
DA:10,2
DA:11,2
DA:18,2
DA:20,65
DA:24,2
DA:28,1
DA:30,1
DA:32,2
DA:39,2
DA:41,1
DA:42,1
DA:44,1
DA:45,1
DA:48,1
DA:54,2
DA:58,1
DA:62,2
DA:65,1
LF:25
LH:22
BRF:32
BRH:32
end_of_record
TN:
SF:src/integrations/controllers/index.ts
FNF:0
FNH:0
DA:1,1
DA:2,1
DA:3,1
LF:3
LH:3
BRF:0
BRH:0
end_of_record
TN:
SF:src/integrations/controllers/integration.controller.ts
FN:14,(anonymous_4)
FN:20,(anonymous_5)
FN:26,(anonymous_6)
FN:34,(anonymous_7)
FN:42,(anonymous_8)
FNF:5
FNH:5
FNDA:65,(anonymous_4)
FNDA:3,(anonymous_5)
FNDA:1,(anonymous_6)
FNDA:1,(anonymous_7)
FNDA:2,(anonymous_8)
DA:1,2
DA:2,2
DA:3,2
DA:4,2
DA:5,2
DA:6,2
DA:7,2
DA:13,2
DA:15,65
DA:20,2
DA:21,3
DA:26,2
DA:29,1
DA:34,2
DA:37,1
DA:42,2
DA:45,2
DA:46,1
DA:49,2
LF:19
LH:18
BRF:30
BRH:30
end_of_record
TN:
SF:src/integrations/controllers/settings.controller.ts
FN:17,(anonymous_4)
FN:26,(anonymous_5)
FN:39,(anonymous_6)
FN:55,(anonymous_7)
FN:75,(anonymous_8)
FNF:5
FNH:5
FNDA:65,(anonymous_4)
FNDA:4,(anonymous_5)
FNDA:1,(anonymous_6)
FNDA:2,(anonymous_7)
FNDA:1,(anonymous_8)
DA:1,2
DA:2,2
DA:3,2
DA:5,2
DA:6,2
DA:7,2
DA:8,2
DA:10,2
DA:16,2
DA:18,65
DA:19,65
DA:26,2
DA:30,4
DA:39,2
DA:44,1
DA:45,1
DA:48,1
DA:55,2
DA:60,2
DA:61,1
DA:64,2
DA:66,2
DA:75,2
DA:80,1
DA:81,1
DA:84,1
LF:26
LH:23
BRF:74
BRH:74
end_of_record
TN:
SF:src/integrations/dtos/connection-http-request.dto.ts
FN:17,anonymous_2
FNF:1
FNH:1
FNDA:0,(anonymous_2)
DA:1,1
DA:2,1
DA:3,1
DA:4,1
DA:5,1
DA:6,1
DA:8,1
DA:12,1
DA:17,1
DA:18,1
DA:24,1
LF:11
LH:11
BRF:8
BRH:8
end_of_record
TN:
SF:src/integrations/dtos/connection-rmq-message.dto.ts
FNF:0
FNH:0
DA:1,1
DA:2,1
DA:3,1
DA:5,1
DA:9,1
LF:5
LH:5
BRF:0
BRH:0
end_of_record
TN:
SF:src/integrations/dtos/connection.dto.ts
FNF:0
FNH:0
DA:1,1
DA:2,1
DA:4,1
DA:7,1
LF:4
LH:4
BRF:0
BRH:0
end_of_record
TN:
SF:src/integrations/dtos/create-integration.dto.ts
FNF:0
FNH:0
DA:1,1
DA:2,1
DA:3,1
DA:5,1
DA:8,1
DA:12,1
DA:16,1
LF:7
LH:7
BRF:4
BRH:4
end_of_record
TN:
SF:src/integrations/dtos/display-options-dto.ts
FNF:0
FNH:0
DA:1,1
DA:2,1
DA:4,1
DA:7,1
DA:11,1
DA:15,1
LF:6
LH:6
BRF:0
BRH:0
end_of_record
TN:
SF:src/integrations/dtos/index.ts
FNF:0
FNH:0
DA:1,1
DA:2,1
DA:3,1
DA:4,1
DA:5,1
DA:6,1
DA:7,1
DA:8,1
DA:9,1
LF:9
LH:9
BRF:0
BRH:0
end_of_record
TN:
SF:src/integrations/dtos/integration-connected-message.dto.ts
FN:11,anonymous_2
FN:17,anonymous_3
FN:23,anonymous_4
FNF:3
FNH:3
FNDA:0,(anonymous_2)
FNDA:0,(anonymous_3)
FNDA:0,(anonymous_4)
DA:1,1
DA:2,1
DA:3,1
DA:4,1
DA:5,1
DA:6,1
DA:8,1
DA:11,1
DA:12,1
DA:17,1
DA:18,1
DA:23,1
DA:24,1
LF:13
LH:13
BRF:12
BRH:12
end_of_record
TN:
SF:src/integrations/dtos/integration-uninstalled-message.dto.ts
FNF:0
FNH:0
DA:1,1
DA:2,1
DA:3,1
DA:5,1
DA:9,1
DA:14,1
DA:19,1
LF:7
LH:7
BRF:4
BRH:4
end_of_record
TN:
SF:src/integrations/dtos/integration.dto.ts
FNF:0
FNH:0
DA:1,1
DA:2,1
DA:4,1
DA:8,1
DA:13,1
LF:5
LH:5
BRF:0
BRH:0
end_of_record
TN:
SF:src/integrations/dtos/settings-form-reponse.dto.ts
FNF:0
FNH:0
DA:1,1
DA:2,1
DA:4,1
DA:6,1
LF:4
LH:4
BRF:4
BRH:4
end_of_record
TN:
SF:src/integrations/enums/connection-events.enum.ts
FN:1,anonymous_2
FNF:1
FNH:1
FNDA:2,(anonymous_0)
DA:1,1
DA:2,1
DA:3,1
DA:4,1
LF:4
LH:4
BRF:2
BRH:2
end_of_record
TN:
SF:src/integrations/enums/http-methods.enum.ts
FN:1,anonymous_2
FNF:1
FNH:1
FNDA:2,(anonymous_0)
DA:1,1
DA:2,1
DA:3,1
DA:4,1
LF:4
LH:4
BRF:2
BRH:2
end_of_record
TN:
SF:src/integrations/enums/index.ts
FNF:0
FNH:0
DA:1,1
DA:2,1
LF:2
LH:2
BRF:0
BRH:0
end_of_record
TN:
SF:src/integrations/models/index.ts
FNF:0
FNH:0
DA:1,1
DA:2,1
DA:3,1
LF:3
LH:3
BRF:0
BRH:0
end_of_record
TN:
SF:src/integrations/schemas/connection.schema.ts
FNF:0
FNH:0
DA:1,1
DA:2,1
DA:3,1
DA:4,1
DA:6,1
DA:8,1
DA:27,1
LF:7
LH:7
BRF:0
BRH:0
end_of_record
TN:
SF:src/integrations/schemas/display-options.schema.ts
FNF:0
FNH:0
DA:1,1
DA:2,1
DA:4,1
LF:3
LH:3
BRF:0
BRH:0
end_of_record
TN:
SF:src/integrations/schemas/index.ts
FNF:0
FNH:0
DA:1,1
DA:2,1
DA:3,1
DA:4,1
LF:4
LH:4
BRF:0
BRH:0
end_of_record
TN:
SF:src/integrations/schemas/integration.schema.ts
FNF:0
FNH:0
DA:1,1
DA:2,1
DA:3,1
DA:4,1
DA:6,1
DA:8,1
LF:6
LH:6
BRF:0
BRH:0
end_of_record
TN:
SF:src/integrations/schemas/settings-options.schema.ts
FNF:0
FNH:0
DA:1,1
DA:2,1
DA:4,1
LF:3
LH:3
BRF:0
BRH:0
end_of_record
TN:
SF:src/integrations/services/connection.service.ts
FN:14,anonymous_2
FN:19,anonymous_3
FN:43,anonymous_4
FN:61,anonymous_5
FN:72,anonymous_6
FN:83,anonymous_7
FN:90,anonymous_8
FN:96,anonymous_9
FNF:8
FNH:8
FNDA:65,(anonymous_4)
FNDA:0,(anonymous_5)
FNDA:0,(anonymous_6)
FNDA:2,(anonymous_7)
FNDA:3,(anonymous_8)
FNDA:0,(anonymous_9)
FNDA:7,(anonymous_10)
FNDA:0,(anonymous_11)
DA:1,1
DA:2,1
DA:3,1
DA:6,1
DA:8,1
DA:9,1
DA:10,1
DA:13,1
DA:15,1
DA:16,1
DA:25,1
DA:44,1
DA:49,1
DA:50,1
DA:53,1
DA:55,1
DA:62,1
DA:63,1
DA:66,1
DA:68,1
DA:69,1
DA:73,1
DA:74,1
DA:77,1
DA:79,1
DA:80,1
DA:84,1
DA:91,1
DA:100,1
DA:105,1
DA:106,1
LF:31
LH:31
BRF:14
BRH:14
end_of_record
TN:
SF:src/integrations/services/index.ts
FNF:0
FNH:0
DA:1,1
DA:2,1
DA:3,1
LF:3
LH:3
BRF:0
BRH:0
end_of_record
TN:
SF:src/integrations/services/integration.service.ts
FN:10,anonymous_2
FN:14,anonymous_3
FN:18,anonymous_4
FN:21,anonymous_5
FN:33,anonymous_6
FN:37,anonymous_7
FN:41,anonymous_8
FN:48,anonymous_9
FNF:8
FNH:8
FNDA:65,(anonymous_4)
FNDA:3,(anonymous_5)
FNDA:1,(anonymous_6)
FNDA:1,(anonymous_7)
FNDA:0,(anonymous_8)
FNDA:0,(anonymous_9)
FNDA:2,(anonymous_10)
FNDA:2,(anonymous_11)
DA:1,1
DA:2,1
DA:3,1
DA:4,1
DA:9,1
DA:11,1
DA:15,1
DA:19,1
DA:21,1
DA:22,1
DA:23,1
DA:25,1
DA:26,1
DA:29,1
DA:34,1
DA:38,1
DA:45,1
DA:51,1
LF:18
LH:18
BRF:8
BRH:8
end_of_record
TN:
SF:src/integrations/services/settings-form.builder.ts
FN:13,anonymous_2
FN:20,anonymous_3
FN:27,anonymous_4
FN:40,anonymous_5
FNF:4
FNH:4
FNDA:65,(anonymous_2)
FNDA:6,(anonymous_3)
FNDA:7,(anonymous_4)
FNDA:1,(anonymous_5)
DA:1,1
DA:2,1
DA:3,1
DA:6,1
DA:9,1
DA:14,1
DA:16,1
DA:17,1
DA:21,1
DA:23,1
DA:26,1
DA:27,1
DA:30,1
DA:37,1
DA:44,1
LF:15
LH:15
BRF:4
BRH:4
end_of_record
TN:
SF:src/integrations/views/disable-confirmation-form.view.ts
FN:8,anonymous_2
FNF:1
FNH:1
FNDA:1,(anonymous_0)
DA:3,1
DA:9,1
DA:10,1
DA:11,1
LF:4
LH:4
BRF:0
BRH:0
end_of_record
TN:
SF:src/integrations/views/index.ts
FNF:0
FNH:0
DA:1,1
DA:2,1
DA:3,1
LF:3
LH:3
BRF:0
BRH:0
end_of_record
TN:
SF:src/integrations/views/main-panel.view.ts
FN:13,anonymous_2
FN:27,anonymous_3
FNF:2
FNH:2
FNDA:6,(anonymous_0)
FNDA:6,(anonymous_1)
DA:3,1
DA:14,1
DA:16,1
DA:17,1
DA:18,1
DA:28,1
LF:6
LH:6
BRF:0
BRH:0
end_of_record
TN:
SF:src/integrations/views/settings-form.view.ts
FN:12,anonymous_2
FNF:1
FNH:1
FNDA:6,(anonymous_0)
DA:3,1
DA:5,1
DA:6,1
DA:8,1
DA:13,1
DA:14,1
DA:15,1
LF:7
LH:7
BRF:0
BRH:0
end_of_record
TN:
SF:src/subscription-page/subscription-page.module.ts
FN:63,anonymous_2
FNF:1
FNH:1
FNDA:65,(anonymous_1)
DA:1,1
DA:2,1
DA:3,1
DA:7,1
DA:8,1
DA:9,1
DA:17,1
DA:24,1
DA:25,1
DA:26,1
DA:27,1
DA:62,1
LF:12
LH:12
BRF:0
BRH:0
end_of_record
TN:
SF:src/subscription-page/consumers/builder-messages.consumer.ts
FN:12,anonymous_2
FN:22,anonymous_3
FN:38,anonymous_4
FNF:3
FNH:3
FNDA:65,(anonymous_2)
FNDA:0,(anonymous_3)
FNDA:0,(anonymous_4)
DA:1,1
DA:2,1
DA:3,1
DA:4,1
DA:5,1
DA:6,1
DA:7,1
DA:8,1
DA:11,1
DA:13,1
DA:14,1
DA:15,1
DA:16,1
DA:22,1
DA:23,1
DA:24,1
DA:28,1
DA:29,1
DA:32,1
DA:33,1
DA:34,1
DA:36,1
DA:38,1
DA:39,1
DA:42,1
DA:43,1
DA:48,1
DA:49,1
DA:51,1
DA:52,1
DA:54,1
DA:55,1
LF:32
LH:32
BRF:22
BRH:22
end_of_record
TN:
SF:src/subscription-page/consumers/index.ts
FNF:0
FNH:0
DA:1,1
LF:1
LH:1
BRF:0
BRH:0
end_of_record
TN:
SF:src/subscription-page/controllers/access.controller.ts
FN:24,(anonymous_4)
FN:35,(anonymous_5)
FN:49,(anonymous_6)
FN:61,(anonymous_7)
FN:78,(anonymous_8)
FNF:5
FNH:5
FNDA:65,(anonymous_4)
FNDA:1,(anonymous_5)
FNDA:1,(anonymous_6)
FNDA:1,(anonymous_7)
FNDA:1,(anonymous_8)
DA:1,2
DA:2,2
DA:10,2
DA:11,2
DA:13,2
DA:14,2
DA:15,2
DA:17,2
DA:18,2
DA:19,2
DA:23,2
DA:25,65
DA:27,65
DA:35,2
DA:41,1
DA:49,2
DA:53,1
DA:61,2
DA:70,1
DA:78,2
DA:87,1
LF:21
LH:21
BRF:36
BRH:36
end_of_record
TN:
SF:src/subscription-page/controllers/application.controller.ts
FN:27,(anonymous_4)
FN:35,(anonymous_5)
FN:43,(anonymous_6)
FNF:3
FNH:3
FNDA:65,(anonymous_4)
FNDA:1,(anonymous_5)
FNDA:1,(anonymous_6)
DA:1,2
DA:8,2
DA:9,2
DA:16,2
DA:18,2
DA:19,2
DA:20,2
DA:26,2
DA:28,65
DA:30,65
DA:35,2
DA:38,1
DA:43,2
DA:46,1
DA:48,1
LF:15
LH:15
BRF:20
BRH:20
end_of_record
TN:
SF:src/subscription-page/controllers/common.controller.ts
FN:12,(anonymous_4)
FN:24,(anonymous_5)
FNF:2
FNH:2
FNDA:65,(anonymous_4)
FNDA:1,(anonymous_5)
DA:1,2
DA:2,2
DA:3,2
DA:5,2
DA:11,2
DA:13,65
DA:15,65
DA:24,2
DA:27,1
DA:28,1
DA:31,1
LF:11
LH:10
BRF:10
BRH:10
end_of_record
TN:
SF:src/subscription-page/controllers/domain.controller.ts
FN:37,(anonymous_4)
FN:55,(anonymous_5)
FN:77,(anonymous_6)
FN:100,(anonymous_7)
FN:113,(anonymous_8)
FN:124,(anonymous_9)
FN:133,(anonymous_10)
FNF:7
FNH:7
FNDA:65,(anonymous_4)
FNDA:1,(anonymous_5)
FNDA:1,(anonymous_6)
FNDA:1,(anonymous_7)
FNDA:1,(anonymous_8)
FNDA:1,(anonymous_9)
FNDA:1,(anonymous_10)
DA:1,2
DA:11,2
DA:12,2
DA:21,2
DA:22,2
DA:23,2
DA:24,2
DA:25,2
DA:27,2
DA:29,2
DA:30,2
DA:36,2
DA:38,65
DA:39,65
DA:41,65
DA:55,2
DA:64,1
DA:77,2
DA:87,1
DA:100,2
DA:104,1
DA:113,2
DA:116,1
DA:124,2
DA:127,1
DA:133,2
DA:146,1
DA:147,1
DA:150,1
DA:151,1
DA:152,1
DA:153,1
DA:158,1
DA:160,1
LF:34
LH:31
BRF:72
BRH:72
end_of_record
TN:
SF:src/subscription-page/controllers/index.ts
FNF:0
FNH:0
DA:1,1
DA:2,1
DA:3,1
DA:4,1
LF:4
LH:4
BRF:0
BRH:0
end_of_record
TN:
SF:src/subscription-page/dtos/create-domain.dto.ts
FNF:0
FNH:0
DA:1,1
DA:2,1
DA:4,1
DA:9,1
LF:4
LH:4
BRF:0
BRH:0
end_of_record
TN:
SF:src/subscription-page/dtos/index.ts
FNF:0
FNH:0
DA:1,1
DA:2,1
DA:3,1
DA:4,1
LF:4
LH:4
BRF:0
BRH:0
end_of_record
TN:
SF:src/subscription-page/dtos/update-access-config.dto.ts
FNF:0
FNH:0
DA:1,1
DA:3,1
DA:6,1
DA:11,1
DA:15,1
DA:20,1
DA:25,1
DA:30,1
DA:35,1
DA:40,1
LF:10
LH:10
BRF:0
BRH:0
end_of_record
TN:
SF:src/subscription-page/dtos/update-domain.dto.ts
FNF:0
FNH:0
DA:1,1
DA:2,1
DA:4,1
DA:9,1
LF:4
LH:4
BRF:0
BRH:0
end_of_record
TN:
SF:src/subscription-page/event-listeners/index.ts
FNF:0
FNH:0
DA:1,1
LF:1
LH:1
BRF:0
BRH:0
end_of_record
TN:
SF:src/subscription-page/event-listeners/subscription-plan-events.listener.ts
FN:9,anonymous_2
FN:14,anonymous_3
FNF:2
FNH:2
FNDA:65,(anonymous_2)
FNDA:1,(anonymous_3)
DA:1,1
DA:2,1
DA:3,1
DA:4,1
DA:5,1
DA:8,1
DA:10,1
DA:14,1
DA:17,1
LF:9
LH:9
BRF:12
BRH:12
end_of_record
TN:
SF:src/subscription-page/models/index.ts
FNF:0
FNH:0
DA:1,1
DA:2,1
DA:3,1
LF:3
LH:3
BRF:0
BRH:0
end_of_record
TN:
SF:src/subscription-page/producers/index.ts
FNF:0
FNH:0
DA:1,1
LF:1
LH:1
BRF:0
BRH:0
end_of_record
TN:
SF:src/subscription-page/producers/subscription-messages.producer.ts
FN:8,anonymous_2
FN:12,anonymous_3
FNF:2
FNH:2
FNDA:65,(anonymous_2)
FNDA:0,(anonymous_3)
DA:1,1
DA:2,1
DA:7,1
DA:9,1
DA:18,1
LF:5
LH:5
BRF:4
BRH:4
end_of_record
TN:
SF:src/subscription-page/schemas/access-config.ts
FN:55,anonymous_2
FN:59,anonymous_3
FNF:2
FNH:2
FNDA:3,(anonymous_0)
FNDA:0,(anonymous_1)
DA:1,1
DA:2,1
DA:4,1
DA:5,1
DA:7,1
DA:9,1
DA:10,1
DA:55,1
DA:59,1
DA:64,1
DA:66,1
LF:11
LH:11
BRF:0
BRH:0
end_of_record
TN:
SF:src/subscription-page/schemas/domain.schema.ts
FNF:0
FNH:0
DA:1,1
DA:2,1
DA:4,1
DA:5,1
DA:7,1
DA:8,1
DA:38,1
DA:47,1
LF:8
LH:8
BRF:0
BRH:0
end_of_record
TN:
SF:src/subscription-page/schemas/index.ts
FNF:0
FNH:0
DA:1,1
DA:2,1
DA:3,1
LF:3
LH:3
BRF:0
BRH:0
end_of_record
TN:
SF:src/subscription-page/schemas/plan.schema.ts
FNF:0
FNH:0
DA:1,1
DA:2,1
DA:3,1
DA:4,1
DA:6,1
DA:8,1
DA:26,1
LF:7
LH:7
BRF:0
BRH:0
end_of_record
TN:
SF:src/subscription-page/services/access-config.service.ts
FN:16,anonymous_2
FN:24,anonymous_3
FN:34,anonymous_4
FN:54,anonymous_5
FN:68,anonymous_6
FN:83,anonymous_7
FN:96,anonymous_8
FN:108,anonymous_9
FN:114,anonymous_10
FN:122,anonymous_11
FN:130,anonymous_12
FN:136,anonymous_13
FN:147,anonymous_14
FN:163,anonymous_15
FNF:14
FNH:14
FNDA:65,(anonymous_4)
FNDA:1,(anonymous_5)
FNDA:1,(anonymous_6)
FNDA:1,(anonymous_7)
FNDA:2,(anonymous_8)
FNDA:0,(anonymous_9)
FNDA:0,(anonymous_10)
FNDA:1,(anonymous_11)
FNDA:0,(anonymous_12)
FNDA:1,(anonymous_13)
FNDA:0,(anonymous_14)
FNDA:0,(anonymous_15)
FNDA:1,(anonymous_16)
FNDA:1,(anonymous_17)
DA:1,1
DA:2,1
DA:3,1
DA:4,1
DA:7,1
DA:9,1
DA:12,1
DA:18,1
DA:20,1
DA:21,1
DA:25,1
DA:27,1
DA:31,1
DA:36,1
DA:37,1
DA:38,1
DA:41,1
DA:42,1
DA:44,1
DA:56,1
DA:61,1
DA:62,1
DA:65,1
DA:73,1
DA:78,1
DA:84,1
DA:98,1
DA:105,1
DA:111,1
DA:115,1
DA:119,1
DA:123,1
DA:127,1
DA:131,1
DA:140,1
DA:153,1
DA:167,1
LF:37
LH:37
BRF:16
BRH:16
end_of_record
TN:
SF:src/subscription-page/services/common.service.ts
FN:8,anonymous_2
FN:14,anonymous_3
FNF:2
FNH:2
FNDA:65,(anonymous_2)
FNDA:1,(anonymous_3)
DA:1,1
DA:3,1
DA:4,1
DA:7,1
DA:9,1
DA:10,1
DA:15,1
DA:16,1
DA:17,1
DA:19,1
DA:20,1
DA:23,1
DA:25,1
DA:28,1
DA:29,1
DA:31,1
DA:32,1
DA:34,1
DA:35,1
DA:39,1
LF:20
LH:20
BRF:18
BRH:18
end_of_record
TN:
SF:src/subscription-page/services/domain.service.ts
FN:19,anonymous_2
FN:26,anonymous_3
FN:31,anonymous_4
FN:37,anonymous_5
FN:43,anonymous_6
FN:56,anonymous_7
FN:72,anonymous_8
FN:76,anonymous_9
FN:85,anonymous_10
FN:95,anonymous_11
FNF:10
FNH:10
FNDA:65,(anonymous_4)
FNDA:0,(anonymous_5)
FNDA:1,(anonymous_6)
FNDA:1,(anonymous_7)
FNDA:1,(anonymous_8)
FNDA:1,(anonymous_9)
FNDA:1,(anonymous_10)
FNDA:0,(anonymous_11)
FNDA:0,(anonymous_12)
FNDA:1,(anonymous_13)
DA:1,1
DA:2,1
DA:3,1
DA:4,1
DA:5,1
DA:6,1
DA:10,1
DA:12,1
DA:15,1
DA:20,1
DA:22,1
DA:23,1
DA:28,1
DA:32,1
DA:38,1
DA:47,1
DA:60,1
DA:73,1
DA:77,1
DA:80,1
DA:81,1
DA:86,1
DA:88,1
DA:98,1
DA:99,1
DA:100,1
DA:104,1
DA:105,1
DA:106,1
DA:108,1
DA:109,1
DA:112,1
DA:121,1
LF:33
LH:33
BRF:8
BRH:8
end_of_record
TN:
SF:src/subscription-page/services/index.ts
FNF:0
FNH:0
DA:1,1
DA:2,1
DA:3,1
DA:4,1
DA:5,1
LF:5
LH:5
BRF:0
BRH:0
end_of_record
TN:
SF:src/subscription-page/services/on-publish-consumer.service.ts
FN:13,anonymous_2
FN:21,anonymous_3
FNF:2
FNH:2
FNDA:65,(anonymous_2)
FNDA:0,(anonymous_3)
DA:1,1
DA:4,1
DA:5,1
DA:6,1
DA:7,1
DA:8,1
DA:9,1
DA:12,1
DA:14,1
DA:15,1
DA:16,1
DA:17,1
DA:27,1
DA:31,1
DA:32,1
DA:33,1
DA:34,1
DA:36,1
DA:37,1
DA:39,1
DA:40,1
DA:41,1
DA:43,1
DA:44,1
DA:45,1
DA:46,1
DA:47,1
DA:50,1
DA:51,1
DA:52,1
DA:53,1
DA:54,1
DA:55,1
DA:56,1
DA:59,1
DA:60,1
DA:65,1
DA:66,1
DA:68,1
DA:71,1
DA:73,1
DA:74,1
DA:75,1
DA:76,1
DA:79,1
DA:80,1
DA:81,1
DA:87,1
DA:88,1
DA:89,1
DA:92,1
LF:51
LH:51
BRF:24
BRH:24
end_of_record
TN:
SF:src/subscription-page/services/plan.service.ts
FN:12,anonymous_2
FN:17,anonymous_3
FN:25,anonymous_4
FN:33,anonymous_5
FN:47,anonymous_6
FNF:5
FNH:5
FNDA:65,(anonymous_4)
FNDA:0,(anonymous_5)
FNDA:0,(anonymous_6)
FNDA:1,(anonymous_7)
FNDA:1,(anonymous_8)
DA:1,1
DA:2,1
DA:3,1
DA:5,1
DA:7,1
DA:11,1
DA:13,1
DA:14,1
DA:18,1
DA:26,1
DA:36,1
DA:39,1
DA:41,1
DA:48,1
LF:14
LH:14
BRF:12
BRH:12
end_of_record
TN:
SF:src/subscriptions/subscription.module.ts
FN:253,anonymous_2
FNF:1
FNH:1
FNDA:65,(anonymous_1)
DA:1,1
DA:2,1
DA:3,1
DA:4,1
DA:5,1
DA:6,1
DA:7,1
DA:14,1
DA:20,1
DA:27,1
DA:41,1
DA:59,1
DA:71,1
DA:72,1
DA:73,1
DA:74,1
DA:75,1
DA:252,1
LF:18
LH:18
BRF:0
BRH:0
end_of_record
TN:
SF:src/subscriptions/commands/billing-subscription-es-export.command.ts
FN:13,anonymous_2
FN:21,anonymous_3
FNF:2
FNH:2
FNDA:65,(anonymous_4)
FNDA:0,(anonymous_5)
DA:1,1
DA:2,1
DA:3,1
DA:5,1
DA:6,1
DA:7,1
DA:9,1
DA:12,1
DA:14,1
DA:15,1
DA:16,1
DA:21,1
DA:22,1
DA:23,1
DA:25,1
DA:26,1
DA:27,1
DA:30,1
DA:32,1
DA:33,1
DA:36,1
DA:37,1
DA:38,1
DA:43,1
DA:48,1
DA:49,1
DA:52,1
LF:27
LH:27
BRF:18
BRH:18
end_of_record
TN:
SF:src/subscriptions/commands/index.ts
FNF:0
FNH:0
DA:1,1
LF:1
LH:1
BRF:0
BRH:0
end_of_record
TN:
SF:src/subscriptions/consumers/auth.consumer.ts
FN:10,anonymous_2
FN:19,anonymous_3
FN:20,anonymous_4
FNF:3
FNH:3
FNDA:65,(anonymous_2)
FNDA:0,(anonymous_3)
FNDA:0,(anonymous_4)
DA:1,1
DA:2,1
DA:3,1
DA:5,1
DA:6,1
DA:9,1
DA:11,1
DA:12,1
DA:13,1
DA:19,1
DA:20,1
DA:21,1
DA:24,1
DA:25,1
LF:14
LH:14
BRF:22
BRH:22
end_of_record
TN:
SF:src/subscriptions/consumers/index.ts
FNF:0
FNH:0
DA:1,1
DA:2,1
DA:3,1
DA:4,1
LF:4
LH:4
BRF:0
BRH:0
end_of_record
TN:
SF:src/subscriptions/consumers/products.consumer.ts
FN:13,anonymous_2
FN:21,anonymous_3
FN:28,anonymous_4
FN:43,anonymous_5
FN:54,anonymous_6
FNF:5
FNH:5
FNDA:65,(anonymous_2)
FNDA:0,(anonymous_3)
FNDA:0,(anonymous_4)
FNDA:1,(anonymous_5)
FNDA:0,(anonymous_6)
DA:1,1
DA:2,1
DA:4,1
DA:5,1
DA:6,1
DA:7,1
DA:9,1
DA:12,1
DA:14,1
DA:15,1
DA:21,1
DA:22,1
DA:28,1
DA:29,1
DA:30,1
DA:31,1
DA:33,1
DA:34,1
DA:37,1
DA:43,1
DA:44,1
DA:46,1
DA:47,1
DA:50,1
DA:51,1
DA:55,1
DA:57,1
DA:58,1
LF:28
LH:28
BRF:38
BRH:38
end_of_record
TN:
SF:src/subscriptions/consumers/remote-subscriptions.consumer.ts
FN:13,anonymous_2
FN:20,anonymous_3
FNF:2
FNH:2
FNDA:65,(anonymous_4)
FNDA:0,(anonymous_5)
DA:1,1
DA:2,1
DA:4,1
DA:5,1
DA:6,1
DA:7,1
DA:9,1
DA:12,1
DA:14,1
DA:20,1
DA:21,1
LF:11
LH:11
BRF:12
BRH:12
end_of_record
TN:
SF:src/subscriptions/consumers/third-party-payments.consumer.ts
FN:9,anonymous_2
FN:16,anonymous_3
FNF:2
FNH:2
FNDA:65,(anonymous_2)
FNDA:2,(anonymous_3)
DA:1,1
DA:2,1
DA:3,1
DA:4,1
DA:5,1
DA:8,1
DA:10,1
DA:16,1
DA:17,1
LF:9
LH:9
BRF:12
BRH:12
end_of_record
TN:
SF:src/subscriptions/controllers/connection-plans.controller.ts
FN:13,(anonymous_4)
FN:20,(anonymous_5)
FNF:2
FNH:2
FNDA:65,(anonymous_4)
FNDA:1,(anonymous_5)
DA:1,2
DA:2,2
DA:3,2
DA:4,2
DA:5,2
DA:7,2
DA:8,2
DA:12,2
DA:14,65
DA:15,65
DA:20,2
DA:25,1
DA:27,1
DA:29,1
LF:14
LH:14
BRF:20
BRH:20
end_of_record
TN:
SF:src/subscriptions/controllers/customer-subscription-plan.controller.ts
FN:51,(anonymous_4)
FN:65,(anonymous_5)
FN:82,(anonymous_6)
FN:94,(anonymous_7)
FN:114,(anonymous_8)
FN:134,(anonymous_9)
FN:151,(anonymous_10)
FN:167,(anonymous_11)
FN:179,(anonymous_12)
FN:200,(anonymous_13)
FN:217,(anonymous_14)
FN:230,(anonymous_15)
FN:245,(anonymous_16)
FN:257,(anonymous_17)
FN:275,(anonymous_18)
FN:291,(anonymous_19)
FNF:16
FNH:16
FNDA:65,(anonymous_4)
FNDA:2,(anonymous_5)
FNDA:1,(anonymous_6)
FNDA:1,(anonymous_7)
FNDA:1,(anonymous_8)
FNDA:1,(anonymous_9)
FNDA:1,(anonymous_10)
FNDA:1,(anonymous_11)
FNDA:2,(anonymous_12)
FNDA:1,(anonymous_13)
FNDA:1,(anonymous_14)
FNDA:1,(anonymous_15)
FNDA:1,(anonymous_16)
FNDA:2,(anonymous_17)
FNDA:1,(anonymous_18)
FNDA:1,(anonymous_19)
DA:1,2
DA:14,2
DA:15,2
DA:24,2
DA:26,2
DA:36,2
DA:40,2
DA:41,2
DA:42,2
DA:44,2
DA:46,2
DA:50,2
DA:52,65
DA:53,65
DA:54,65
DA:56,65
DA:65,2
DA:69,2
DA:82,2
DA:85,1
DA:94,2
DA:100,1
DA:101,1
DA:102,1
DA:105,1
DA:114,2
DA:120,1
DA:122,1
DA:134,2
DA:140,1
DA:142,1
DA:151,2
DA:155,1
DA:167,2
DA:170,1
DA:179,2
DA:183,2
DA:187,2
DA:188,1
DA:191,1
DA:200,2
DA:205,1
DA:217,2
DA:221,1
DA:230,2
DA:234,1
DA:245,2
DA:249,1
DA:257,2
DA:260,2
DA:263,2
DA:264,1
DA:267,1
DA:275,2
DA:280,1
DA:291,2
DA:295,1
LF:57
LH:56
BRF:166
BRH:166
end_of_record
TN:
SF:src/subscriptions/controllers/index.ts
FNF:0
FNH:0
DA:1,1
DA:2,1
DA:3,1
DA:4,1
DA:5,1
DA:6,1
LF:6
LH:6
BRF:0
BRH:0
end_of_record
TN:
SF:src/subscriptions/controllers/subscription-plans-for-builder.controller.ts
FN:14,(anonymous_4)
FN:25,(anonymous_5)
FN:31,(anonymous_6)
FNF:3
FNH:3
FNDA:65,(anonymous_4)
FNDA:1,(anonymous_5)
FNDA:1,(anonymous_6)
DA:1,2
DA:2,2
DA:3,2
DA:4,2
DA:6,2
DA:7,2
DA:13,2
DA:15,65
DA:16,65
DA:17,65
DA:19,65
DA:25,2
DA:28,1
DA:29,1
DA:31,1
DA:32,1
DA:33,1
DA:34,1
DA:37,1
LF:19
LH:19
BRF:20
BRH:20
end_of_record
TN:
SF:src/subscriptions/controllers/subscription-plans.controller.ts
FN:38,(anonymous_4)
FN:47,(anonymous_5)
FN:56,(anonymous_6)
FN:68,(anonymous_7)
FN:88,(anonymous_8)
FN:102,(anonymous_9)
FN:114,(anonymous_10)
FNF:7
FNH:7
FNDA:65,(anonymous_4)
FNDA:1,(anonymous_5)
FNDA:1,(anonymous_6)
FNDA:1,(anonymous_7)
FNDA:1,(anonymous_8)
FNDA:1,(anonymous_9)
FNDA:1,(anonymous_10)
DA:1,2
DA:13,2
DA:14,2
DA:23,2
DA:24,2
DA:25,2
DA:26,2
DA:27,2
DA:28,2
DA:30,2
DA:31,2
DA:37,2
DA:39,65
DA:40,65
DA:42,65
DA:47,2
DA:51,1
DA:56,2
DA:60,1
DA:62,1
DA:68,2
DA:73,1
DA:78,1
DA:79,1
DA:82,1
DA:88,2
DA:94,1
DA:96,1
DA:102,2
DA:106,1
DA:107,1
DA:109,1
DA:114,2
DA:119,1
DA:120,1
DA:121,1
DA:124,1
LF:37
LH:34
BRF:91
BRH:91
end_of_record
TN:
SF:src/subscriptions/controllers/subscription-products.controller.ts
FN:27,(anonymous_4)
FN:39,(anonymous_5)
FN:50,(anonymous_6)
FN:64,(anonymous_7)
FN:76,(anonymous_8)
FNF:5
FNH:5
FNDA:65,(anonymous_4)
FNDA:1,(anonymous_5)
FNDA:3,(anonymous_6)
FNDA:3,(anonymous_7)
FNDA:1,(anonymous_8)
DA:1,2
DA:2,2
DA:3,2
DA:13,2
DA:14,2
DA:15,2
DA:16,2
DA:17,2
DA:18,2
DA:20,2
DA:26,2
DA:28,65
DA:29,65
DA:30,65
DA:32,65
DA:39,2
DA:43,1
DA:50,2
DA:55,3
DA:57,3
DA:64,2
DA:69,3
DA:76,2
DA:81,1
DA:82,1
DA:85,1
DA:86,1
DA:87,1
DA:89,1
LF:29
LH:28
BRF:74
BRH:74
end_of_record
TN:
SF:src/subscriptions/controllers/subscriptions.controller.ts
FN:20,(anonymous_4)
FN:26,(anonymous_5)
FN:37,(anonymous_6)
FNF:3
FNH:3
FNDA:65,(anonymous_4)
FNDA:1,(anonymous_5)
FNDA:1,(anonymous_6)
DA:1,2
DA:4,2
DA:5,2
DA:8,2
DA:9,2
DA:10,2
DA:11,2
DA:13,2
DA:19,2
DA:21,65
DA:26,2
DA:30,1
DA:37,2
DA:41,1
LF:14
LH:14
BRF:24
BRH:24
end_of_record
TN:
SF:src/subscriptions/converters/index.ts
FNF:0
FNH:0
DA:1,1
DA:2,1
LF:2
LH:2
BRF:0
BRH:0
end_of_record
TN:
SF:src/subscriptions/converters/plan-response.converter.ts
FN:5,anonymous_2
FNF:1
FNH:1
FNDA:1,(anonymous_0)
DA:4,1
DA:6,1
DA:7,1
DA:8,1
DA:10,1
DA:32,1
LF:6
LH:6
BRF:0
BRH:0
end_of_record
TN:
SF:src/subscriptions/converters/remote-subscription.converter.ts
FN:4,anonymous_2
FN:25,anonymous_3
FNF:2
FNH:2
FNDA:2,(anonymous_0)
FNDA:2,(anonymous_1)
DA:3,1
DA:5,1
DA:7,1
DA:8,1
DA:9,1
DA:22,1
DA:26,1
LF:7
LH:7
BRF:4
BRH:4
end_of_record
TN:
SF:src/subscriptions/dto/business-base.dto.ts
FNF:0
FNH:0
DA:1,1
DA:3,1
DA:6,1
DA:10,1
LF:4
LH:4
BRF:0
BRH:0
end_of_record
TN:
SF:src/subscriptions/dto/business-http-request.dto.ts
FNF:0
FNH:0
DA:1,1
DA:2,1
DA:4,1
DA:7,1
LF:4
LH:4
BRF:0
BRH:0
end_of_record
TN:
SF:src/subscriptions/dto/business-reference.dto.ts
FNF:0
FNH:0
DA:1,1
DA:2,1
DA:4,1
DA:8,1
LF:4
LH:4
BRF:0
BRH:0
end_of_record
TN:
SF:src/subscriptions/dto/business-uuid-reference.dto.ts
FNF:0
FNH:0
DA:1,1
DA:2,1
DA:4,1
DA:8,1
LF:4
LH:4
BRF:0
BRH:0
end_of_record
TN:
SF:src/subscriptions/dto/checkout-payment-message.dto.ts
FN:8,anonymous_2
FNF:1
FNH:1
FNDA:0,(anonymous_2)
DA:1,1
DA:2,1
DA:3,1
DA:5,1
DA:8,1
DA:9,1
LF:6
LH:6
BRF:4
BRH:4
end_of_record
TN:
SF:src/subscriptions/dto/connection-plan-http-request.dto.ts
FNF:0
FNH:0
DA:2,1
DA:4,1
LF:2
LH:2
BRF:0
BRH:0
end_of_record
TN:
SF:src/subscriptions/dto/connection-plan-http-response.dto.ts
FNF:0
FNH:0
DA:2,1
DA:3,1
DA:4,1
DA:6,1
DA:9,1
LF:5
LH:5
BRF:0
BRH:0
end_of_record
TN:
SF:src/subscriptions/dto/connection-plan.dto.ts
FNF:0
FNH:0
DA:2,1
DA:3,1
DA:4,1
DA:6,1
DA:9,1
DA:13,1
DA:17,1
DA:22,1
LF:8
LH:8
BRF:4
BRH:4
end_of_record
TN:
SF:src/subscriptions/dto/connection-response.dto.ts
FNF:0
FNH:0
DA:1,1
DA:2,1
DA:4,1
DA:7,1
DA:12,1
LF:5
LH:5
BRF:0
BRH:0
end_of_record
TN:
SF:src/subscriptions/dto/customer-plan.dto.ts
FNF:0
FNH:0
DA:1,1
DA:2,1
DA:4,1
DA:8,1
DA:13,1
DA:17,1
DA:21,1
DA:25,1
DA:29,1
DA:33,1
DA:37,1
LF:11
LH:11
BRF:0
BRH:0
end_of_record
TN:
SF:src/subscriptions/dto/customer-subscription-plan-http-request.dto.ts
FNF:0
FNH:0
DA:1,1
DA:2,1
DA:4,1
DA:8,1
DA:14,1
DA:18,1
DA:22,1
DA:28,1
LF:8
LH:8
BRF:0
BRH:0
end_of_record
TN:
SF:src/subscriptions/dto/customer-subscription-plan-http-response-populate.dto.ts
FN:26,anonymous_2
FN:32,anonymous_3
FN:38,anonymous_4
FN:46,anonymous_5
FNF:4
FNH:4
FNDA:0,(anonymous_2)
FNDA:0,(anonymous_3)
FNDA:0,(anonymous_4)
FNDA:0,(anonymous_5)
DA:1,1
DA:2,1
DA:7,1
DA:9,1
DA:10,1
DA:11,1
DA:12,1
DA:15,1
DA:17,1
DA:21,1
DA:26,1
DA:27,1
DA:32,1
DA:33,1
DA:38,1
DA:39,1
DA:46,1
DA:47,1
LF:18
LH:18
BRF:8
BRH:8
end_of_record
TN:
SF:src/subscriptions/dto/customer-subscription-plan-http-response.dto.ts
FNF:0
FNH:0
DA:1,1
DA:2,1
DA:6,1
DA:10,1
DA:14,1
DA:20,1
DA:24,1
DA:28,1
DA:34,1
LF:9
LH:9
BRF:0
BRH:0
end_of_record
TN:
SF:src/subscriptions/dto/customer-subscription-plan.dto.ts
FNF:0
FNH:0
DA:1,1
DA:2,1
DA:11,1
DA:15,1
DA:20,1
DA:25,1
DA:30,1
DA:35,1
LF:8
LH:8
BRF:0
BRH:0
end_of_record
TN:
SF:src/subscriptions/dto/index.ts
FNF:0
FNH:0
DA:1,1
DA:2,1
DA:3,1
DA:4,1
DA:5,1
DA:6,1
DA:7,1
DA:8,1
DA:9,1
DA:10,1
DA:11,1
DA:12,1
DA:13,1
DA:14,1
DA:15,1
DA:16,1
DA:17,1
DA:18,1
DA:19,1
DA:20,1
DA:21,1
DA:22,1
DA:23,1
DA:24,1
DA:25,1
DA:26,1
DA:27,1
DA:28,1
DA:29,1
DA:30,1
DA:31,1
DA:32,1
DA:33,1
DA:34,1
DA:35,1
DA:36,1
DA:37,1
DA:38,1
DA:39,1
LF:39
LH:39
BRF:0
BRH:0
end_of_record
TN:
SF:src/subscriptions/dto/item-extra-data.dto.ts
FN:8,anonymous_2
FNF:1
FNH:1
FNDA:0,(anonymous_2)
DA:1,1
DA:2,1
DA:4,1
DA:8,1
DA:9,1
DA:15,1
LF:6
LH:6
BRF:0
BRH:0
end_of_record
TN:
SF:src/subscriptions/dto/plan-create.dto.ts
FNF:0
FNH:0
DA:1,1
DA:2,1
DA:4,1
DA:6,1
DA:11,1
DA:16,1
DA:22,1
DA:27,1
LF:8
LH:8
BRF:8
BRH:8
end_of_record
TN:
SF:src/subscriptions/dto/plan-edit.dto.ts
FNF:0
FNH:0
DA:1,1
DA:3,1
DA:4,1
DA:6,1
DA:11,1
DA:16,1
DA:22,1
LF:7
LH:7
BRF:4
BRH:4
end_of_record
TN:
SF:src/subscriptions/dto/plan-response.dto.ts
FN:20,anonymous_2
FN:26,anonymous_3
FNF:2
FNH:2
FNDA:0,(anonymous_2)
FNDA:0,(anonymous_3)
DA:1,1
DA:2,1
DA:3,1
DA:4,1
DA:5,1
DA:7,1
DA:10,1
DA:15,1
DA:20,1
DA:21,1
DA:26,1
DA:27,1
DA:32,1
LF:13
LH:13
BRF:8
BRH:8
end_of_record
TN:
SF:src/subscriptions/dto/plan-settings.dto.ts
FNF:0
FNH:0
DA:1,1
DA:2,1
DA:3,1
DA:5,1
DA:9,1
DA:13,1
LF:6
LH:6
BRF:4
BRH:4
end_of_record
TN:
SF:src/subscriptions/dto/plans-group-http-request.dto.ts
FNF:0
FNH:0
DA:1,1
DA:3,1
LF:2
LH:2
BRF:0
BRH:0
end_of_record
TN:
SF:src/subscriptions/dto/plans-group-http-response.dto.ts
FNF:0
FNH:0
DA:1,1
DA:2,1
DA:4,1
DA:6,1
LF:4
LH:4
BRF:0
BRH:0
end_of_record
TN:
SF:src/subscriptions/dto/plans-group.dto.ts
FNF:0
FNH:0
DA:1,1
DA:2,1
DA:5,1
DA:10,1
DA:15,1
LF:5
LH:5
BRF:0
BRH:0
end_of_record
TN:
SF:src/subscriptions/dto/product-http-request.dto.ts
FN:25,anonymous_2
FNF:1
FNH:1
FNDA:0,(anonymous_2)
DA:1,1
DA:2,1
DA:10,1
DA:11,1
DA:12,1
DA:13,1
DA:15,1
DA:20,1
DA:25,1
DA:26,1
DA:31,1
DA:36,1
LF:12
LH:12
BRF:8
BRH:8
end_of_record
TN:
SF:src/subscriptions/dto/product-rmq-message.dto.ts
FNF:0
FNH:0
DA:1,1
DA:2,1
DA:3,1
DA:5,1
DA:10,1
LF:5
LH:5
BRF:0
BRH:0
end_of_record
TN:
SF:src/subscriptions/dto/product.dto.ts
FNF:0
FNH:0
DA:1,1
DA:2,1
DA:9,1
DA:13,1
DA:18,1
DA:23,1
DA:28,1
DA:33,1
LF:8
LH:8
BRF:0
BRH:0
end_of_record
TN:
SF:src/subscriptions/dto/remote-subscription.dto.ts
FNF:0
FNH:0
DA:1,1
DA:2,1
DA:4,1
DA:8,1
DA:13,1
DA:18,1
DA:23,1
DA:28,1
DA:33,1
DA:38,1
DA:43,1
LF:11
LH:11
BRF:0
BRH:0
end_of_record
TN:
SF:src/subscriptions/dto/retreive-plans-for-products.dto.ts
FNF:0
FNH:0
DA:1,1
DA:2,1
DA:4,1
DA:8,1
LF:4
LH:4
BRF:0
BRH:0
end_of_record
TN:
SF:src/subscriptions/dto/subscribers-group-create.dto.ts
FNF:0
FNH:0
DA:1,1
DA:3,1
LF:2
LH:2
BRF:0
BRH:0
end_of_record
TN:
SF:src/subscriptions/dto/subscribers-group-http-response.dto.ts
FNF:0
FNH:0
DA:2,1
DA:3,1
DA:4,1
DA:6,1
DA:9,1
LF:5
LH:5
BRF:0
BRH:0
end_of_record
TN:
SF:src/subscriptions/dto/subscribers-group-update.dto.ts
FNF:0
FNH:0
DA:1,1
DA:3,1
LF:2
LH:2
BRF:0
BRH:0
end_of_record
TN:
SF:src/subscriptions/dto/subscribers-group.dto.ts
FNF:0
FNH:0
DA:2,1
DA:3,1
DA:6,1
DA:11,1
DA:16,1
LF:5
LH:5
BRF:0
BRH:0
end_of_record
TN:
SF:src/subscriptions/dto/subscription-changed.dto.ts
FN:24,anonymous_2
FNF:1
FNH:1
FNDA:0,(anonymous_2)
DA:1,1
DA:2,1
DA:3,1
DA:5,1
DA:9,1
DA:14,1
DA:19,1
DA:24,1
DA:25,1
LF:9
LH:9
BRF:4
BRH:4
end_of_record
TN:
SF:src/subscriptions/dto/subscription-plan-builder-response.dto.ts
FNF:0
FNH:0
DA:5,1
LF:1
LH:1
BRF:0
BRH:0
end_of_record
TN:
SF:src/subscriptions/dto/subscription-plan-builder.dto.ts
FNF:0
FNH:0
DA:1,1
DA:2,1
DA:4,1
DA:8,1
DA:13,1
LF:5
LH:5
BRF:0
BRH:0
end_of_record
TN:
SF:src/subscriptions/dto/subscription-plan-http-request.dto.ts
FNF:0
FNH:0
DA:1,1
DA:3,1
LF:2
LH:2
BRF:0
BRH:0
end_of_record
TN:
SF:src/subscriptions/dto/subscription-plan-http-response.dto.ts
FNF:0
FNH:0
DA:1,1
DA:3,1
LF:2
LH:2
BRF:0
BRH:0
end_of_record
TN:
SF:src/subscriptions/dto/subscription-plan-new.dto.ts
FNF:0
FNH:0
DA:1,1
DA:2,1
DA:3,1
DA:4,1
DA:6,1
DA:12,1
DA:17,1
DA:22,1
DA:27,1
DA:32,1
DA:37,1
DA:42,1
LF:12
LH:12
BRF:4
BRH:4
end_of_record
TN:
SF:src/subscriptions/dto/subscription-plan-response.dto.ts
FNF:0
FNH:0
DA:1,1
DA:2,1
DA:3,1
DA:5,1
DA:7,1
DA:11,1
DA:15,1
DA:19,1
DA:23,1
DA:26,1
DA:29,1
DA:32,1
DA:35,1
DA:38,1
LF:14
LH:14
BRF:8
BRH:8
end_of_record
TN:
SF:src/subscriptions/dto/subscription-plan.dto.ts
FNF:0
FNH:0
DA:1,1
DA:2,1
DA:3,1
DA:7,1
DA:11,1
DA:16,1
DA:21,1
DA:24,1
DA:28,1
DA:32,1
LF:10
LH:10
BRF:4
BRH:4
end_of_record
TN:
SF:src/subscriptions/dto/subscription-product.dto.ts
FNF:0
FNH:0
DA:1,1
DA:2,1
DA:4,1
DA:9,1
DA:14,1
DA:19,1
DA:24,1
LF:7
LH:7
BRF:0
BRH:0
end_of_record
TN:
SF:src/subscriptions/dto/transaction-item.dto.ts
FN:15,anonymous_2
FNF:1
FNH:1
FNDA:0,(anonymous_2)
DA:1,1
DA:2,1
DA:3,1
DA:4,1
DA:6,1
DA:10,1
DA:15,1
DA:16,1
LF:8
LH:8
BRF:4
BRH:4
end_of_record
TN:
SF:src/subscriptions/dto/transaction.dto.ts
FN:19,anonymous_2
FN:24,anonymous_3
FNF:2
FNH:2
FNDA:0,(anonymous_2)
FNDA:0,(anonymous_3)
DA:1,1
DA:2,1
DA:3,1
DA:4,1
DA:5,1
DA:7,1
DA:10,1
DA:15,1
DA:19,1
DA:20,1
DA:24,1
DA:25,1
DA:30,1
DA:35,1
DA:40,1
LF:15
LH:15
BRF:4
BRH:4
end_of_record
TN:
SF:src/subscriptions/enums/billing-intervals.enum.ts
FN:1,anonymous_2
FNF:1
FNH:1
FNDA:2,(anonymous_0)
DA:1,1
DA:2,1
DA:3,1
DA:4,1
DA:5,1
LF:5
LH:5
BRF:2
BRH:2
end_of_record
TN:
SF:src/subscriptions/enums/elastic-billing-subscription.enum.ts
FN:1,anonymous_2
FNF:1
FNH:1
FNDA:2,(anonymous_0)
DA:1,1
DA:2,1
DA:3,1
LF:3
LH:3
BRF:2
BRH:2
end_of_record
TN:
SF:src/subscriptions/enums/index.ts
FNF:0
FNH:0
DA:1,1
DA:2,1
DA:3,1
DA:4,1
DA:5,1
DA:6,1
DA:7,1
DA:8,1
DA:9,1
DA:10,1
DA:11,1
LF:11
LH:11
BRF:0
BRH:0
end_of_record
TN:
SF:src/subscriptions/enums/payment-methods.enum.ts
FN:1,anonymous_2
FNF:1
FNH:1
FNDA:2,(anonymous_0)
DA:1,1
DA:2,1
DA:3,1
LF:3
LH:3
BRF:2
BRH:2
end_of_record
TN:
SF:src/subscriptions/enums/plan-events.enum.ts
FN:1,anonymous_2
FNF:1
FNH:1
FNDA:2,(anonymous_0)
DA:1,1
DA:2,1
DA:3,1
DA:4,1
DA:5,1
DA:6,1
LF:6
LH:6
BRF:2
BRH:2
end_of_record
TN:
SF:src/subscriptions/enums/plan-filter-field.enum.ts
FN:3,anonymous_2
FNF:1
FNH:1
FNDA:2,(anonymous_0)
DA:3,1
DA:4,1
DA:5,1
DA:6,1
DA:7,1
DA:8,1
DA:9,1
DA:12,1
LF:8
LH:8
BRF:2
BRH:2
end_of_record
TN:
SF:src/subscriptions/enums/plan-type.enum.ts
FN:1,anonymous_2
FNF:1
FNH:1
FNDA:2,(anonymous_0)
DA:1,1
DA:2,1
DA:3,1
LF:3
LH:3
BRF:2
BRH:2
end_of_record
TN:
SF:src/subscriptions/enums/product-events.enum.ts
FN:1,anonymous_2
FNF:1
FNH:1
FNDA:2,(anonymous_0)
DA:1,1
DA:2,1
DA:3,1
DA:4,1
LF:4
LH:4
BRF:2
BRH:2
end_of_record
TN:
SF:src/subscriptions/enums/subscription-events.enum.ts
FN:1,anonymous_2
FNF:1
FNH:1
FNDA:2,(anonymous_0)
DA:1,1
DA:2,1
DA:3,1
DA:4,1
LF:4
LH:4
BRF:2
BRH:2
end_of_record
TN:
SF:src/subscriptions/enums/subscription-plan-events.enum.ts
FN:1,anonymous_2
FNF:1
FNH:1
FNDA:2,(anonymous_0)
DA:1,1
DA:2,1
DA:3,1
DA:4,1
LF:4
LH:4
BRF:2
BRH:2
end_of_record
TN:
SF:src/subscriptions/enums/subscription-rabbit-messages.enum.ts
FN:1,anonymous_2
FNF:1
FNH:1
FNDA:2,(anonymous_0)
DA:1,1
DA:2,1
DA:3,1
DA:4,1
DA:5,1
LF:5
LH:5
BRF:2
BRH:2
end_of_record
TN:
SF:src/subscriptions/enums/subscriptions-events-types.enum.ts
FN:1,anonymous_2
FNF:1
FNH:1
FNDA:2,(anonymous_0)
DA:1,1
DA:2,1
DA:3,1
DA:4,1
LF:4
LH:4
BRF:2
BRH:2
end_of_record
TN:
SF:src/subscriptions/enums/third-party-actions.enum.ts
FN:1,anonymous_2
FNF:1
FNH:1
FNDA:2,(anonymous_0)
DA:1,1
DA:2,1
DA:3,1
DA:4,1
LF:4
LH:4
BRF:2
BRH:2
end_of_record
TN:
SF:src/subscriptions/event-listeners/connection-events.listener.ts
FN:9,anonymous_2
FN:14,anonymous_3
FN:19,anonymous_4
FN:24,anonymous_5
FNF:4
FNH:4
FNDA:65,(anonymous_2)
FNDA:0,(anonymous_3)
FNDA:2,(anonymous_4)
FNDA:3,(anonymous_5)
DA:1,1
DA:2,1
DA:3,1
DA:4,1
DA:5,1
DA:8,1
DA:10,1
DA:14,1
DA:15,1
DA:19,1
DA:20,1
DA:24,1
DA:25,1
LF:13
LH:13
BRF:28
BRH:28
end_of_record
TN:
SF:src/subscriptions/event-listeners/index.ts
FNF:0
FNH:0
DA:1,1
DA:2,1
DA:3,1
DA:4,1
DA:5,1
LF:5
LH:5
BRF:0
BRH:0
end_of_record
TN:
SF:src/subscriptions/event-listeners/plan-events.listener.ts
FN:9,anonymous_2
FN:14,anonymous_3
FNF:2
FNH:2
FNDA:65,(anonymous_2)
FNDA:4,(anonymous_3)
DA:1,1
DA:2,1
DA:3,1
DA:4,1
DA:5,1
DA:8,1
DA:10,1
DA:14,1
DA:15,1
LF:9
LH:9
BRF:12
BRH:12
end_of_record
TN:
SF:src/subscriptions/event-listeners/product-events.listener.ts
FN:8,anonymous_2
FN:11,anonymous_3
FN:16,anonymous_4
FNF:3
FNH:3
FNDA:65,(anonymous_2)
FNDA:2,(anonymous_3)
FNDA:6,(anonymous_4)
DA:1,1
DA:2,1
DA:3,1
DA:4,1
DA:7,1
DA:11,1
DA:12,1
DA:16,1
DA:17,1
LF:9
LH:9
BRF:16
BRH:16
end_of_record
TN:
SF:src/subscriptions/event-listeners/subscription-events.listener.ts
FN:13,anonymous_2
FN:19,anonymous_3
FN:29,anonymous_4
FNF:3
FNH:3
FNDA:65,(anonymous_4)
FNDA:1,(anonymous_5)
FNDA:1,(anonymous_6)
DA:1,1
DA:2,1
DA:3,1
DA:5,1
DA:6,1
DA:7,1
DA:8,1
DA:9,1
DA:12,1
DA:14,1
DA:15,1
DA:19,1
DA:22,1
DA:25,1
DA:29,1
DA:31,1
LF:16
LH:16
BRF:24
BRH:24
end_of_record
TN:
SF:src/subscriptions/event-listeners/subscription-plan-events.listener.ts
FN:13,anonymous_2
FN:19,anonymous_3
FN:25,anonymous_4
FN:31,anonymous_5
FNF:4
FNH:4
FNDA:65,(anonymous_2)
FNDA:1,(anonymous_3)
FNDA:1,(anonymous_4)
FNDA:1,(anonymous_5)
DA:1,1
DA:5,1
DA:6,1
DA:7,1
DA:8,1
DA:9,1
DA:12,1
DA:14,1
DA:15,1
DA:19,1
DA:20,1
DA:21,1
DA:25,1
DA:26,1
DA:27,1
DA:31,1
DA:32,1
DA:33,1
LF:18
LH:18
BRF:32
BRH:32
end_of_record
TN:
SF:src/subscriptions/models/index.ts
FNF:0
FNH:0
DA:1,1
DA:2,1
DA:3,1
DA:4,1
DA:5,1
DA:6,1
DA:7,1
LF:7
LH:7
BRF:0
BRH:0
end_of_record
TN:
SF:src/subscriptions/producers/index.ts
FNF:0
FNH:0
DA:1,1
LF:1
LH:1
BRF:0
BRH:0
end_of_record
TN:
SF:src/subscriptions/producers/products-events.producer.ts
FN:6,anonymous_2
FN:8,anonymous_3
FN:12,anonymous_4
FNF:3
FNH:3
FNDA:65,(anonymous_2)
FNDA:5,(anonymous_3)
FNDA:5,(anonymous_4)
DA:1,1
DA:2,1
DA:5,1
DA:6,1
DA:9,1
DA:13,1
LF:6
LH:6
BRF:4
BRH:4
end_of_record
TN:
SF:src/subscriptions/schemas/connection-plan.schema.ts
FNF:0
FNH:0
DA:1,1
DA:2,1
DA:3,1
DA:4,1
DA:5,1
DA:7,1
DA:9,1
DA:30,1
LF:8
LH:8
BRF:0
BRH:0
end_of_record
TN:
SF:src/subscriptions/schemas/customer-plan.schema.ts
FNF:0
FNH:0
DA:1,1
DA:2,1
DA:4,1
DA:6,1
LF:4
LH:4
BRF:0
BRH:0
end_of_record
TN:
SF:src/subscriptions/schemas/customer-subscription-plan.schema.ts
FNF:0
FNH:0
DA:1,1
DA:2,1
DA:3,1
DA:4,1
DA:5,1
DA:7,1
DA:9,1
LF:7
LH:7
BRF:0
BRH:0
end_of_record
TN:
SF:src/subscriptions/schemas/events-schema.ts
FNF:0
FNH:0
DA:1,1
DA:2,1
DA:3,1
DA:5,1
DA:6,1
LF:5
LH:5
BRF:0
BRH:0
end_of_record
TN:
SF:src/subscriptions/schemas/index.ts
FNF:0
FNH:0
DA:1,1
DA:2,1
DA:3,1
DA:4,1
DA:5,1
DA:6,1
DA:7,1
DA:8,1
LF:8
LH:8
BRF:0
BRH:0
end_of_record
TN:
SF:src/subscriptions/schemas/product.schema.ts
FNF:0
FNH:0
DA:1,1
DA:2,1
DA:3,1
DA:5,1
DA:7,1
DA:49,1
LF:6
LH:6
BRF:0
BRH:0
end_of_record
TN:
SF:src/subscriptions/schemas/subscribers-group.schema.ts
FNF:0
FNH:0
DA:1,1
DA:2,1
DA:3,1
DA:5,1
DA:6,1
LF:5
LH:5
BRF:0
BRH:0
end_of_record
TN:
SF:src/subscriptions/schemas/subscription-plan.schema.ts
FNF:0
FNH:0
DA:1,1
DA:2,1
DA:3,1
DA:4,1
DA:5,1
DA:6,1
DA:7,1
DA:9,1
DA:11,1
DA:52,1
LF:10
LH:10
BRF:0
BRH:0
end_of_record
TN:
SF:src/subscriptions/schemas/subscription-plans-group.schema.ts
FNF:0
FNH:0
DA:1,1
DA:2,1
DA:3,1
DA:5,1
DA:6,1
LF:5
LH:5
BRF:0
BRH:0
end_of_record
TN:
SF:src/subscriptions/schemas/subscription.schema.ts
FNF:0
FNH:0
DA:1,1
DA:2,1
DA:3,1
DA:5,1
DA:7,1
LF:5
LH:5
BRF:0
BRH:0
end_of_record
TN:
SF:src/subscriptions/services/connection-plans.service.ts
FN:13,anonymous_2
FN:19,anonymous_3
FN:43,anonymous_4
FN:52,anonymous_5
FN:69,anonymous_6
FN:73,anonymous_7
FN:90,anonymous_8
FN:96,anonymous_9
FN:103,anonymous_10
FN:113,anonymous_11
FNF:10
FNH:10
FNDA:65,(anonymous_4)
FNDA:2,(anonymous_5)
FNDA:3,(anonymous_6)
FNDA:4,(anonymous_7)
FNDA:5,(anonymous_8)
FNDA:1,(anonymous_9)
FNDA:1,(anonymous_10)
FNDA:1,(anonymous_11)
FNDA:1,(anonymous_12)
FNDA:8,(anonymous_13)
DA:1,1
DA:2,1
DA:6,1
DA:7,1
DA:8,1
DA:9,1
DA:12,1
DA:14,1
DA:15,1
DA:16,1
DA:23,1
DA:28,1
DA:34,1
DA:38,1
DA:40,1
DA:47,1
DA:49,1
DA:53,1
DA:59,1
DA:63,1
DA:64,1
DA:66,1
DA:70,1
DA:78,1
DA:91,1
DA:97,1
DA:98,1
DA:99,1
DA:104,1
DA:117,1
LF:30
LH:30
BRF:12
BRH:12
end_of_record
TN:
SF:src/subscriptions/services/customer-plan.service.ts
FN:15,anonymous_2
FN:19,anonymous_3
FN:30,anonymous_4
FN:36,anonymous_5
FN:46,anonymous_6
FNF:5
FNH:5
FNDA:65,(anonymous_4)
FNDA:0,(anonymous_5)
FNDA:0,(anonymous_6)
FNDA:0,(anonymous_7)
FNDA:0,(anonymous_8)
DA:1,1
DA:2,1
DA:3,1
DA:11,1
DA:14,1
DA:16,1
DA:22,1
DA:23,1
DA:24,1
DA:27,1
DA:33,1
DA:39,1
DA:49,1
LF:13
LH:13
BRF:6
BRH:6
end_of_record
TN:
SF:src/subscriptions/services/customer-subscription-plan.service.ts
FN:9,anonymous_2
FN:14,anonymous_3
FN:20,anonymous_4
FN:26,anonymous_5
FN:36,anonymous_6
FN:48,anonymous_7
FNF:6
FNH:6
FNDA:65,(anonymous_4)
FNDA:2,(anonymous_5)
FNDA:0,(anonymous_6)
FNDA:2,(anonymous_7)
FNDA:1,(anonymous_8)
FNDA:1,(anonymous_9)
DA:1,1
DA:2,1
DA:3,1
DA:5,1
DA:8,1
DA:11,1
DA:17,1
DA:23,1
DA:29,1
DA:39,1
DA:51,1
LF:11
LH:11
BRF:4
BRH:4
end_of_record
TN:
SF:src/subscriptions/services/index.ts
FNF:0
FNH:0
DA:1,1
DA:2,1
DA:3,1
DA:4,1
DA:5,1
DA:6,1
DA:7,1
DA:8,1
DA:9,1
DA:10,1
DA:11,1
DA:12,1
LF:12
LH:12
BRF:0
BRH:0
end_of_record
TN:
SF:src/subscriptions/services/products.service.ts
FN:14,anonymous_2
FN:21,anonymous_3
FN:42,anonymous_4
FN:62,anonymous_5
FN:74,anonymous_6
FN:78,anonymous_7
FN:84,anonymous_8
FN:92,anonymous_9
FNF:8
FNH:8
FNDA:65,(anonymous_4)
FNDA:5,(anonymous_5)
FNDA:0,(anonymous_6)
FNDA:6,(anonymous_7)
FNDA:2,(anonymous_8)
FNDA:5,(anonymous_9)
FNDA:2,(anonymous_10)
FNDA:1,(anonymous_11)
DA:1,1
DA:2,1
DA:3,1
DA:4,1
DA:6,1
DA:9,1
DA:10,1
DA:13,1
DA:15,1
DA:16,1
DA:17,1
DA:22,1
DA:23,1
DA:24,1
DA:26,1
DA:29,1
DA:36,1
DA:37,1
DA:39,1
DA:43,1
DA:46,1
DA:48,1
DA:63,1
DA:64,1
DA:69,1
DA:71,1
DA:75,1
DA:79,1
DA:85,1
DA:93,1
LF:30
LH:30
BRF:14
BRH:14
end_of_record
TN:
SF:src/subscriptions/services/rabbit-producer.service.ts
FN:10,anonymous_2
FN:12,anonymous_3
FNF:2
FNH:2
FNDA:65,(anonymous_2)
FNDA:3,(anonymous_3)
DA:1,1
DA:2,1
DA:9,1
DA:10,1
DA:13,1
LF:5
LH:5
BRF:4
BRH:4
end_of_record
TN:
SF:src/subscriptions/services/subscribers-groups.service.ts
FN:16,anonymous_2
FN:21,anonymous_3
FN:27,anonymous_4
FN:33,anonymous_5
FN:46,anonymous_6
FNF:5
FNH:5
FNDA:65,(anonymous_4)
FNDA:1,(anonymous_5)
FNDA:3,(anonymous_6)
FNDA:1,(anonymous_7)
FNDA:1,(anonymous_8)
DA:1,1
DA:2,1
DA:3,1
DA:11,1
DA:15,1
DA:18,1
DA:24,1
DA:30,1
DA:36,1
DA:49,1
LF:10
LH:10
BRF:4
BRH:4
end_of_record
TN:
SF:src/subscriptions/services/subscription-elastic.service.ts
FN:9,anonymous_2
FN:13,anonymous_3
FN:22,anonymous_4
FNF:3
FNH:3
FNDA:65,(anonymous_2)
FNDA:1,(anonymous_3)
FNDA:1,(anonymous_4)
DA:1,1
DA:3,1
DA:4,1
DA:8,1
DA:10,1
DA:14,1
DA:23,1
LF:7
LH:7
BRF:4
BRH:4
end_of_record
TN:
SF:src/subscriptions/services/subscription-plan-group.service.ts
FN:9,anonymous_2
FN:14,anonymous_3
FN:20,anonymous_4
FN:26,anonymous_5
FN:39,anonymous_6
FNF:5
FNH:5
FNDA:65,(anonymous_4)
FNDA:1,(anonymous_5)
FNDA:3,(anonymous_6)
FNDA:1,(anonymous_7)
FNDA:1,(anonymous_8)
DA:1,1
DA:2,1
DA:3,1
DA:4,1
DA:8,1
DA:11,1
DA:17,1
DA:23,1
DA:29,1
DA:42,1
LF:10
LH:10
BRF:4
BRH:4
end_of_record
TN:
SF:src/subscriptions/services/subscription-plan.service.ts
FN:38,anonymous_2
FN:51,anonymous_3
FN:58,anonymous_4
FN:60,anonymous_5
FN:66,anonymous_6
FN:68,anonymous_7
FN:112,anonymous_8
FN:131,anonymous_9
FN:133,anonymous_10
FN:139,anonymous_11
FN:141,anonymous_12
FN:166,anonymous_13
FN:179,anonymous_14
FN:192,anonymous_15
FN:213,anonymous_16
FN:232,anonymous_17
FN:247,anonymous_18
FN:259,anonymous_19
FN:272,anonymous_20
FN:283,anonymous_21
FN:294,anonymous_22
FN:320,anonymous_23
FNF:22
FNH:22
FNDA:65,(anonymous_4)
FNDA:1,(anonymous_5)
FNDA:1,(anonymous_6)
FNDA:1,(anonymous_7)
FNDA:0,(anonymous_8)
FNDA:0,(anonymous_9)
FNDA:1,(anonymous_10)
FNDA:1,(anonymous_11)
FNDA:1,(anonymous_12)
FNDA:0,(anonymous_13)
FNDA:0,(anonymous_14)
FNDA:1,(anonymous_15)
FNDA:0,(anonymous_16)
FNDA:2,(anonymous_17)
FNDA:0,(anonymous_18)
FNDA:7,(anonymous_19)
FNDA:0,(anonymous_20)
FNDA:1,(anonymous_21)
FNDA:1,(anonymous_22)
FNDA:1,(anonymous_23)
FNDA:2,(anonymous_24)
FNDA:3,(anonymous_25)
DA:1,1
DA:2,1
DA:3,1
DA:7,1
DA:8,1
DA:21,1
DA:22,1
DA:23,1
DA:24,1
DA:26,1
DA:27,1
DA:28,1
DA:37,1
DA:39,1
DA:40,1
DA:41,1
DA:42,1
DA:43,1
DA:44,1
DA:45,1
DA:46,1
DA:47,1
DA:48,1
DA:55,1
DA:56,1
DA:57,1
DA:59,1
DA:60,1
DA:63,1
DA:64,1
DA:65,1
DA:67,1
DA:68,1
DA:71,1
DA:72,1
DA:76,1
DA:81,1
DA:94,1
DA:104,1
DA:109,1
DA:117,1
DA:129,1
DA:130,1
DA:132,1
DA:133,1
DA:134,1
DA:137,1
DA:138,1
DA:140,1
DA:141,1
DA:142,1
DA:145,1
DA:153,1
DA:158,1
DA:163,1
DA:169,1
DA:171,1
DA:176,1
DA:182,1
DA:184,1
DA:189,1
DA:196,1
DA:198,1
DA:217,1
DA:218,1
DA:224,1
DA:229,1
DA:233,1
DA:248,1
DA:260,1
DA:273,1
DA:274,1
DA:275,1
DA:280,1
DA:285,1
DA:287,1
DA:288,1
DA:291,1
DA:295,1
DA:296,1
DA:297,1
DA:298,1
DA:300,1
DA:302,1
DA:303,1
DA:304,1
DA:306,1
DA:307,1
DA:309,1
DA:310,1
DA:311,1
DA:315,1
DA:316,1
DA:323,1
DA:324,1
DA:325,1
DA:326,1
DA:328,1
DA:330,1
DA:331,1
DA:332,1
DA:334,1
DA:335,1
DA:337,1
DA:338,1
DA:339,1
DA:343,1
DA:344,1
LF:108
LH:108
BRF:70
BRH:70
end_of_record
TN:
SF:src/subscriptions/services/subscriptions-data.extractor.ts
FN:12,anonymous_2
FN:16,anonymous_3
FN:31,anonymous_4
FN:41,anonymous_5
FN:49,anonymous_6
FNF:5
FNH:5
FNDA:65,(anonymous_4)
FNDA:0,(anonymous_5)
FNDA:0,(anonymous_6)
FNDA:0,(anonymous_7)
FNDA:0,(anonymous_8)
DA:1,1
DA:2,1
DA:3,1
DA:5,1
DA:11,1
DA:13,1
DA:17,1
DA:20,1
DA:22,1
DA:23,1
DA:25,1
DA:26,1
DA:29,1
DA:30,1
DA:31,1
DA:34,1
DA:35,1
DA:36,1
DA:40,1
DA:42,1
DA:43,1
DA:44,1
DA:45,1
DA:48,1
DA:49,1
DA:51,1
DA:52,1
DA:58,1
LF:28
LH:28
BRF:20
BRH:20
end_of_record
TN:
SF:src/subscriptions/services/subscriptions.service.ts
FN:17,anonymous_2
FN:25,anonymous_3
FN:52,anonymous_4
FN:71,anonymous_5
FN:88,anonymous_6
FN:93,anonymous_7
FNF:6
FNH:6
FNDA:65,(anonymous_4)
FNDA:2,(anonymous_5)
FNDA:1,(anonymous_6)
FNDA:4,(anonymous_7)
FNDA:2,(anonymous_8)
FNDA:1,(anonymous_9)
DA:1,1
DA:2,1
DA:3,1
DA:5,1
DA:7,1
DA:10,1
DA:11,1
DA:12,1
DA:13,1
DA:16,1
DA:18,1
DA:19,1
DA:20,1
DA:21,1
DA:22,1
DA:26,1
DA:28,1
DA:29,1
DA:31,1
DA:32,1
DA:38,1
DA:48,1
DA:53,1
DA:56,1
DA:62,1
DA:64,1
DA:66,1
DA:68,1
DA:72,1
DA:79,1
DA:80,1
DA:83,1
DA:84,1
DA:86,1
DA:88,1
DA:94,1
DA:96,1
DA:97,1
DA:100,1
LF:39
LH:39
BRF:26
BRH:26
end_of_record
TN:
SF:src/subscriptions/services/third-party.service.ts
FN:16,anonymous_2
FN:24,anonymous_3
FN:36,anonymous_4
FN:46,anonymous_5
FN:50,anonymous_6
FN:56,anonymous_7
FN:68,anonymous_8
FN:81,anonymous_9
FN:89,anonymous_10
FN:94,anonymous_11
FN:106,anonymous_12
FN:113,anonymous_13
FN:117,anonymous_14
FNF:13
FNH:13
FNDA:65,(anonymous_2)
FNDA:2,(anonymous_3)
FNDA:2,(anonymous_4)
FNDA:0,(anonymous_5)
FNDA:4,(anonymous_6)
FNDA:4,(anonymous_7)
FNDA:1,(anonymous_8)
FNDA:2,(anonymous_9)
FNDA:2,(anonymous_10)
FNDA:9,(anonymous_11)
FNDA:9,(anonymous_12)
FNDA:9,(anonymous_13)
FNDA:9,(anonymous_14)
DA:1,1
DA:5,1
DA:6,1
DA:8,1
DA:9,1
DA:13,1
DA:17,1
DA:18,1
DA:19,1
DA:21,1
DA:25,1
DA:37,1
DA:51,1
DA:52,1
DA:57,1
DA:64,1
DA:69,1
DA:86,1
DA:89,1
DA:95,1
DA:96,1
DA:105,1
DA:107,1
DA:114,1
DA:118,1
DA:119,1
DA:121,1
LF:27
LH:27
BRF:13
BRH:13
end_of_record
TN:
SF:src/subscriptions/voters/index.ts
FNF:0
FNH:0
DA:1,1
DA:2,1
DA:3,1
DA:4,1
DA:5,1
DA:6,1
DA:7,1
DA:8,1
DA:9,1
DA:10,1
LF:10
LH:10
BRF:0
BRH:0
end_of_record
TN:
SF:src/subscriptions/voters/plan-create.voter.ts
FN:12,anonymous_2
FN:16,anonymous_3
FNF:2
FNH:2
FNDA:8,(anonymous_1)
FNDA:0,(anonymous_2)
DA:1,1
DA:2,1
DA:3,1
DA:5,1
DA:9,1
DA:10,1
DA:13,1
DA:17,1
LF:8
LH:8
BRF:4
BRH:4
end_of_record
TN:
SF:src/subscriptions/voters/plan-customer-subscription-delete.voter.ts
FN:13,anonymous_2
FN:17,anonymous_3
FN:32,anonymous_4
FNF:3
FNH:3
FNDA:8,(anonymous_1)
FNDA:1,(anonymous_2)
FNDA:1,(anonymous_3)
DA:1,1
DA:2,1
DA:3,1
DA:10,1
DA:11,1
DA:14,1
DA:22,1
DA:23,1
DA:25,1
DA:33,1
LF:10
LH:10
BRF:4
BRH:4
end_of_record
TN:
SF:src/subscriptions/voters/plan-customer-subscription-update.voter.ts
FN:13,anonymous_2
FN:17,anonymous_3
FN:32,anonymous_4
FNF:3
FNH:3
FNDA:7,(anonymous_1)
FNDA:1,(anonymous_2)
FNDA:1,(anonymous_3)
DA:1,1
DA:2,1
DA:3,1
DA:10,1
DA:11,1
DA:14,1
DA:22,1
DA:23,1
DA:25,1
DA:33,1
LF:10
LH:10
BRF:4
BRH:4
end_of_record
TN:
SF:src/subscriptions/voters/plan-delete.voter.ts
FN:13,anonymous_2
FN:17,anonymous_3
FN:31,anonymous_4
FNF:3
FNH:3
FNDA:6,(anonymous_1)
FNDA:0,(anonymous_2)
FNDA:0,(anonymous_3)
DA:1,1
DA:2,1
DA:3,1
DA:10,1
DA:11,1
DA:14,1
DA:22,1
DA:24,1
DA:32,1
LF:9
LH:9
BRF:4
BRH:4
end_of_record
TN:
SF:src/subscriptions/voters/plan-read.voter.ts
FN:12,anonymous_2
FN:16,anonymous_3
FN:30,anonymous_4
FNF:3
FNH:3
FNDA:6,(anonymous_1)
FNDA:0,(anonymous_2)
FNDA:0,(anonymous_3)
DA:1,1
DA:2,1
DA:3,1
DA:9,1
DA:10,1
DA:13,1
DA:21,1
DA:23,1
DA:31,1
LF:9
LH:9
BRF:4
BRH:4
end_of_record
TN:
SF:src/subscriptions/voters/plan-update.voter.ts
FN:12,anonymous_2
FN:16,anonymous_3
FN:30,anonymous_4
FNF:3
FNH:3
FNDA:6,(anonymous_1)
FNDA:0,(anonymous_2)
FNDA:0,(anonymous_3)
DA:1,1
DA:2,1
DA:3,1
DA:9,1
DA:10,1
DA:13,1
DA:21,1
DA:23,1
DA:31,1
LF:9
LH:9
BRF:4
BRH:4
end_of_record
TN:
SF:src/subscriptions/voters/product-delete.voter.ts
FN:12,anonymous_2
FN:16,anonymous_3
FNF:2
FNH:2
FNDA:6,(anonymous_1)
FNDA:1,(anonymous_2)
DA:1,1
DA:2,1
DA:3,1
DA:9,1
DA:10,1
DA:13,1
DA:21,1
LF:7
LH:7
BRF:3
BRH:3
end_of_record
TN:
SF:src/subscriptions/voters/product-update.voter.ts
FN:12,anonymous_2
FN:16,anonymous_3
FNF:2
FNH:2
FNDA:5,(anonymous_1)
FNDA:3,(anonymous_2)
DA:1,1
DA:2,1
DA:3,1
DA:9,1
DA:10,1
DA:13,1
DA:21,1
LF:7
LH:7
BRF:3
BRH:3
end_of_record
TN:
SF:src/subscriptions/voters/subscription-plan-delete.voter.ts
FN:12,anonymous_2
FN:16,anonymous_3
FNF:2
FNH:2
FNDA:2,(anonymous_1)
FNDA:1,(anonymous_2)
DA:1,1
DA:2,1
DA:3,1
DA:9,1
DA:10,1
DA:13,1
DA:21,1
DA:23,1
LF:8
LH:8
BRF:2
BRH:2
end_of_record
TN:
SF:src/subscriptions/voters/subscription-plan-update.voter.ts
FN:12,anonymous_2
FN:16,anonymous_3
FNF:2
FNH:2
FNDA:1,(anonymous_1)
FNDA:1,(anonymous_2)
DA:1,1
DA:2,1
DA:3,1
DA:9,1
DA:10,1
DA:13,1
DA:21,1
DA:23,1
LF:8
LH:8
BRF:2
BRH:2
end_of_record
